/Users/suhanasaigoli/Desktop/Projects/SURF/iNPH/subjectX/mri
/Applications/freesurfer/7.4.1/bin/talairach_avi
--i orig_nu.mgz --xfm transforms/talairach.auto.xfm
FreeSurferEnv.csh 7.4.1
Darwin Suhans-MacBook-Pro-2.local 21.3.0 Darwin Kernel Version 21.3.0: Wed Jan  5 21:37:58 PST 2022; root:xnu-8019.80.24~20/RELEASE_X86_64 x86_64
Sat May 18 09:55:21 EDT 2024
mri_convert orig_nu.mgz talsrcimg.img 
reading from orig_nu.mgz...
TR=0.00, TE=0.00, TI=0.00, flip angle=0.00
i_ras = (-1, 0, 0)
j_ras = (0, 0, -1)
k_ras = (0, 1, 0)
writing to talsrcimg.img...
Analyze Output Matrix
-1.00000   0.00000   0.00000   134.39972;
 0.00000   0.00000   1.00000  -111.00000;
 0.00000  -1.00000   0.00000   129.00000;
 0.00000   0.00000   0.00000   1.00000;
--------------------
INFO: set hdr.hist.orient to -1
mpr2mni305 talsrcimg
Sat May 18 09:55:22 EDT 2024
/Applications/freesurfer/7.4.1/bin/mpr2mni305 talsrcimg
mpr2mni305 7.4.1
target=711-2C_as_mni_average_305

---------------------------------------------------------------------
analyzeto4dfp talsrcimg -O0 -y
---------------------------------------------------------------------

freesurfer ifh2hdr.c
Sat May 18 09:55:23 2024
Writing: talsrcimg.4dfp.hdr
freesurfer analyzeto4dfp.c
Reading: talsrcimg.hdr
header size 348 bytes
hdr.dime.datatype	offset=70	value=2
hdr.dime.bitpix		offset=72	value=8
hdr.hist.orient		offset=252	value=-1
dimensionality     4
dimensions       256       256       256         1
Reading: talsrcimg.img
Writing: talsrcimg.4dfp.img
Writing: talsrcimg.4dfp.ifh
ifh2hdr talsrcimg -r0to247
ori=2

---------------------------------------------------------------------
gauss_4dfp talsrcimg 1.1
---------------------------------------------------------------------

freesurfer gauss_4dfp.c
Reading: talsrcimg.4dfp.img
Writing: talsrcimg_g11.4dfp.img
image dimensions 256 256 256 padded to 288 288 288
processing volume 1freesurfer ifh2hdr.c
Sat May 18 09:55:32 2024
Writing: talsrcimg_g11.4dfp.hdr

Writing: talsrcimg_g11.4dfp.ifh
including: talsrcimg.4dfp.img.rec in talsrcimg_g11.4dfp.img.rec

---------------------------------------------------------------------
imgreg_4dfp /Applications/freesurfer/7.4.1/average/711-2C_as_mni_average_305 none talsrcimg_g11 none talsrcimg_to_711-2C_as_mni_average_305_t4 4355
---------------------------------------------------------------------

freesurfer imgreg_4dfp.c
/Applications/freesurfer/7.4.1/average/711-2C_as_mni_average_305.4dfp.img
       256       256       256         1
  1.000000  1.000000  1.000000
orientation T byte_order littleendian
Reading image: /Applications/freesurfer/7.4.1/average/711-2C_as_mni_average_305.4dfp.img
dimensions:      256       256       256
mmppix:       1.0000   -1.0000   -1.0000
center:     128.0000 -129.0000 -129.0000
talsrcimg_g11.4dfp.img
       256       256       256         1
  1.000000  1.000000  1.000000
orientation T byte_order littleendian
Reading image: talsrcimg_g11.4dfp.img
dimensions:      256       256       256
mmppix:       1.0000   -1.0000   -1.0000
center:     128.0000 -129.0000 -129.0000
t4_read: open error in t4_sub.f l:  41 t4_file(1:l)talsrcimg_to_711-2C_as_mni_average_305_t4 
t4_read: transform initialized to I4
rotation matrix determinant  1.000000
image alignment mode   4355 decimal     1103 hex
   -7.5000  -45.0000  -45.0000 9743.1582   10.8110
    0.0000  -45.0000  -45.000010182.0234   10.8117
    7.5000  -45.0000  -45.0000 9778.0742   10.7869
   -7.5000  -37.5000  -45.000010195.2422   10.7990
    0.0000  -37.5000  -45.000010646.7119   10.8013
    7.5000  -37.5000  -45.000010215.5322   10.7765
   -7.5000  -30.0000  -45.000010850.9355   10.7870
    0.0000  -30.0000  -45.000011319.9678   10.7891
    7.5000  -30.0000  -45.000010855.6904   10.7624
   -7.5000  -22.5000  -45.000011350.1592   10.7925
    0.0000  -22.5000  -45.000011849.4229   10.7930
    7.5000  -22.5000  -45.000011336.2988   10.7636
   -7.5000  -15.0000  -45.000011706.1035   10.8061
    0.0000  -15.0000  -45.000012231.6699   10.8051
    7.5000  -15.0000  -45.000011691.9199   10.7753
   -7.5000   -7.5000  -45.000011925.4199   10.8150
    0.0000   -7.5000  -45.000012511.4219   10.8141
    7.5000   -7.5000  -45.000011922.1318   10.7869
   -7.5000    0.0000  -45.000012042.6670   10.8103
    0.0000    0.0000  -45.000012658.8018   10.8110
    7.5000    0.0000  -45.000012042.2480   10.7861
   -7.5000    7.5000  -45.000011222.2061   10.7986
    0.0000    7.5000  -45.000011817.2549   10.8009
    7.5000    7.5000  -45.000011236.6660   10.7761
   -7.5000   15.0000  -45.000010399.8711   10.9651
    0.0000   15.0000  -45.000010968.8105   10.9692
    7.5000   15.0000  -45.000010430.8506   10.9429
   -7.5000   22.5000  -45.0000 9728.7363   11.2839
    0.0000   22.5000  -45.000010245.6641   11.2900
    7.5000   22.5000  -45.0000 9748.5986   11.2613
   -7.5000   30.0000  -45.0000 9082.7168   11.5112
    0.0000   30.0000  -45.0000 9549.1201   11.5180
    7.5000   30.0000  -45.0000 9085.5498   11.4860
   -7.5000   37.5000  -45.0000 8795.7832   11.9447
    0.0000   37.5000  -45.0000 9212.0742   11.9527
    7.5000   37.5000  -45.0000 8764.1729   11.9232
   -7.5000   45.0000  -45.0000 8203.8691   12.1066
    0.0000   45.0000  -45.0000 8561.3174   12.1204
    7.5000   45.0000  -45.0000 8171.6680   12.0938
   -7.5000  -45.0000  -37.500010334.8906   10.8025
    0.0000  -45.0000  -37.500010794.0439   10.8089
    7.5000  -45.0000  -37.500010367.8223   10.7800
   -7.5000  -37.5000  -37.500010813.4229   10.7910
    0.0000  -37.5000  -37.500011288.5254   10.7990
    7.5000  -37.5000  -37.500010821.8369   10.7719
   -7.5000  -30.0000  -37.500011505.0176   10.7806
    0.0000  -30.0000  -37.500011994.6094   10.7868
    7.5000  -30.0000  -37.500011492.5068   10.7582
   -7.5000  -22.5000  -37.500012022.9121   10.7867
    0.0000  -22.5000  -37.500012532.2871   10.7896
    7.5000  -22.5000  -37.500011997.1543   10.7573
   -7.5000  -15.0000  -37.500012377.4434   10.7990
    0.0000  -15.0000  -37.500012917.5938   10.8004
    7.5000  -15.0000  -37.500012359.3760   10.7663
   -7.5000   -7.5000  -37.500012612.3750   10.8067
    0.0000   -7.5000  -37.500013235.4473   10.8098
    7.5000   -7.5000  -37.500012613.8994   10.7777
   -7.5000    0.0000  -37.500012719.0430   10.8017
    0.0000    0.0000  -37.500013381.5361   10.8081
    7.5000    0.0000  -37.500012696.1797   10.7792
   -7.5000    7.5000  -37.500011844.1758   10.7905
    0.0000    7.5000  -37.500012476.2656   10.7986
    7.5000    7.5000  -37.500011833.8652   10.7714
   -7.5000   15.0000  -37.500010967.2412   10.9581
    0.0000   15.0000  -37.500011578.1055   10.9666
    7.5000   15.0000  -37.500010990.9043   10.9389
   -7.5000   22.5000  -37.500010272.3350   11.2762
    0.0000   22.5000  -37.500010822.6514   11.2852
    7.5000   22.5000  -37.500010278.7607   11.2542
   -7.5000   30.0000  -37.5000 9593.3711   11.5009
    0.0000   30.0000  -37.500010090.5400   11.5113
    7.5000   30.0000  -37.5000 9583.6172   11.4770
   -7.5000   37.5000  -37.5000 9238.1826   11.9307
    0.0000   37.5000  -37.5000 9694.5186   11.9467
    7.5000   37.5000  -37.5000 9217.2227   11.9159
   -7.5000   45.0000  -37.5000 8593.3613   12.0910
    0.0000   45.0000  -37.5000 8995.7275   12.1127
    7.5000   45.0000  -37.5000 8561.0195   12.0871
   -7.5000  -45.0000  -30.000011128.2744   11.2656
    0.0000  -45.0000  -30.000011629.4160   11.2772
    7.5000  -45.0000  -30.000011176.1338   11.2490
   -7.5000  -37.5000  -30.000011627.1299   11.2521
    0.0000  -37.5000  -30.000012140.5391   11.2658
    7.5000  -37.5000  -30.000011640.9951   11.2410
   -7.5000  -30.0000  -30.000012355.7617   11.2410
    0.0000  -30.0000  -30.000012899.1035   11.2527
    7.5000  -30.0000  -30.000012364.4697   11.2280
   -7.5000  -22.5000  -30.000012909.8301   11.2486
    0.0000  -22.5000  -30.000013487.1270   11.2564
    7.5000  -22.5000  -30.000012915.7803   11.2280
   -7.5000  -15.0000  -30.000013279.8164   11.2628
    0.0000  -15.0000  -30.000013908.2031   11.2686
    7.5000  -15.0000  -30.000013293.5010   11.2369
   -7.5000   -7.5000  -30.000013522.8506   11.2710
    0.0000   -7.5000  -30.000014244.7334   11.2786
    7.5000   -7.5000  -30.000013547.4580   11.2473
   -7.5000    0.0000  -30.000013627.9941   11.2647
    0.0000    0.0000  -30.000014362.7559   11.2763
    7.5000    0.0000  -30.000013638.4736   11.2481
   -7.5000    7.5000  -30.000012675.8916   11.2516
    0.0000    7.5000  -30.000013392.3145   11.2653
    7.5000    7.5000  -30.000012704.5762   11.2405
   -7.5000   15.0000  -30.000011756.8857   11.4254
    0.0000   15.0000  -30.000012428.0996   11.4399
    7.5000   15.0000  -30.000011799.5742   11.4163
   -7.5000   22.5000  -30.000010989.5449   11.7568
    0.0000   22.5000  -30.000011602.2090   11.7713
    7.5000   22.5000  -30.000011013.6699   11.7440
   -7.5000   30.0000  -30.000010234.4062   11.9949
    0.0000   30.0000  -30.000010777.3867   12.0101
    7.5000   30.0000  -30.000010230.9111   11.9784
   -7.5000   37.5000  -30.0000 9837.3779   12.4409
    0.0000   37.5000  -30.000010330.3867   12.4633
    7.5000   37.5000  -30.0000 9823.7402   12.4335
   -7.5000   45.0000  -30.0000 9127.9189   12.6162
    0.0000   45.0000  -30.0000 9577.8936   12.6438
    7.5000   45.0000  -30.0000 9114.9639   12.6190
   -7.5000  -45.0000  -22.500011927.1162   11.6692
    0.0000  -45.0000  -22.500012466.6445   11.6788
    7.5000  -45.0000  -22.500011997.1465   11.6561
   -7.5000  -37.5000  -22.500012437.4033   11.6527
    0.0000  -37.5000  -22.500013004.8633   11.6647
    7.5000  -37.5000  -22.500012485.9258   11.6453
   -7.5000  -30.0000  -22.500013222.8174   11.6388
    0.0000  -30.0000  -22.500013842.0830   11.6506
    7.5000  -30.0000  -22.500013253.9385   11.6328
   -7.5000  -22.5000  -22.500013834.3418   11.6474
    0.0000  -22.5000  -22.500014450.4766   11.6568
    7.5000  -22.5000  -22.500013849.9990   11.6366
   -7.5000  -15.0000  -22.500014218.8066   11.6654
    0.0000  -15.0000  -22.500014906.8965   11.6725
    7.5000  -15.0000  -22.500014234.5840   11.6487
   -7.5000   -7.5000  -22.500014461.6729   11.6756
    0.0000   -7.5000  -22.500015220.2949   11.6828
    7.5000   -7.5000  -22.500014486.3154   11.6581
   -7.5000    0.0000  -22.500014557.1553   11.6682
    0.0000    0.0000  -22.500015302.4893   11.6778
    7.5000    0.0000  -22.500014557.3975   11.6551
   -7.5000    7.5000  -22.500013555.8418   11.6521
    0.0000    7.5000  -22.500014289.9277   11.6641
    7.5000    7.5000  -22.500013580.1621   11.6447
   -7.5000   15.0000  -22.500012551.1533   11.8297
    0.0000   15.0000  -22.500013270.5576   11.8447
    7.5000   15.0000  -22.500012630.6719   11.8277
   -7.5000   22.5000  -22.500011697.7998   12.1748
    0.0000   22.5000  -22.500012350.7549   12.1909
    7.5000   22.5000  -22.500011763.1094   12.1710
   -7.5000   30.0000  -22.500010883.2666   12.4294
    0.0000   30.0000  -22.500011458.7725   12.4452
    7.5000   30.0000  -22.500010902.4463   12.4196
   -7.5000   37.5000  -22.500010437.0898   12.8940
    0.0000   37.5000  -22.500010981.0898   12.9133
    7.5000   37.5000  -22.500010442.6543   12.8861
   -7.5000   45.0000  -22.5000 9687.7256   13.0858
    0.0000   45.0000  -22.500010170.2070   13.1090
    7.5000   45.0000  -22.5000 9682.8809   13.0843
   -7.5000  -45.0000  -15.000012702.2373   11.9496
    0.0000  -45.0000  -15.000013276.7461   11.9531
    7.5000  -45.0000  -15.000012766.9600   11.9342
   -7.5000  -37.5000  -15.000013236.9365   11.9318
    0.0000  -37.5000  -15.000013832.4336   11.9373
    7.5000  -37.5000  -15.000013278.8164   11.9202
   -7.5000  -30.0000  -15.000014072.8691   11.9155
    0.0000  -30.0000  -15.000014701.1084   11.9226
    7.5000  -30.0000  -15.000014095.4062   11.9067
   -7.5000  -22.5000  -15.000014748.6475   11.9238
    0.0000  -22.5000  -15.000015362.9854   11.9303
    7.5000  -22.5000  -15.000014740.8105   11.9133
   -7.5000  -15.0000  -15.000015213.8389   11.9438
    0.0000  -15.0000  -15.000015895.7773   11.9483
    7.5000  -15.0000  -15.000015195.5166   11.9291
   -7.5000   -7.5000  -15.000015472.8545   11.9556
    0.0000   -7.5000  -15.000016164.4600   11.9588
    7.5000   -7.5000  -15.000015455.1523   11.9389
   -7.5000    0.0000  -15.000015504.5088   11.9484
    0.0000    0.0000  -15.000016185.8740   11.9519
    7.5000    0.0000  -15.000015498.3213   11.9330
   -7.5000    7.5000  -15.000014429.4629   11.9311
    0.0000    7.5000  -15.000015117.2021   11.9366
    7.5000    7.5000  -15.000014456.6406   11.9195
   -7.5000   15.0000  -15.000013339.2207   12.1115
    0.0000   15.0000  -15.000014058.9316   12.1217
    7.5000   15.0000  -15.000013426.3809   12.1063
   -7.5000   22.5000  -15.000012421.3682   12.4663
    0.0000   22.5000  -15.000013100.8408   12.4791
    7.5000   22.5000  -15.000012509.0498   12.4622
   -7.5000   30.0000  -15.000011549.7246   12.7332
    0.0000   30.0000  -15.000012156.9912   12.7457
    7.5000   30.0000  -15.000011600.7139   12.7227
   -7.5000   37.5000  -15.000011097.5527   13.2132
    0.0000   37.5000  -15.000011684.9990   13.2248
    7.5000   37.5000  -15.000011127.7246   13.1987
   -7.5000   45.0000  -15.000010311.4023   13.4180
    0.0000   45.0000  -15.000010851.3672   13.4332
    7.5000   45.0000  -15.000010314.0264   13.4070
   -7.5000  -45.0000   -7.500013427.0469   12.0573
    0.0000  -45.0000   -7.500014040.3574   12.0567
    7.5000  -45.0000   -7.500013490.2012   12.0356
   -7.5000  -37.5000   -7.500013967.1592   12.0410
    0.0000  -37.5000   -7.500014613.9932   12.0421
    7.5000  -37.5000   -7.500014026.4814   12.0212
   -7.5000  -30.0000   -7.500014851.6543   12.0247
    0.0000  -30.0000   -7.500015512.6113   12.0272
    7.5000  -30.0000   -7.500014860.7441   12.0056
   -7.5000  -22.5000   -7.500015552.7734   12.0314
    0.0000  -22.5000   -7.500016207.9873   12.0336
    7.5000  -22.5000   -7.500015529.1543   12.0104
   -7.5000  -15.0000   -7.500016122.6230   12.0498
    0.0000  -15.0000   -7.500016851.0156   12.0504
    7.5000  -15.0000   -7.500016094.0615   12.0265
   -7.5000   -7.5000   -7.500016560.4277   12.0618
    0.0000   -7.5000   -7.500017187.8320   12.0610
    7.5000   -7.5000   -7.500016510.7168   12.0385
   -7.5000    0.0000   -7.500016588.3965   12.0559
    0.0000    0.0000   -7.500017156.6973   12.0553
    7.5000    0.0000   -7.500016548.5645   12.0342
   -7.5000    7.5000   -7.500015388.0986   12.0402
    0.0000    7.5000   -7.500016009.3174   12.0413
    7.5000    7.5000   -7.500015415.2061   12.0204
   -7.5000   15.0000   -7.500014206.0938   12.2235
    0.0000   15.0000   -7.500014923.6445   12.2286
    7.5000   15.0000   -7.500014290.3203   12.2072
   -7.5000   22.5000   -7.500013176.3418   12.5801
    0.0000   22.5000   -7.500013933.6572   12.5885
    7.5000   22.5000   -7.500013272.3535   12.5655
   -7.5000   30.0000   -7.500012221.8467   12.8506
    0.0000   30.0000   -7.500012950.3086   12.8593
    7.5000   30.0000   -7.500012298.0195   12.8312
   -7.5000   37.5000   -7.500011731.2676   13.3389
    0.0000   37.5000   -7.500012444.4141   13.3458
    7.5000   37.5000   -7.500011787.3027   13.3171
   -7.5000   45.0000   -7.500010892.9844   13.5502
    0.0000   45.0000   -7.500011539.8643   13.5621
    7.5000   45.0000   -7.500010929.1865   13.5339
   -7.5000  -45.0000    0.000014041.3096   12.0531
    0.0000  -45.0000    0.000014688.7715   12.0538
    7.5000  -45.0000    0.000014140.1885   12.0263
   -7.5000  -37.5000    0.000014661.8564   12.0391
    0.0000  -37.5000    0.000015313.0654   12.0416
    7.5000  -37.5000    0.000014715.7529   12.0142
   -7.5000  -30.0000    0.000015614.6641   12.0249
    0.0000  -30.0000    0.000016263.7188   12.0272
    7.5000  -30.0000    0.000015618.4199   11.9977
   -7.5000  -22.5000    0.000016298.5137   12.0307
    0.0000  -22.5000    0.000016948.0273   12.0310
    7.5000  -22.5000    0.000016277.9209   11.9987
   -7.5000  -15.0000    0.000016809.6641   12.0462
    0.0000  -15.0000    0.000017611.5449   12.0448
    7.5000  -15.0000    0.000016796.1484   12.0120
   -7.5000   -7.5000    0.000017347.0664   12.0567
    0.0000   -7.5000    0.000018257.3770   12.0556
    7.5000   -7.5000    0.000017390.1309   12.0255
   -7.5000    0.0000    0.000017502.9512   12.0518
    0.0000    0.0000    0.000018472.2734   12.0525
    7.5000    0.0000    0.000017594.1035   12.0250
   -7.5000    7.5000    0.000016191.6895   12.0384
    0.0000    7.5000    0.000017141.7461   12.0408
    7.5000    7.5000    0.000016313.5820   12.0134
   -7.5000   15.0000    0.000014852.5684   12.2241
    0.0000   15.0000    0.000015749.0186   12.2286
    7.5000   15.0000    0.000014977.9463   12.1996
   -7.5000   22.5000    0.000013701.4678   12.5788
    0.0000   22.5000    0.000014534.7041   12.5855
    7.5000   22.5000    0.000013802.3613   12.5539
   -7.5000   30.0000    0.000012691.5430   12.8460
    0.0000   30.0000    0.000013439.8770   12.8537
    7.5000   30.0000    0.000012778.7979   12.8183
   -7.5000   37.5000    0.000012213.0205   13.3343
    0.0000   37.5000    0.000012916.8105   13.3434
    7.5000   37.5000    0.000012276.4189   13.3107
   -7.5000   45.0000    0.000011359.3350   13.5457
    0.0000   45.0000    0.000011991.8955   13.5613
    7.5000   45.0000    0.000011367.6084   13.5317
   -7.5000  -45.0000    7.500013571.5674   12.0477
    0.0000  -45.0000    7.500014138.2764   12.0547
    7.5000  -45.0000    7.500013643.9619   12.0227
   -7.5000  -37.5000    7.500014178.2939   12.0345
    0.0000  -37.5000    7.500014780.7510   12.0433
    7.5000  -37.5000    7.500014228.8145   12.0132
   -7.5000  -30.0000    7.500015106.0312   12.0225
    0.0000  -30.0000    7.500015776.5537   12.0292
    7.5000  -30.0000    7.500015146.0732   11.9975
   -7.5000  -22.5000    7.500015764.3330   12.0291
    0.0000  -22.5000    7.500016537.0840   12.0321
    7.5000  -22.5000    7.500015816.0000   11.9963
   -7.5000  -15.0000    7.500016221.9629   12.0429
    0.0000  -15.0000    7.500017159.1016   12.0442
    7.5000  -15.0000    7.500016282.7959   12.0065
   -7.5000   -7.5000    7.500016692.0371   12.0518
    0.0000   -7.5000    7.500017734.1543   12.0550
    7.5000   -7.5000    7.500016751.4473   12.0195
   -7.5000    0.0000    7.500016840.1426   12.0464
    0.0000    0.0000    7.500017908.7051   12.0533
    7.5000    0.0000    7.500016928.9004   12.0213
   -7.5000    7.5000    7.500015562.9854   12.0337
    0.0000    7.5000    7.500016617.4180   12.0425
    7.5000    7.5000    7.500015722.6055   12.0124
   -7.5000   15.0000    7.500014277.8418   12.2211
    0.0000   15.0000    7.500015255.2500   12.2304
    7.5000   15.0000    7.500014435.6533   12.1996
   -7.5000   22.5000    7.500013156.9971   12.5753
    0.0000   22.5000    7.500014020.9014   12.5851
    7.5000   22.5000    7.500013292.3486   12.5506
   -7.5000   30.0000    7.500012197.8115   12.8393
    0.0000   30.0000    7.500012920.8701   12.8509
    7.5000   30.0000    7.500012307.0957   12.8128
   -7.5000   37.5000    7.500011788.8574   13.3234
    0.0000   37.5000    7.500012412.7920   13.3413
    7.5000   37.5000    7.500011835.2500   13.3071
   -7.5000   45.0000    7.500010951.0635   13.5328
    0.0000   45.0000    7.500011513.7119   13.5573
    7.5000   45.0000    7.500010962.7803   13.5286
   -7.5000  -45.0000   15.000012986.6416   12.0792
    0.0000  -45.0000   15.000013561.8672   12.0912
    7.5000  -45.0000   15.000013047.3838   12.0611
   -7.5000  -37.5000   15.000013526.4893   12.0647
    0.0000  -37.5000   15.000014136.7324   12.0789
    7.5000  -37.5000   15.000013567.4287   12.0524
   -7.5000  -30.0000   15.000014357.9473   12.0527
    0.0000  -30.0000   15.000015022.6445   12.0647
    7.5000  -30.0000   15.000014388.8164   12.0383
   -7.5000  -22.5000   15.000014933.7109   12.0605
    0.0000  -22.5000   15.000015685.6348   12.0686
    7.5000  -22.5000   15.000014971.7021   12.0382
   -7.5000  -15.0000   15.000015414.1084   12.0756
    0.0000  -15.0000   15.000016234.9297   12.0815
    7.5000  -15.0000   15.000015470.3740   12.0476
   -7.5000   -7.5000   15.000015817.9219   12.0844
    0.0000   -7.5000   15.000016601.8574   12.0922
    7.5000   -7.5000   15.000015864.6006   12.0588
   -7.5000    0.0000   15.000015862.3340   12.0778
    0.0000    0.0000   15.000016587.8965   12.0899
    7.5000    0.0000   15.000015913.3604   12.0598
   -7.5000    7.5000   15.000014709.7148   12.0639
    0.0000    7.5000   15.000015444.0898   12.0781
    7.5000    7.5000   15.000014797.4990   12.0516
   -7.5000   15.0000   15.000013561.8330   12.2507
    0.0000   15.0000   15.000014346.4375   12.2658
    7.5000   15.0000   15.000013712.8691   12.2405
   -7.5000   22.5000   15.000012540.8945   12.6056
    0.0000   22.5000   15.000013257.3652   12.6208
    7.5000   22.5000   15.000012664.0352   12.5915
   -7.5000   30.0000   15.000011625.4658   12.8699
    0.0000   30.0000   15.000012233.5410   12.8861
    7.5000   30.0000   15.000011704.7539   12.8522
   -7.5000   37.5000   15.000011225.3096   13.3506
    0.0000   37.5000   15.000011771.3271   13.3746
    7.5000   37.5000   15.000011260.0654   13.3426
   -7.5000   45.0000   15.000010415.7783   13.5587
    0.0000   45.0000   15.000010927.8008   13.5884
    7.5000   45.0000   15.000010422.8096   13.5618
   -7.5000  -45.0000   22.500012244.1846   12.1778
    0.0000  -45.0000   22.500012784.7002   12.1875
    7.5000  -45.0000   22.500012280.7588   12.1637
   -7.5000  -37.5000   22.500012701.3389   12.1610
    0.0000  -37.5000   22.500013243.9141   12.1731
    7.5000  -37.5000   22.500012705.4971   12.1527
   -7.5000  -30.0000   22.500013423.8320   12.1464
    0.0000  -30.0000   22.500013986.2803   12.1583
    7.5000  -30.0000   22.500013406.7607   12.1395
   -7.5000  -22.5000   22.500013986.7061   12.1549
    0.0000  -22.5000   22.500014588.3984   12.1643
    7.5000  -22.5000   22.500013955.9551   12.1432
   -7.5000  -15.0000   22.500014479.7539   12.1731
    0.0000  -15.0000   22.500015075.0791   12.1803
    7.5000  -15.0000   22.500014441.8701   12.1555
   -7.5000   -7.5000   22.500014776.9033   12.1837
    0.0000   -7.5000   22.500015352.0645   12.1910
    7.5000   -7.5000   22.500014751.2139   12.1652
   -7.5000    0.0000   22.500014783.5117   12.1764
    0.0000    0.0000   22.500015362.6309   12.1861
    7.5000    0.0000   22.500014780.7842   12.1624
   -7.5000    7.5000   22.500013738.0830   12.1602
    0.0000    7.5000   22.500014359.7588   12.1723
    7.5000    7.5000   22.500013776.5352   12.1518
   -7.5000   15.0000   22.500012718.5938   12.3463
    0.0000   15.0000   22.500013364.0508   12.3616
    7.5000   15.0000   22.500012806.7207   12.3437
   -7.5000   22.5000   22.500011794.8916   12.7060
    0.0000   22.5000   22.500012392.2539   12.7225
    7.5000   22.5000   22.500011860.0107   12.7017
   -7.5000   30.0000   22.500010931.6836   12.9768
    0.0000   30.0000   22.500011453.6641   12.9933
    7.5000   30.0000   22.500010975.8057   12.9665
   -7.5000   37.5000   22.500010552.5850   13.4638
    0.0000   37.5000   22.500011034.8066   13.4841
    7.5000   37.5000   22.500010579.8115   13.4556
   -7.5000   45.0000   22.5000 9797.7529   13.6768
    0.0000   45.0000   22.500010237.4775   13.7013
    7.5000   45.0000   22.5000 9811.6729   13.6754
   -7.5000  -45.0000   30.000011365.3086   12.2910
    0.0000  -45.0000   30.000011834.9111   12.2945
    7.5000  -45.0000   30.000011379.4951   12.2749
   -7.5000  -37.5000   30.000011762.7383   12.2725
    0.0000  -37.5000   30.000012231.6777   12.2780
    7.5000  -37.5000   30.000011747.9141   12.2600
   -7.5000  -30.0000   30.000012421.2959   12.2554
    0.0000  -30.0000   30.000012898.1748   12.2624
    7.5000  -30.0000   30.000012365.9971   12.2455
   -7.5000  -22.5000   30.000012972.2861   12.2636
    0.0000  -22.5000   30.000013476.6201   12.2699
    7.5000  -22.5000   30.000012907.8359   12.2520
   -7.5000  -15.0000   30.000013409.6787   12.2843
    0.0000  -15.0000   30.000013891.1055   12.2887
    7.5000  -15.0000   30.000013339.8311   12.2685
   -7.5000   -7.5000   30.000013609.8887   12.2969
    0.0000   -7.5000   30.000014093.4443   12.3000
    7.5000   -7.5000   30.000013531.0996   12.2794
   -7.5000    0.0000   30.000013624.6973   12.2897
    0.0000    0.0000   30.000014134.2979   12.2931
    7.5000    0.0000   30.000013573.5713   12.2735
   -7.5000    7.5000   30.000012695.0498   12.2717
    0.0000    7.5000   30.000013224.7285   12.2772
    7.5000    7.5000   30.000012660.0879   12.2592
   -7.5000   15.0000   30.000011784.6084   12.4585
    0.0000   15.0000   30.000012278.8740   12.4688
    7.5000   15.0000   30.000011767.4404   12.4525
   -7.5000   22.5000   30.000010930.5635   12.8239
    0.0000   22.5000   30.000011414.1562   12.8372
    7.5000   22.5000   30.000010924.1123   12.8193
   -7.5000   30.0000   30.000010133.3232   13.1022
    0.0000   30.0000   30.000010592.4395   13.1153
    7.5000   30.0000   30.000010144.4795   13.0912
   -7.5000   37.5000   30.0000 9783.9727   13.5995
    0.0000   37.5000   30.000010228.3584   13.6119
    7.5000   37.5000   30.0000 9790.8076   13.5848
   -7.5000   45.0000   30.0000 9097.4453   13.8184
    0.0000   45.0000   30.0000 9492.4307   13.8347
    7.5000   45.0000   30.0000 9089.6484   13.8075
   -7.5000  -45.0000   37.500010951.3594   12.4734
    0.0000  -45.0000   37.500011418.6348   12.4710
    7.5000  -45.0000   37.500010992.7646   12.4477
   -7.5000  -37.5000   37.500011311.9395   12.4565
    0.0000  -37.5000   37.500011766.3857   12.4557
    7.5000  -37.5000   37.500011320.3662   12.4323
   -7.5000  -30.0000   37.500011954.4775   12.4386
    0.0000  -30.0000   37.500012412.3018   12.4394
    7.5000  -30.0000   37.500011909.7207   12.4153
   -7.5000  -22.5000   37.500012493.8477   12.4447
    0.0000  -22.5000   37.500012954.9834   12.4455
    7.5000  -22.5000   37.500012424.3672   12.4201
   -7.5000  -15.0000   37.500012868.6377   12.4637
    0.0000  -15.0000   37.500013294.4590   12.4631
    7.5000  -15.0000   37.500012756.5156   12.4373
   -7.5000   -7.5000   37.500013013.6230   12.4771
    0.0000   -7.5000   37.500013449.9082   12.4750
    7.5000   -7.5000   37.500012900.0332   12.4505
   -7.5000    0.0000   37.500013044.8594   12.4720
    0.0000    0.0000   37.500013518.9336   12.4697
    7.5000    0.0000   37.500012938.2725   12.4463
   -7.5000    7.5000   37.500012158.0830   12.4556
    0.0000    7.5000   37.500012625.0195   12.4548
    7.5000    7.5000   37.500012080.2109   12.4314
   -7.5000   15.0000   37.500011284.9951   12.6487
    0.0000   15.0000   37.500011738.8701   12.6522
    7.5000   15.0000   37.500011245.0957   12.6285
   -7.5000   22.5000   37.500010472.7920   13.0225
    0.0000   22.5000   37.500010918.6152   13.0301
    7.5000   22.5000   37.500010442.9727   13.0048
   -7.5000   30.0000   37.5000 9714.0146   13.3095
    0.0000   30.0000   37.500010142.2207   13.3177
    7.5000   30.0000   37.5000 9697.8174   13.2872
   -7.5000   37.5000   37.5000 9393.2285   13.8254
    0.0000   37.5000   37.5000 9787.1211   13.8317
    7.5000   37.5000   37.5000 9377.3730   13.8005
   -7.5000   45.0000   37.5000 8733.2314   14.0572
    0.0000   45.0000   37.5000 9074.6738   14.0685
    7.5000   45.0000   37.5000 8711.2500   14.0373
   -7.5000  -45.0000   45.000010123.5928   12.7110
    0.0000  -45.0000   45.000010572.4873   12.7093
    7.5000  -45.0000   45.000010169.8242   12.6786
   -7.5000  -37.5000   45.000010447.9531   12.6955
    0.0000  -37.5000   45.000010870.8564   12.6955
    7.5000  -37.5000   45.000010460.4072   12.6650
   -7.5000  -30.0000   45.000011032.6865   12.6775
    0.0000  -30.0000   45.000011455.4482   12.6779
    7.5000  -30.0000   45.000011010.7012   12.6460
   -7.5000  -22.5000   45.000011498.8486   12.6816
    0.0000  -22.5000   45.000011932.6514   12.6807
    7.5000  -22.5000   45.000011447.4473   12.6465
   -7.5000  -15.0000   45.000011808.2197   12.6983
    0.0000  -15.0000   45.000012188.3955   12.6960
    7.5000  -15.0000   45.000011694.9297   12.6613
   -7.5000   -7.5000   45.000011914.0635   12.7124
    0.0000   -7.5000   45.000012317.8584   12.7098
    7.5000   -7.5000   45.000011808.9297   12.6771
   -7.5000    0.0000   45.000011931.3242   12.7096
    0.0000    0.0000   45.000012376.2275   12.7079
    7.5000    0.0000   45.000011837.6221   12.6772
   -7.5000    7.5000   45.000011130.9004   12.6946
    0.0000    7.5000   45.000011550.4961   12.6947
    7.5000    7.5000   45.000011063.4053   12.6642
   -7.5000   15.0000   45.000010339.8555   12.8943
    0.0000   15.0000   45.000010763.4404   12.8973
    7.5000   15.0000   45.000010306.5830   12.8660
   -7.5000   22.5000   45.0000 9616.4932   13.2751
    0.0000   22.5000   45.000010019.0020   13.2814
    7.5000   22.5000   45.0000 9590.6006   13.2483
   -7.5000   30.0000   45.0000 8926.8564   13.5672
    0.0000   30.0000   45.0000 9310.4707   13.5752
    7.5000   30.0000   45.0000 8922.8125   13.5381
   -7.5000   37.5000   45.0000 8640.2783   14.0996
    0.0000   37.5000   45.0000 9004.2676   14.1085
    7.5000   37.5000   45.0000 8621.5225   14.0732
   -7.5000   45.0000   45.0000 8023.6226   14.3460
    0.0000   45.0000   45.0000 8339.2256   14.3610
    7.5000   45.0000   45.0000 8002.3276   14.3279

---------------------------------------------------------------------
imgreg_4dfp /Applications/freesurfer/7.4.1/average/711-2C_as_mni_average_305 /Applications/freesurfer/7.4.1/average/711-2B_as_mni_average_305_mask talsrcimg_g11 none talsrcimg_to_711-2C_as_mni_average_305_t4 4355
---------------------------------------------------------------------

freesurfer imgreg_4dfp.c
/Applications/freesurfer/7.4.1/average/711-2C_as_mni_average_305.4dfp.img
       256       256       256         1
  1.000000  1.000000  1.000000
orientation T byte_order littleendian
Reading image: /Applications/freesurfer/7.4.1/average/711-2C_as_mni_average_305.4dfp.img
dimensions:      256       256       256
mmppix:       1.0000   -1.0000   -1.0000
center:     128.0000 -129.0000 -129.0000
/Applications/freesurfer/7.4.1/average/711-2B_as_mni_average_305_mask.4dfp.img
       256       256       256         1
  1.000000  1.000000  1.000000
orientation T byte_order littleendian
Reading mask: /Applications/freesurfer/7.4.1/average/711-2B_as_mni_average_305_mask.4dfp.img (2306576 pixels)
talsrcimg_g11.4dfp.img
       256       256       256         1
  1.000000  1.000000  1.000000
orientation T byte_order littleendian
Reading image: talsrcimg_g11.4dfp.img
dimensions:      256       256       256
mmppix:       1.0000   -1.0000   -1.0000
center:     128.0000 -129.0000 -129.0000
rotation matrix determinant  1.000000
image alignment mode   4355 decimal     1103 hex
   -7.5000  -45.0000  -45.0000 2374.9912   13.4416
    0.0000  -45.0000  -45.0000 2398.4983   13.3314
    7.5000  -45.0000  -45.0000 2386.7888   13.3623
   -7.5000  -37.5000  -45.0000 2407.8853   13.0999
    0.0000  -37.5000  -45.0000 2427.3730   13.0109
    7.5000  -37.5000  -45.0000 2414.9600   13.0258
   -7.5000  -30.0000  -45.0000 2429.8411   12.7997
    0.0000  -30.0000  -45.0000 2443.0679   12.7400
    7.5000  -30.0000  -45.0000 2434.5105   12.7585
   -7.5000  -22.5000  -45.0000 2443.8472   12.6092
    0.0000  -22.5000  -45.0000 2457.7947   12.5679
    7.5000  -22.5000  -45.0000 2443.5815   12.5870
   -7.5000  -15.0000  -45.0000 2440.2668   12.5503
    0.0000  -15.0000  -45.0000 2459.8955   12.4998
    7.5000  -15.0000  -45.0000 2438.5938   12.5387
   -7.5000   -7.5000  -45.0000 2430.2256   12.5211
    0.0000   -7.5000  -45.0000 2450.6675   12.4910
    7.5000   -7.5000  -45.0000 2429.7544   12.5321
   -7.5000    0.0000  -45.0000 2417.4944   12.6511
    0.0000    0.0000  -45.0000 2438.8154   12.5891
    7.5000    0.0000  -45.0000 2418.9473   12.6409
   -7.5000    7.5000  -45.0000 2394.6196   12.9258
    0.0000    7.5000  -45.0000 2416.4753   12.9133
    7.5000    7.5000  -45.0000 2392.9849   12.9466
   -7.5000   15.0000  -45.0000 2349.2207   13.5054
    0.0000   15.0000  -45.0000 2372.1934   13.4629
    7.5000   15.0000  -45.0000 2344.8289   13.5350
   -7.5000   22.5000  -45.0000 2291.4248   14.3303
    0.0000   22.5000  -45.0000 2309.5564   14.2731
    7.5000   22.5000  -45.0000 2289.1255   14.3264
   -7.5000   30.0000  -45.0000 2208.5969   15.4444
    0.0000   30.0000  -45.0000 2227.1650   15.3601
    7.5000   30.0000  -45.0000 2205.8696   15.4587
   -7.5000   37.5000  -45.0000 2109.4365   16.8330
    0.0000   37.5000  -45.0000 2126.0061   16.7148
    7.5000   37.5000  -45.0000 2104.6682   16.8723
   -7.5000   45.0000  -45.0000 1987.0339   18.7166
    0.0000   45.0000  -45.0000 2001.5194   18.5455
    7.5000   45.0000  -45.0000 1980.7705   18.7571
   -7.5000  -45.0000  -37.5000 2464.8040   12.4962
    0.0000  -45.0000  -37.5000 2494.1306   12.3644
    7.5000  -45.0000  -37.5000 2480.2834   12.3850
   -7.5000  -37.5000  -37.5000 2499.2004   12.1708
    0.0000  -37.5000  -37.5000 2527.7607   12.0589
    7.5000  -37.5000  -37.5000 2509.9036   12.0906
   -7.5000  -30.0000  -37.5000 2519.1704   11.9198
    0.0000  -30.0000  -37.5000 2543.2998   11.8339
    7.5000  -30.0000  -37.5000 2528.8403   11.8567
   -7.5000  -22.5000  -37.5000 2533.8325   11.7369
    0.0000  -22.5000  -37.5000 2548.9790   11.6864
    7.5000  -22.5000  -37.5000 2539.0862   11.6790
   -7.5000  -15.0000  -37.5000 2538.0791   11.6474
    0.0000  -15.0000  -37.5000 2553.8711   11.6042
    7.5000  -15.0000  -37.5000 2539.3328   11.6045
   -7.5000   -7.5000  -37.5000 2534.6301   11.6192
    0.0000   -7.5000  -37.5000 2554.3699   11.6023
    7.5000   -7.5000  -37.5000 2533.2744   11.6247
   -7.5000    0.0000  -37.5000 2520.4763   11.7204
    0.0000    0.0000  -37.5000 2539.8967   11.7059
    7.5000    0.0000  -37.5000 2517.3735   11.7384
   -7.5000    7.5000  -37.5000 2493.8264   11.9987
    0.0000    7.5000  -37.5000 2517.3381   11.9839
    7.5000    7.5000  -37.5000 2489.0325   12.0227
   -7.5000   15.0000  -37.5000 2445.8662   12.5403
    0.0000   15.0000  -37.5000 2469.5415   12.4876
    7.5000   15.0000  -37.5000 2442.5911   12.5376
   -7.5000   22.5000  -37.5000 2384.9282   13.2871
    0.0000   22.5000  -37.5000 2403.4714   13.2252
    7.5000   22.5000  -37.5000 2380.5554   13.2629
   -7.5000   30.0000  -37.5000 2297.7690   14.2805
    0.0000   30.0000  -37.5000 2317.5474   14.2042
    7.5000   30.0000  -37.5000 2294.5232   14.2713
   -7.5000   37.5000  -37.5000 2189.1582   15.5849
    0.0000   37.5000  -37.5000 2207.6868   15.4841
    7.5000   37.5000  -37.5000 2187.2598   15.5894
   -7.5000   45.0000  -37.5000 2060.9463   17.3165
    0.0000   45.0000  -37.5000 2079.7297   17.1790
    7.5000   45.0000  -37.5000 2058.2515   17.3081
   -7.5000  -45.0000  -30.0000 2590.5535   12.0686
    0.0000  -45.0000  -30.0000 2620.3936   11.9283
    7.5000  -45.0000  -30.0000 2609.9819   11.9564
   -7.5000  -37.5000  -30.0000 2621.5281   11.7484
    0.0000  -37.5000  -30.0000 2650.7444   11.6160
    7.5000  -37.5000  -30.0000 2635.2869   11.6628
   -7.5000  -30.0000  -30.0000 2642.5312   11.4726
    0.0000  -30.0000  -30.0000 2668.4524   11.3555
    7.5000  -30.0000  -30.0000 2655.0757   11.4031
   -7.5000  -22.5000  -30.0000 2656.9851   11.2800
    0.0000  -22.5000  -30.0000 2680.1245   11.2062
    7.5000  -22.5000  -30.0000 2669.1113   11.2169
   -7.5000  -15.0000  -30.0000 2668.6880   11.1843
    0.0000  -15.0000  -30.0000 2688.9478   11.1281
    7.5000  -15.0000  -30.0000 2676.7766   11.1357
   -7.5000   -7.5000  -30.0000 2673.5486   11.1432
    0.0000   -7.5000  -30.0000 2700.8159   11.1342
    7.5000   -7.5000  -30.0000 2676.1453   11.1468
   -7.5000    0.0000  -30.0000 2665.4380   11.2425
    0.0000    0.0000  -30.0000 2688.8740   11.2331
    7.5000    0.0000  -30.0000 2664.0828   11.2555
   -7.5000    7.5000  -30.0000 2634.8794   11.5421
    0.0000    7.5000  -30.0000 2667.2820   11.5115
    7.5000    7.5000  -30.0000 2637.2107   11.5522
   -7.5000   15.0000  -30.0000 2589.5735   12.0764
    0.0000   15.0000  -30.0000 2617.1841   12.0093
    7.5000   15.0000  -30.0000 2590.0552   12.0433
   -7.5000   22.5000  -30.0000 2519.4529   12.7748
    0.0000   22.5000  -30.0000 2542.7485   12.7095
    7.5000   22.5000  -30.0000 2518.6294   12.7232
   -7.5000   30.0000  -30.0000 2420.8425   13.7099
    0.0000   30.0000  -30.0000 2438.9702   13.6258
    7.5000   30.0000  -30.0000 2417.7095   13.6756
   -7.5000   37.5000  -30.0000 2300.5652   14.9965
    0.0000   37.5000  -30.0000 2320.0969   14.9036
    7.5000   37.5000  -30.0000 2303.9131   14.9764
   -7.5000   45.0000  -30.0000 2165.3042   16.6525
    0.0000   45.0000  -30.0000 2186.9736   16.5593
    7.5000   45.0000  -30.0000 2169.6560   16.6209
   -7.5000  -45.0000  -22.5000 2675.4426   11.6232
    0.0000  -45.0000  -22.5000 2706.2766   11.4513
    7.5000  -45.0000  -22.5000 2696.3145   11.4961
   -7.5000  -37.5000  -22.5000 2700.4045   11.2841
    0.0000  -37.5000  -22.5000 2733.1812   11.1274
    7.5000  -37.5000  -22.5000 2720.4177   11.1622
   -7.5000  -30.0000  -22.5000 2725.7769   10.9794
    0.0000  -30.0000  -22.5000 2758.6711   10.8572
    7.5000  -30.0000  -22.5000 2747.9077   10.9086
   -7.5000  -22.5000  -22.5000 2745.9258   10.7764
    0.0000  -22.5000  -22.5000 2778.6067   10.6595
    7.5000  -22.5000  -22.5000 2764.7646   10.7076
   -7.5000  -15.0000  -22.5000 2763.6274   10.6722
    0.0000  -15.0000  -22.5000 2794.6770   10.5637
    7.5000  -15.0000  -22.5000 2777.6602   10.6122
   -7.5000   -7.5000  -22.5000 2778.3613   10.6475
    0.0000   -7.5000  -22.5000 2811.7676   10.5611
    7.5000   -7.5000  -22.5000 2784.4541   10.5965
   -7.5000    0.0000  -22.5000 2784.3557   10.7189
    0.0000    0.0000  -22.5000 2809.9495   10.6494
    7.5000    0.0000  -22.5000 2779.3237   10.6968
   -7.5000    7.5000  -22.5000 2756.7603   11.0292
    0.0000    7.5000  -22.5000 2787.8992   10.9548
    7.5000    7.5000  -22.5000 2756.6848   10.9999
   -7.5000   15.0000  -22.5000 2701.3618   11.5328
    0.0000   15.0000  -22.5000 2734.1838   11.4588
    7.5000   15.0000  -22.5000 2708.5801   11.4757
   -7.5000   22.5000  -22.5000 2622.2068   12.2049
    0.0000   22.5000  -22.5000 2648.4048   12.1348
    7.5000   22.5000  -22.5000 2626.4490   12.1553
   -7.5000   30.0000  -22.5000 2517.0093   13.1148
    0.0000   30.0000  -22.5000 2536.5503   13.0309
    7.5000   30.0000  -22.5000 2518.9885   13.0824
   -7.5000   37.5000  -22.5000 2385.9180   14.3768
    0.0000   37.5000  -22.5000 2406.3376   14.2866
    7.5000   37.5000  -22.5000 2391.2910   14.3594
   -7.5000   45.0000  -22.5000 2248.7300   15.9775
    0.0000   45.0000  -22.5000 2267.0032   15.8801
    7.5000   45.0000  -22.5000 2255.0476   15.9699
   -7.5000  -45.0000  -15.0000 2722.0879   11.2158
    0.0000  -45.0000  -15.0000 2759.6611   11.0020
    7.5000  -45.0000  -15.0000 2745.9541   11.0425
   -7.5000  -37.5000  -15.0000 2747.1528   10.8450
    0.0000  -37.5000  -15.0000 2780.9749   10.6607
    7.5000  -37.5000  -15.0000 2768.4211   10.6948
   -7.5000  -30.0000  -15.0000 2773.6714   10.5513
    0.0000  -30.0000  -15.0000 2807.4585   10.3754
    7.5000  -30.0000  -15.0000 2795.0100   10.4232
   -7.5000  -22.5000  -15.0000 2805.1907   10.3277
    0.0000  -22.5000  -15.0000 2833.9648   10.1600
    7.5000  -22.5000  -15.0000 2820.2830   10.2192
   -7.5000  -15.0000  -15.0000 2833.0261   10.2243
    0.0000  -15.0000  -15.0000 2859.3657   10.0525
    7.5000  -15.0000  -15.0000 2843.0725   10.1343
   -7.5000   -7.5000  -15.0000 2854.6406   10.2160
    0.0000   -7.5000  -15.0000 2889.5266   10.0438
    7.5000   -7.5000  -15.0000 2860.8264   10.1127
   -7.5000    0.0000  -15.0000 2862.5491   10.2514
    0.0000    0.0000  -15.0000 2890.4556   10.0751
    7.5000    0.0000  -15.0000 2859.1018   10.2011
   -7.5000    7.5000  -15.0000 2840.3118   10.5655
    0.0000    7.5000  -15.0000 2867.6394   10.4148
    7.5000    7.5000  -15.0000 2842.3757   10.4997
   -7.5000   15.0000  -15.0000 2777.5964   11.0399
    0.0000   15.0000  -15.0000 2812.5935   10.9135
    7.5000   15.0000  -15.0000 2786.6179   10.9834
   -7.5000   22.5000  -15.0000 2692.8438   11.7075
    0.0000   22.5000  -15.0000 2721.2551   11.5788
    7.5000   22.5000  -15.0000 2699.1021   11.6555
   -7.5000   30.0000  -15.0000 2578.5850   12.6293
    0.0000   30.0000  -15.0000 2603.0371   12.4785
    7.5000   30.0000  -15.0000 2583.4075   12.5898
   -7.5000   37.5000  -15.0000 2445.1045   13.8611
    0.0000   37.5000  -15.0000 2468.5664   13.7172
    7.5000   37.5000  -15.0000 2449.7666   13.8150
   -7.5000   45.0000  -15.0000 2304.2437   15.4339
    0.0000   45.0000  -15.0000 2326.1365   15.2756
    7.5000   45.0000  -15.0000 2306.6899   15.3695
   -7.5000  -45.0000   -7.5000 2747.0166   10.8350
    0.0000  -45.0000   -7.5000 2779.9089   10.6085
    7.5000  -45.0000   -7.5000 2773.0654   10.6359
   -7.5000  -37.5000   -7.5000 2769.2539   10.4682
    0.0000  -37.5000   -7.5000 2804.6865   10.2629
    7.5000  -37.5000   -7.5000 2794.5669   10.2883
   -7.5000  -30.0000   -7.5000 2802.3462   10.1715
    0.0000  -30.0000   -7.5000 2834.9299    9.9688
    7.5000  -30.0000   -7.5000 2823.4343   10.0158
   -7.5000  -22.5000   -7.5000 2839.5413    9.9479
    0.0000  -22.5000   -7.5000 2868.0474    9.7417
    7.5000  -22.5000   -7.5000 2850.1384    9.8069
   -7.5000  -15.0000   -7.5000 2877.6631    9.8644
    0.0000  -15.0000   -7.5000 2904.0740    9.6663
    7.5000  -15.0000   -7.5000 2885.5657    9.7366
   -7.5000   -7.5000   -7.5000 2910.6052    9.9167
    0.0000   -7.5000   -7.5000 2942.6711    9.7211
    7.5000   -7.5000   -7.5000 2913.7122    9.7888
   -7.5000    0.0000   -7.5000 2925.7344    9.9589
    0.0000    0.0000   -7.5000 2956.5708    9.6952
    7.5000    0.0000   -7.5000 2923.3440    9.9088
   -7.5000    7.5000   -7.5000 2902.6562   10.2152
    0.0000    7.5000   -7.5000 2931.3213   10.0065
    7.5000    7.5000   -7.5000 2907.9563   10.1477
   -7.5000   15.0000   -7.5000 2830.8330   10.6557
    0.0000   15.0000   -7.5000 2863.1060   10.5063
    7.5000   15.0000   -7.5000 2841.2395   10.5836
   -7.5000   22.5000   -7.5000 2739.2505   11.2828
    0.0000   22.5000   -7.5000 2772.7866   11.1494
    7.5000   22.5000   -7.5000 2746.4348   11.2234
   -7.5000   30.0000   -7.5000 2617.9160   12.1784
    0.0000   30.0000   -7.5000 2648.6753   12.0591
    7.5000   30.0000   -7.5000 2625.4702   12.1218
   -7.5000   37.5000   -7.5000 2482.4688   13.3748
    0.0000   37.5000   -7.5000 2509.8486   13.2660
    7.5000   37.5000   -7.5000 2487.1953   13.3116
   -7.5000   45.0000   -7.5000 2339.3730   14.8887
    0.0000   45.0000   -7.5000 2363.1182   14.7940
    7.5000   45.0000   -7.5000 2339.7266   14.8717
   -7.5000  -45.0000    0.0000 2759.2971   10.6152
    0.0000  -45.0000    0.0000 2788.0393   10.3725
    7.5000  -45.0000    0.0000 2784.6626   10.3991
   -7.5000  -37.5000    0.0000 2782.1230   10.2763
    0.0000  -37.5000    0.0000 2811.8606   10.0447
    7.5000  -37.5000    0.0000 2804.4980   10.0800
   -7.5000  -30.0000    0.0000 2818.1414    9.9810
    0.0000  -30.0000    0.0000 2841.6196    9.7429
    7.5000  -30.0000    0.0000 2836.7729    9.7852
   -7.5000  -22.5000    0.0000 2858.0234    9.7603
    0.0000  -22.5000    0.0000 2881.1531    9.5344
    7.5000  -22.5000    0.0000 2871.7766    9.5942
   -7.5000  -15.0000    0.0000 2902.4209    9.6582
    0.0000  -15.0000    0.0000 2928.0396    9.4642
    7.5000  -15.0000    0.0000 2910.7307    9.5344
   -7.5000   -7.5000    0.0000 2946.6548    9.7079
    0.0000   -7.5000    0.0000 2983.0830    9.5951
    7.5000   -7.5000    0.0000 2949.8699    9.6246
   -7.5000    0.0000    0.0000 2965.7070    9.8311
    0.0000    0.0000    0.0000 3008.0896    9.7241
    7.5000    0.0000    0.0000 2969.3687    9.8087
   -7.5000    7.5000    0.0000 2939.2573   10.0457
    0.0000    7.5000    0.0000 2985.2910    9.9373
    7.5000    7.5000    0.0000 2947.8235   10.0075
   -7.5000   15.0000    0.0000 2868.3140   10.3947
    0.0000   15.0000    0.0000 2904.4216   10.2893
    7.5000   15.0000    0.0000 2874.3638   10.3389
   -7.5000   22.5000    0.0000 2768.3318   10.9961
    0.0000   22.5000    0.0000 2799.3708   10.8558
    7.5000   22.5000    0.0000 2776.6602   10.9129
   -7.5000   30.0000    0.0000 2643.7876   11.9036
    0.0000   30.0000    0.0000 2670.9075   11.7618
    7.5000   30.0000    0.0000 2650.0525   11.8147
   -7.5000   37.5000    0.0000 2504.2241   13.1023
    0.0000   37.5000    0.0000 2528.0779   12.9764
    7.5000   37.5000    0.0000 2506.8743   13.0412
   -7.5000   45.0000    0.0000 2354.2783   14.6015
    0.0000   45.0000    0.0000 2376.8784   14.5080
    7.5000   45.0000    0.0000 2352.5051   14.5881
   -7.5000  -45.0000    7.5000 2765.4463   10.5842
    0.0000  -45.0000    7.5000 2793.9470   10.2865
    7.5000  -45.0000    7.5000 2795.2649   10.3143
   -7.5000  -37.5000    7.5000 2789.0461   10.2951
    0.0000  -37.5000    7.5000 2813.9319   10.0304
    7.5000  -37.5000    7.5000 2809.2078   10.0725
   -7.5000  -30.0000    7.5000 2820.0618   10.0093
    0.0000  -30.0000    7.5000 2844.5625    9.8039
    7.5000  -30.0000    7.5000 2834.2283    9.8455
   -7.5000  -22.5000    7.5000 2857.4497    9.8053
    0.0000  -22.5000    7.5000 2885.1519    9.6390
    7.5000  -22.5000    7.5000 2869.9087    9.6846
   -7.5000  -15.0000    7.5000 2902.7183    9.6857
    0.0000  -15.0000    7.5000 2935.0132    9.5481
    7.5000  -15.0000    7.5000 2912.2302    9.5951
   -7.5000   -7.5000    7.5000 2951.4407    9.7133
    0.0000   -7.5000    7.5000 3000.1453    9.6056
    7.5000   -7.5000    7.5000 2955.9536    9.6519
   -7.5000    0.0000    7.5000 2977.2749    9.8294
    0.0000    0.0000    7.5000 3029.2864    9.7346
    7.5000    0.0000    7.5000 2986.0215    9.8042
   -7.5000    7.5000    7.5000 2945.2925   10.0656
    0.0000    7.5000    7.5000 3003.0095    9.9818
    7.5000    7.5000    7.5000 2959.5647   10.0182
   -7.5000   15.0000    7.5000 2869.2764   10.4147
    0.0000   15.0000    7.5000 2920.7253   10.3035
    7.5000   15.0000    7.5000 2878.7732   10.3799
   -7.5000   22.5000    7.5000 2770.3625   10.9968
    0.0000   22.5000    7.5000 2807.0046   10.8899
    7.5000   22.5000    7.5000 2777.9011   10.9377
   -7.5000   30.0000    7.5000 2643.2012   11.8808
    0.0000   30.0000    7.5000 2672.5801   11.7691
    7.5000   30.0000    7.5000 2651.3381   11.7991
   -7.5000   37.5000    7.5000 2508.1536   13.0462
    0.0000   37.5000    7.5000 2526.7358   12.9304
    7.5000   37.5000    7.5000 2512.2173   12.9784
   -7.5000   45.0000    7.5000 2353.7441   14.5313
    0.0000   45.0000    7.5000 2375.7766   14.4228
    7.5000   45.0000    7.5000 2357.9768   14.4961
   -7.5000  -45.0000   15.0000 2755.6943   10.7697
    0.0000  -45.0000   15.0000 2789.9624   10.4861
    7.5000  -45.0000   15.0000 2786.4570   10.5177
   -7.5000  -37.5000   15.0000 2778.9319   10.4767
    0.0000  -37.5000   15.0000 2810.8647   10.2352
    7.5000  -37.5000   15.0000 2800.4600   10.2755
   -7.5000  -30.0000   15.0000 2810.4321   10.2115
    0.0000  -30.0000   15.0000 2841.4250   10.0111
    7.5000  -30.0000   15.0000 2823.8689   10.0653
   -7.5000  -22.5000   15.0000 2843.1555    9.9984
    0.0000  -22.5000   15.0000 2873.6577    9.8254
    7.5000  -22.5000   15.0000 2856.2725    9.8885
   -7.5000  -15.0000   15.0000 2884.9207    9.8957
    0.0000  -15.0000   15.0000 2917.8569    9.7292
    7.5000  -15.0000   15.0000 2895.3242    9.7955
   -7.5000   -7.5000   15.0000 2928.4453    9.9212
    0.0000   -7.5000   15.0000 2981.7300    9.7427
    7.5000   -7.5000   15.0000 2938.7639    9.8589
   -7.5000    0.0000   15.0000 2948.9165    9.9878
    0.0000    0.0000   15.0000 2998.6711    9.7874
    7.5000    0.0000   15.0000 2959.6909    9.9477
   -7.5000    7.5000   15.0000 2917.1812   10.2131
    0.0000    7.5000   15.0000 2967.7061   10.0133
    7.5000    7.5000   15.0000 2931.4551   10.1410
   -7.5000   15.0000   15.0000 2843.5771   10.6331
    0.0000   15.0000   15.0000 2895.1064   10.4503
    7.5000   15.0000   15.0000 2860.1443   10.5549
   -7.5000   22.5000   15.0000 2745.4185   11.2427
    0.0000   22.5000   15.0000 2780.8372   11.1033
    7.5000   22.5000   15.0000 2759.4355   11.1502
   -7.5000   30.0000   15.0000 2621.4946   12.1003
    0.0000   30.0000   15.0000 2645.2441   11.9818
    7.5000   30.0000   15.0000 2628.7449   12.0275
   -7.5000   37.5000   15.0000 2490.6418   13.2040
    0.0000   37.5000   15.0000 2509.3552   13.0875
    7.5000   37.5000   15.0000 2493.4070   13.1581
   -7.5000   45.0000   15.0000 2336.2068   14.6429
    0.0000   45.0000   15.0000 2360.4841   14.5542
    7.5000   45.0000   15.0000 2339.6589   14.5960
   -7.5000  -45.0000   22.5000 2727.5232   11.0820
    0.0000  -45.0000   22.5000 2762.0076   10.7771
    7.5000  -45.0000   22.5000 2753.9016   10.8213
   -7.5000  -37.5000   22.5000 2749.6194   10.7817
    0.0000  -37.5000   22.5000 2787.1638   10.5027
    7.5000  -37.5000   22.5000 2774.5327   10.5516
   -7.5000  -30.0000   22.5000 2777.0464   10.5011
    0.0000  -30.0000   22.5000 2812.5034   10.2751
    7.5000  -30.0000   22.5000 2796.3367   10.3348
   -7.5000  -22.5000   22.5000 2809.1934   10.3239
    0.0000  -22.5000   22.5000 2845.1702   10.1001
    7.5000  -22.5000   22.5000 2823.4934   10.1784
   -7.5000  -15.0000   22.5000 2850.6943   10.2609
    0.0000  -15.0000   22.5000 2886.1545   10.0451
    7.5000  -15.0000   22.5000 2860.7888   10.1335
   -7.5000   -7.5000   22.5000 2888.6487   10.2883
    0.0000   -7.5000   22.5000 2932.1931   10.0612
    7.5000   -7.5000   22.5000 2896.3928   10.2094
   -7.5000    0.0000   22.5000 2889.0488   10.3404
    0.0000    0.0000   22.5000 2925.5215   10.0960
    7.5000    0.0000   22.5000 2898.2854   10.2654
   -7.5000    7.5000   22.5000 2854.3779   10.5809
    0.0000    7.5000   22.5000 2894.0620   10.3817
    7.5000    7.5000   22.5000 2864.6965   10.4898
   -7.5000   15.0000   22.5000 2790.7126   10.9992
    0.0000   15.0000   22.5000 2830.1404   10.8312
    7.5000   15.0000   22.5000 2802.7258   10.9242
   -7.5000   22.5000   22.5000 2697.6919   11.6337
    0.0000   22.5000   22.5000 2728.2656   11.4744
    7.5000   22.5000   22.5000 2709.9766   11.5339
   -7.5000   30.0000   22.5000 2576.9111   12.4784
    0.0000   30.0000   22.5000 2604.4324   12.3253
    7.5000   30.0000   22.5000 2586.2664   12.3888
   -7.5000   37.5000   22.5000 2448.7229   13.5598
    0.0000   37.5000   22.5000 2471.5344   13.4325
    7.5000   37.5000   22.5000 2456.6467   13.5091
   -7.5000   45.0000   22.5000 2303.6023   14.9773
    0.0000   45.0000   22.5000 2327.4170   14.8659
    7.5000   45.0000   22.5000 2309.4631   14.9341
   -7.5000  -45.0000   30.0000 2684.4397   11.4799
    0.0000  -45.0000   30.0000 2720.0088   11.1101
    7.5000  -45.0000   30.0000 2715.0562   11.1633
   -7.5000  -37.5000   30.0000 2709.6301   11.1684
    0.0000  -37.5000   30.0000 2747.6340   10.8394
    7.5000  -37.5000   30.0000 2735.8289   10.8853
   -7.5000  -30.0000   30.0000 2736.7217   10.9204
    0.0000  -30.0000   30.0000 2771.7620   10.6372
    7.5000  -30.0000   30.0000 2754.6289   10.6881
   -7.5000  -22.5000   30.0000 2768.7319   10.7688
    0.0000  -22.5000   30.0000 2803.4180   10.5198
    7.5000  -22.5000   30.0000 2783.8186   10.5929
   -7.5000  -15.0000   30.0000 2800.7512   10.7585
    0.0000  -15.0000   30.0000 2837.0151   10.5136
    7.5000  -15.0000   30.0000 2812.7544   10.5990
   -7.5000   -7.5000   30.0000 2826.3577   10.7781
    0.0000   -7.5000   30.0000 2861.6379   10.5180
    7.5000   -7.5000   30.0000 2831.9800   10.6714
   -7.5000    0.0000   30.0000 2812.4089   10.8265
    0.0000    0.0000   30.0000 2847.1323   10.6008
    7.5000    0.0000   30.0000 2821.2793   10.7289
   -7.5000    7.5000   30.0000 2777.1372   11.1037
    0.0000    7.5000   30.0000 2811.7883   10.9158
    7.5000    7.5000   30.0000 2786.5093   11.0107
   -7.5000   15.0000   30.0000 2713.6990   11.5505
    0.0000   15.0000   30.0000 2742.3936   11.3689
    7.5000   15.0000   30.0000 2722.2273   11.4461
   -7.5000   22.5000   30.0000 2624.3767   12.1842
    0.0000   22.5000   30.0000 2652.2227   12.0128
    7.5000   22.5000   30.0000 2634.1553   12.0698
   -7.5000   30.0000   30.0000 2514.1738   13.0126
    0.0000   30.0000   30.0000 2542.5085   12.8301
    7.5000   30.0000   30.0000 2522.1228   12.8943
   -7.5000   37.5000   30.0000 2393.5510   14.0815
    0.0000   37.5000   30.0000 2422.5518   13.9263
    7.5000   37.5000   30.0000 2402.5659   14.0085
   -7.5000   45.0000   30.0000 2255.7209   15.5014
    0.0000   45.0000   30.0000 2279.6311   15.3528
    7.5000   45.0000   30.0000 2261.2383   15.4122
   -7.5000  -45.0000   37.5000 2639.9150   11.9100
    0.0000  -45.0000   37.5000 2682.0691   11.5176
    7.5000  -45.0000   37.5000 2677.9597   11.5678
   -7.5000  -37.5000   37.5000 2663.9104   11.6271
    0.0000  -37.5000   37.5000 2704.8064   11.2699
    7.5000  -37.5000   37.5000 2696.9097   11.3281
   -7.5000  -30.0000   37.5000 2691.7825   11.4015
    0.0000  -30.0000   37.5000 2729.4016   11.1045
    7.5000  -30.0000   37.5000 2716.0144   11.1632
   -7.5000  -22.5000   37.5000 2717.9307   11.3086
    0.0000  -22.5000   37.5000 2752.6985   11.0330
    7.5000  -22.5000   37.5000 2736.2463   11.0927
   -7.5000  -15.0000   37.5000 2738.6912   11.3490
    0.0000  -15.0000   37.5000 2777.2559   11.0852
    7.5000  -15.0000   37.5000 2752.3269   11.1534
   -7.5000   -7.5000   37.5000 2752.3804   11.3533
    0.0000   -7.5000   37.5000 2781.3586   11.1109
    7.5000   -7.5000   37.5000 2756.2412   11.2251
   -7.5000    0.0000   37.5000 2732.3860   11.4547
    0.0000    0.0000   37.5000 2766.5928   11.2597
    7.5000    0.0000   37.5000 2738.1729   11.3465
   -7.5000    7.5000   37.5000 2695.4736   11.7591
    0.0000    7.5000   37.5000 2727.8662   11.5773
    7.5000    7.5000   37.5000 2705.7083   11.6480
   -7.5000   15.0000   37.5000 2630.0217   12.2136
    0.0000   15.0000   37.5000 2658.5874   12.0454
    7.5000   15.0000   37.5000 2642.3591   12.1241
   -7.5000   22.5000   37.5000 2542.8726   12.8453
    0.0000   22.5000   37.5000 2572.9941   12.6742
    7.5000   22.5000   37.5000 2554.6030   12.7354
   -7.5000   30.0000   37.5000 2439.9849   13.6621
    0.0000   30.0000   37.5000 2468.3660   13.4834
    7.5000   30.0000   37.5000 2446.7178   13.5378
   -7.5000   37.5000   37.5000 2330.6257   14.7082
    0.0000   37.5000   37.5000 2353.8149   14.5810
    7.5000   37.5000   37.5000 2335.9795   14.6444
   -7.5000   45.0000   37.5000 2197.7883   16.1194
    0.0000   45.0000   37.5000 2217.5996   15.9808
    7.5000   45.0000   37.5000 2202.2659   16.0604
   -7.5000  -45.0000   45.0000 2585.3745   12.4831
    0.0000  -45.0000   45.0000 2628.5303   12.1013
    7.5000  -45.0000   45.0000 2621.6985   12.1306
   -7.5000  -37.5000   45.0000 2609.5242   12.2084
    0.0000  -37.5000   45.0000 2648.1914   11.8613
    7.5000  -37.5000   45.0000 2643.0642   11.8942
   -7.5000  -30.0000   45.0000 2634.9180   12.0239
    0.0000  -30.0000   45.0000 2672.5762   11.6971
    7.5000  -30.0000   45.0000 2664.1584   11.7420
   -7.5000  -22.5000   45.0000 2655.3267   11.9611
    0.0000  -22.5000   45.0000 2691.6064   11.6593
    7.5000  -22.5000   45.0000 2677.2190   11.7261
   -7.5000  -15.0000   45.0000 2672.4946   12.0201
    0.0000  -15.0000   45.0000 2706.9985   11.7358
    7.5000  -15.0000   45.0000 2683.7949   11.8142
   -7.5000   -7.5000   45.0000 2672.1812   12.0626
    0.0000   -7.5000   45.0000 2695.9927   11.8489
    7.5000   -7.5000   45.0000 2678.2595   11.9172
   -7.5000    0.0000   45.0000 2645.6582   12.2302
    0.0000    0.0000   45.0000 2676.4436   12.0526
    7.5000    0.0000   45.0000 2653.9443   12.1236
   -7.5000    7.5000   45.0000 2605.2700   12.5611
    0.0000    7.5000   45.0000 2633.9763   12.3666
    7.5000    7.5000   45.0000 2618.7112   12.4534
   -7.5000   15.0000   45.0000 2540.4065   13.0274
    0.0000   15.0000   45.0000 2568.2139   12.8521
    7.5000   15.0000   45.0000 2554.0769   12.9344
   -7.5000   22.5000   45.0000 2460.7207   13.6349
    0.0000   22.5000   45.0000 2487.8022   13.4648
    7.5000   22.5000   45.0000 2470.0574   13.5265
   -7.5000   30.0000   45.0000 2362.0918   14.4559
    0.0000   30.0000   45.0000 2386.7905   14.2701
    7.5000   30.0000   45.0000 2371.7617   14.3391
   -7.5000   37.5000   45.0000 2256.8079   15.5046
    0.0000   37.5000   45.0000 2276.5825   15.3640
    7.5000   37.5000   45.0000 2260.4712   15.4377
   -7.5000   45.0000   45.0000 2127.3455   16.9418
    0.0000   45.0000   45.0000 2142.3274   16.8110
    7.5000   45.0000   45.0000 2129.4597   16.9072

---------------------------------------------------------------------
imgreg_4dfp /Applications/freesurfer/7.4.1/average/711-2C_as_mni_average_305 /Applications/freesurfer/7.4.1/average/711-2B_as_mni_average_305_mask talsrcimg_g11 none talsrcimg_to_711-2C_as_mni_average_305_t4 1283
---------------------------------------------------------------------

freesurfer imgreg_4dfp.c
/Applications/freesurfer/7.4.1/average/711-2C_as_mni_average_305.4dfp.img
       256       256       256         1
  1.000000  1.000000  1.000000
orientation T byte_order littleendian
Reading image: /Applications/freesurfer/7.4.1/average/711-2C_as_mni_average_305.4dfp.img
dimensions:      256       256       256
mmppix:       1.0000   -1.0000   -1.0000
center:     128.0000 -129.0000 -129.0000
/Applications/freesurfer/7.4.1/average/711-2B_as_mni_average_305_mask.4dfp.img
       256       256       256         1
  1.000000  1.000000  1.000000
orientation T byte_order littleendian
Reading mask: /Applications/freesurfer/7.4.1/average/711-2B_as_mni_average_305_mask.4dfp.img (2306576 pixels)
talsrcimg_g11.4dfp.img
       256       256       256         1
  1.000000  1.000000  1.000000
orientation T byte_order littleendian
Reading image: talsrcimg_g11.4dfp.img
dimensions:      256       256       256
mmppix:       1.0000   -1.0000   -1.0000
center:     128.0000 -129.0000 -129.0000
rotation matrix determinant  1.000000
fimgreg.f
image alignment mode   1283 decimal      503 hex
parameters
    0.0000    0.0000    7.5000    0.0000    0.0000    0.0000
eta,q 0.95070  9.70916
niter,ni,del,rscale     5    3   12.0000    1.2000
parameters
    0.5717    0.2915    6.3782   -1.5111    0.4252    1.6415
eta,q 0.95426  9.67356
  0.0627  0.0576  0.0530  0.0495  0.0541  0.0541
  0.0567  0.0528  0.0495  0.0479  0.0521  0.0507
  0.0513  0.0491  0.0467  0.0466  0.0490  0.0480
  0.0479  0.0473  0.0471  0.0464  0.0464  0.0463
  0.0487  0.0487  0.0502  0.0485  0.0465  0.0458
  0.0531  0.0523  0.0541  0.0517  0.0491  0.0465
  0.0586  0.0554  0.0586  0.0554  0.0537  0.0488
niter,ni,del,rscale     4    3   12.0000    1.2000
parameters
    0.5165    1.0805    5.7318   -2.8865    0.2375    1.7517
eta,q 0.95390  9.69542
  0.0580  0.0574  0.0530  0.0484  0.0521  0.0512
  0.0532  0.0529  0.0496  0.0475  0.0502  0.0487
  0.0482  0.0482  0.0465  0.0463  0.0475  0.0470
  0.0457  0.0457  0.0459  0.0458  0.0461  0.0461
  0.0479  0.0468  0.0482  0.0467  0.0469  0.0466
  0.0528  0.0493  0.0519  0.0502  0.0498  0.0483
  0.0591  0.0529  0.0566  0.0544  0.0539  0.0511
niter,ni,del,rscale     3    3   12.0000    1.2000
parameters
    0.4758    1.8262    5.1836   -4.5090    0.2435    1.7811
eta,q 0.95343  9.70062
  0.0574  0.0561  0.0529  0.0478  0.0520  0.0510
  0.0531  0.0515  0.0494  0.0470  0.0498  0.0486
  0.0486  0.0473  0.0471  0.0466  0.0477  0.0473
  0.0461  0.0461  0.0465  0.0464  0.0466  0.0466
  0.0479  0.0472  0.0480  0.0466  0.0471  0.0469
  0.0525  0.0488  0.0513  0.0495  0.0492  0.0484
  0.0585  0.0519  0.0557  0.0539  0.0525  0.0511
niter,ni,del,rscale     2    3   12.0000    1.2000
parameters
    0.3934    2.8088    4.8003   -6.7661    0.1616    1.7168
eta,q 0.95361  9.72019
  0.0568  0.0549  0.0532  0.0468  0.0518  0.0503
  0.0529  0.0503  0.0494  0.0467  0.0494  0.0480
  0.0490  0.0473  0.0473  0.0464  0.0473  0.0468
  0.0466  0.0466  0.0468  0.0468  0.0464  0.0464
  0.0479  0.0471  0.0477  0.0472  0.0471  0.0467
  0.0524  0.0481  0.0508  0.0486  0.0492  0.0481
  0.0585  0.0503  0.0551  0.0530  0.0525  0.0505
niter,ni,del,rscale     1    3   12.0000    1.2000
parameters
    0.4501    4.0376    4.2091   -9.2726    0.0482    1.1540
eta,q 0.95441  9.73260
  0.0575  0.0537  0.0520  0.0464  0.0521  0.0491
  0.0530  0.0494  0.0486  0.0458  0.0495  0.0471
  0.0491  0.0471  0.0466  0.0456  0.0471  0.0459
  0.0464  0.0464  0.0462  0.0462  0.0456  0.0456
  0.0475  0.0463  0.0477  0.0471  0.0466  0.0464
  0.0521  0.0467  0.0507  0.0481  0.0495  0.0482
  0.0580  0.0492  0.0546  0.0508  0.0531  0.0508
registration optimization eta report
parameter search radius
    6.0000    6.0000    6.0000    6.0000    6.0000    6.0000
100000*second partial in parameter space
       30.       15.       19.        7.       19.       12.
  0.0575  0.0537  0.0520  0.0464  0.0521  0.0491
  0.0530  0.0494  0.0486  0.0458  0.0495  0.0471
  0.0491  0.0471  0.0466  0.0456  0.0471  0.0459
  0.0464  0.0464  0.0462  0.0462  0.0456  0.0456
  0.0475  0.0463  0.0477  0.0471  0.0466  0.0464
  0.0521  0.0467  0.0507  0.0481  0.0495  0.0482
  0.0580  0.0492  0.0546  0.0508  0.0531  0.0508
    0.4501    4.0376    4.2091   -9.2726    0.0482    1.1540
eta,q 0.95441  9.73260

---------------------------------------------------------------------
imgreg_4dfp /Applications/freesurfer/7.4.1/average/711-2C_as_mni_average_305 /Applications/freesurfer/7.4.1/average/711-2B_as_mni_average_305_mask talsrcimg_g11 none talsrcimg_to_711-2C_as_mni_average_305_t4 3335
---------------------------------------------------------------------

freesurfer imgreg_4dfp.c
/Applications/freesurfer/7.4.1/average/711-2C_as_mni_average_305.4dfp.img
       256       256       256         1
  1.000000  1.000000  1.000000
orientation T byte_order littleendian
Reading image: /Applications/freesurfer/7.4.1/average/711-2C_as_mni_average_305.4dfp.img
dimensions:      256       256       256
mmppix:       1.0000   -1.0000   -1.0000
center:     128.0000 -129.0000 -129.0000
/Applications/freesurfer/7.4.1/average/711-2B_as_mni_average_305_mask.4dfp.img
       256       256       256         1
  1.000000  1.000000  1.000000
orientation T byte_order littleendian
Reading mask: /Applications/freesurfer/7.4.1/average/711-2B_as_mni_average_305_mask.4dfp.img (2306576 pixels)
talsrcimg_g11.4dfp.img
       256       256       256         1
  1.000000  1.000000  1.000000
orientation T byte_order littleendian
Reading image: talsrcimg_g11.4dfp.img
dimensions:      256       256       256
mmppix:       1.0000   -1.0000   -1.0000
center:     128.0000 -129.0000 -129.0000
fimgreg.f
image alignment mode   3335 decimal      D07 hex
parameters
    0.4501    4.0376    4.2091   -0.0203   -1.3265   -1.3068
   -1.9742   -0.4075    2.0140   16.1083    0.0841  -16.1132
eta,q 0.95583  9.71767
niter,ni,del,rscale     5    3    5.0000    1.2000
parameter  4  2.881486 ->  0.500000 qaram    1.1500
parameter  5  3.731618 ->  0.500000 qaram    1.1500
parameter  6  0.538278 ->  0.500000 qaram    1.1500
parameters
    0.3401    4.2997    3.6963   -4.1603   -5.4665   -5.4468
   -3.6414    1.1107    2.4676   13.3905   -1.7499  -13.1602
eta,q 0.96609  9.21339
  0.0461  0.0455  0.0447  0.0372  0.0333  0.0352  0.0361  0.0394  0.0366  0.0351  0.0346  0.0359
  0.0450  0.0449  0.0443  0.0391  0.0348  0.0348  0.0351  0.0373  0.0355  0.0343  0.0342  0.0351
  0.0444  0.0444  0.0441  0.0416  0.0370  0.0350  0.0347  0.0356  0.0348  0.0341  0.0341  0.0345
  0.0442  0.0442  0.0441  0.0441  0.0398  0.0354  0.0348  0.0346  0.0345  0.0345  0.0341  0.0341
  0.0444  0.0442  0.0444  0.0469  0.0427  0.0359  0.0355  0.0345  0.0347  0.0353  0.0344  0.0339
  0.0452  0.0445  0.0448  0.0503  0.0455  0.0368  0.0367  0.0352  0.0352  0.0365  0.0348  0.0340
  0.0465  0.0451  0.0454  0.0539  0.0483  0.0383  0.0382  0.0367  0.0361  0.0380  0.0354  0.0343
niter,ni,del,rscale     7    3    5.0000    1.2000
parameter  4  1.281666 ->  0.500000 qaram    1.3225
parameter  5  0.797464 ->  0.500000 qaram    1.3225
parameters
    0.3951    4.7549    3.6884   -8.9213  -10.2275   -3.9095
   -3.3112    1.3001    2.7821   12.8839   -2.7786  -12.8349
eta,q 0.97193  8.94898
  0.0366  0.0370  0.0351  0.0296  0.0284  0.0323  0.0312  0.0322  0.0303  0.0305  0.0289  0.0295
  0.0351  0.0355  0.0344  0.0300  0.0281  0.0305  0.0297  0.0301  0.0292  0.0290  0.0284  0.0287
  0.0343  0.0344  0.0340  0.0314  0.0287  0.0290  0.0286  0.0287  0.0284  0.0282  0.0281  0.0282
  0.0339  0.0339  0.0338  0.0338  0.0303  0.0282  0.0281  0.0281  0.0281  0.0281  0.0281  0.0281
  0.0341  0.0339  0.0340  0.0367  0.0328  0.0283  0.0284  0.0285  0.0283  0.0287  0.0283  0.0282
  0.0350  0.0344  0.0344  0.0398  0.0360  0.0289  0.0293  0.0298  0.0289  0.0297  0.0289  0.0286
  0.0364  0.0353  0.0351  0.0435  0.0393  0.0301  0.0308  0.0318  0.0300  0.0311  0.0295  0.0292
niter,ni,del,rscale     7    3    5.0000    1.2000
parameters
    0.2633    5.4079    4.2053  -12.4977  -12.7054   -3.4213
   -3.3509    0.8423    2.9684   12.9954   -3.0179  -13.0563
eta,q 0.97270  8.70841
  0.0312  0.0320  0.0300  0.0290  0.0295  0.0308  0.0297  0.0308  0.0291  0.0303  0.0283  0.0284
  0.0293  0.0302  0.0289  0.0279  0.0281  0.0291  0.0284  0.0288  0.0281  0.0285  0.0277  0.0277
  0.0283  0.0288  0.0282  0.0274  0.0274  0.0279  0.0276  0.0275  0.0275  0.0275  0.0274  0.0274
  0.0281  0.0281  0.0279  0.0278  0.0274  0.0273  0.0273  0.0273  0.0273  0.0273  0.0273  0.0273
  0.0286  0.0279  0.0278  0.0295  0.0286  0.0277  0.0276  0.0281  0.0275  0.0277  0.0275  0.0275
  0.0299  0.0283  0.0281  0.0324  0.0310  0.0286  0.0284  0.0296  0.0280  0.0285  0.0278  0.0279
  0.0318  0.0293  0.0287  0.0356  0.0343  0.0301  0.0297  0.0315  0.0289  0.0299  0.0284  0.0285
niter,ni,del,rscale     6    3    5.0000    1.2000
parameters
    0.2944    5.7690    4.3310  -12.9187  -13.2752   -3.3762
   -3.3777    0.7643    3.0111   13.1638   -2.9999  -13.1848
eta,q 0.97269  8.66902
  0.0305  0.0303  0.0288  0.0304  0.0306  0.0305  0.0296  0.0312  0.0290  0.0303  0.0283  0.0285
  0.0288  0.0288  0.0280  0.0289  0.0289  0.0289  0.0284  0.0291  0.0280  0.0285  0.0278  0.0278
  0.0277  0.0278  0.0274  0.0278  0.0277  0.0277  0.0276  0.0277  0.0275  0.0275  0.0274  0.0274
  0.0273  0.0273  0.0272  0.0272  0.0273  0.0273  0.0273  0.0273  0.0273  0.0273  0.0273  0.0273
  0.0276  0.0273  0.0274  0.0275  0.0276  0.0278  0.0276  0.0279  0.0275  0.0277  0.0274  0.0275
  0.0287  0.0279  0.0278  0.0289  0.0292  0.0288  0.0284  0.0293  0.0280  0.0286  0.0278  0.0279
  0.0304  0.0289  0.0285  0.0315  0.0319  0.0304  0.0296  0.0312  0.0289  0.0298  0.0283  0.0285
niter,ni,del,rscale     5    3    5.0000    1.2000
parameters
    0.2896    5.8368    4.3157  -12.9262  -13.3517   -3.3753
   -3.3884    0.7479    3.0222   13.2329   -3.0111  -13.2311
eta,q 0.97268  8.66672
  0.0304  0.0297  0.0287  0.0306  0.0309  0.0305  0.0296  0.0312  0.0290  0.0302  0.0283  0.0285
  0.0287  0.0284  0.0279  0.0291  0.0292  0.0288  0.0284  0.0291  0.0281  0.0285  0.0278  0.0278
  0.0277  0.0276  0.0275  0.0280  0.0279  0.0277  0.0276  0.0277  0.0275  0.0275  0.0274  0.0274
  0.0273  0.0273  0.0273  0.0273  0.0273  0.0273  0.0273  0.0273  0.0273  0.0273  0.0273  0.0273
  0.0277  0.0275  0.0275  0.0275  0.0275  0.0278  0.0276  0.0279  0.0275  0.0277  0.0274  0.0275
  0.0287  0.0282  0.0280  0.0286  0.0289  0.0288  0.0284  0.0293  0.0281  0.0286  0.0278  0.0279
  0.0304  0.0294  0.0287  0.0311  0.0314  0.0305  0.0296  0.0311  0.0289  0.0299  0.0283  0.0284
niter,ni,del,rscale     4    3    5.0000    1.2000
parameters
    0.2867    5.8485    4.3088  -12.9275  -13.3605   -3.3791
   -3.3885    0.7444    3.0217   13.2538   -3.0040  -13.2481
eta,q 0.97268  8.66648
  0.0304  0.0296  0.0287  0.0306  0.0309  0.0305  0.0296  0.0312  0.0290  0.0302  0.0283  0.0285
  0.0287  0.0283  0.0279  0.0291  0.0292  0.0288  0.0284  0.0291  0.0281  0.0284  0.0278  0.0278
  0.0277  0.0276  0.0275  0.0280  0.0279  0.0277  0.0276  0.0277  0.0275  0.0275  0.0274  0.0274
  0.0273  0.0273  0.0273  0.0273  0.0273  0.0273  0.0273  0.0273  0.0273  0.0273  0.0273  0.0273
  0.0277  0.0276  0.0275  0.0275  0.0275  0.0278  0.0276  0.0279  0.0275  0.0278  0.0274  0.0275
  0.0287  0.0283  0.0280  0.0286  0.0289  0.0288  0.0284  0.0292  0.0281  0.0286  0.0278  0.0279
  0.0304  0.0295  0.0287  0.0311  0.0313  0.0304  0.0296  0.0311  0.0290  0.0299  0.0283  0.0284
registration optimization eta report
parameter search radius
    2.4000    2.4000    2.4000    9.5220    9.5220    8.2800
    7.2000    7.2000    7.2000    7.2000    7.2000    7.2000
100000*second partial in parameter space
       53.       39.       24.        4.        4.        5.
        4.        7.        3.        5.        2.        2.
  0.0304  0.0296  0.0287  0.0306  0.0309  0.0305  0.0296  0.0312  0.0290  0.0302  0.0283  0.0285
  0.0287  0.0283  0.0279  0.0291  0.0292  0.0288  0.0284  0.0291  0.0281  0.0284  0.0278  0.0278
  0.0277  0.0276  0.0275  0.0280  0.0279  0.0277  0.0276  0.0277  0.0275  0.0275  0.0274  0.0274
  0.0273  0.0273  0.0273  0.0273  0.0273  0.0273  0.0273  0.0273  0.0273  0.0273  0.0273  0.0273
  0.0277  0.0276  0.0275  0.0275  0.0275  0.0278  0.0276  0.0279  0.0275  0.0278  0.0274  0.0275
  0.0287  0.0283  0.0280  0.0286  0.0289  0.0288  0.0284  0.0292  0.0281  0.0286  0.0278  0.0279
  0.0304  0.0295  0.0287  0.0311  0.0313  0.0304  0.0296  0.0311  0.0290  0.0299  0.0283  0.0284
    0.2867    5.8485    4.3088  -12.9275  -13.3605   -3.3791
   -3.3885    0.7444    3.0217   13.2538   -3.0040  -13.2481
eta,q 0.97268  8.66648

---------------------------------------------------------------------
imgreg_4dfp /Applications/freesurfer/7.4.1/average/711-2C_as_mni_average_305 /Applications/freesurfer/7.4.1/average/711-2B_as_mni_average_305_mask talsrcimg_g11 none talsrcimg_to_711-2C_as_mni_average_305_t4 2311
---------------------------------------------------------------------

freesurfer imgreg_4dfp.c
/Applications/freesurfer/7.4.1/average/711-2C_as_mni_average_305.4dfp.img
       256       256       256         1
  1.000000  1.000000  1.000000
orientation T byte_order littleendian
Reading image: /Applications/freesurfer/7.4.1/average/711-2C_as_mni_average_305.4dfp.img
dimensions:      256       256       256
mmppix:       1.0000   -1.0000   -1.0000
center:     128.0000 -129.0000 -129.0000
/Applications/freesurfer/7.4.1/average/711-2B_as_mni_average_305_mask.4dfp.img
       256       256       256         1
  1.000000  1.000000  1.000000
orientation T byte_order littleendian
Reading mask: /Applications/freesurfer/7.4.1/average/711-2B_as_mni_average_305_mask.4dfp.img (2306576 pixels)
talsrcimg_g11.4dfp.img
       256       256       256         1
  1.000000  1.000000  1.000000
orientation T byte_order littleendian
Reading image: talsrcimg_g11.4dfp.img
dimensions:      256       256       256
mmppix:       1.0000   -1.0000   -1.0000
center:     128.0000 -129.0000 -129.0000
fimgreg.f
image alignment mode   2311 decimal      907 hex
parameters
    0.2867    5.8485    4.3088  -12.9275  -13.3605   -3.3791
   -3.3885    0.7444    3.0217   13.2538   -3.0040  -13.2481
eta,q 0.97268  8.66649
niter,ni,del,rscale     5    3    5.0000    0.8000
parameters
    0.2878    5.8490    4.2818  -11.9989  -12.7154   -3.6143
   -3.4426    0.7355    2.9502   12.9860   -3.0852  -13.3424
eta,q 0.97281  8.72829
  0.0287  0.0283  0.0279  0.0285  0.0285  0.0283  0.0283  0.0291  0.0280  0.0283  0.0277  0.0277
  0.0279  0.0278  0.0276  0.0280  0.0279  0.0277  0.0277  0.0280  0.0275  0.0276  0.0274  0.0274
  0.0275  0.0274  0.0274  0.0276  0.0275  0.0273  0.0273  0.0274  0.0273  0.0273  0.0272  0.0272
  0.0273  0.0273  0.0273  0.0273  0.0273  0.0272  0.0272  0.0272  0.0272  0.0272  0.0272  0.0272
  0.0275  0.0274  0.0274  0.0273  0.0272  0.0274  0.0273  0.0275  0.0273  0.0274  0.0273  0.0273
  0.0279  0.0278  0.0276  0.0275  0.0274  0.0279  0.0277  0.0281  0.0276  0.0279  0.0274  0.0274
  0.0287  0.0283  0.0280  0.0279  0.0280  0.0285  0.0284  0.0290  0.0280  0.0285  0.0277  0.0277
niter,ni,del,rscale     4    3    5.0000    0.7000
parameters
    0.2653    5.7719    4.2819  -11.9573  -12.6063   -3.7227
   -3.4329    0.7136    2.9520   12.9096   -3.0642  -13.3365
eta,q 0.97281  8.72892
  0.0283  0.0279  0.0277  0.0280  0.0280  0.0281  0.0281  0.0287  0.0278  0.0281  0.0276  0.0276
  0.0277  0.0275  0.0274  0.0276  0.0276  0.0276  0.0276  0.0278  0.0274  0.0275  0.0274  0.0274
  0.0273  0.0273  0.0273  0.0273  0.0273  0.0273  0.0273  0.0273  0.0272  0.0272  0.0272  0.0272
  0.0272  0.0272  0.0272  0.0272  0.0272  0.0272  0.0272  0.0272  0.0272  0.0272  0.0272  0.0272
  0.0273  0.0273  0.0273  0.0273  0.0272  0.0273  0.0273  0.0274  0.0273  0.0273  0.0272  0.0272
  0.0277  0.0276  0.0274  0.0275  0.0275  0.0277  0.0276  0.0279  0.0275  0.0276  0.0274  0.0274
  0.0283  0.0281  0.0277  0.0280  0.0280  0.0282  0.0281  0.0286  0.0278  0.0281  0.0276  0.0276
niter,ni,del,rscale     3    3    5.0000    0.6000
parameters
    0.2645    5.7570    4.2617  -11.8964  -12.5216   -3.7928
   -3.4469    0.6997    2.9513   12.8490   -3.0677  -13.3273
eta,q 0.97282  8.73182
  0.0280  0.0277  0.0275  0.0278  0.0277  0.0279  0.0278  0.0283  0.0276  0.0279  0.0275  0.0275
  0.0275  0.0274  0.0273  0.0275  0.0275  0.0275  0.0275  0.0276  0.0274  0.0274  0.0273  0.0273
  0.0273  0.0272  0.0272  0.0273  0.0273  0.0273  0.0273  0.0273  0.0272  0.0272  0.0272  0.0272
  0.0272  0.0272  0.0272  0.0272  0.0272  0.0272  0.0272  0.0272  0.0272  0.0272  0.0272  0.0272
  0.0273  0.0272  0.0272  0.0272  0.0272  0.0273  0.0273  0.0273  0.0272  0.0273  0.0272  0.0272
  0.0276  0.0275  0.0274  0.0274  0.0274  0.0276  0.0275  0.0277  0.0274  0.0275  0.0273  0.0273
  0.0280  0.0278  0.0276  0.0278  0.0277  0.0280  0.0278  0.0283  0.0276  0.0279  0.0275  0.0275
niter,ni,del,rscale     2    3    5.0000    0.5000
parameters
    0.2614    5.7497    4.2516  -11.8642  -12.4439   -3.8343
   -3.4451    0.6826    2.9295   12.8080   -3.0428  -13.3489
eta,q 0.97282  8.73461
  0.0278  0.0276  0.0274  0.0276  0.0276  0.0277  0.0276  0.0279  0.0275  0.0276  0.0274  0.0274
  0.0274  0.0274  0.0273  0.0274  0.0274  0.0274  0.0274  0.0275  0.0273  0.0274  0.0273  0.0273
  0.0272  0.0272  0.0272  0.0273  0.0272  0.0272  0.0272  0.0273  0.0272  0.0272  0.0272  0.0272
  0.0272  0.0272  0.0272  0.0272  0.0272  0.0272  0.0272  0.0272  0.0272  0.0272  0.0272  0.0272
  0.0272  0.0272  0.0272  0.0272  0.0272  0.0273  0.0272  0.0273  0.0272  0.0272  0.0272  0.0272
  0.0274  0.0274  0.0273  0.0274  0.0273  0.0275  0.0274  0.0275  0.0273  0.0274  0.0273  0.0273
  0.0278  0.0276  0.0274  0.0276  0.0276  0.0277  0.0276  0.0279  0.0275  0.0276  0.0274  0.0274
niter,ni,del,rscale     1    3    5.0000    0.4000
parameters
    0.2589    5.7375    4.2459  -11.8381  -12.3696   -3.8713
   -3.4596    0.6564    2.9199   12.7664   -3.0239  -13.3454
eta,q 0.97282  8.73707
  0.0275  0.0274  0.0273  0.0275  0.0274  0.0275  0.0275  0.0277  0.0274  0.0275  0.0273  0.0273
  0.0273  0.0273  0.0273  0.0273  0.0273  0.0273  0.0273  0.0274  0.0273  0.0273  0.0272  0.0272
  0.0272  0.0272  0.0272  0.0272  0.0272  0.0272  0.0272  0.0272  0.0272  0.0272  0.0272  0.0272
  0.0272  0.0272  0.0272  0.0272  0.0272  0.0272  0.0272  0.0272  0.0272  0.0272  0.0272  0.0272
  0.0272  0.0272  0.0272  0.0272  0.0272  0.0272  0.0272  0.0272  0.0272  0.0272  0.0272  0.0272
  0.0273  0.0273  0.0273  0.0273  0.0273  0.0274  0.0273  0.0274  0.0273  0.0273  0.0272  0.0272
  0.0275  0.0274  0.0273  0.0275  0.0274  0.0276  0.0275  0.0277  0.0274  0.0275  0.0273  0.0273
registration optimization eta report
parameter search radius
    0.8000    0.8000    0.8000    2.4000    2.4000    2.4000
    2.4000    2.4000    2.4000    2.4000    2.4000    2.4000
100000*second partial in parameter space
       58.       40.       25.        5.        4.        6.
        5.        8.        3.        5.        2.        2.
  0.0275  0.0274  0.0273  0.0275  0.0274  0.0275  0.0275  0.0277  0.0274  0.0275  0.0273  0.0273
  0.0273  0.0273  0.0273  0.0273  0.0273  0.0273  0.0273  0.0274  0.0273  0.0273  0.0272  0.0272
  0.0272  0.0272  0.0272  0.0272  0.0272  0.0272  0.0272  0.0272  0.0272  0.0272  0.0272  0.0272
  0.0272  0.0272  0.0272  0.0272  0.0272  0.0272  0.0272  0.0272  0.0272  0.0272  0.0272  0.0272
  0.0272  0.0272  0.0272  0.0272  0.0272  0.0272  0.0272  0.0272  0.0272  0.0272  0.0272  0.0272
  0.0273  0.0273  0.0273  0.0273  0.0273  0.0274  0.0273  0.0274  0.0273  0.0273  0.0272  0.0272
  0.0275  0.0274  0.0273  0.0275  0.0274  0.0276  0.0275  0.0277  0.0274  0.0275  0.0273  0.0273
    0.2589    5.7375    4.2459  -11.8381  -12.3696   -3.8713
   -3.4596    0.6564    2.9199   12.7664   -3.0239  -13.3454
eta,q 0.97282  8.73707

---------------------------------------------------------------------
imgreg_4dfp /Applications/freesurfer/7.4.1/average/711-2C_as_mni_average_305 /Applications/freesurfer/7.4.1/average/711-2B_as_mni_average_305_mask talsrcimg_g11 none talsrcimg_to_711-2C_as_mni_average_305_t4 2311
---------------------------------------------------------------------

freesurfer imgreg_4dfp.c
/Applications/freesurfer/7.4.1/average/711-2C_as_mni_average_305.4dfp.img
       256       256       256         1
  1.000000  1.000000  1.000000
orientation T byte_order littleendian
Reading image: /Applications/freesurfer/7.4.1/average/711-2C_as_mni_average_305.4dfp.img
dimensions:      256       256       256
mmppix:       1.0000   -1.0000   -1.0000
center:     128.0000 -129.0000 -129.0000
/Applications/freesurfer/7.4.1/average/711-2B_as_mni_average_305_mask.4dfp.img
       256       256       256         1
  1.000000  1.000000  1.000000
orientation T byte_order littleendian
Reading mask: /Applications/freesurfer/7.4.1/average/711-2B_as_mni_average_305_mask.4dfp.img (2306576 pixels)
talsrcimg_g11.4dfp.img
       256       256       256         1
  1.000000  1.000000  1.000000
orientation T byte_order littleendian
Reading image: talsrcimg_g11.4dfp.img
dimensions:      256       256       256
mmppix:       1.0000   -1.0000   -1.0000
center:     128.0000 -129.0000 -129.0000
fimgreg.f
image alignment mode   2311 decimal      907 hex
parameters
    0.2589    5.7375    4.2459  -11.8381  -12.3696   -3.8713
   -3.4596    0.6564    2.9199   12.7664   -3.0239  -13.3454
eta,q 0.97282  8.73707
niter,ni,del,rscale     5    3    5.0000    0.8000
parameters
    0.2610    5.7273    4.2553  -12.0382  -12.6158   -3.7346
   -3.4255    0.7254    2.9675   12.9580   -3.0614  -13.3334
eta,q 0.97281  8.72426
  0.0286  0.0282  0.0278  0.0281  0.0281  0.0285  0.0283  0.0292  0.0280  0.0286  0.0277  0.0277
  0.0278  0.0276  0.0275  0.0277  0.0276  0.0278  0.0277  0.0281  0.0275  0.0278  0.0274  0.0274
  0.0273  0.0273  0.0273  0.0273  0.0273  0.0274  0.0273  0.0274  0.0273  0.0273  0.0272  0.0272
  0.0272  0.0272  0.0272  0.0272  0.0272  0.0272  0.0272  0.0272  0.0272  0.0272  0.0272  0.0272
  0.0273  0.0273  0.0273  0.0273  0.0273  0.0273  0.0273  0.0274  0.0273  0.0273  0.0273  0.0273
  0.0278  0.0276  0.0275  0.0277  0.0276  0.0278  0.0277  0.0280  0.0275  0.0277  0.0274  0.0274
  0.0286  0.0282  0.0278  0.0284  0.0284  0.0284  0.0283  0.0290  0.0279  0.0283  0.0277  0.0277
niter,ni,del,rscale     4    3    5.0000    0.7000
parameters
    0.2688    5.7615    4.2657  -11.9614  -12.5827   -3.7439
   -3.4376    0.7167    2.9491   12.9062   -3.0581  -13.3352
eta,q 0.97281  8.72871
  0.0283  0.0280  0.0277  0.0280  0.0279  0.0282  0.0281  0.0287  0.0278  0.0281  0.0276  0.0276
  0.0277  0.0276  0.0274  0.0276  0.0275  0.0276  0.0276  0.0278  0.0274  0.0275  0.0274  0.0274
  0.0273  0.0273  0.0272  0.0273  0.0273  0.0273  0.0273  0.0273  0.0272  0.0272  0.0272  0.0272
  0.0272  0.0272  0.0272  0.0272  0.0272  0.0272  0.0272  0.0272  0.0272  0.0272  0.0272  0.0272
  0.0273  0.0273  0.0272  0.0273  0.0272  0.0273  0.0273  0.0274  0.0273  0.0273  0.0272  0.0272
  0.0277  0.0275  0.0274  0.0275  0.0275  0.0277  0.0276  0.0279  0.0275  0.0276  0.0274  0.0274
  0.0283  0.0279  0.0277  0.0280  0.0280  0.0282  0.0281  0.0286  0.0278  0.0281  0.0276  0.0276
niter,ni,del,rscale     3    3    5.0000    0.6000
parameters
    0.2665    5.7548    4.2629  -11.8994  -12.5110   -3.7929
   -3.4449    0.6999    2.9420   12.8502   -3.0564  -13.3305
eta,q 0.97282  8.73211
  0.0280  0.0278  0.0275  0.0278  0.0277  0.0279  0.0278  0.0283  0.0276  0.0279  0.0275  0.0275
  0.0275  0.0274  0.0273  0.0275  0.0274  0.0275  0.0275  0.0276  0.0274  0.0274  0.0273  0.0273
  0.0273  0.0272  0.0272  0.0273  0.0273  0.0273  0.0273  0.0273  0.0272  0.0272  0.0272  0.0272
  0.0272  0.0272  0.0272  0.0272  0.0272  0.0272  0.0272  0.0272  0.0272  0.0272  0.0272  0.0272
  0.0273  0.0272  0.0272  0.0272  0.0272  0.0273  0.0273  0.0273  0.0272  0.0273  0.0272  0.0272
  0.0275  0.0274  0.0273  0.0274  0.0274  0.0276  0.0275  0.0277  0.0274  0.0275  0.0273  0.0273
  0.0280  0.0278  0.0275  0.0278  0.0277  0.0280  0.0278  0.0283  0.0276  0.0279  0.0275  0.0275
niter,ni,del,rscale     2    3    5.0000    0.5000
parameters
    0.2601    5.7482    4.2483  -11.8595  -12.4452   -3.8394
   -3.4520    0.6794    2.9285   12.8081   -3.0426  -13.3432
eta,q 0.97282  8.73452
  0.0277  0.0276  0.0274  0.0276  0.0276  0.0277  0.0276  0.0279  0.0275  0.0276  0.0274  0.0274
  0.0274  0.0274  0.0273  0.0274  0.0274  0.0274  0.0274  0.0275  0.0273  0.0274  0.0273  0.0273
  0.0272  0.0272  0.0272  0.0273  0.0272  0.0272  0.0272  0.0273  0.0272  0.0272  0.0272  0.0272
  0.0272  0.0272  0.0272  0.0272  0.0272  0.0272  0.0272  0.0272  0.0272  0.0272  0.0272  0.0272
  0.0272  0.0272  0.0272  0.0272  0.0272  0.0273  0.0272  0.0273  0.0272  0.0272  0.0272  0.0272
  0.0274  0.0274  0.0273  0.0274  0.0273  0.0275  0.0274  0.0275  0.0273  0.0274  0.0273  0.0273
  0.0278  0.0276  0.0274  0.0276  0.0276  0.0277  0.0276  0.0279  0.0275  0.0277  0.0274  0.0274
niter,ni,del,rscale     1    3    5.0000    0.4000
parameters
    0.2564    5.7394    4.2432  -11.8279  -12.3688   -3.8755
   -3.4558    0.6600    2.9175   12.7683   -3.0104  -13.3441
eta,q 0.97282  8.73744
  0.0275  0.0274  0.0273  0.0275  0.0274  0.0275  0.0275  0.0277  0.0274  0.0275  0.0273  0.0273
  0.0273  0.0273  0.0273  0.0273  0.0273  0.0273  0.0273  0.0274  0.0273  0.0273  0.0272  0.0272
  0.0272  0.0272  0.0272  0.0272  0.0272  0.0272  0.0272  0.0272  0.0272  0.0272  0.0272  0.0272
  0.0272  0.0272  0.0272  0.0272  0.0272  0.0272  0.0272  0.0272  0.0272  0.0272  0.0272  0.0272
  0.0272  0.0272  0.0272  0.0272  0.0272  0.0272  0.0272  0.0272  0.0272  0.0272  0.0272  0.0272
  0.0273  0.0273  0.0273  0.0273  0.0273  0.0274  0.0273  0.0274  0.0273  0.0273  0.0272  0.0272
  0.0275  0.0274  0.0273  0.0275  0.0274  0.0276  0.0275  0.0277  0.0274  0.0275  0.0273  0.0273
registration optimization eta report
parameter search radius
    0.8000    0.8000    0.8000    2.4000    2.4000    2.4000
    2.4000    2.4000    2.4000    2.4000    2.4000    2.4000
100000*second partial in parameter space
       57.       40.       25.        5.        4.        6.
        5.        9.        3.        5.        2.        2.
  0.0275  0.0274  0.0273  0.0275  0.0274  0.0275  0.0275  0.0277  0.0274  0.0275  0.0273  0.0273
  0.0273  0.0273  0.0273  0.0273  0.0273  0.0273  0.0273  0.0274  0.0273  0.0273  0.0272  0.0272
  0.0272  0.0272  0.0272  0.0272  0.0272  0.0272  0.0272  0.0272  0.0272  0.0272  0.0272  0.0272
  0.0272  0.0272  0.0272  0.0272  0.0272  0.0272  0.0272  0.0272  0.0272  0.0272  0.0272  0.0272
  0.0272  0.0272  0.0272  0.0272  0.0272  0.0272  0.0272  0.0272  0.0272  0.0272  0.0272  0.0272
  0.0273  0.0273  0.0273  0.0273  0.0273  0.0274  0.0273  0.0274  0.0273  0.0273  0.0272  0.0272
  0.0275  0.0274  0.0273  0.0275  0.0274  0.0276  0.0275  0.0277  0.0274  0.0275  0.0273  0.0273
    0.2564    5.7394    4.2432  -11.8279  -12.3688   -3.8755
   -3.4558    0.6600    2.9175   12.7683   -3.0104  -13.3441
eta,q 0.97282  8.73744

---------------------------------------------------------------------
compute_vox2vox talsrcimg talsrcimg_to_711-2C_as_mni_average_305_t4 /Applications/freesurfer/7.4.1/average/711-2C_as_mni_average_305
---------------------------------------------------------------------

freesurfer compute_vox2vox.c
Reading: talsrcimg.4dfp.ifh
Reading: talsrcimg_to_711-2C_as_mni_average_305_t4
Reading: /Applications/freesurfer/7.4.1/average/711-2C_as_mni_average_305.4dfp.ifh
Writing: talsrcimg_to_711-2C_as_mni_average_305_t4_vox2vox.txt

start time Sat May 18 09:55:23 EDT 2024
end		time Sat May 18 09:55:48 EDT 2024

mpr2mni305 success

avi2talxfm orig_nu.mgz /Applications/freesurfer/7.4.1/average/mni305.cor.mgz talsrcimg_to_711-2C_as_mni_average_305_t4_vox2vox.txt transforms/talairach.auto.xfm
avi2talxfm done
mv -f /Users/suhanasaigoli/Desktop/Projects/SURF/iNPH/subjectX/mri/talsrcimg_to_711-2C_as_mni_average_305_t4_vox2vox.txt /Users/suhanasaigoli/Desktop/Projects/SURF/iNPH/subjectX/mri/transforms/talsrcimg_to_711-2C_as_mni_average_305_t4_vox2vox.txt
lta_convert --src orig_nu.mgz --trg /Applications/freesurfer/7.4.1/average/mni305.cor.mgz --inxfm transforms/talairach.auto.xfm --outlta transforms/talairach.auto.xfm.lta --subject fsaverage
7.4.1

--src: orig_nu.mgz src image (geometry).
--trg: /Applications/freesurfer/7.4.1/average/mni305.cor.mgz trg image (geometry).
--inmni: transforms/talairach.auto.xfm input MNI/XFM transform.
--outlta: transforms/talairach.auto.xfm.lta output LTA.
--s: fsaverage subject name
 LTA read, type : 1
 1.13228  -0.01343   0.04261  -6.36352;
 0.02963   1.01934   0.15639  -23.71920;
-0.04201  -0.14808   1.11694  -3.02733;
 0.00000   0.00000   0.00000   1.00000;
setting subject to fsaverage
Writing  LTA to file transforms/talairach.auto.xfm.lta...
lta_convert successful.
 
 
Started at Sat May 18 09:55:21 EDT 2024
Ended   at Sat May 18 09:55:48 EDT 2024
talairach_avi done
