/Users/suhanasaigoli/Desktop/Projects/SURF/iNPH/FastSurfer/OAS1_0001/mri
/Applications/freesurfer/7.4.1/bin/talairach_avi
--i /Users/suhanasaigoli/Desktop/Projects/SURF/iNPH/FastSurfer/OAS1_0001/mri/orig_nu.mgz --xfm /Users/suhanasaigoli/Desktop/Projects/SURF/iNPH/FastSurfer/OAS1_0001/mri/transforms/talairach.auto.xfm --atlas 3T18yoSchwartzReactN32_as_orig
FreeSurferEnv.csh 7.4.1
Darwin suhans-mbp-2.wireless-1x.unc.edu 23.5.0 Darwin Kernel Version 23.5.0: Wed May  1 20:09:52 PDT 2024; root:xnu-10063.121.3~5/RELEASE_X86_64 x86_64
Mon Jun 17 13:43:24 EDT 2024
mri_convert /Users/suhanasaigoli/Desktop/Projects/SURF/iNPH/FastSurfer/OAS1_0001/mri/orig_nu.mgz talsrcimg.img 
reading from /Users/suhanasaigoli/Desktop/Projects/SURF/iNPH/FastSurfer/OAS1_0001/mri/orig_nu.mgz...
TR=0.00, TE=0.00, TI=0.00, flip angle=0.00
i_ras = (-1, -0, 0)
j_ras = (-0, 0, -1)
k_ras = (-0, 1, 0)
writing to talsrcimg.img...
Analyze Output Matrix
-1.00000  -0.00000  -0.00000   129.00000;
-0.00000   0.00000   1.00000  -129.00000;
 0.00000  -1.00000   0.00000   129.00000;
 0.00000   0.00000   0.00000   1.00000;
--------------------
INFO: set hdr.hist.orient to -1
mpr2mni305 talsrcimg
Mon Jun 17 13:43:25 EDT 2024
/Applications/freesurfer/7.4.1/bin/mpr2mni305 talsrcimg
mpr2mni305 7.4.1
target=3T18yoSchwartzReactN32_as_orig

---------------------------------------------------------------------
analyzeto4dfp talsrcimg -O0 -y
---------------------------------------------------------------------

freesurfer ifh2hdr.c
Mon Jun 17 13:43:25 2024
Writing: talsrcimg.4dfp.hdr
freesurfer analyzeto4dfp.c
Reading: talsrcimg.hdr
header size 348 bytes
hdr.dime.datatype	offset=70	value=2
hdr.dime.bitpix		offset=72	value=8
hdr.hist.orient		offset=252	value=-1
dimensionality     4
dimensions       256       256       256         1
Reading: talsrcimg.img
Writing: talsrcimg.4dfp.img
Writing: talsrcimg.4dfp.ifh
ifh2hdr talsrcimg -r2to255
ori=2

---------------------------------------------------------------------
gauss_4dfp talsrcimg 1.1
---------------------------------------------------------------------

freesurfer gauss_4dfp.c
Reading: talsrcimg.4dfp.img
Writing: talsrcimg_g11.4dfp.img
image dimensions 256 256 256 padded to 288 288 288
processing volume 1freesurfer ifh2hdr.c
Mon Jun 17 13:43:29 2024
Writing: talsrcimg_g11.4dfp.hdr

Writing: talsrcimg_g11.4dfp.ifh
including: talsrcimg.4dfp.img.rec in talsrcimg_g11.4dfp.img.rec

---------------------------------------------------------------------
imgreg_4dfp /Applications/freesurfer/7.4.1/average/3T18yoSchwartzReactN32_as_orig none talsrcimg_g11 none talsrcimg_to_3T18yoSchwartzReactN32_as_orig_t4 4355
---------------------------------------------------------------------

freesurfer imgreg_4dfp.c
/Applications/freesurfer/7.4.1/average/3T18yoSchwartzReactN32_as_orig.4dfp.img
       256       256       256         1
  1.000000  1.000000  1.000000
orientation T byte_order littleendian
Reading image: /Applications/freesurfer/7.4.1/average/3T18yoSchwartzReactN32_as_orig.4dfp.img
dimensions:      256       256       256
mmppix:       1.0000   -1.0000   -1.0000
center:     128.0000 -129.0000 -129.0000
talsrcimg_g11.4dfp.img
       256       256       256         1
  1.000000  1.000000  1.000000
orientation T byte_order littleendian
Reading image: talsrcimg_g11.4dfp.img
dimensions:      256       256       256
mmppix:       1.0000   -1.0000   -1.0000
center:     128.0000 -129.0000 -129.0000
t4_read: open error in t4_sub.f l:  46 t4_file(1:l)talsrcimg_to_3T18yoSchwartzReactN32_as_orig_t4 
t4_read: transform initialized to I4
rotation matrix determinant  1.000000
image alignment mode   4355 decimal     1103 hex
   -7.5000  -45.0000  -45.0000 8192.6338   11.6092
    0.0000  -45.0000  -45.0000 8546.3037   11.5970
    7.5000  -45.0000  -45.0000 8158.7969   11.6359
   -7.5000  -37.5000  -45.0000 8634.1738   11.5800
    0.0000  -37.5000  -45.0000 9005.4648   11.5667
    7.5000  -37.5000  -45.0000 8594.4570   11.6102
   -7.5000  -30.0000  -45.0000 9216.4502   12.0559
    0.0000  -30.0000  -45.0000 9605.4512   12.0396
    7.5000  -30.0000  -45.0000 9176.7598   12.0932
   -7.5000  -22.5000  -45.0000 9788.8008   12.5011
    0.0000  -22.5000  -45.000010207.1582   12.4833
    7.5000  -22.5000  -45.0000 9731.8662   12.5424
   -7.5000  -15.0000  -45.000010303.9658   12.9368
    0.0000  -15.0000  -45.000010753.4092   12.9177
    7.5000  -15.0000  -45.000010226.6992   12.9769
   -7.5000   -7.5000  -45.000010837.8281   13.3690
    0.0000   -7.5000  -45.000011294.3174   13.3471
    7.5000   -7.5000  -45.000010732.0488   13.4028
   -7.5000    0.0000  -45.000011244.2920   13.7855
    0.0000    0.0000  -45.000011740.1211   13.7608
    7.5000    0.0000  -45.000011138.6650   13.8159
   -7.5000    7.5000  -45.000010988.8711   13.7988
    0.0000    7.5000  -45.000011460.1152   13.7747
    7.5000    7.5000  -45.000010904.8594   13.8337
   -7.5000   15.0000  -45.000010612.2666   13.8010
    0.0000   15.0000  -45.000011036.8691   13.7781
    7.5000   15.0000  -45.000010551.3740   13.8430
   -7.5000   22.5000  -45.000010159.1982   13.7963
    0.0000   22.5000  -45.000010550.5938   13.7767
    7.5000   22.5000  -45.000010104.9688   13.8419
   -7.5000   30.0000  -45.0000 9602.9355   13.8144
    0.0000   30.0000  -45.0000 9962.8135   13.7979
    7.5000   30.0000  -45.0000 9561.9346   13.8578
   -7.5000   37.5000  -45.0000 9374.7959   13.9384
    0.0000   37.5000  -45.0000 9710.5713   13.9215
    7.5000   37.5000  -45.0000 9319.6787   13.9738
   -7.5000   45.0000  -45.0000 8739.8799   14.0445
    0.0000   45.0000  -45.0000 9048.8301   14.0285
    7.5000   45.0000  -45.0000 8660.6436   14.0776
   -7.5000  -45.0000  -37.5000 8771.6963   11.5870
    0.0000  -45.0000  -37.5000 9171.2891   11.5695
    7.5000  -45.0000  -37.5000 8729.7480   11.6072
   -7.5000  -37.5000  -37.5000 9251.4717   11.5626
    0.0000  -37.5000  -37.5000 9686.0303   11.5427
    7.5000  -37.5000  -37.5000 9218.8789   11.5849
   -7.5000  -30.0000  -37.5000 9879.3379   12.0469
    0.0000  -30.0000  -37.500010347.8047   12.0234
    7.5000  -30.0000  -37.5000 9836.8145   12.0740
   -7.5000  -22.5000  -37.500010496.9590   12.4957
    0.0000  -22.5000  -37.500011002.8594   12.4720
    7.5000  -22.5000  -37.500010434.1641   12.5264
   -7.5000  -15.0000  -37.500011050.8525   12.9271
    0.0000  -15.0000  -37.500011605.3730   12.9036
    7.5000  -15.0000  -37.500010970.8730   12.9577
   -7.5000   -7.5000  -37.500011625.7217   13.3495
    0.0000   -7.5000  -37.500012173.8828   13.3232
    7.5000   -7.5000  -37.500011506.8525   13.3754
   -7.5000    0.0000  -37.500012091.9453   13.7599
    0.0000    0.0000  -37.500012678.6836   13.7292
    7.5000    0.0000  -37.500011960.6611   13.7828
   -7.5000    7.5000  -37.500011820.0605   13.7786
    0.0000    7.5000  -37.500012359.6797   13.7468
    7.5000    7.5000  -37.500011703.4854   13.8041
   -7.5000   15.0000  -37.500011404.9932   13.7908
    0.0000   15.0000  -37.500011926.5420   13.7598
    7.5000   15.0000  -37.500011316.4541   13.8213
   -7.5000   22.5000  -37.500010923.7119   13.7904
    0.0000   22.5000  -37.500011401.5830   13.7643
    7.5000   22.5000  -37.500010826.5752   13.8242
   -7.5000   30.0000  -37.500010340.6172   13.8039
    0.0000   30.0000  -37.500010738.5605   13.7826
    7.5000   30.0000  -37.500010253.1953   13.8368
   -7.5000   37.5000  -37.500010081.6377   13.9156
    0.0000   37.5000  -37.500010445.6064   13.8942
    7.5000   37.5000  -37.5000 9989.6631   13.9426
   -7.5000   45.0000  -37.5000 9387.5293   14.0139
    0.0000   45.0000  -37.5000 9737.7549   13.9918
    7.5000   45.0000  -37.5000 9296.4482   14.0396
   -7.5000  -45.0000  -30.0000 9575.9805   11.9598
    0.0000  -45.0000  -30.0000 9989.6641   11.9348
    7.5000  -45.0000  -30.0000 9509.2100   11.9762
   -7.5000  -37.5000  -30.000010100.4824   11.9322
    0.0000  -37.5000  -30.000010548.5166   11.9047
    7.5000  -37.5000  -30.000010037.4971   11.9505
   -7.5000  -30.0000  -30.000010776.0332   12.4436
    0.0000  -30.0000  -30.000011264.3467   12.4116
    7.5000  -30.0000  -30.000010700.0371   12.4651
   -7.5000  -22.5000  -30.000011448.7676   12.9215
    0.0000  -22.5000  -30.000011985.2324   12.8878
    7.5000  -22.5000  -30.000011352.5859   12.9443
   -7.5000  -15.0000  -30.000012076.2451   13.3804
    0.0000  -15.0000  -30.000012663.1963   13.3463
    7.5000  -15.0000  -30.000011939.0605   13.4025
   -7.5000   -7.5000  -30.000012671.5098   13.8252
    0.0000   -7.5000  -30.000013279.8818   13.7889
    7.5000   -7.5000  -30.000012528.3008   13.8447
   -7.5000    0.0000  -30.000013143.7764   14.2579
    0.0000    0.0000  -30.000013787.8428   14.2176
    7.5000    0.0000  -30.000012999.0391   14.2763
   -7.5000    7.5000  -30.000012835.5508   14.2767
    0.0000    7.5000  -30.000013439.8994   14.2353
    7.5000    7.5000  -30.000012717.3896   14.2976
   -7.5000   15.0000  -30.000012399.6289   14.2945
    0.0000   15.0000  -30.000012983.1562   14.2534
    7.5000   15.0000  -30.000012272.3076   14.3186
   -7.5000   22.5000  -30.000011898.5166   14.3019
    0.0000   22.5000  -30.000012439.5693   14.2647
    7.5000   22.5000  -30.000011770.1426   14.3272
   -7.5000   30.0000  -30.000011266.1631   14.3223
    0.0000   30.0000  -30.000011743.0000   14.2898
    7.5000   30.0000  -30.000011151.3330   14.3461
   -7.5000   37.5000  -30.000010985.3955   14.4337
    0.0000   37.5000  -30.000011428.4053   14.4021
    7.5000   37.5000  -30.000010878.0801   14.4537
   -7.5000   45.0000  -30.000010240.4629   14.5330
    0.0000   45.0000  -30.000010642.8828   14.5015
    7.5000   45.0000  -30.000010122.1016   14.5538
   -7.5000  -45.0000  -22.500010415.9961   12.2483
    0.0000  -45.0000  -22.500010856.2217   12.2213
    7.5000  -45.0000  -22.500010339.8486   12.2673
   -7.5000  -37.5000  -22.500010995.6738   12.2113
    0.0000  -37.5000  -22.500011474.7852   12.1840
    7.5000  -37.5000  -22.500010913.6289   12.2344
   -7.5000  -30.0000  -22.500011731.0586   12.7314
    0.0000  -30.0000  -22.500012236.6924   12.6992
    7.5000  -30.0000  -22.500011636.0059   12.7584
   -7.5000  -22.5000  -22.500012457.7871   13.2270
    0.0000  -22.5000  -22.500013018.2812   13.1899
    7.5000  -22.5000  -22.500012341.1240   13.2533
   -7.5000  -15.0000  -22.500013129.0723   13.7121
    0.0000  -15.0000  -22.500013725.3701   13.6715
    7.5000  -15.0000  -22.500012983.5439   13.7353
   -7.5000   -7.5000  -22.500013750.3105   14.1859
    0.0000   -7.5000  -22.500014400.3135   14.1437
    7.5000   -7.5000  -22.500013596.9453   14.2066
   -7.5000    0.0000  -22.500014297.5283   14.6422
    0.0000    0.0000  -22.500014990.3438   14.5989
    7.5000    0.0000  -22.500014139.7500   14.6637
   -7.5000    7.5000  -22.500013973.6553   14.6535
    0.0000    7.5000  -22.500014627.7852   14.6117
    7.5000    7.5000  -22.500013819.9453   14.6801
   -7.5000   15.0000  -22.500013485.3525   14.6646
    0.0000   15.0000  -22.500014140.5947   14.6230
    7.5000   15.0000  -22.500013335.7021   14.6951
   -7.5000   22.5000  -22.500012923.9160   14.6751
    0.0000   22.5000  -22.500013516.1230   14.6339
    7.5000   22.5000  -22.500012781.0518   14.7042
   -7.5000   30.0000  -22.500012250.0293   14.7079
    0.0000   30.0000  -22.500012806.3828   14.6685
    7.5000   30.0000  -22.500012119.0459   14.7330
   -7.5000   37.5000  -22.500011988.6318   14.8322
    0.0000   37.5000  -22.500012507.3740   14.7946
    7.5000   37.5000  -22.500011864.2549   14.8531
   -7.5000   45.0000  -22.500011184.2246   14.9382
    0.0000   45.0000  -22.500011648.9990   14.9040
    7.5000   45.0000  -22.500011060.4189   14.9614
   -7.5000  -45.0000  -15.000011277.1309   12.4221
    0.0000  -45.0000  -15.000011731.8242   12.3981
    7.5000  -45.0000  -15.000011166.2520   12.4471
   -7.5000  -37.5000  -15.000011895.3828   12.3788
    0.0000  -37.5000  -15.000012398.8477   12.3562
    7.5000  -37.5000  -15.000011793.9541   12.4096
   -7.5000  -30.0000  -15.000012716.1738   12.8972
    0.0000  -30.0000  -15.000013252.8379   12.8699
    7.5000  -30.0000  -15.000012598.3340   12.9343
   -7.5000  -22.5000  -15.000013476.4219   13.3983
    0.0000  -22.5000  -15.000014066.6992   13.3641
    7.5000  -22.5000  -15.000013351.1143   13.4348
   -7.5000  -15.0000  -15.000014186.5967   13.8988
    0.0000  -15.0000  -15.000014817.7451   13.8589
    7.5000  -15.0000  -15.000014048.6357   13.9308
   -7.5000   -7.5000  -15.000014877.2734   14.3965
    0.0000   -7.5000  -15.000015593.6709   14.3551
    7.5000   -7.5000  -15.000014730.3232   14.4243
   -7.5000    0.0000  -15.000015519.9600   14.8742
    0.0000    0.0000  -15.000016282.0664   14.8338
    7.5000    0.0000  -15.000015350.6992   14.9026
   -7.5000    7.5000  -15.000015155.1025   14.8807
    0.0000    7.5000  -15.000015889.3926   14.8440
    7.5000    7.5000  -15.000014998.4834   14.9164
   -7.5000   15.0000  -15.000014621.9678   14.8834
    0.0000   15.0000  -15.000015317.4531   14.8470
    7.5000   15.0000  -15.000014498.5391   14.9254
   -7.5000   22.5000  -15.000014014.9346   14.8918
    0.0000   22.5000  -15.000014685.2295   14.8538
    7.5000   22.5000  -15.000013899.7275   14.9325
   -7.5000   30.0000  -15.000013289.2197   14.9325
    0.0000   30.0000  -15.000013912.5938   14.8942
    7.5000   30.0000  -15.000013178.5947   14.9675
   -7.5000   37.5000  -15.000013055.8311   15.0719
    0.0000   37.5000  -15.000013662.4365   15.0353
    7.5000   37.5000  -15.000012930.0508   15.1003
   -7.5000   45.0000  -15.000012186.7539   15.1886
    0.0000   45.0000  -15.000012742.9326   15.1577
    7.5000   45.0000  -15.000012076.1582   15.2185
   -7.5000  -45.0000   -7.500012098.1602   12.4769
    0.0000  -45.0000   -7.500012589.0566   12.4562
    7.5000  -45.0000   -7.500011983.3496   12.5061
   -7.5000  -37.5000   -7.500012766.6514   12.4365
    0.0000  -37.5000   -7.500013316.0771   12.4163
    7.5000  -37.5000   -7.500012681.4902   12.4709
   -7.5000  -30.0000   -7.500013648.1982   12.9571
    0.0000  -30.0000   -7.500014266.0498   12.9328
    7.5000  -30.0000   -7.500013555.6025   12.9993
   -7.5000  -22.5000   -7.500014514.7607   13.4582
    0.0000  -22.5000   -7.500015173.4209   13.4287
    7.5000  -22.5000   -7.500014404.5645   13.5025
   -7.5000  -15.0000   -7.500015284.1221   13.9605
    0.0000  -15.0000   -7.500015980.2734   13.9264
    7.5000  -15.0000   -7.500015163.6982   14.0016
   -7.5000   -7.5000   -7.500016030.6982   14.4664
    0.0000   -7.5000   -7.500016843.2246   14.4299
    7.5000   -7.5000   -7.500015894.7461   14.5013
   -7.5000    0.0000   -7.500016730.5039   14.9590
    0.0000    0.0000   -7.500017572.1113   14.9219
    7.5000    0.0000   -7.500016568.6738   14.9923
   -7.5000    7.5000   -7.500016308.1787   14.9707
    0.0000    7.5000   -7.500017102.8066   14.9365
    7.5000    7.5000   -7.500016192.5742   15.0107
   -7.5000   15.0000   -7.500015751.3252   14.9745
    0.0000   15.0000   -7.500016475.1523   14.9413
    7.5000   15.0000   -7.500015684.0547   15.0224
   -7.5000   22.5000   -7.500015129.1533   14.9799
    0.0000   22.5000   -7.500015850.8330   14.9471
    7.5000   22.5000   -7.500015075.2676   15.0293
   -7.5000   30.0000   -7.500014389.6963   15.0180
    0.0000   30.0000   -7.500015085.4141   14.9862
    7.5000   30.0000   -7.500014293.5938   15.0630
   -7.5000   37.5000   -7.500014150.3418   15.1614
    0.0000   37.5000   -7.500014817.0068   15.1302
    7.5000   37.5000   -7.500014041.7383   15.1979
   -7.5000   45.0000   -7.500013244.3125   15.2866
    0.0000   45.0000   -7.500013855.8477   15.2595
    7.5000   45.0000   -7.500013109.8994   15.3221
   -7.5000  -45.0000    0.000012762.2754   12.4903
    0.0000  -45.0000    0.000013257.1475   12.4679
    7.5000  -45.0000    0.000012659.3438   12.5178
   -7.5000  -37.5000    0.000013489.0664   12.4570
    0.0000  -37.5000    0.000014036.9893   12.4334
    7.5000  -37.5000    0.000013386.1309   12.4882
   -7.5000  -30.0000    0.000014446.8887   12.9873
    0.0000  -30.0000    0.000015070.4648   12.9598
    7.5000  -30.0000    0.000014347.1367   13.0258
   -7.5000  -22.5000    0.000015423.8105   13.4909
    0.0000  -22.5000    0.000016108.1201   13.4611
    7.5000  -22.5000    0.000015322.6035   13.5336
   -7.5000  -15.0000    0.000016289.5352   13.9903
    0.0000  -15.0000    0.000016991.7539   13.9583
    7.5000  -15.0000    0.000016192.9238   14.0318
   -7.5000   -7.5000    0.000017011.0176   14.4953
    0.0000   -7.5000    0.000017713.2422   14.4595
    7.5000   -7.5000    0.000016894.0195   14.5302
   -7.5000    0.0000    0.000017712.6855   14.9965
    0.0000    0.0000    0.000018488.5352   14.9571
    7.5000    0.0000    0.000017572.0352   15.0279
   -7.5000    7.5000    0.000017354.2188   15.0196
    0.0000    7.5000    0.000018128.2539   14.9809
    7.5000    7.5000    0.000017244.5312   15.0558
   -7.5000   15.0000    0.000016844.2715   15.0351
    0.0000   15.0000    0.000017556.6328   14.9980
    7.5000   15.0000    0.000016722.7305   15.0788
   -7.5000   22.5000    0.000016202.7471   15.0413
    0.0000   22.5000    0.000016941.4609   15.0081
    7.5000   22.5000    0.000016086.4219   15.0890
   -7.5000   30.0000    0.000015462.6377   15.0726
    0.0000   30.0000    0.000016181.0596   15.0431
    7.5000   30.0000    0.000015296.5850   15.1180
   -7.5000   37.5000    0.000015202.8047   15.2088
    0.0000   37.5000    0.000015943.4590   15.1787
    7.5000   37.5000    0.000015008.8584   15.2458
   -7.5000   45.0000    0.000014187.1465   15.3353
    0.0000   45.0000    0.000014883.4590   15.3062
    7.5000   45.0000    0.000013992.4648   15.3698
   -7.5000  -45.0000    7.500012451.7529   12.5112
    0.0000  -45.0000    7.500012928.0840   12.4850
    7.5000  -45.0000    7.500012390.6064   12.5323
   -7.5000  -37.5000    7.500013146.8223   12.4833
    0.0000  -37.5000    7.500013633.8594   12.4544
    7.5000  -37.5000    7.500013068.3203   12.5065
   -7.5000  -30.0000    7.500014080.0703   13.0285
    0.0000  -30.0000    7.500014589.9482   12.9953
    7.5000  -30.0000    7.500013995.9697   13.0569
   -7.5000  -22.5000    7.500015044.3916   13.5420
    0.0000  -22.5000    7.500015610.7969   13.5080
    7.5000  -22.5000    7.500014963.6768   13.5741
   -7.5000  -15.0000    7.500016012.7822   14.0431
    0.0000  -15.0000    7.500016539.0879   14.0085
    7.5000  -15.0000    7.500015917.3711   14.0751
   -7.5000   -7.5000    7.500016795.1328   14.5443
    0.0000   -7.5000    7.500017271.6426   14.5061
    7.5000   -7.5000    7.500016648.3457   14.5714
   -7.5000    0.0000    7.500017532.7246   15.0452
    0.0000    0.0000    7.500018086.9316   15.0016
    7.5000    0.0000    7.500017317.3945   15.0692
   -7.5000    7.5000    7.500017213.6191   15.0720
    0.0000    7.5000    7.500017868.4141   15.0274
    7.5000    7.5000    7.500016994.8379   15.0988
   -7.5000   15.0000    7.500016703.4180   15.0964
    0.0000   15.0000    7.500017349.3477   15.0530
    7.5000   15.0000    7.500016482.8398   15.1286
   -7.5000   22.5000    7.500016066.5225   15.1053
    0.0000   22.5000    7.500016792.6387   15.0674
    7.5000   22.5000    7.500015842.5000   15.1412
   -7.5000   30.0000    7.500015310.0098   15.1305
    0.0000   30.0000    7.500016071.1729   15.0980
    7.5000   30.0000    7.500015045.4951   15.1655
   -7.5000   37.5000    7.500015027.6143   15.2542
    0.0000   37.5000    7.500015799.9277   15.2214
    7.5000   37.5000    7.500014779.0674   15.2828
   -7.5000   45.0000    7.500013985.6436   15.3734
    0.0000   45.0000    7.500014704.1318   15.3400
    7.5000   45.0000    7.500013778.1494   15.4006
   -7.5000  -45.0000   15.000011991.5342   12.5260
    0.0000  -45.0000   15.000012446.3223   12.4962
    7.5000  -45.0000   15.000011935.7598   12.5428
   -7.5000  -37.5000   15.000012637.7236   12.4963
    0.0000  -37.5000   15.000013080.8936   12.4640
    7.5000  -37.5000   15.000012555.9707   12.5151
   -7.5000  -30.0000   15.000013500.0918   13.0469
    0.0000  -30.0000   15.000013953.6660   13.0094
    7.5000  -30.0000   15.000013420.9033   13.0689
   -7.5000  -22.5000   15.000014431.7588   13.5689
    0.0000  -22.5000   15.000014981.1729   13.5295
    7.5000  -22.5000   15.000014353.7490   13.5924
   -7.5000  -15.0000   15.000015401.2539   14.0786
    0.0000  -15.0000   15.000015975.2451   14.0383
    7.5000  -15.0000   15.000015287.9229   14.1014
   -7.5000   -7.5000   15.000016242.3760   14.5835
    0.0000   -7.5000   15.000016862.3965   14.5405
    7.5000   -7.5000   15.000016033.8604   14.6036
   -7.5000    0.0000   15.000016998.6094   15.0847
    0.0000    0.0000   15.000017748.6426   15.0371
    7.5000    0.0000   15.000016745.4492   15.1037
   -7.5000    7.5000   15.000016698.0723   15.1080
    0.0000    7.5000   15.000017443.2188   15.0594
    7.5000    7.5000   15.000016428.4824   15.1297
   -7.5000   15.0000   15.000016176.7910   15.1332
    0.0000   15.0000   15.000016863.8828   15.0850
    7.5000   15.0000   15.000015930.5039   15.1582
   -7.5000   22.5000   15.000015541.0146   15.1454
    0.0000   22.5000   15.000016254.0498   15.1014
    7.5000   22.5000   15.000015328.2627   15.1716
   -7.5000   30.0000   15.000014768.4521   15.1722
    0.0000   30.0000   15.000015499.1279   15.1333
    7.5000   30.0000   15.000014575.9053   15.1970
   -7.5000   37.5000   15.000014502.1660   15.2909
    0.0000   37.5000   15.000015201.3887   15.2528
    7.5000   37.5000   15.000014317.5205   15.3116
   -7.5000   45.0000   15.000013533.1758   15.4028
    0.0000   45.0000   15.000014169.3525   15.3649
    7.5000   45.0000   15.000013367.0459   15.4244
   -7.5000  -45.0000   22.500011442.2471   12.5579
    0.0000  -45.0000   22.500011895.6934   12.5303
    7.5000  -45.0000   22.500011374.7549   12.5775
   -7.5000  -37.5000   22.500012036.2656   12.5200
    0.0000  -37.5000   22.500012506.2705   12.4921
    7.5000  -37.5000   22.500011972.6221   12.5437
   -7.5000  -30.0000   22.500012861.2627   13.0657
    0.0000  -30.0000   22.500013325.3311   13.0326
    7.5000  -30.0000   22.500012803.3076   13.0934
   -7.5000  -22.5000   22.500013787.3936   13.5917
    0.0000  -22.5000   22.500014299.7793   13.5535
    7.5000  -22.5000   22.500013709.1377   13.6187
   -7.5000  -15.0000   22.500014683.1279   14.1141
    0.0000  -15.0000   22.500015211.0752   14.0722
    7.5000  -15.0000   22.500014586.4775   14.1378
   -7.5000   -7.5000   22.500015436.2969   14.6325
    0.0000   -7.5000   22.500016033.7412   14.5890
    7.5000   -7.5000   22.500015307.7422   14.6539
   -7.5000    0.0000   22.500016174.5908   15.1379
    0.0000    0.0000   22.500016891.1543   15.0932
    7.5000    0.0000   22.500016011.4873   15.1602
   -7.5000    7.5000   22.500015915.9814   15.1504
    0.0000    7.5000   22.500016600.1738   15.1072
    7.5000    7.5000   22.500015748.7891   15.1778
   -7.5000   15.0000   22.500015441.3896   15.1635
    0.0000   15.0000   22.500016097.7285   15.1205
    7.5000   15.0000   22.500015291.5020   15.1951
   -7.5000   22.5000   22.500014833.7529   15.1745
    0.0000   22.5000   22.500015491.5986   15.1318
    7.5000   22.5000   22.500014699.6787   15.2046
   -7.5000   30.0000   22.500014065.7646   15.2094
    0.0000   30.0000   22.500014737.5947   15.1687
    7.5000   30.0000   22.500013948.5977   15.2354
   -7.5000   37.5000   22.500013816.4707   15.3381
    0.0000   37.5000   22.500014471.2686   15.2992
    7.5000   37.5000   22.500013686.6299   15.3597
   -7.5000   45.0000   22.500012920.5225   15.4512
    0.0000   45.0000   22.500013514.3086   15.4158
    7.5000   45.0000   22.500012787.6875   15.4752
   -7.5000  -45.0000   30.000010773.9434   12.6238
    0.0000  -45.0000   30.000011224.8613   12.6031
    7.5000  -45.0000   30.000010722.8623   12.6495
   -7.5000  -37.5000   30.000011372.7773   12.5802
    0.0000  -37.5000   30.000011857.4434   12.5609
    7.5000  -37.5000   30.000011349.9717   12.6120
   -7.5000  -30.0000   30.000012162.5625   13.1208
    0.0000  -30.0000   30.000012686.4541   13.0969
    7.5000  -30.0000   30.000012146.5166   13.1592
   -7.5000  -22.5000   30.000012972.4033   13.6476
    0.0000  -22.5000   30.000013549.8193   13.6169
    7.5000  -22.5000   30.000012959.8799   13.6856
   -7.5000  -15.0000   30.000013757.5244   14.1803
    0.0000  -15.0000   30.000014320.0000   14.1439
    7.5000  -15.0000   30.000013716.8506   14.2135
   -7.5000   -7.5000   30.000014482.3467   14.7145
    0.0000   -7.5000   30.000015078.4590   14.6768
    7.5000   -7.5000   30.000014410.7461   14.7433
   -7.5000    0.0000   30.000015186.3271   15.2302
    0.0000    0.0000   30.000015837.7129   15.1938
    7.5000    0.0000   30.000015092.8262   15.2598
   -7.5000    7.5000   30.000014909.7197   15.2352
    0.0000    7.5000   30.000015541.0010   15.2024
    7.5000    7.5000   30.000014831.2061   15.2723
   -7.5000   15.0000   30.000014461.2734   15.2356
    0.0000   15.0000   30.000015077.5605   15.2031
    7.5000   15.0000   30.000014382.1895   15.2794
   -7.5000   22.5000   30.000013909.8486   15.2408
    0.0000   22.5000   30.000014529.2451   15.2065
    7.5000   22.5000   30.000013832.3750   15.2832
   -7.5000   30.0000   30.000013214.1230   15.2807
    0.0000   30.0000   30.000013823.5547   15.2460
    7.5000   30.0000   30.000013138.0566   15.3172
   -7.5000   37.5000   30.000013015.5176   15.4235
    0.0000   37.5000   30.000013603.2490   15.3905
    7.5000   37.5000   30.000012927.7217   15.4530
   -7.5000   45.0000   30.000012184.0820   15.5456
    0.0000   45.0000   30.000012708.9912   15.5184
    7.5000   45.0000   30.000012083.4922   15.5765
   -7.5000  -45.0000   37.500010501.8145   12.7719
    0.0000  -45.0000   37.500011004.5674   12.7561
    7.5000  -45.0000   37.500010466.9883   12.8026
   -7.5000  -37.5000   37.500011126.2588   12.7308
    0.0000  -37.5000   37.500011651.6064   12.7157
    7.5000  -37.5000   37.500011087.9414   12.7671
   -7.5000  -30.0000   37.500011890.7939   13.2757
    0.0000  -30.0000   37.500012479.8643   13.2566
    7.5000  -30.0000   37.500011862.2998   13.3203
   -7.5000  -22.5000   37.500012645.0244   13.8029
    0.0000  -22.5000   37.500013258.5293   13.7790
    7.5000  -22.5000   37.500012615.7217   13.8503
   -7.5000  -15.0000   37.500013365.0449   14.3365
    0.0000  -15.0000   37.500013951.0459   14.3082
    7.5000  -15.0000   37.500013300.4775   14.3806
   -7.5000   -7.5000   37.500014075.0811   14.8771
    0.0000   -7.5000   37.500014652.9385   14.8464
    7.5000   -7.5000   37.500013992.6299   14.9144
   -7.5000    0.0000   37.500014733.5518   15.4034
    0.0000    0.0000   37.500015341.9541   15.3725
    7.5000    0.0000   37.500014627.6123   15.4388
   -7.5000    7.5000   37.500014466.2812   15.4132
    0.0000    7.5000   37.500015074.3428   15.3852
    7.5000    7.5000   37.500014376.3721   15.4557
   -7.5000   15.0000   37.500014029.1807   15.4133
    0.0000   15.0000   37.500014651.2148   15.3864
    7.5000   15.0000   37.500013955.0791   15.4643
   -7.5000   22.5000   37.500013504.5801   15.4142
    0.0000   22.5000   37.500014109.1621   15.3875
    7.5000   22.5000   37.500013450.3203   15.4671
   -7.5000   30.0000   37.500012878.1553   15.4513
    0.0000   30.0000   37.500013456.9912   15.4254
    7.5000   30.0000   37.500012802.7998   15.4996
   -7.5000   37.5000   37.500012686.9277   15.6007
    0.0000   37.5000   37.500013258.8389   15.5754
    7.5000   37.5000   37.500012591.3193   15.6396
   -7.5000   45.0000   37.500011885.1309   15.7350
    0.0000   45.0000   37.500012401.0615   15.7138
    7.5000   45.0000   37.500011782.2695   15.7726
   -7.5000  -45.0000   45.0000 9785.1533   12.9793
    0.0000  -45.0000   45.000010235.7432   12.9641
    7.5000  -45.0000   45.0000 9714.6650   13.0107
   -7.5000  -37.5000   45.000010340.3438   12.9455
    0.0000  -37.5000   45.000010824.0771   12.9289
    7.5000  -37.5000   45.000010274.5811   12.9809
   -7.5000  -30.0000   45.000011066.9736   13.5072
    0.0000  -30.0000   45.000011595.8457   13.4868
    7.5000  -30.0000   45.000011010.2432   13.5505
   -7.5000  -22.5000   45.000011763.9346   14.0435
    0.0000  -22.5000   45.000012311.7812   14.0216
    7.5000  -22.5000   45.000011700.4521   14.0918
   -7.5000  -15.0000   45.000012389.6738   14.5796
    0.0000  -15.0000   45.000012912.5771   14.5562
    7.5000  -15.0000   45.000012315.3281   14.6267
   -7.5000   -7.5000   45.000013022.4561   15.1239
    0.0000   -7.5000   45.000013514.9521   15.0971
    7.5000   -7.5000   45.000012939.9834   15.1639
   -7.5000    0.0000   45.000013604.8418   15.6621
    0.0000    0.0000   45.000014097.9512   15.6318
    7.5000    0.0000   45.000013507.1299   15.6982
   -7.5000    7.5000   45.000013382.2109   15.6817
    0.0000    7.5000   45.000013877.1396   15.6518
    7.5000    7.5000   45.000013285.5117   15.7230
   -7.5000   15.0000   45.000013014.4082   15.6893
    0.0000   15.0000   45.000013534.5234   15.6608
    7.5000   15.0000   45.000012926.6436   15.7388
   -7.5000   22.5000   45.000012530.6328   15.6882
    0.0000   22.5000   45.000013055.3467   15.6638
    7.5000   22.5000   45.000012465.0557   15.7421
   -7.5000   30.0000   45.000011945.1309   15.7170
    0.0000   30.0000   45.000012464.8574   15.6965
    7.5000   30.0000   45.000011866.6338   15.7686
   -7.5000   37.5000   45.000011784.2871   15.8633
    0.0000   37.5000   45.000012276.0391   15.8421
    7.5000   37.5000   45.000011684.2256   15.9055
   -7.5000   45.0000   45.000011067.1133   16.0062
    0.0000   45.0000   45.000011538.0869   15.9860
    7.5000   45.0000   45.000010973.6660   16.0458

---------------------------------------------------------------------
imgreg_4dfp /Applications/freesurfer/7.4.1/average/3T18yoSchwartzReactN32_as_orig /Applications/freesurfer/7.4.1/average/711-2B_as_mni_average_305_mask talsrcimg_g11 none talsrcimg_to_3T18yoSchwartzReactN32_as_orig_t4 4355
---------------------------------------------------------------------

freesurfer imgreg_4dfp.c
/Applications/freesurfer/7.4.1/average/3T18yoSchwartzReactN32_as_orig.4dfp.img
       256       256       256         1
  1.000000  1.000000  1.000000
orientation T byte_order littleendian
Reading image: /Applications/freesurfer/7.4.1/average/3T18yoSchwartzReactN32_as_orig.4dfp.img
dimensions:      256       256       256
mmppix:       1.0000   -1.0000   -1.0000
center:     128.0000 -129.0000 -129.0000
/Applications/freesurfer/7.4.1/average/711-2B_as_mni_average_305_mask.4dfp.img
       256       256       256         1
  1.000000  1.000000  1.000000
orientation T byte_order littleendian
Reading mask: /Applications/freesurfer/7.4.1/average/711-2B_as_mni_average_305_mask.4dfp.img (2306576 pixels)
talsrcimg_g11.4dfp.img
       256       256       256         1
  1.000000  1.000000  1.000000
orientation T byte_order littleendian
Reading image: talsrcimg_g11.4dfp.img
dimensions:      256       256       256
mmppix:       1.0000   -1.0000   -1.0000
center:     128.0000 -129.0000 -129.0000
rotation matrix determinant  1.000000
image alignment mode   4355 decimal     1103 hex
   -7.5000  -45.0000  -45.0000 2192.7944   18.0989
    0.0000  -45.0000  -45.0000 2200.4575   18.0048
    7.5000  -45.0000  -45.0000 2180.9639   18.1398
   -7.5000  -37.5000  -45.0000 2234.5701   17.5499
    0.0000  -37.5000  -45.0000 2239.1829   17.4430
    7.5000  -37.5000  -45.0000 2221.4443   17.6179
   -7.5000  -30.0000  -45.0000 2258.9429   17.1184
    0.0000  -30.0000  -45.0000 2271.5825   17.1036
    7.5000  -30.0000  -45.0000 2248.2283   17.2070
   -7.5000  -22.5000  -45.0000 2277.6997   16.8112
    0.0000  -22.5000  -45.0000 2294.3511   16.8065
    7.5000  -22.5000  -45.0000 2263.1453   16.9129
   -7.5000  -15.0000  -45.0000 2287.7336   16.6538
    0.0000  -15.0000  -45.0000 2298.6726   16.6514
    7.5000  -15.0000  -45.0000 2268.4670   16.7529
   -7.5000   -7.5000  -45.0000 2295.9893   16.7360
    0.0000   -7.5000  -45.0000 2305.7041   16.7099
    7.5000   -7.5000  -45.0000 2276.5271   16.8650
   -7.5000    0.0000  -45.0000 2278.1267   16.9070
    0.0000    0.0000  -45.0000 2293.2996   16.8906
    7.5000    0.0000  -45.0000 2263.2422   17.0967
   -7.5000    7.5000  -45.0000 2267.5808   17.4540
    0.0000    7.5000  -45.0000 2281.6628   17.4067
    7.5000    7.5000  -45.0000 2246.9402   17.5782
   -7.5000   15.0000  -45.0000 2229.8835   18.1602
    0.0000   15.0000  -45.0000 2241.5667   18.1184
    7.5000   15.0000  -45.0000 2213.7505   18.3440
   -7.5000   22.5000  -45.0000 2169.2170   19.0633
    0.0000   22.5000  -45.0000 2177.9260   18.9582
    7.5000   22.5000  -45.0000 2158.3301   19.2309
   -7.5000   30.0000  -45.0000 2084.9204   20.3362
    0.0000   30.0000  -45.0000 2086.7649   20.1303
    7.5000   30.0000  -45.0000 2082.5002   20.5177
   -7.5000   37.5000  -45.0000 2000.8713   22.2386
    0.0000   37.5000  -45.0000 1998.5658   22.0512
    7.5000   37.5000  -45.0000 1991.4204   22.3865
   -7.5000   45.0000  -45.0000 1911.0823   24.7939
    0.0000   45.0000  -45.0000 1914.5322   24.6202
    7.5000   45.0000  -45.0000 1893.0676   24.8250
   -7.5000  -45.0000  -37.5000 2289.2534   16.9053
    0.0000  -45.0000  -37.5000 2299.7893   16.8327
    7.5000  -45.0000  -37.5000 2269.5898   16.8775
   -7.5000  -37.5000  -37.5000 2322.0847   16.2106
    0.0000  -37.5000  -37.5000 2342.9194   16.2038
    7.5000  -37.5000  -37.5000 2310.4456   16.2703
   -7.5000  -30.0000  -37.5000 2346.2178   15.7643
    0.0000  -30.0000  -37.5000 2371.8425   15.7925
    7.5000  -30.0000  -37.5000 2338.6855   15.8910
   -7.5000  -22.5000  -37.5000 2369.4729   15.4988
    0.0000  -22.5000  -37.5000 2399.8225   15.5592
    7.5000  -22.5000  -37.5000 2354.5217   15.5775
   -7.5000  -15.0000  -37.5000 2372.6936   15.2924
    0.0000  -15.0000  -37.5000 2407.4919   15.4004
    7.5000  -15.0000  -37.5000 2359.5229   15.4033
   -7.5000   -7.5000  -37.5000 2390.5125   15.3704
    0.0000   -7.5000  -37.5000 2409.3794   15.3971
    7.5000   -7.5000  -37.5000 2367.2480   15.4691
   -7.5000    0.0000  -37.5000 2388.2607   15.5819
    0.0000    0.0000  -37.5000 2411.3394   15.6561
    7.5000    0.0000  -37.5000 2363.5032   15.7361
   -7.5000    7.5000  -37.5000 2385.8147   16.1290
    0.0000    7.5000  -37.5000 2402.4963   16.1423
    7.5000    7.5000  -37.5000 2356.4900   16.2396
   -7.5000   15.0000  -37.5000 2348.6416   16.7979
    0.0000   15.0000  -37.5000 2364.9778   16.7581
    7.5000   15.0000  -37.5000 2326.0488   16.9219
   -7.5000   22.5000  -37.5000 2287.9192   17.6194
    0.0000   22.5000  -37.5000 2301.7871   17.5748
    7.5000   22.5000  -37.5000 2264.6824   17.7482
   -7.5000   30.0000  -37.5000 2206.5815   18.7463
    0.0000   30.0000  -37.5000 2206.5159   18.6316
    7.5000   30.0000  -37.5000 2189.1494   18.8886
   -7.5000   37.5000  -37.5000 2112.4629   20.4477
    0.0000   37.5000  -37.5000 2105.9202   20.3230
    7.5000   37.5000  -37.5000 2091.3987   20.5440
   -7.5000   45.0000  -37.5000 2006.4086   22.6890
    0.0000   45.0000  -37.5000 2011.1965   22.5730
    7.5000   45.0000  -37.5000 1991.5629   22.7784
   -7.5000  -45.0000  -30.0000 2425.2200   16.2135
    0.0000  -45.0000  -30.0000 2440.1726   16.1920
    7.5000  -45.0000  -30.0000 2404.8489   16.2214
   -7.5000  -37.5000  -30.0000 2458.7046   15.4829
    0.0000  -37.5000  -30.0000 2479.5227   15.4992
    7.5000  -37.5000  -30.0000 2443.7993   15.5390
   -7.5000  -30.0000  -30.0000 2475.2588   14.9058
    0.0000  -30.0000  -30.0000 2502.2871   14.9423
    7.5000  -30.0000  -30.0000 2460.7537   15.0016
   -7.5000  -22.5000  -30.0000 2506.7046   14.5926
    0.0000  -22.5000  -30.0000 2531.3855   14.6534
    7.5000  -22.5000  -30.0000 2487.3423   14.7014
   -7.5000  -15.0000  -30.0000 2520.9507   14.4111
    0.0000  -15.0000  -30.0000 2550.2104   14.5066
    7.5000  -15.0000  -30.0000 2495.1094   14.5164
   -7.5000   -7.5000  -30.0000 2539.5923   14.4807
    0.0000   -7.5000  -30.0000 2561.1545   14.5346
    7.5000   -7.5000  -30.0000 2510.0481   14.5643
   -7.5000    0.0000  -30.0000 2539.5256   14.7676
    0.0000    0.0000  -30.0000 2567.2444   14.8905
    7.5000    0.0000  -30.0000 2509.8625   14.8868
   -7.5000    7.5000  -30.0000 2540.6411   15.3303
    0.0000    7.5000  -30.0000 2557.3740   15.3749
    7.5000    7.5000  -30.0000 2511.4229   15.4176
   -7.5000   15.0000  -30.0000 2508.3337   15.9981
    0.0000   15.0000  -30.0000 2529.2556   16.0255
    7.5000   15.0000  -30.0000 2474.6736   16.0959
   -7.5000   22.5000  -30.0000 2447.6035   16.7856
    0.0000   22.5000  -30.0000 2466.3730   16.7878
    7.5000   22.5000  -30.0000 2418.9766   16.8991
   -7.5000   30.0000  -30.0000 2362.5024   17.8673
    0.0000   30.0000  -30.0000 2374.3350   17.8304
    7.5000   30.0000  -30.0000 2341.5093   18.0049
   -7.5000   37.5000  -30.0000 2261.2188   19.4335
    0.0000   37.5000  -30.0000 2266.6687   19.3517
    7.5000   37.5000  -30.0000 2242.5249   19.5639
   -7.5000   45.0000  -30.0000 2144.9543   21.4711
    0.0000   45.0000  -30.0000 2152.1721   21.3655
    7.5000   45.0000  -30.0000 2126.4495   21.5724
   -7.5000  -45.0000  -22.5000 2524.9956   15.4559
    0.0000  -45.0000  -22.5000 2543.2800   15.3943
    7.5000  -45.0000  -22.5000 2512.6816   15.5260
   -7.5000  -37.5000  -22.5000 2557.7178   14.6470
    0.0000  -37.5000  -22.5000 2579.8135   14.6165
    7.5000  -37.5000  -22.5000 2546.1130   14.7155
   -7.5000  -30.0000  -22.5000 2574.9272   14.0107
    0.0000  -30.0000  -22.5000 2605.0923   14.0176
    7.5000  -30.0000  -22.5000 2558.9753   14.0854
   -7.5000  -22.5000  -22.5000 2607.6765   13.6500
    0.0000  -22.5000  -22.5000 2633.9543   13.6719
    7.5000  -22.5000  -22.5000 2588.8926   13.7548
   -7.5000  -15.0000  -22.5000 2631.6316   13.4809
    0.0000  -15.0000  -22.5000 2656.7969   13.5401
    7.5000  -15.0000  -22.5000 2609.7341   13.6095
   -7.5000   -7.5000  -22.5000 2651.1167   13.5554
    0.0000   -7.5000  -22.5000 2677.0415   13.6040
    7.5000   -7.5000  -22.5000 2623.1799   13.6559
   -7.5000    0.0000  -22.5000 2658.3821   13.8852
    0.0000    0.0000  -22.5000 2691.5962   13.9991
    7.5000    0.0000  -22.5000 2630.6138   13.9909
   -7.5000    7.5000  -22.5000 2659.7759   14.4209
    0.0000    7.5000  -22.5000 2682.2598   14.5033
    7.5000    7.5000  -22.5000 2630.5203   14.5148
   -7.5000   15.0000  -22.5000 2623.0242   15.0707
    0.0000   15.0000  -22.5000 2654.0989   15.1295
    7.5000   15.0000  -22.5000 2597.0515   15.1967
   -7.5000   22.5000  -22.5000 2565.8530   15.8649
    0.0000   22.5000  -22.5000 2585.0886   15.8778
    7.5000   22.5000  -22.5000 2547.8540   16.0353
   -7.5000   30.0000  -22.5000 2482.1892   16.9351
    0.0000   30.0000  -22.5000 2499.1228   16.9103
    7.5000   30.0000  -22.5000 2467.9822   17.1195
   -7.5000   37.5000  -22.5000 2382.8943   18.4242
    0.0000   37.5000  -22.5000 2396.8691   18.3993
    7.5000   37.5000  -22.5000 2370.5388   18.6004
   -7.5000   45.0000  -22.5000 2264.6497   20.4309
    0.0000   45.0000  -22.5000 2274.9175   20.3630
    7.5000   45.0000  -22.5000 2250.5105   20.5533
   -7.5000  -45.0000  -15.0000 2584.0747   14.7369
    0.0000  -45.0000  -15.0000 2603.4260   14.6786
    7.5000  -45.0000  -15.0000 2566.7153   14.7965
   -7.5000  -37.5000  -15.0000 2617.8418   13.8510
    0.0000  -37.5000  -15.0000 2636.4858   13.8229
    7.5000  -37.5000  -15.0000 2604.4292   13.9390
   -7.5000  -30.0000  -15.0000 2644.6526   13.2025
    0.0000  -30.0000  -15.0000 2671.7717   13.2071
    7.5000  -30.0000  -15.0000 2631.8171   13.3176
   -7.5000  -22.5000  -15.0000 2671.7578   12.8035
    0.0000  -22.5000  -15.0000 2703.8945   12.8629
    7.5000  -22.5000  -15.0000 2660.0081   12.9590
   -7.5000  -15.0000  -15.0000 2694.6411   12.6047
    0.0000  -15.0000  -15.0000 2721.5896   12.6548
    7.5000  -15.0000  -15.0000 2680.6816   12.7927
   -7.5000   -7.5000  -15.0000 2720.9766   12.6799
    0.0000   -7.5000  -15.0000 2752.9849   12.7323
    7.5000   -7.5000  -15.0000 2700.4829   12.8382
   -7.5000    0.0000  -15.0000 2735.2517   13.0517
    0.0000    0.0000  -15.0000 2776.8611   13.1398
    7.5000    0.0000  -15.0000 2716.6174   13.2071
   -7.5000    7.5000  -15.0000 2737.1953   13.5945
    0.0000    7.5000  -15.0000 2771.1865   13.6611
    7.5000    7.5000  -15.0000 2716.8362   13.7224
   -7.5000   15.0000  -15.0000 2699.0305   14.1754
    0.0000   15.0000  -15.0000 2725.1599   14.2331
    7.5000   15.0000  -15.0000 2686.7893   14.3595
   -7.5000   22.5000  -15.0000 2646.0344   14.9963
    0.0000   22.5000  -15.0000 2665.7898   15.0017
    7.5000   22.5000  -15.0000 2634.5215   15.1827
   -7.5000   30.0000  -15.0000 2560.6421   16.0676
    0.0000   30.0000  -15.0000 2576.8916   16.0526
    7.5000   30.0000  -15.0000 2548.3660   16.2502
   -7.5000   37.5000  -15.0000 2471.3594   17.5918
    0.0000   37.5000  -15.0000 2489.9768   17.5710
    7.5000   37.5000  -15.0000 2462.3594   17.7796
   -7.5000   45.0000  -15.0000 2353.9131   19.5929
    0.0000   45.0000  -15.0000 2369.7742   19.5123
    7.5000   45.0000  -15.0000 2344.0581   19.7344
   -7.5000  -45.0000   -7.5000 2606.9707   14.0948
    0.0000  -45.0000   -7.5000 2618.2026   14.0022
    7.5000  -45.0000   -7.5000 2596.2107   14.1571
   -7.5000  -37.5000   -7.5000 2640.3608   13.1788
    0.0000  -37.5000   -7.5000 2662.2747   13.1498
    7.5000  -37.5000   -7.5000 2642.3364   13.2983
   -7.5000  -30.0000   -7.5000 2675.1973   12.5519
    0.0000  -30.0000   -7.5000 2703.2227   12.5570
    7.5000  -30.0000   -7.5000 2675.9824   12.7057
   -7.5000  -22.5000   -7.5000 2716.8604   12.2091
    0.0000  -22.5000   -7.5000 2737.6953   12.2243
    7.5000  -22.5000   -7.5000 2712.2507   12.3814
   -7.5000  -15.0000   -7.5000 2737.8374   11.9963
    0.0000  -15.0000   -7.5000 2759.7058   11.9700
    7.5000  -15.0000   -7.5000 2732.6260   12.2348
   -7.5000   -7.5000   -7.5000 2759.8811   11.9977
    0.0000   -7.5000   -7.5000 2793.1074   11.9694
    7.5000   -7.5000   -7.5000 2750.2202   12.2354
   -7.5000    0.0000   -7.5000 2782.1536   12.3633
    0.0000    0.0000   -7.5000 2821.0581   12.3585
    7.5000    0.0000   -7.5000 2767.8542   12.5365
   -7.5000    7.5000   -7.5000 2775.9988   12.8589
    0.0000    7.5000   -7.5000 2806.3862   12.8461
    7.5000    7.5000   -7.5000 2767.4399   13.0359
   -7.5000   15.0000   -7.5000 2734.7932   13.4430
    0.0000   15.0000   -7.5000 2756.9192   13.4269
    7.5000   15.0000   -7.5000 2740.4875   13.6651
   -7.5000   22.5000   -7.5000 2684.7246   14.2717
    0.0000   22.5000   -7.5000 2703.1096   14.2252
    7.5000   22.5000   -7.5000 2692.1277   14.5034
   -7.5000   30.0000   -7.5000 2606.0078   15.3917
    0.0000   30.0000   -7.5000 2626.7920   15.3559
    7.5000   30.0000   -7.5000 2598.9663   15.5985
   -7.5000   37.5000   -7.5000 2520.6899   16.9167
    0.0000   37.5000   -7.5000 2539.7825   16.9251
    7.5000   37.5000   -7.5000 2513.4077   17.1393
   -7.5000   45.0000   -7.5000 2406.6648   18.9045
    0.0000   45.0000   -7.5000 2423.8774   18.8908
    7.5000   45.0000   -7.5000 2394.0479   19.0718
   -7.5000  -45.0000    0.0000 2607.9897   13.6015
    0.0000  -45.0000    0.0000 2610.4170   13.4598
    7.5000  -45.0000    0.0000 2611.4631   13.7346
   -7.5000  -37.5000    0.0000 2652.3262   12.7168
    0.0000  -37.5000    0.0000 2655.4763   12.5615
    7.5000  -37.5000    0.0000 2659.2107   12.8336
   -7.5000  -30.0000    0.0000 2700.2234   12.1376
    0.0000  -30.0000    0.0000 2704.6140   12.0326
    7.5000  -30.0000    0.0000 2703.2468   12.2904
   -7.5000  -22.5000    0.0000 2743.9956   11.8550
    0.0000  -22.5000    0.0000 2747.1116   11.7666
    7.5000  -22.5000    0.0000 2740.6221   12.0106
   -7.5000  -15.0000    0.0000 2767.9243   11.6945
    0.0000  -15.0000    0.0000 2779.8628   11.5973
    7.5000  -15.0000    0.0000 2770.4434   11.9177
   -7.5000   -7.5000    0.0000 2768.9609   11.5703
    0.0000   -7.5000    0.0000 2777.8306   11.3859
    7.5000   -7.5000    0.0000 2775.6592   11.8703
   -7.5000    0.0000    0.0000 2787.4341   11.8496
    0.0000    0.0000    0.0000 2806.5732   11.6604
    7.5000    0.0000    0.0000 2779.9199   12.0595
   -7.5000    7.5000    0.0000 2796.2410   12.3671
    0.0000    7.5000    0.0000 2807.0691   12.1656
    7.5000    7.5000    0.0000 2789.8350   12.5483
   -7.5000   15.0000    0.0000 2767.7122   13.0038
    0.0000   15.0000    0.0000 2774.3972   12.8588
    7.5000   15.0000    0.0000 2761.5955   13.1663
   -7.5000   22.5000    0.0000 2714.0664   13.8897
    0.0000   22.5000    0.0000 2734.7112   13.8041
    7.5000   22.5000    0.0000 2711.7971   14.0486
   -7.5000   30.0000    0.0000 2646.1208   15.1181
    0.0000   30.0000    0.0000 2659.3264   15.0275
    7.5000   30.0000    0.0000 2633.4919   15.2439
   -7.5000   37.5000    0.0000 2556.1426   16.6439
    0.0000   37.5000    0.0000 2568.7637   16.5646
    7.5000   37.5000    0.0000 2541.2715   16.7852
   -7.5000   45.0000    0.0000 2433.7678   18.6318
    0.0000   45.0000    0.0000 2448.9692   18.4892
    7.5000   45.0000    0.0000 2418.9800   18.7276
   -7.5000  -45.0000    7.5000 2610.6423   13.3291
    0.0000  -45.0000    7.5000 2608.5876   13.1693
    7.5000  -45.0000    7.5000 2627.5552   13.5244
   -7.5000  -37.5000    7.5000 2658.5625   12.4416
    0.0000  -37.5000    7.5000 2657.7803   12.2614
    7.5000  -37.5000    7.5000 2673.4402   12.6055
   -7.5000  -30.0000    7.5000 2705.2668   11.8907
    0.0000  -30.0000    7.5000 2696.9912   11.7143
    7.5000  -30.0000    7.5000 2714.2866   12.0614
   -7.5000  -22.5000    7.5000 2742.6487   11.6493
    0.0000  -22.5000    7.5000 2727.2031   11.4690
    7.5000  -22.5000    7.5000 2744.0923   11.7988
   -7.5000  -15.0000    7.5000 2775.8528   11.5942
    0.0000  -15.0000    7.5000 2759.6511   11.3825
    7.5000  -15.0000    7.5000 2777.9075   11.7703
   -7.5000   -7.5000    7.5000 2790.5730   11.5582
    0.0000   -7.5000    7.5000 2769.9163   11.2415
    7.5000   -7.5000    7.5000 2790.9988   11.7657
   -7.5000    0.0000    7.5000 2801.7993   11.7176
    0.0000    0.0000    7.5000 2795.4170   11.4397
    7.5000    0.0000    7.5000 2792.3167   11.9202
   -7.5000    7.5000    7.5000 2802.9360   12.1402
    0.0000    7.5000    7.5000 2818.6960   11.9641
    7.5000    7.5000    7.5000 2790.0925   12.2803
   -7.5000   15.0000    7.5000 2777.7205   12.8020
    0.0000   15.0000    7.5000 2793.0925   12.6963
    7.5000   15.0000    7.5000 2764.2019   12.8986
   -7.5000   22.5000    7.5000 2726.0688   13.6948
    0.0000   22.5000    7.5000 2748.4111   13.6273
    7.5000   22.5000    7.5000 2717.8586   13.8024
   -7.5000   30.0000    7.5000 2661.0046   14.9765
    0.0000   30.0000    7.5000 2685.5151   14.9442
    7.5000   30.0000    7.5000 2642.1824   15.0722
   -7.5000   37.5000    7.5000 2572.9446   16.5479
    0.0000   37.5000    7.5000 2598.9375   16.5678
    7.5000   37.5000    7.5000 2559.3958   16.6789
   -7.5000   45.0000    7.5000 2444.5427   18.4635
    0.0000   45.0000    7.5000 2470.7507   18.4770
    7.5000   45.0000    7.5000 2430.8169   18.6119
   -7.5000  -45.0000   15.0000 2608.5081   13.3628
    0.0000  -45.0000   15.0000 2606.6724   13.1218
    7.5000  -45.0000   15.0000 2622.0342   13.5465
   -7.5000  -37.5000   15.0000 2655.7756   12.4428
    0.0000  -37.5000   15.0000 2650.0542   12.2028
    7.5000  -37.5000   15.0000 2665.0613   12.6028
   -7.5000  -30.0000   15.0000 2691.5115   11.9009
    0.0000  -30.0000   15.0000 2683.8901   11.6634
    7.5000  -30.0000   15.0000 2700.0056   12.0433
   -7.5000  -22.5000   15.0000 2723.5962   11.6832
    0.0000  -22.5000   15.0000 2722.0083   11.4976
    7.5000  -22.5000   15.0000 2728.8276   11.8200
   -7.5000  -15.0000   15.0000 2757.5986   11.6798
    0.0000  -15.0000   15.0000 2756.8430   11.5258
    7.5000  -15.0000   15.0000 2764.7024   11.8509
   -7.5000   -7.5000   15.0000 2783.1992   11.7195
    0.0000   -7.5000   15.0000 2786.2529   11.4913
    7.5000   -7.5000   15.0000 2778.3591   11.8613
   -7.5000    0.0000   15.0000 2800.5046   11.9094
    0.0000    0.0000   15.0000 2821.3982   11.7775
    7.5000    0.0000   15.0000 2785.8789   12.0211
   -7.5000    7.5000   15.0000 2800.5293   12.3174
    0.0000    7.5000   15.0000 2831.5476   12.2920
    7.5000    7.5000   15.0000 2785.3052   12.4407
   -7.5000   15.0000   15.0000 2770.2546   12.9330
    0.0000   15.0000   15.0000 2786.6943   12.8970
    7.5000   15.0000   15.0000 2761.2747   13.0684
   -7.5000   22.5000   15.0000 2707.0354   13.7326
    0.0000   22.5000   15.0000 2728.8069   13.6748
    7.5000   22.5000   15.0000 2702.1218   13.8737
   -7.5000   30.0000   15.0000 2629.9653   14.8823
    0.0000   30.0000   15.0000 2658.7146   14.8705
    7.5000   30.0000   15.0000 2623.8103   15.0331
   -7.5000   37.5000   15.0000 2547.2488   16.4283
    0.0000   37.5000   15.0000 2575.9492   16.4794
    7.5000   37.5000   15.0000 2544.5400   16.6333
   -7.5000   45.0000   15.0000 2433.8516   18.4409
    0.0000   45.0000   15.0000 2455.1602   18.4359
    7.5000   45.0000   15.0000 2424.7268   18.6390
   -7.5000  -45.0000   22.5000 2600.2935   13.6421
    0.0000  -45.0000   22.5000 2595.8621   13.3712
    7.5000  -45.0000   22.5000 2599.7493   13.7696
   -7.5000  -37.5000   22.5000 2640.9150   12.7075
    0.0000  -37.5000   22.5000 2642.8894   12.4802
    7.5000  -37.5000   22.5000 2643.3462   12.8663
   -7.5000  -30.0000   22.5000 2673.2576   12.1558
    0.0000  -30.0000   22.5000 2674.9287   11.9399
    7.5000  -30.0000   22.5000 2679.6921   12.3113
   -7.5000  -22.5000   22.5000 2717.7588   11.9661
    0.0000  -22.5000   22.5000 2713.9312   11.7471
    7.5000  -22.5000   22.5000 2717.2146   12.0691
   -7.5000  -15.0000   22.5000 2744.1907   11.9114
    0.0000  -15.0000   22.5000 2744.8772   11.7131
    7.5000  -15.0000   22.5000 2743.8406   12.0151
   -7.5000   -7.5000   22.5000 2765.2981   11.9509
    0.0000   -7.5000   22.5000 2763.8596   11.6975
    7.5000   -7.5000   22.5000 2758.0232   12.0242
   -7.5000    0.0000   22.5000 2782.9565   12.2196
    0.0000    0.0000   22.5000 2806.7107   12.1323
    7.5000    0.0000   22.5000 2770.9180   12.2944
   -7.5000    7.5000   22.5000 2786.3674   12.7406
    0.0000    7.5000   22.5000 2801.7598   12.6677
    7.5000    7.5000   22.5000 2773.4351   12.8153
   -7.5000   15.0000   22.5000 2750.8464   13.3459
    0.0000   15.0000   22.5000 2771.3882   13.3121
    7.5000   15.0000   22.5000 2744.5249   13.4572
   -7.5000   22.5000   22.5000 2685.9194   14.0763
    0.0000   22.5000   22.5000 2710.7258   14.0581
    7.5000   22.5000   22.5000 2681.4426   14.2282
   -7.5000   30.0000   22.5000 2601.9590   15.1496
    0.0000   30.0000   22.5000 2631.2195   15.1235
    7.5000   30.0000   22.5000 2597.9360   15.3131
   -7.5000   37.5000   22.5000 2515.2930   16.6208
    0.0000   37.5000   22.5000 2545.3682   16.6393
    7.5000   37.5000   22.5000 2511.7363   16.8002
   -7.5000   45.0000   22.5000 2401.6228   18.5409
    0.0000   45.0000   22.5000 2422.4724   18.5249
    7.5000   45.0000   22.5000 2398.9199   18.7269
   -7.5000  -45.0000   30.0000 2560.1587   14.1025
    0.0000  -45.0000   30.0000 2567.8086   13.8994
    7.5000  -45.0000   30.0000 2557.8286   14.2253
   -7.5000  -37.5000   30.0000 2612.0422   13.2080
    0.0000  -37.5000   30.0000 2625.3711   13.0152
    7.5000  -37.5000   30.0000 2618.7349   13.3632
   -7.5000  -30.0000   30.0000 2657.8577   12.6471
    0.0000  -30.0000   30.0000 2672.0676   12.4436
    7.5000  -30.0000   30.0000 2658.3086   12.7681
   -7.5000  -22.5000   30.0000 2691.2075   12.3224
    0.0000  -22.5000   30.0000 2703.1624   12.1211
    7.5000  -22.5000   30.0000 2691.9685   12.4210
   -7.5000  -15.0000   30.0000 2713.2861   12.2142
    0.0000  -15.0000   30.0000 2717.0007   11.9957
    7.5000  -15.0000   30.0000 2714.3679   12.3166
   -7.5000   -7.5000   30.0000 2727.3132   12.2769
    0.0000   -7.5000   30.0000 2732.7244   12.0613
    7.5000   -7.5000   30.0000 2724.4531   12.3459
   -7.5000    0.0000   30.0000 2749.3037   12.6657
    0.0000    0.0000   30.0000 2763.6848   12.5384
    7.5000    0.0000   30.0000 2739.3875   12.7194
   -7.5000    7.5000   30.0000 2744.3750   13.1943
    0.0000    7.5000   30.0000 2758.8994   13.1064
    7.5000    7.5000   30.0000 2736.9463   13.2565
   -7.5000   15.0000   30.0000 2707.8508   13.8364
    0.0000   15.0000   30.0000 2725.9702   13.7514
    7.5000   15.0000   30.0000 2702.6777   13.9136
   -7.5000   22.5000   30.0000 2646.6272   14.6015
    0.0000   22.5000   30.0000 2674.3853   14.5501
    7.5000   22.5000   30.0000 2646.7495   14.7088
   -7.5000   30.0000   30.0000 2562.6235   15.6758
    0.0000   30.0000   30.0000 2594.3000   15.6401
    7.5000   30.0000   30.0000 2562.1553   15.8065
   -7.5000   37.5000   30.0000 2482.6521   17.1198
    0.0000   37.5000   30.0000 2505.8008   17.0990
    7.5000   37.5000   30.0000 2482.7783   17.2884
   -7.5000   45.0000   30.0000 2366.5393   18.9443
    0.0000   45.0000   30.0000 2381.2778   18.9430
    7.5000   45.0000   30.0000 2363.5085   19.1206
   -7.5000  -45.0000   37.5000 2508.7148   14.7827
    0.0000  -45.0000   37.5000 2535.3716   14.6385
    7.5000  -45.0000   37.5000 2510.6753   14.8674
   -7.5000  -37.5000   37.5000 2575.1917   13.8675
    0.0000  -37.5000   37.5000 2597.8135   13.6927
    7.5000  -37.5000   37.5000 2576.0376   13.9686
   -7.5000  -30.0000   37.5000 2623.7710   13.2176
    0.0000  -30.0000   37.5000 2655.1299   13.0546
    7.5000  -30.0000   37.5000 2620.2664   13.3098
   -7.5000  -22.5000   37.5000 2655.4944   12.8644
    0.0000  -22.5000   37.5000 2682.6807   12.6764
    7.5000  -22.5000   37.5000 2652.2900   12.9458
   -7.5000  -15.0000   37.5000 2670.5110   12.6990
    0.0000  -15.0000   37.5000 2689.3259   12.5004
    7.5000  -15.0000   37.5000 2671.6553   12.7976
   -7.5000   -7.5000   37.5000 2685.4797   12.7664
    0.0000   -7.5000   37.5000 2698.3694   12.5939
    7.5000   -7.5000   37.5000 2685.8579   12.8681
   -7.5000    0.0000   37.5000 2697.2583   13.1583
    0.0000    0.0000   37.5000 2709.8130   13.0279
    7.5000    0.0000   37.5000 2688.7114   13.2316
   -7.5000    7.5000   37.5000 2690.5322   13.7355
    0.0000    7.5000   37.5000 2703.9290   13.6433
    7.5000    7.5000   37.5000 2684.4009   13.8124
   -7.5000   15.0000   37.5000 2654.5227   14.3885
    0.0000   15.0000   37.5000 2675.9077   14.3281
    7.5000   15.0000   37.5000 2652.7952   14.4822
   -7.5000   22.5000   37.5000 2604.7917   15.2487
    0.0000   22.5000   37.5000 2628.2507   15.1762
    7.5000   22.5000   37.5000 2602.9517   15.3349
   -7.5000   30.0000   37.5000 2535.9148   16.3749
    0.0000   30.0000   37.5000 2553.9922   16.2913
    7.5000   30.0000   37.5000 2530.3562   16.4767
   -7.5000   37.5000   37.5000 2446.9895   17.8357
    0.0000   37.5000   37.5000 2464.1941   17.7528
    7.5000   37.5000   37.5000 2439.2354   17.9319
   -7.5000   45.0000   37.5000 2329.3096   19.7170
    0.0000   45.0000   37.5000 2338.0732   19.6730
    7.5000   45.0000   37.5000 2317.4553   19.8318
   -7.5000  -45.0000   45.0000 2461.9426   15.5628
    0.0000  -45.0000   45.0000 2484.6299   15.3893
    7.5000  -45.0000   45.0000 2453.8320   15.6337
   -7.5000  -37.5000   45.0000 2523.2402   14.6485
    0.0000  -37.5000   45.0000 2552.6406   14.4943
    7.5000  -37.5000   45.0000 2516.2151   14.7186
   -7.5000  -30.0000   45.0000 2579.3433   13.9598
    0.0000  -30.0000   45.0000 2613.5078   13.8276
    7.5000  -30.0000   45.0000 2572.0916   14.0464
   -7.5000  -22.5000   45.0000 2614.9812   13.5655
    0.0000  -22.5000   45.0000 2649.4277   13.4225
    7.5000  -22.5000   45.0000 2606.6992   13.6519
   -7.5000  -15.0000   45.0000 2625.6670   13.4085
    0.0000  -15.0000   45.0000 2647.1831   13.2392
    7.5000  -15.0000   45.0000 2619.7024   13.4924
   -7.5000   -7.5000   45.0000 2634.8496   13.4740
    0.0000   -7.5000   45.0000 2646.7834   13.3290
    7.5000   -7.5000   45.0000 2633.4055   13.5725
   -7.5000    0.0000   45.0000 2634.1985   13.8122
    0.0000    0.0000   45.0000 2640.8835   13.6959
    7.5000    0.0000   45.0000 2628.4009   13.8999
   -7.5000    7.5000   45.0000 2628.8955   14.3895
    0.0000    7.5000   45.0000 2637.0439   14.2969
    7.5000    7.5000   45.0000 2622.6135   14.4903
   -7.5000   15.0000   45.0000 2603.0422   15.1214
    0.0000   15.0000   45.0000 2619.3284   15.0711
    7.5000   15.0000   45.0000 2599.1873   15.2412
   -7.5000   22.5000   45.0000 2562.4465   16.0651
    0.0000   22.5000   45.0000 2575.9856   16.0003
    7.5000   22.5000   45.0000 2557.2395   16.1795
   -7.5000   30.0000   45.0000 2487.6941   17.1624
    0.0000   30.0000   45.0000 2505.6208   17.1133
    7.5000   30.0000   45.0000 2481.7927   17.2943
   -7.5000   37.5000   45.0000 2399.5481   18.7216
    0.0000   37.5000   45.0000 2406.0779   18.5852
    7.5000   37.5000   45.0000 2387.9048   18.8243
   -7.5000   45.0000   45.0000 2290.2808   20.6627
    0.0000   45.0000   45.0000 2294.2065   20.5437
    7.5000   45.0000   45.0000 2278.5842   20.7705

---------------------------------------------------------------------
imgreg_4dfp /Applications/freesurfer/7.4.1/average/3T18yoSchwartzReactN32_as_orig /Applications/freesurfer/7.4.1/average/711-2B_as_mni_average_305_mask talsrcimg_g11 none talsrcimg_to_3T18yoSchwartzReactN32_as_orig_t4 1283
---------------------------------------------------------------------

freesurfer imgreg_4dfp.c
/Applications/freesurfer/7.4.1/average/3T18yoSchwartzReactN32_as_orig.4dfp.img
       256       256       256         1
  1.000000  1.000000  1.000000
orientation T byte_order littleendian
Reading image: /Applications/freesurfer/7.4.1/average/3T18yoSchwartzReactN32_as_orig.4dfp.img
dimensions:      256       256       256
mmppix:       1.0000   -1.0000   -1.0000
center:     128.0000 -129.0000 -129.0000
/Applications/freesurfer/7.4.1/average/711-2B_as_mni_average_305_mask.4dfp.img
       256       256       256         1
  1.000000  1.000000  1.000000
orientation T byte_order littleendian
Reading mask: /Applications/freesurfer/7.4.1/average/711-2B_as_mni_average_305_mask.4dfp.img (2306576 pixels)
talsrcimg_g11.4dfp.img
       256       256       256         1
  1.000000  1.000000  1.000000
orientation T byte_order littleendian
Reading image: talsrcimg_g11.4dfp.img
dimensions:      256       256       256
mmppix:       1.0000   -1.0000   -1.0000
center:     128.0000 -129.0000 -129.0000
rotation matrix determinant  1.000000
fimgreg.f
image alignment mode   1283 decimal      503 hex
parameters
    0.0000    7.5000   15.0000    0.0000    0.0000    0.0000
eta,q 0.88838 12.24022
niter,ni,del,rscale     5    3   12.0000    1.2000
parameter  2  0.888033 ->  0.500000 qaram    1.1500
parameter  4  0.941234 ->  0.500000 qaram    1.1500
parameters
   -0.6292    4.0500   14.8815   -3.4500   -0.0296    0.7413
eta,q 0.89102 11.97260
  0.1221  0.1080  0.1164  0.1066  0.1183  0.1109
  0.1190  0.1074  0.1101  0.1088  0.1140  0.1104
  0.1125  0.1079  0.1076  0.1088  0.1100  0.1103
  0.1120  0.1105  0.1081  0.1078  0.1092  0.1092
  0.1182  0.1134  0.1106  0.1069  0.1121  0.1086
  0.1220  0.1166  0.1128  0.1081  0.1154  0.1095
  0.1247  0.1198  0.1145  0.1096  0.1169  0.1109
niter,ni,del,rscale     6    3   12.0000    1.2000
parameter  4  0.506796 ->  0.500000 qaram    1.3225
parameters
   -0.8917    5.3553   14.3835   -7.4175    0.1602    1.2690
eta,q 0.89495 12.05301
  0.1230  0.1169  0.1146  0.1077  0.1206  0.1102
  0.1191  0.1122  0.1093  0.1046  0.1149  0.1083
  0.1120  0.1093  0.1072  0.1068  0.1074  0.1066
  0.1090  0.1089  0.1085  0.1078  0.1051  0.1052
  0.1133  0.1076  0.1113  0.1073  0.1092  0.1051
  0.1200  0.1083  0.1131  0.1079  0.1146  0.1066
  0.1258  0.1125  0.1136  0.1094  0.1177  0.1094
niter,ni,del,rscale     6    3   12.0000    1.2000
parameters
   -0.9256    5.6775   13.7802   -5.3068    0.0520    1.1773
eta,q 0.89337 12.05769
  0.1213  0.1169  0.1141  0.1175  0.1176  0.1091
  0.1193  0.1108  0.1076  0.1130  0.1127  0.1080
  0.1106  0.1060  0.1042  0.1056  0.1076  0.1073
  0.1050  0.1050  0.1054  0.1046  0.1067  0.1066
  0.1106  0.1083  0.1093  0.1069  0.1100  0.1060
  0.1177  0.1105  0.1124  0.1071  0.1140  0.1075
  0.1229  0.1136  0.1147  0.1082  0.1170  0.1102
niter,ni,del,rscale     5    3   12.0000    1.2000
parameters
   -0.9662    5.6903   13.9725   -4.6428   -0.0692    1.1229
eta,q 0.89295 12.06112
  0.1198  0.1136  0.1174  0.1144  0.1173  0.1094
  0.1172  0.1095  0.1116  0.1073  0.1126  0.1084
  0.1105  0.1062  0.1078  0.1044  0.1079  0.1075
  0.1066  0.1066  0.1066  0.1067  0.1071  0.1070
  0.1106  0.1056  0.1092  0.1072  0.1100  0.1067
  0.1160  0.1085  0.1126  0.1079  0.1139  0.1080
  0.1211  0.1143  0.1145  0.1098  0.1169  0.1101
niter,ni,del,rscale     4    3   12.0000    1.2000
parameters
   -1.0161    5.5445   14.1175   -4.3246   -0.1128    1.3233
eta,q 0.89281 12.05249
  0.1198  0.1134  0.1173  0.1133  0.1174  0.1098
  0.1169  0.1094  0.1116  0.1060  0.1130  0.1087
  0.1108  0.1072  0.1079  0.1049  0.1084  0.1077
  0.1071  0.1071  0.1071  0.1072  0.1073  0.1073
  0.1106  0.1058  0.1099  0.1072  0.1099  0.1070
  0.1160  0.1090  0.1129  0.1080  0.1138  0.1082
  0.1210  0.1151  0.1145  0.1099  0.1168  0.1099
niter,ni,del,rscale     3    3   12.0000    1.2000
parameters
   -1.0549    5.5229   14.1653   -4.3369   -0.1581    1.4668
eta,q 0.89281 12.05265
  0.1201  0.1137  0.1171  0.1127  0.1175  0.1098
  0.1171  0.1099  0.1113  0.1055  0.1132  0.1088
  0.1109  0.1074  0.1077  0.1051  0.1085  0.1077
  0.1072  0.1072  0.1072  0.1072  0.1072  0.1072
  0.1106  0.1059  0.1102  0.1073  0.1099  0.1070
  0.1163  0.1091  0.1132  0.1082  0.1139  0.1083
  0.1213  0.1149  0.1146  0.1102  0.1169  0.1100
niter,ni,del,rscale     2    3   12.0000    1.2000
parameters
   -1.0713    5.5752   14.1517   -4.3930   -0.1893    1.5224
eta,q 0.89291 12.05622
  0.1203  0.1140  0.1170  0.1126  0.1175  0.1098
  0.1173  0.1101  0.1113  0.1055  0.1133  0.1087
  0.1111  0.1074  0.1076  0.1051  0.1085  0.1077
  0.1072  0.1072  0.1072  0.1072  0.1071  0.1071
  0.1105  0.1059  0.1103  0.1073  0.1098  0.1070
  0.1163  0.1090  0.1134  0.1083  0.1139  0.1083
  0.1213  0.1149  0.1148  0.1103  0.1170  0.1101
registration optimization eta report
parameter search radius
    6.0000    6.9000    6.0000    7.9350    6.0000    6.0000
100000*second partial in parameter space
       34.       17.       23.        8.       27.        8.
  0.1203  0.1140  0.1170  0.1126  0.1175  0.1098
  0.1173  0.1101  0.1113  0.1055  0.1133  0.1087
  0.1111  0.1074  0.1076  0.1051  0.1085  0.1077
  0.1072  0.1072  0.1072  0.1072  0.1071  0.1071
  0.1105  0.1059  0.1103  0.1073  0.1098  0.1070
  0.1163  0.1090  0.1134  0.1083  0.1139  0.1083
  0.1213  0.1149  0.1148  0.1103  0.1170  0.1101
   -1.0713    5.5752   14.1517   -4.3930   -0.1893    1.5224
eta,q 0.89291 12.05622

---------------------------------------------------------------------
imgreg_4dfp /Applications/freesurfer/7.4.1/average/3T18yoSchwartzReactN32_as_orig /Applications/freesurfer/7.4.1/average/711-2B_as_mni_average_305_mask talsrcimg_g11 none talsrcimg_to_3T18yoSchwartzReactN32_as_orig_t4 3335
---------------------------------------------------------------------

freesurfer imgreg_4dfp.c
/Applications/freesurfer/7.4.1/average/3T18yoSchwartzReactN32_as_orig.4dfp.img
       256       256       256         1
  1.000000  1.000000  1.000000
orientation T byte_order littleendian
Reading image: /Applications/freesurfer/7.4.1/average/3T18yoSchwartzReactN32_as_orig.4dfp.img
dimensions:      256       256       256
mmppix:       1.0000   -1.0000   -1.0000
center:     128.0000 -129.0000 -129.0000
/Applications/freesurfer/7.4.1/average/711-2B_as_mni_average_305_mask.4dfp.img
       256       256       256         1
  1.000000  1.000000  1.000000
orientation T byte_order littleendian
Reading mask: /Applications/freesurfer/7.4.1/average/711-2B_as_mni_average_305_mask.4dfp.img (2306576 pixels)
talsrcimg_g11.4dfp.img
       256       256       256         1
  1.000000  1.000000  1.000000
orientation T byte_order littleendian
Reading image: talsrcimg_g11.4dfp.img
dimensions:      256       256       256
mmppix:       1.0000   -1.0000   -1.0000
center:     128.0000 -129.0000 -129.0000
fimgreg.f
image alignment mode   3335 decimal      D07 hex
parameters
   -1.0713    5.5752   14.1517   -0.0358   -0.3297   -0.2943
   -2.6743    0.1258    2.6568    7.6657   -0.3304   -7.6596
eta,q 0.89044 11.98973
niter,ni,del,rscale     5    3    5.0000    1.2000
parameter  3  0.623722 ->  0.500000 qaram    1.1500
parameter  4 -6.504811 ->  0.500000 qaram    1.1500
parameter 10 -1.104223 -> -0.500000 qaram    1.1500
parameter 12 -1.681524 -> -0.500000 qaram    1.1500
parameters
   -1.5429    5.7935   12.7717   -4.1758   -1.5940   -0.4731
   -1.1366   -0.1169    1.8884   11.8057    1.4701   -3.5196
eta,q 0.89877 11.85662
  0.1102  0.1111  0.1092  0.1026  0.1065  0.1104  0.1077  0.1094  0.1058  0.1100  0.1059  0.1087
  0.1094  0.1101  0.1090  0.1047  0.1060  0.1077  0.1066  0.1069  0.1054  0.1083  0.1047  0.1067
  0.1093  0.1096  0.1091  0.1070  0.1053  0.1058  0.1057  0.1054  0.1052  0.1066  0.1039  0.1048
  0.1096  0.1094  0.1094  0.1090  0.1054  0.1052  0.1052  0.1051  0.1051  0.1051  0.1033  0.1032
  0.1099  0.1096  0.1100  0.1106  0.1058  0.1059  0.1051  0.1059  0.1052  0.1038  0.1032  0.1020
  0.1101  0.1099  0.1107  0.1125  0.1065  0.1085  0.1055  0.1075  0.1056  0.1032  0.1035  0.1010
  0.1104  0.1104  0.1116  0.1143  0.1080  0.1106  0.1063  0.1098  0.1063  0.1033  0.1042  0.1003
niter,ni,del,rscale     7    3    5.0000    1.2000
parameter  4  1.521506 ->  0.500000 qaram    1.3225
parameter 12 -0.709886 -> -0.500000 qaram    1.3225
parameters
   -0.9105    6.6967   12.4783   -8.9368   -1.6225   -0.1203
   -0.6414    0.5753    1.3112   14.8888    1.0702    1.2414
eta,q 0.90441 11.92089
  0.1045  0.1035  0.1024  0.0969  0.0995  0.1032  0.0991  0.1040  0.0976  0.1025  0.0978  0.1008
  0.1030  0.1025  0.1012  0.0966  0.0981  0.1006  0.0979  0.1001  0.0971  0.1000  0.0970  0.0989
  0.1019  0.1017  0.1007  0.0979  0.0974  0.0982  0.0971  0.0977  0.0967  0.0979  0.0966  0.0975
  0.1012  0.1011  0.1007  0.1007  0.0968  0.0968  0.0967  0.0966  0.0966  0.0966  0.0964  0.0965
  0.1011  0.1007  0.1012  0.1044  0.0974  0.0965  0.0968  0.0969  0.0968  0.0964  0.0966  0.0959
  0.1014  0.1009  0.1019  0.1070  0.0984  0.0987  0.0975  0.0986  0.0973  0.0968  0.0972  0.0955
  0.1023  0.1015  0.1031  0.1092  0.0994  0.1031  0.0986  0.1015  0.0981  0.0975  0.0982  0.0957
niter,ni,del,rscale     7    3    5.0000    1.2000
parameters
   -0.7609    7.4222   12.4243  -11.6842   -2.3649    0.0860
    0.1610    0.7477    1.6764   14.3810    0.7063    2.7462
eta,q 0.90495 11.90041
  0.0991  0.0970  0.0975  0.0989  0.0974  0.1006  0.0974  0.1006  0.0963  0.0979  0.0962  0.0983
  0.0972  0.0963  0.0962  0.0968  0.0958  0.0986  0.0963  0.0975  0.0957  0.0959  0.0956  0.0967
  0.0960  0.0958  0.0956  0.0953  0.0952  0.0965  0.0955  0.0958  0.0953  0.0951  0.0953  0.0957
  0.0956  0.0956  0.0954  0.0954  0.0952  0.0952  0.0952  0.0952  0.0952  0.0952  0.0951  0.0951
  0.0959  0.0954  0.0957  0.0981  0.0955  0.0954  0.0953  0.0956  0.0952  0.0955  0.0953  0.0951
  0.0968  0.0954  0.0964  0.1028  0.0969  0.0973  0.0957  0.0972  0.0955  0.0965  0.0957  0.0957
  0.0983  0.0960  0.0975  0.1067  0.0982  0.1008  0.0966  0.1000  0.0961  0.0985  0.0964  0.0968
niter,ni,del,rscale     6    3    5.0000    1.2000
parameters
   -0.6186    7.0075   12.6976  -12.1661   -2.1829    0.3485
    0.1156    1.0253    1.8355   12.9957    0.4724    3.8873
eta,q 0.90509 11.89366
  0.0978  0.0956  0.0974  0.1005  0.0977  0.1006  0.0968  0.1005  0.0961  0.0971  0.0960  0.0978
  0.0963  0.0952  0.0962  0.0985  0.0962  0.0985  0.0958  0.0974  0.0955  0.0954  0.0954  0.0964
  0.0954  0.0951  0.0954  0.0964  0.0952  0.0964  0.0953  0.0957  0.0952  0.0948  0.0951  0.0955
  0.0951  0.0951  0.0951  0.0951  0.0952  0.0952  0.0951  0.0951  0.0951  0.0951  0.0949  0.0949
  0.0952  0.0951  0.0952  0.0954  0.0953  0.0953  0.0953  0.0955  0.0952  0.0956  0.0951  0.0950
  0.0959  0.0955  0.0957  0.0984  0.0960  0.0972  0.0958  0.0970  0.0954  0.0969  0.0955  0.0957
  0.0972  0.0965  0.0966  0.1030  0.0975  0.1006  0.0969  0.0996  0.0960  0.0990  0.0961  0.0967
niter,ni,del,rscale     5    3    5.0000    1.2000
parameters
   -0.4947    6.7610   13.0228  -12.3068   -1.8579    0.6012
    0.0260    1.2896    1.6989   12.0215    0.3096    4.6245
eta,q 0.90530 11.91156
  0.0974  0.0956  0.0973  0.1005  0.0977  0.1004  0.0965  0.1001  0.0959  0.0973  0.0958  0.0974
  0.0961  0.0952  0.0960  0.0985  0.0961  0.0982  0.0956  0.0971  0.0953  0.0954  0.0952  0.0960
  0.0953  0.0950  0.0952  0.0964  0.0950  0.0961  0.0950  0.0954  0.0949  0.0946  0.0948  0.0951
  0.0949  0.0949  0.0949  0.0949  0.0950  0.0949  0.0949  0.0949  0.0949  0.0949  0.0947  0.0947
  0.0950  0.0949  0.0951  0.0950  0.0949  0.0950  0.0951  0.0953  0.0950  0.0955  0.0948  0.0949
  0.0957  0.0953  0.0955  0.0976  0.0959  0.0969  0.0956  0.0967  0.0953  0.0966  0.0952  0.0956
  0.0970  0.0962  0.0963  0.1022  0.0972  0.1004  0.0966  0.0993  0.0959  0.0986  0.0959  0.0966
niter,ni,del,rscale     4    3    5.0000    1.2000
parameters
   -0.4090    6.6198   13.2533  -12.4100   -1.6907    0.7579
    0.0782    1.4597    1.5285   11.4072    0.1735    5.1931
eta,q 0.90546 11.92386
  0.0971  0.0957  0.0969  0.1003  0.0975  0.1001  0.0964  0.0996  0.0957  0.0975  0.0956  0.0972
  0.0958  0.0952  0.0957  0.0982  0.0958  0.0978  0.0954  0.0968  0.0951  0.0956  0.0950  0.0958
  0.0950  0.0949  0.0949  0.0962  0.0949  0.0959  0.0948  0.0952  0.0947  0.0945  0.0946  0.0949
  0.0947  0.0947  0.0947  0.0947  0.0947  0.0947  0.0947  0.0947  0.0947  0.0947  0.0945  0.0945
  0.0949  0.0947  0.0949  0.0947  0.0948  0.0948  0.0948  0.0951  0.0948  0.0953  0.0947  0.0948
  0.0956  0.0952  0.0954  0.0973  0.0959  0.0968  0.0954  0.0965  0.0952  0.0964  0.0951  0.0955
  0.0968  0.0962  0.0962  0.1019  0.0971  0.1004  0.0963  0.0991  0.0958  0.0982  0.0957  0.0965
niter,ni,del,rscale     3    3    5.0000    1.2000
parameters
   -0.3493    6.5358   13.4205  -12.4725   -1.6062    0.8451
    0.1783    1.5725    1.4088   10.9998    0.1134    5.5763
eta,q 0.90552 11.93176
  0.0969  0.0957  0.0967  0.1002  0.0974  0.0999  0.0963  0.0994  0.0957  0.0977  0.0956  0.0970
  0.0956  0.0952  0.0955  0.0981  0.0956  0.0976  0.0953  0.0966  0.0950  0.0957  0.0949  0.0957
  0.0948  0.0948  0.0948  0.0961  0.0949  0.0957  0.0947  0.0951  0.0946  0.0945  0.0946  0.0948
  0.0945  0.0945  0.0946  0.0946  0.0946  0.0946  0.0946  0.0946  0.0946  0.0945  0.0945  0.0945
  0.0947  0.0946  0.0948  0.0946  0.0947  0.0947  0.0947  0.0950  0.0947  0.0953  0.0946  0.0947
  0.0955  0.0951  0.0953  0.0971  0.0959  0.0967  0.0952  0.0965  0.0951  0.0963  0.0950  0.0955
  0.0967  0.0962  0.0961  0.1016  0.0971  0.1004  0.0962  0.0990  0.0958  0.0981  0.0956  0.0966
niter,ni,del,rscale     2    3    5.0000    1.2000
parameters
   -0.3102    6.4722   13.5091  -12.5069   -1.5678    0.8862
    0.2568    1.6348    1.3166   10.7183    0.0758    5.8465
eta,q 0.90558 11.93472
  0.0968  0.0958  0.0965  0.1001  0.0974  0.0997  0.0962  0.0992  0.0957  0.0978  0.0955  0.0969
  0.0955  0.0952  0.0953  0.0981  0.0956  0.0975  0.0952  0.0964  0.0950  0.0958  0.0949  0.0956
  0.0947  0.0948  0.0946  0.0960  0.0948  0.0955  0.0946  0.0950  0.0946  0.0945  0.0945  0.0947
  0.0945  0.0945  0.0945  0.0945  0.0945  0.0945  0.0945  0.0945  0.0945  0.0945  0.0944  0.0944
  0.0947  0.0945  0.0947  0.0945  0.0947  0.0946  0.0946  0.0949  0.0947  0.0952  0.0945  0.0947
  0.0954  0.0951  0.0953  0.0970  0.0959  0.0967  0.0952  0.0964  0.0951  0.0962  0.0949  0.0955
  0.0967  0.0962  0.0961  0.1015  0.0971  0.1004  0.0961  0.0990  0.0957  0.0980  0.0956  0.0966
niter,ni,del,rscale     1    3    5.0000    1.2000
parameters
   -0.2903    6.4309   13.5665  -12.5200   -1.5412    0.9085
    0.3057    1.6682    1.2633   10.5326    0.0651    6.0295
eta,q 0.90561 11.93693
  0.0967  0.0958  0.0964  0.1001  0.0974  0.0996  0.0961  0.0991  0.0957  0.0979  0.0955  0.0968
  0.0955  0.0952  0.0952  0.0980  0.0956  0.0974  0.0952  0.0964  0.0950  0.0958  0.0949  0.0956
  0.0947  0.0948  0.0946  0.0960  0.0948  0.0955  0.0946  0.0949  0.0945  0.0945  0.0945  0.0947
  0.0944  0.0944  0.0944  0.0944  0.0944  0.0944  0.0944  0.0944  0.0944  0.0944  0.0944  0.0944
  0.0947  0.0945  0.0947  0.0944  0.0947  0.0946  0.0946  0.0949  0.0946  0.0952  0.0945  0.0947
  0.0954  0.0951  0.0952  0.0969  0.0959  0.0966  0.0951  0.0964  0.0950  0.0962  0.0949  0.0955
  0.0967  0.0962  0.0961  0.1014  0.0971  0.1003  0.0961  0.0989  0.0957  0.0979  0.0955  0.0966
registration optimization eta report
parameter search radius
    2.4000    2.4000    2.7600    9.5220    7.2000    7.2000
    7.2000    7.2000    7.2000    8.2800    7.2000    9.5220
100000*second partial in parameter space
       40.       28.       24.        7.        5.       11.
        3.        9.        2.        5.        2.        2.
  0.0967  0.0958  0.0964  0.1001  0.0974  0.0996  0.0961  0.0991  0.0957  0.0979  0.0955  0.0968
  0.0955  0.0952  0.0952  0.0980  0.0956  0.0974  0.0952  0.0964  0.0950  0.0958  0.0949  0.0956
  0.0947  0.0948  0.0946  0.0960  0.0948  0.0955  0.0946  0.0949  0.0945  0.0945  0.0945  0.0947
  0.0944  0.0944  0.0944  0.0944  0.0944  0.0944  0.0944  0.0944  0.0944  0.0944  0.0944  0.0944
  0.0947  0.0945  0.0947  0.0944  0.0947  0.0946  0.0946  0.0949  0.0946  0.0952  0.0945  0.0947
  0.0954  0.0951  0.0952  0.0969  0.0959  0.0966  0.0951  0.0964  0.0950  0.0962  0.0949  0.0955
  0.0967  0.0962  0.0961  0.1014  0.0971  0.1003  0.0961  0.0989  0.0957  0.0979  0.0955  0.0966
   -0.2903    6.4309   13.5665  -12.5200   -1.5412    0.9085
    0.3057    1.6682    1.2633   10.5326    0.0651    6.0295
eta,q 0.90561 11.93693

---------------------------------------------------------------------
imgreg_4dfp /Applications/freesurfer/7.4.1/average/3T18yoSchwartzReactN32_as_orig /Applications/freesurfer/7.4.1/average/711-2B_as_mni_average_305_mask talsrcimg_g11 none talsrcimg_to_3T18yoSchwartzReactN32_as_orig_t4 2311
---------------------------------------------------------------------

freesurfer imgreg_4dfp.c
/Applications/freesurfer/7.4.1/average/3T18yoSchwartzReactN32_as_orig.4dfp.img
       256       256       256         1
  1.000000  1.000000  1.000000
orientation T byte_order littleendian
Reading image: /Applications/freesurfer/7.4.1/average/3T18yoSchwartzReactN32_as_orig.4dfp.img
dimensions:      256       256       256
mmppix:       1.0000   -1.0000   -1.0000
center:     128.0000 -129.0000 -129.0000
/Applications/freesurfer/7.4.1/average/711-2B_as_mni_average_305_mask.4dfp.img
       256       256       256         1
  1.000000  1.000000  1.000000
orientation T byte_order littleendian
Reading mask: /Applications/freesurfer/7.4.1/average/711-2B_as_mni_average_305_mask.4dfp.img (2306576 pixels)
talsrcimg_g11.4dfp.img
       256       256       256         1
  1.000000  1.000000  1.000000
orientation T byte_order littleendian
Reading image: talsrcimg_g11.4dfp.img
dimensions:      256       256       256
mmppix:       1.0000   -1.0000   -1.0000
center:     128.0000 -129.0000 -129.0000
fimgreg.f
image alignment mode   2311 decimal      907 hex
parameters
   -0.2903    6.4309   13.5665  -12.5200   -1.5412    0.9085
    0.3057    1.6682    1.2633   10.5326    0.0651    6.0295
eta,q 0.90561 11.93692
niter,ni,del,rscale     5    3    5.0000    0.8000
parameters
   -0.2694    6.5859   13.5234  -11.2340   -2.1705    1.1513
    0.0884    1.7262    1.1450   10.1170   -0.0030    6.1949
eta,q 0.90596 11.95674
  0.0954  0.0953  0.0949  0.0970  0.0952  0.0970  0.0949  0.0965  0.0948  0.0953  0.0946  0.0948
  0.0949  0.0949  0.0946  0.0959  0.0946  0.0957  0.0944  0.0952  0.0944  0.0945  0.0943  0.0944
  0.0945  0.0946  0.0944  0.0950  0.0943  0.0947  0.0942  0.0944  0.0942  0.0940  0.0941  0.0942
  0.0944  0.0944  0.0944  0.0944  0.0941  0.0941  0.0941  0.0941  0.0941  0.0941  0.0940  0.0940
  0.0945  0.0944  0.0945  0.0941  0.0943  0.0941  0.0942  0.0943  0.0942  0.0945  0.0941  0.0941
  0.0948  0.0946  0.0947  0.0944  0.0951  0.0950  0.0946  0.0951  0.0944  0.0949  0.0943  0.0943
  0.0954  0.0951  0.0950  0.0953  0.0960  0.0968  0.0951  0.0964  0.0948  0.0955  0.0946  0.0947
niter,ni,del,rscale     4    3    5.0000    0.7000
parameters
   -0.2940    6.6301   13.6285  -11.1203   -2.2198    1.2994
    0.1577    1.6925    1.0943    9.9068    0.0804    6.4426
eta,q 0.90600 11.96949
  0.0949  0.0947  0.0946  0.0958  0.0952  0.0962  0.0948  0.0958  0.0946  0.0951  0.0944  0.0946
  0.0944  0.0944  0.0943  0.0950  0.0946  0.0951  0.0943  0.0948  0.0943  0.0944  0.0942  0.0943
  0.0941  0.0942  0.0941  0.0944  0.0943  0.0944  0.0941  0.0942  0.0941  0.0940  0.0941  0.0941
  0.0940  0.0940  0.0940  0.0940  0.0940  0.0940  0.0940  0.0940  0.0940  0.0940  0.0940  0.0940
  0.0941  0.0941  0.0941  0.0941  0.0940  0.0941  0.0941  0.0942  0.0941  0.0943  0.0940  0.0940
  0.0945  0.0943  0.0942  0.0947  0.0946  0.0947  0.0943  0.0948  0.0943  0.0947  0.0942  0.0942
  0.0950  0.0947  0.0944  0.0958  0.0954  0.0961  0.0947  0.0959  0.0946  0.0951  0.0944  0.0945
niter,ni,del,rscale     3    3    5.0000    0.6000
parameters
   -0.3097    6.6341   13.7168  -11.0449   -2.2033    1.4190
    0.1650    1.6237    1.1283    9.6341    0.2209    6.7132
eta,q 0.90604 11.98070
  0.0947  0.0945  0.0944  0.0953  0.0949  0.0956  0.0945  0.0953  0.0944  0.0948  0.0943  0.0944
  0.0943  0.0943  0.0942  0.0947  0.0945  0.0948  0.0942  0.0945  0.0942  0.0943  0.0941  0.0942
  0.0941  0.0941  0.0941  0.0942  0.0942  0.0943  0.0940  0.0941  0.0940  0.0940  0.0940  0.0940
  0.0940  0.0940  0.0940  0.0940  0.0940  0.0940  0.0940  0.0940  0.0940  0.0940  0.0940  0.0940
  0.0941  0.0940  0.0940  0.0941  0.0940  0.0940  0.0940  0.0942  0.0940  0.0942  0.0940  0.0940
  0.0943  0.0942  0.0941  0.0945  0.0944  0.0945  0.0942  0.0946  0.0942  0.0946  0.0941  0.0941
  0.0947  0.0946  0.0943  0.0953  0.0950  0.0955  0.0945  0.0954  0.0944  0.0949  0.0943  0.0943
niter,ni,del,rscale     2    3    5.0000    0.5000
parameters
   -0.3300    6.6127   13.8078  -11.0018   -2.0996    1.5094
    0.1419    1.5398    1.1934    9.3552    0.4397    7.0256
eta,q 0.90610 11.99370
  0.0944  0.0943  0.0943  0.0949  0.0947  0.0950  0.0943  0.0948  0.0943  0.0945  0.0942  0.0942
  0.0942  0.0941  0.0941  0.0944  0.0944  0.0945  0.0941  0.0943  0.0941  0.0941  0.0940  0.0941
  0.0940  0.0940  0.0940  0.0941  0.0941  0.0941  0.0940  0.0940  0.0940  0.0939  0.0939  0.0940
  0.0940  0.0940  0.0940  0.0940  0.0940  0.0939  0.0939  0.0939  0.0939  0.0939  0.0939  0.0939
  0.0940  0.0940  0.0940  0.0940  0.0939  0.0940  0.0940  0.0941  0.0940  0.0941  0.0939  0.0939
  0.0942  0.0941  0.0940  0.0943  0.0942  0.0943  0.0941  0.0944  0.0941  0.0944  0.0940  0.0940
  0.0945  0.0944  0.0942  0.0949  0.0947  0.0950  0.0943  0.0949  0.0942  0.0947  0.0941  0.0941
niter,ni,del,rscale     1    3    5.0000    0.4000
parameters
   -0.3504    6.5721   13.8966  -10.9628   -1.9839    1.5999
    0.1524    1.4236    1.2311    9.0744    0.6231    7.3501
eta,q 0.90613 12.00588
  0.0942  0.0941  0.0941  0.0945  0.0944  0.0946  0.0941  0.0944  0.0941  0.0943  0.0940  0.0941
  0.0940  0.0940  0.0940  0.0942  0.0942  0.0943  0.0940  0.0941  0.0940  0.0940  0.0940  0.0940
  0.0939  0.0939  0.0939  0.0940  0.0940  0.0940  0.0939  0.0939  0.0939  0.0939  0.0939  0.0939
  0.0939  0.0939  0.0939  0.0939  0.0939  0.0939  0.0939  0.0939  0.0939  0.0939  0.0939  0.0939
  0.0939  0.0939  0.0939  0.0939  0.0939  0.0939  0.0939  0.0940  0.0939  0.0940  0.0939  0.0939
  0.0940  0.0940  0.0940  0.0941  0.0941  0.0941  0.0940  0.0942  0.0940  0.0942  0.0939  0.0939
  0.0942  0.0942  0.0940  0.0945  0.0944  0.0946  0.0941  0.0945  0.0941  0.0945  0.0940  0.0940
registration optimization eta report
parameter search radius
    0.8000    0.8000    0.8000    2.4000    2.4000    2.4000
    2.4000    2.4000    2.4000    2.4000    2.4000    2.4000
100000*second partial in parameter space
       48.       44.       26.       11.        9.       12.
        4.       11.        4.        9.        2.        3.
  0.0942  0.0941  0.0941  0.0945  0.0944  0.0946  0.0941  0.0944  0.0941  0.0943  0.0940  0.0941
  0.0940  0.0940  0.0940  0.0942  0.0942  0.0943  0.0940  0.0941  0.0940  0.0940  0.0940  0.0940
  0.0939  0.0939  0.0939  0.0940  0.0940  0.0940  0.0939  0.0939  0.0939  0.0939  0.0939  0.0939
  0.0939  0.0939  0.0939  0.0939  0.0939  0.0939  0.0939  0.0939  0.0939  0.0939  0.0939  0.0939
  0.0939  0.0939  0.0939  0.0939  0.0939  0.0939  0.0939  0.0940  0.0939  0.0940  0.0939  0.0939
  0.0940  0.0940  0.0940  0.0941  0.0941  0.0941  0.0940  0.0942  0.0940  0.0942  0.0939  0.0939
  0.0942  0.0942  0.0940  0.0945  0.0944  0.0946  0.0941  0.0945  0.0941  0.0945  0.0940  0.0940
   -0.3504    6.5721   13.8966  -10.9628   -1.9839    1.5999
    0.1524    1.4236    1.2311    9.0744    0.6231    7.3501
eta,q 0.90613 12.00588

---------------------------------------------------------------------
imgreg_4dfp /Applications/freesurfer/7.4.1/average/3T18yoSchwartzReactN32_as_orig /Applications/freesurfer/7.4.1/average/711-2B_as_mni_average_305_mask talsrcimg_g11 none talsrcimg_to_3T18yoSchwartzReactN32_as_orig_t4 2311
---------------------------------------------------------------------

freesurfer imgreg_4dfp.c
/Applications/freesurfer/7.4.1/average/3T18yoSchwartzReactN32_as_orig.4dfp.img
       256       256       256         1
  1.000000  1.000000  1.000000
orientation T byte_order littleendian
Reading image: /Applications/freesurfer/7.4.1/average/3T18yoSchwartzReactN32_as_orig.4dfp.img
dimensions:      256       256       256
mmppix:       1.0000   -1.0000   -1.0000
center:     128.0000 -129.0000 -129.0000
/Applications/freesurfer/7.4.1/average/711-2B_as_mni_average_305_mask.4dfp.img
       256       256       256         1
  1.000000  1.000000  1.000000
orientation T byte_order littleendian
Reading mask: /Applications/freesurfer/7.4.1/average/711-2B_as_mni_average_305_mask.4dfp.img (2306576 pixels)
talsrcimg_g11.4dfp.img
       256       256       256         1
  1.000000  1.000000  1.000000
orientation T byte_order littleendian
Reading image: talsrcimg_g11.4dfp.img
dimensions:      256       256       256
mmppix:       1.0000   -1.0000   -1.0000
center:     128.0000 -129.0000 -129.0000
fimgreg.f
image alignment mode   2311 decimal      907 hex
parameters
   -0.3504    6.5721   13.8966  -10.9628   -1.9839    1.5999
    0.1524    1.4236    1.2311    9.0744    0.6231    7.3501
eta,q 0.90613 12.00589
niter,ni,del,rscale     5    3    5.0000    0.8000
parameters
   -0.4067    6.3929   14.0150  -11.3455   -2.2327    1.4240
    0.1599    1.3334    1.1744    9.1407    0.6388    7.4462
eta,q 0.90605 11.97409
  0.0950  0.0947  0.0947  0.0957  0.0953  0.0964  0.0948  0.0961  0.0946  0.0955  0.0945  0.0946
  0.0944  0.0943  0.0942  0.0948  0.0946  0.0952  0.0943  0.0949  0.0943  0.0946  0.0942  0.0943
  0.0940  0.0940  0.0940  0.0941  0.0942  0.0943  0.0940  0.0942  0.0940  0.0941  0.0940  0.0941
  0.0939  0.0939  0.0939  0.0939  0.0939  0.0939  0.0939  0.0939  0.0939  0.0939  0.0940  0.0939
  0.0940  0.0940  0.0939  0.0941  0.0941  0.0941  0.0940  0.0942  0.0940  0.0943  0.0940  0.0940
  0.0945  0.0945  0.0941  0.0951  0.0949  0.0952  0.0943  0.0950  0.0943  0.0947  0.0942  0.0942
  0.0952  0.0952  0.0944  0.0966  0.0958  0.0971  0.0948  0.0963  0.0947  0.0953  0.0945  0.0946
niter,ni,del,rscale     4    3    5.0000    0.7000
parameters
   -0.4270    6.4618   13.9495  -11.1618   -2.2550    1.4242
    0.1858    1.2939    1.1570    9.0657    0.7239    7.5052
eta,q 0.90608 11.97909
  0.0948  0.0947  0.0944  0.0957  0.0952  0.0960  0.0946  0.0957  0.0945  0.0951  0.0944  0.0945
  0.0943  0.0944  0.0941  0.0949  0.0946  0.0950  0.0942  0.0947  0.0942  0.0944  0.0941  0.0942
  0.0940  0.0941  0.0940  0.0943  0.0942  0.0943  0.0940  0.0941  0.0940  0.0940  0.0940  0.0940
  0.0939  0.0939  0.0939  0.0939  0.0939  0.0939  0.0939  0.0939  0.0939  0.0939  0.0939  0.0939
  0.0940  0.0940  0.0940  0.0940  0.0940  0.0940  0.0940  0.0941  0.0940  0.0942  0.0939  0.0940
  0.0944  0.0942  0.0942  0.0945  0.0945  0.0948  0.0942  0.0947  0.0942  0.0946  0.0941  0.0941
  0.0949  0.0946  0.0945  0.0956  0.0954  0.0962  0.0946  0.0957  0.0945  0.0951  0.0943  0.0944
niter,ni,del,rscale     3    3    5.0000    0.6000
parameters
   -0.4427    6.4831   13.9485  -11.0470   -2.1960    1.4701
    0.1951    1.2257    1.1553    8.9327    0.8340    7.5921
eta,q 0.90613 11.98751
  0.0946  0.0945  0.0943  0.0952  0.0949  0.0954  0.0944  0.0952  0.0943  0.0948  0.0942  0.0943
  0.0942  0.0942  0.0941  0.0946  0.0945  0.0947  0.0941  0.0944  0.0941  0.0943  0.0940  0.0941
  0.0940  0.0940  0.0940  0.0942  0.0942  0.0942  0.0939  0.0940  0.0940  0.0940  0.0939  0.0939
  0.0939  0.0939  0.0939  0.0939  0.0939  0.0939  0.0939  0.0939  0.0939  0.0939  0.0939  0.0939
  0.0940  0.0939  0.0940  0.0940  0.0939  0.0940  0.0939  0.0940  0.0939  0.0941  0.0939  0.0939
  0.0942  0.0941  0.0941  0.0944  0.0943  0.0945  0.0941  0.0945  0.0941  0.0945  0.0940  0.0940
  0.0946  0.0945  0.0943  0.0952  0.0950  0.0955  0.0944  0.0953  0.0944  0.0949  0.0942  0.0943
niter,ni,del,rscale     2    3    5.0000    0.5000
parameters
   -0.4577    6.4785   13.9783  -10.9897   -2.0831    1.5373
    0.2298    1.1516    1.1882    8.7814    0.9507    7.7398
eta,q 0.90616 11.99796
  0.0943  0.0943  0.0942  0.0948  0.0947  0.0950  0.0942  0.0947  0.0942  0.0945  0.0941  0.0942
  0.0941  0.0941  0.0940  0.0944  0.0944  0.0944  0.0940  0.0942  0.0940  0.0941  0.0940  0.0940
  0.0939  0.0940  0.0939  0.0940  0.0941  0.0941  0.0939  0.0939  0.0939  0.0939  0.0939  0.0939
  0.0939  0.0939  0.0939  0.0939  0.0939  0.0939  0.0939  0.0939  0.0939  0.0939  0.0938  0.0938
  0.0939  0.0939  0.0939  0.0939  0.0939  0.0939  0.0939  0.0940  0.0939  0.0940  0.0939  0.0939
  0.0941  0.0941  0.0940  0.0942  0.0942  0.0943  0.0940  0.0943  0.0940  0.0943  0.0939  0.0940
  0.0944  0.0943  0.0941  0.0948  0.0947  0.0950  0.0942  0.0948  0.0942  0.0946  0.0941  0.0941
niter,ni,del,rscale     1    3    5.0000    0.4000
parameters
   -0.4766    6.4620   14.0244  -10.9426   -1.9701    1.6093
    0.2365    1.0748    1.2096    8.6465    1.0715    7.8575
eta,q 0.90617 12.00791
  0.0941  0.0941  0.0940  0.0945  0.0944  0.0946  0.0941  0.0944  0.0940  0.0943  0.0940  0.0940
  0.0940  0.0940  0.0939  0.0941  0.0942  0.0942  0.0939  0.0941  0.0939  0.0940  0.0939  0.0939
  0.0939  0.0939  0.0939  0.0939  0.0940  0.0940  0.0938  0.0939  0.0939  0.0939  0.0938  0.0939
  0.0938  0.0938  0.0938  0.0938  0.0938  0.0938  0.0938  0.0938  0.0938  0.0938  0.0938  0.0938
  0.0939  0.0939  0.0939  0.0939  0.0939  0.0939  0.0939  0.0939  0.0939  0.0939  0.0938  0.0938
  0.0940  0.0940  0.0939  0.0941  0.0941  0.0941  0.0939  0.0941  0.0939  0.0941  0.0939  0.0939
  0.0942  0.0942  0.0940  0.0945  0.0944  0.0945  0.0941  0.0945  0.0941  0.0944  0.0940  0.0940
registration optimization eta report
parameter search radius
    0.8000    0.8000    0.8000    2.4000    2.4000    2.4000
    2.4000    2.4000    2.4000    2.4000    2.4000    2.4000
100000*second partial in parameter space
       47.       46.       29.       11.       10.       12.
        4.       11.        4.        9.        3.        3.
  0.0941  0.0941  0.0940  0.0945  0.0944  0.0946  0.0941  0.0944  0.0940  0.0943  0.0940  0.0940
  0.0940  0.0940  0.0939  0.0941  0.0942  0.0942  0.0939  0.0941  0.0939  0.0940  0.0939  0.0939
  0.0939  0.0939  0.0939  0.0939  0.0940  0.0940  0.0938  0.0939  0.0939  0.0939  0.0938  0.0939
  0.0938  0.0938  0.0938  0.0938  0.0938  0.0938  0.0938  0.0938  0.0938  0.0938  0.0938  0.0938
  0.0939  0.0939  0.0939  0.0939  0.0939  0.0939  0.0939  0.0939  0.0939  0.0939  0.0938  0.0938
  0.0940  0.0940  0.0939  0.0941  0.0941  0.0941  0.0939  0.0941  0.0939  0.0941  0.0939  0.0939
  0.0942  0.0942  0.0940  0.0945  0.0944  0.0945  0.0941  0.0945  0.0941  0.0944  0.0940  0.0940
   -0.4766    6.4620   14.0244  -10.9426   -1.9701    1.6093
    0.2365    1.0748    1.2096    8.6465    1.0715    7.8575
eta,q 0.90617 12.00791

---------------------------------------------------------------------
compute_vox2vox talsrcimg talsrcimg_to_3T18yoSchwartzReactN32_as_orig_t4 /Applications/freesurfer/7.4.1/average/3T18yoSchwartzReactN32_as_orig
---------------------------------------------------------------------

freesurfer compute_vox2vox.c
Reading: talsrcimg.4dfp.ifh
Reading: talsrcimg_to_3T18yoSchwartzReactN32_as_orig_t4
Reading: /Applications/freesurfer/7.4.1/average/3T18yoSchwartzReactN32_as_orig.4dfp.ifh
Writing: talsrcimg_to_3T18yoSchwartzReactN32_as_orig_t4_vox2vox.txt

start time Mon Jun 17 13:43:25 EDT 2024
end		time Mon Jun 17 13:43:41 EDT 2024

mpr2mni305 success

avi2talxfm /Users/suhanasaigoli/Desktop/Projects/SURF/iNPH/FastSurfer/OAS1_0001/mri/orig_nu.mgz /Applications/freesurfer/7.4.1/average/mni305.cor.mgz talsrcimg_to_3T18yoSchwartzReactN32_as_orig_t4_vox2vox.txt /Users/suhanasaigoli/Desktop/Projects/SURF/iNPH/FastSurfer/OAS1_0001/mri/transforms/talairach.auto.xfm
avi2talxfm done
mv -f /Users/suhanasaigoli/Desktop/Projects/SURF/iNPH/FastSurfer/OAS1_0001/mri/talsrcimg_to_3T18yoSchwartzReactN32_as_orig_t4_vox2vox.txt /Users/suhanasaigoli/Desktop/Projects/SURF/iNPH/FastSurfer/OAS1_0001/mri/transforms/talsrcimg_to_3T18yoSchwartzReactN32_as_orig_t4_vox2vox.txt
lta_convert --src /Users/suhanasaigoli/Desktop/Projects/SURF/iNPH/FastSurfer/OAS1_0001/mri/orig_nu.mgz --trg /Applications/freesurfer/7.4.1/average/mni305.cor.mgz --inxfm /Users/suhanasaigoli/Desktop/Projects/SURF/iNPH/FastSurfer/OAS1_0001/mri/transforms/talairach.auto.xfm --outlta /Users/suhanasaigoli/Desktop/Projects/SURF/iNPH/FastSurfer/OAS1_0001/mri/transforms/talairach.auto.xfm.lta --subject fsaverage
7.4.1

--src: /Users/suhanasaigoli/Desktop/Projects/SURF/iNPH/FastSurfer/OAS1_0001/mri/orig_nu.mgz src image (geometry).
--trg: /Applications/freesurfer/7.4.1/average/mni305.cor.mgz trg image (geometry).
--inmni: /Users/suhanasaigoli/Desktop/Projects/SURF/iNPH/FastSurfer/OAS1_0001/mri/transforms/talairach.auto.xfm input MNI/XFM transform.
--outlta: /Users/suhanasaigoli/Desktop/Projects/SURF/iNPH/FastSurfer/OAS1_0001/mri/transforms/talairach.auto.xfm.lta output LTA.
--s: fsaverage subject name
 LTA read, type : 1
 1.12304  -0.01173  -0.00177   0.69942;
-0.01084   0.99103  -0.07941  -13.39964;
-0.01290  -0.08727   1.02712  -5.50682;
 0.00000   0.00000   0.00000   1.00000;
setting subject to fsaverage
Writing  LTA to file /Users/suhanasaigoli/Desktop/Projects/SURF/iNPH/FastSurfer/OAS1_0001/mri/transforms/talairach.auto.xfm.lta...
lta_convert successful.
 
 
Started at Mon Jun 17 13:43:24 EDT 2024
Ended   at Mon Jun 17 13:43:42 EDT 2024
talairach_avi done
