/Users/suhanasaigoli/Desktop/Projects/SURF/iNPH/subjectX/mri
/Applications/freesurfer/7.4.1/bin/mri_nu_correct.mni
--i orig.mgz --o nu.mgz --uchar transforms/talairach.xfm --n 2 --ants-n4
nIters 2
FreeSurferEnv.csh 7.4.1
Darwin Suhans-MacBook-Pro-2.local 21.3.0 Darwin Kernel Version 21.3.0: Wed Jan  5 21:37:58 PST 2022; root:xnu-8019.80.24~20/RELEASE_X86_64 x86_64
Sat May 18 09:55:51 EDT 2024
tmpdir is ./tmp.mri_nu_correct.mni.78999
cd /Users/suhanasaigoli/Desktop/Projects/SURF/iNPH/subjectX/mri
AntsN4BiasFieldCorrectionFs -i orig.mgz -o ./tmp.mri_nu_correct.mni.78999/nu0.mgz --dtype uchar
AntsN4BiasFieldCorrectionFs done
mri_binarize --i ./tmp.mri_nu_correct.mni.78999/nu0.mgz --min -1 --o ./tmp.mri_nu_correct.mni.78999/ones.mgz

7.4.1
cwd /Users/suhanasaigoli/Desktop/Projects/SURF/iNPH/subjectX/mri
cmdline mri_binarize --i ./tmp.mri_nu_correct.mni.78999/nu0.mgz --min -1 --o ./tmp.mri_nu_correct.mni.78999/ones.mgz 
sysname  Darwin
hostname Suhans-MacBook-Pro-2.local
machine  x86_64
user     suhanasaigoli

input      ./tmp.mri_nu_correct.mni.78999/nu0.mgz
frame      0
nErode3d   0
nErode2d   0
output     ./tmp.mri_nu_correct.mni.78999/ones.mgz
Binarizing based on threshold
min        -1
max        +infinity
binval        1
binvalnot     0
fstart = 0, fend = 0, nframes = 1
Found 16777216 values in range
Counting number of voxels in first frame
Found 16777215 voxels in final mask
Writing output to ./tmp.mri_nu_correct.mni.78999/ones.mgz
Count: 16777215 16777215.000000 16777216 99.999994
mri_binarize done
mri_segstats --id 1 --seg ./tmp.mri_nu_correct.mni.78999/ones.mgz --i orig.mgz --sum ./tmp.mri_nu_correct.mni.78999/sum.junk --avgwf ./tmp.mri_nu_correct.mni.78999/input.mean.dat

7.4.1
cwd 
cmdline mri_segstats --id 1 --seg ./tmp.mri_nu_correct.mni.78999/ones.mgz --i orig.mgz --sum ./tmp.mri_nu_correct.mni.78999/sum.junk --avgwf ./tmp.mri_nu_correct.mni.78999/input.mean.dat 
sysname  Darwin
hostname Suhans-MacBook-Pro-2.local
machine  x86_64
user     suhanasaigoli
whitesurfname  white
UseRobust  0
Loading ./tmp.mri_nu_correct.mni.78999/ones.mgz
Loading orig.mgz
Voxel Volume is 1 mm^3
Generating list of segmentation ids
Found   1 segmentations
Computing statistics for each segmentation

Reporting on   1 segmentations
Using PrintSegStat
Computing spatial average of each frame

Writing to ./tmp.mri_nu_correct.mni.78999/input.mean.dat
mri_segstats done
mri_segstats --id 1 --seg ./tmp.mri_nu_correct.mni.78999/ones.mgz --i ./tmp.mri_nu_correct.mni.78999/nu0.mgz --sum ./tmp.mri_nu_correct.mni.78999/sum.junk --avgwf ./tmp.mri_nu_correct.mni.78999/output.mean.dat

7.4.1
cwd 
cmdline mri_segstats --id 1 --seg ./tmp.mri_nu_correct.mni.78999/ones.mgz --i ./tmp.mri_nu_correct.mni.78999/nu0.mgz --sum ./tmp.mri_nu_correct.mni.78999/sum.junk --avgwf ./tmp.mri_nu_correct.mni.78999/output.mean.dat 
sysname  Darwin
hostname Suhans-MacBook-Pro-2.local
machine  x86_64
user     suhanasaigoli
whitesurfname  white
UseRobust  0
Loading ./tmp.mri_nu_correct.mni.78999/ones.mgz
Loading ./tmp.mri_nu_correct.mni.78999/nu0.mgz
Voxel Volume is 1 mm^3
Generating list of segmentation ids
Found   1 segmentations
Computing statistics for each segmentation

Reporting on   1 segmentations
Using PrintSegStat
Computing spatial average of each frame

Writing to ./tmp.mri_nu_correct.mni.78999/output.mean.dat
mri_segstats done
mris_calc -o ./tmp.mri_nu_correct.mni.78999/nu0.mgz ./tmp.mri_nu_correct.mni.78999/nu0.mgz mul .81217954554962998693
mri_convert ./tmp.mri_nu_correct.mni.78999/nu0.mgz nu.mgz --like orig.mgz
mri_convert ./tmp.mri_nu_correct.mni.78999/nu0.mgz nu.mgz --like orig.mgz 
reading from ./tmp.mri_nu_correct.mni.78999/nu0.mgz...
TR=0.00, TE=0.00, TI=0.00, flip angle=0.00
i_ras = (-1, 0, 0)
j_ras = (0, 0, -1)
k_ras = (0, 1, 0)
INFO: transform src into the like-volume: orig.mgz
writing to nu.mgz...
mri_make_uchar nu.mgz transforms/talairach.xfm nu.mgz
type change took 0 minutes and 7 seconds.
FIRST_PERCENTILE 0.010000
WM_PERCENTILE    0.900000
MAX_R 50.000000
i1 = 2, i2 = 63
#mri_make_uchar# mapping  4 111 to  3 110  :  b -0.972951 m 0.996492 : thresh 0.976376 maxsat 256.874 : nzero 11892656 nsat 0
 
 
Sat May 18 09:59:44 EDT 2024
mri_nu_correct.mni done
