status file for recon-all
Mon Jun 17 13:45:45 EDT 2024
#@# Merge ASeg Mon Jun 17 13:45:45 EDT 2024
#@# Intensity Normalization2 Mon Jun 17 13:45:45 EDT 2024
#@# Mask BFS Mon Jun 17 13:47:56 EDT 2024
#@# WM Segmentation Mon Jun 17 13:47:57 EDT 2024
#@# Fill Mon Jun 17 13:49:42 EDT 2024
recon-all -s OAS1_0001 finished without error at Mon Jun 17 13:50:43 EDT 2024
\n\n
\n\n
#New# invocation of recon-all 
#New# invocation of recon-all 
\n\n
\n\n
status file for recon-all
status file for recon-all
Mon Jun 17 13:50:56 EDT 2024
Mon Jun 17 13:50:56 EDT 2024
#@# Inflation1 rh Mon Jun 17 13:50:56 EDT 2024
#@# Inflation1 lh Mon Jun 17 13:50:56 EDT 2024
recon-all -s OAS1_0001 finished without error at Mon Jun 17 13:51:13 EDT 2024
recon-all -s OAS1_0001 finished without error at Mon Jun 17 13:51:13 EDT 2024
\n\n
#New# invocation of recon-all 
\n\n
status file for recon-all
\n\n
#New# invocation of recon-all 
\n\n
status file for recon-all
Mon Jun 17 13:51:31 EDT 2024
Mon Jun 17 13:51:31 EDT 2024
#@# Fix Topology rh Mon Jun 17 13:51:31 EDT 2024
#@# Fix Topology lh Mon Jun 17 13:51:31 EDT 2024
recon-all -s OAS1_0001 finished without error at Mon Jun 17 13:56:18 EDT 2024
\n\n
#New# invocation of recon-all 
\n\n
status file for recon-all
Mon Jun 17 13:56:22 EDT 2024
#@# Smooth2 rh Mon Jun 17 13:56:22 EDT 2024
#@# Inflation2 rh Mon Jun 17 13:56:25 EDT 2024
#@# Curv .H and .K rh Mon Jun 17 13:56:42 EDT 2024
recon-all -s OAS1_0001 finished without error at Mon Jun 17 13:57:05 EDT 2024
\n\n
#New# invocation of recon-all 
\n\n
status file for recon-all
Mon Jun 17 13:57:08 EDT 2024
#@# Smooth2 lh Mon Jun 17 13:57:08 EDT 2024
#@# Inflation2 lh Mon Jun 17 13:57:11 EDT 2024
recon-all -s OAS1_0001 finished without error at Mon Jun 17 13:57:14 EDT 2024
#@# Curv .H and .K lh Mon Jun 17 13:57:27 EDT 2024
\n\n
#New# invocation of recon-all 
\n\n
status file for recon-all
Mon Jun 17 13:57:36 EDT 2024
#@# Sphere rh Mon Jun 17 13:57:36 EDT 2024
recon-all -s OAS1_0001 finished without error at Mon Jun 17 13:58:01 EDT 2024
\n\n
#New# invocation of recon-all 
\n\n
status file for recon-all
Mon Jun 17 13:58:22 EDT 2024
#@# Sphere lh Mon Jun 17 13:58:22 EDT 2024
recon-all -s OAS1_0001 finished without error at Mon Jun 17 14:09:32 EDT 2024
recon-all -s OAS1_0001 finished without error at Mon Jun 17 14:10:30 EDT 2024
\n\n
#New# invocation of recon-all 
\n\n
status file for recon-all
Mon Jun 17 14:29:24 EDT 2024
#@# white curv rh Mon Jun 17 14:29:24 EDT 2024
#@# white area rh Mon Jun 17 14:29:24 EDT 2024
#@# pial curv rh Mon Jun 17 14:29:24 EDT 2024
#@# pial area rh Mon Jun 17 14:29:24 EDT 2024
#@# thickness rh Mon Jun 17 14:29:24 EDT 2024
#@# area and vertex vol rh Mon Jun 17 14:29:25 EDT 2024
#@# Curvature Stats rh Mon Jun 17 14:29:26 EDT 2024
recon-all -s OAS1_0001 finished without error at Mon Jun 17 14:29:29 EDT 2024
\n\n
#New# invocation of recon-all 
\n\n
status file for recon-all
Mon Jun 17 14:31:19 EDT 2024
#@# white curv lh Mon Jun 17 14:31:19 EDT 2024
#@# white area lh Mon Jun 17 14:31:19 EDT 2024
#@# pial curv lh Mon Jun 17 14:31:19 EDT 2024
#@# pial area lh Mon Jun 17 14:31:19 EDT 2024
#@# thickness lh Mon Jun 17 14:31:19 EDT 2024
#@# area and vertex vol lh Mon Jun 17 14:31:19 EDT 2024
#@# Curvature Stats lh Mon Jun 17 14:31:21 EDT 2024
recon-all -s OAS1_0001 finished without error at Mon Jun 17 14:31:24 EDT 2024
\n\n
#New# invocation of recon-all 
\n\n
status file for recon-all
Mon Jun 17 14:31:27 EDT 2024
#@# white curv lh Mon Jun 17 14:31:27 EDT 2024
#@# white area lh Mon Jun 17 14:31:27 EDT 2024
#@# pial curv lh Mon Jun 17 14:31:27 EDT 2024
#@# pial area lh Mon Jun 17 14:31:27 EDT 2024
#@# thickness lh Mon Jun 17 14:31:27 EDT 2024
#@# area and vertex vol lh Mon Jun 17 14:31:27 EDT 2024
#@# white curv rh Mon Jun 17 14:31:27 EDT 2024
#@# white area rh Mon Jun 17 14:31:27 EDT 2024
#@# pial curv rh Mon Jun 17 14:31:27 EDT 2024
#@# pial area rh Mon Jun 17 14:31:27 EDT 2024
#@# thickness rh Mon Jun 17 14:31:27 EDT 2024
#@# area and vertex vol rh Mon Jun 17 14:31:27 EDT 2024
#@# Cortical ribbon mask Mon Jun 17 14:31:27 EDT 2024
recon-all -s OAS1_0001 finished without error at Mon Jun 17 14:37:01 EDT 2024
\n\n
#New# invocation of recon-all 
\n\n
status file for recon-all
Mon Jun 17 14:37:38 EDT 2024
#@# white curv lh Mon Jun 17 14:37:38 EDT 2024
#@# white area lh Mon Jun 17 14:37:38 EDT 2024
#@# pial curv lh Mon Jun 17 14:37:38 EDT 2024
#@# pial area lh Mon Jun 17 14:37:38 EDT 2024
#@# thickness lh Mon Jun 17 14:37:38 EDT 2024
#@# area and vertex vol lh Mon Jun 17 14:37:38 EDT 2024
#@# white curv rh Mon Jun 17 14:37:38 EDT 2024
#@# white area rh Mon Jun 17 14:37:38 EDT 2024
#@# pial curv rh Mon Jun 17 14:37:38 EDT 2024
#@# pial area rh Mon Jun 17 14:37:38 EDT 2024
#@# thickness rh Mon Jun 17 14:37:38 EDT 2024
#@# area and vertex vol rh Mon Jun 17 14:37:38 EDT 2024
#@# Relabel Hypointensities Mon Jun 17 14:37:38 EDT 2024
#@# APas-to-ASeg Mon Jun 17 14:37:52 EDT 2024
recon-all -s OAS1_0001 finished without error at Mon Jun 17 14:38:02 EDT 2024
\n\n
#New# invocation of recon-all 
\n\n
status file for recon-all
Mon Jun 17 14:39:18 EDT 2024
#@# white curv lh Mon Jun 17 14:39:18 EDT 2024
#@# white area lh Mon Jun 17 14:39:18 EDT 2024
#@# pial curv lh Mon Jun 17 14:39:18 EDT 2024
#@# pial area lh Mon Jun 17 14:39:18 EDT 2024
#@# thickness lh Mon Jun 17 14:39:18 EDT 2024
#@# area and vertex vol lh Mon Jun 17 14:39:18 EDT 2024
#@# white curv rh Mon Jun 17 14:39:18 EDT 2024
#@# white area rh Mon Jun 17 14:39:18 EDT 2024
#@# pial curv rh Mon Jun 17 14:39:18 EDT 2024
#@# pial area rh Mon Jun 17 14:39:18 EDT 2024
#@# thickness rh Mon Jun 17 14:39:18 EDT 2024
#@# area and vertex vol rh Mon Jun 17 14:39:18 EDT 2024
#@# ASeg Stats Mon Jun 17 14:39:22 EDT 2024
recon-all -s OAS1_0001 finished without error at Mon Jun 17 14:41:32 EDT 2024
