status file for recon-all
Sat Jun 29 17:42:44 EDT 2024
#@# Merge ASeg Sat Jun 29 17:42:44 EDT 2024
#@# Intensity Normalization2 Sat Jun 29 17:42:44 EDT 2024
#@# Mask BFS Sat Jun 29 17:45:04 EDT 2024
#@# WM Segmentation Sat Jun 29 17:45:05 EDT 2024
#@# Fill Sat Jun 29 17:46:57 EDT 2024
recon-all -s OAS1_0001-3 finished without error at Sat Jun 29 17:48:03 EDT 2024
\n\n
\n\n
#New# invocation of recon-all 
\n\n
#New# invocation of recon-all 
\n\n
status file for recon-all
status file for recon-all
Sat Jun 29 17:48:15 EDT 2024
Sat Jun 29 17:48:15 EDT 2024
#@# Inflation1 lh Sat Jun 29 17:48:15 EDT 2024
#@# Inflation1 rh Sat Jun 29 17:48:15 EDT 2024
recon-all -s OAS1_0001-3 finished without error at Sat Jun 29 17:48:32 EDT 2024
recon-all -s OAS1_0001-3 finished without error at Sat Jun 29 17:48:32 EDT 2024
\n\n
#New# invocation of recon-all 
\n\n
status file for recon-all
Sat Jun 29 17:48:51 EDT 2024
#@# Fix Topology lh Sat Jun 29 17:48:51 EDT 2024
\n\n
#New# invocation of recon-all 
\n\n
status file for recon-all
Sat Jun 29 17:48:51 EDT 2024
#@# QSphere rh Sat Jun 29 17:48:51 EDT 2024
recon-all -s OAS1_0001-3 finished without error at Sat Jun 29 17:50:42 EDT 2024
\n\n
#New# invocation of recon-all 
\n\n
status file for recon-all
Sat Jun 29 17:50:45 EDT 2024
#@# Fix Topology rh Sat Jun 29 17:50:45 EDT 2024
recon-all -s OAS1_0001-3 finished without error at Sat Jun 29 17:53:58 EDT 2024
\n\n
#New# invocation of recon-all 
\n\n
status file for recon-all
Sat Jun 29 17:54:02 EDT 2024
#@# Smooth2 lh Sat Jun 29 17:54:02 EDT 2024
#@# Inflation2 lh Sat Jun 29 17:54:05 EDT 2024
#@# Curv .H and .K lh Sat Jun 29 17:54:24 EDT 2024
recon-all -s OAS1_0001-3 finished without error at Sat Jun 29 17:54:59 EDT 2024
\n\n
#New# invocation of recon-all 
\n\n
status file for recon-all
Sat Jun 29 17:55:23 EDT 2024
#@# Sphere lh Sat Jun 29 17:55:23 EDT 2024
recon-all -s OAS1_0001-3 finished without error at Sat Jun 29 17:56:20 EDT 2024
\n\n
#New# invocation of recon-all 
\n\n
status file for recon-all
Sat Jun 29 17:56:24 EDT 2024
#@# Smooth2 rh Sat Jun 29 17:56:24 EDT 2024
#@# Inflation2 rh Sat Jun 29 17:56:27 EDT 2024
#@# Curv .H and .K rh Sat Jun 29 17:56:47 EDT 2024
recon-all -s OAS1_0001-3 finished without error at Sat Jun 29 17:57:24 EDT 2024
\n\n
#New# invocation of recon-all 
\n\n
status file for recon-all
Sat Jun 29 17:57:50 EDT 2024
#@# Sphere rh Sat Jun 29 17:57:50 EDT 2024
recon-all -s OAS1_0001-3 finished without error at Sat Jun 29 18:05:09 EDT 2024
recon-all -s OAS1_0001-3 finished without error at Sat Jun 29 18:06:08 EDT 2024
\n\n
#New# invocation of recon-all 
\n\n
status file for recon-all
Sat Jun 29 18:31:51 EDT 2024
#@# white curv rh Sat Jun 29 18:31:51 EDT 2024
#@# white area rh Sat Jun 29 18:31:51 EDT 2024
#@# pial curv rh Sat Jun 29 18:31:51 EDT 2024
#@# pial area rh Sat Jun 29 18:31:51 EDT 2024
#@# thickness rh Sat Jun 29 18:31:51 EDT 2024
#@# area and vertex vol rh Sat Jun 29 18:31:51 EDT 2024
#@# Curvature Stats rh Sat Jun 29 18:31:54 EDT 2024
recon-all -s OAS1_0001-3 finished without error at Sat Jun 29 18:31:58 EDT 2024
\n\n
#New# invocation of recon-all 
\n\n
status file for recon-all
Sat Jun 29 18:32:29 EDT 2024
#@# white curv lh Sat Jun 29 18:32:29 EDT 2024
#@# white area lh Sat Jun 29 18:32:29 EDT 2024
#@# pial curv lh Sat Jun 29 18:32:29 EDT 2024
#@# pial area lh Sat Jun 29 18:32:29 EDT 2024
#@# thickness lh Sat Jun 29 18:32:29 EDT 2024
#@# area and vertex vol lh Sat Jun 29 18:32:29 EDT 2024
#@# Curvature Stats lh Sat Jun 29 18:32:32 EDT 2024
recon-all -s OAS1_0001-3 finished without error at Sat Jun 29 18:32:36 EDT 2024
\n\n
#New# invocation of recon-all 
\n\n
status file for recon-all
Sat Jun 29 18:32:40 EDT 2024
#@# white curv lh Sat Jun 29 18:32:40 EDT 2024
#@# white area lh Sat Jun 29 18:32:40 EDT 2024
#@# pial curv lh Sat Jun 29 18:32:40 EDT 2024
#@# pial area lh Sat Jun 29 18:32:40 EDT 2024
#@# thickness lh Sat Jun 29 18:32:40 EDT 2024
#@# area and vertex vol lh Sat Jun 29 18:32:40 EDT 2024
#@# white curv rh Sat Jun 29 18:32:40 EDT 2024
#@# white area rh Sat Jun 29 18:32:40 EDT 2024
#@# pial curv rh Sat Jun 29 18:32:40 EDT 2024
#@# pial area rh Sat Jun 29 18:32:40 EDT 2024
#@# thickness rh Sat Jun 29 18:32:40 EDT 2024
#@# area and vertex vol rh Sat Jun 29 18:32:40 EDT 2024
#@# Cortical ribbon mask Sat Jun 29 18:32:40 EDT 2024
recon-all -s OAS1_0001-3 finished without error at Sat Jun 29 18:42:08 EDT 2024
\n\n
#New# invocation of recon-all 
\n\n
status file for recon-all
Sat Jun 29 18:42:39 EDT 2024
#@# white curv lh Sat Jun 29 18:42:39 EDT 2024
#@# white area lh Sat Jun 29 18:42:39 EDT 2024
#@# pial curv lh Sat Jun 29 18:42:39 EDT 2024
#@# pial area lh Sat Jun 29 18:42:39 EDT 2024
#@# thickness lh Sat Jun 29 18:42:39 EDT 2024
#@# area and vertex vol lh Sat Jun 29 18:42:39 EDT 2024
#@# white curv rh Sat Jun 29 18:42:39 EDT 2024
#@# white area rh Sat Jun 29 18:42:40 EDT 2024
#@# pial curv rh Sat Jun 29 18:42:40 EDT 2024
#@# pial area rh Sat Jun 29 18:42:40 EDT 2024
#@# thickness rh Sat Jun 29 18:42:40 EDT 2024
#@# area and vertex vol rh Sat Jun 29 18:42:40 EDT 2024
#@# Relabel Hypointensities Sat Jun 29 18:42:40 EDT 2024
#@# APas-to-ASeg Sat Jun 29 18:42:52 EDT 2024
recon-all -s OAS1_0001-3 finished without error at Sat Jun 29 18:43:01 EDT 2024
\n\n
#New# invocation of recon-all 
\n\n
status file for recon-all
Sat Jun 29 18:44:18 EDT 2024
#@# white curv lh Sat Jun 29 18:44:18 EDT 2024
#@# white area lh Sat Jun 29 18:44:18 EDT 2024
#@# pial curv lh Sat Jun 29 18:44:18 EDT 2024
#@# pial area lh Sat Jun 29 18:44:18 EDT 2024
#@# thickness lh Sat Jun 29 18:44:18 EDT 2024
#@# area and vertex vol lh Sat Jun 29 18:44:18 EDT 2024
#@# white curv rh Sat Jun 29 18:44:18 EDT 2024
#@# white area rh Sat Jun 29 18:44:18 EDT 2024
#@# pial curv rh Sat Jun 29 18:44:18 EDT 2024
#@# pial area rh Sat Jun 29 18:44:18 EDT 2024
#@# thickness rh Sat Jun 29 18:44:18 EDT 2024
#@# area and vertex vol rh Sat Jun 29 18:44:18 EDT 2024
#@# ASeg Stats Sat Jun 29 18:44:22 EDT 2024
recon-all -s OAS1_0001-3 finished without error at Sat Jun 29 18:46:31 EDT 2024
