./run_fastsurfer.sh --t1 /Applications/freesurfer/7.4.1/subjects/bert/mri/T1.mgz --sid subjectX --sd /Users/suhanasaigoli/Desktop/Projects/SURF/iNPH --parallel --threads 4 --3T
Sat, 18 May 2024 10:22:53 -0400
2.3.0-dev+92e6653
./run_fastsurfer.sh --t1 /Users/suhanasaigoli/Downloads/MD5E-s6217734--309bfd7c87b68e0dd999b20784fbb872.nii.gz --sid subjectX --sd /Users/suhanasaigoli/Desktop/Projects/SURF/iNPH --parallel --threads 4 --3T
Wed, 29 May 2024 13:49:07 -0400
2.3.0-dev+92e6653
./run_fastsurfer.sh --t1 /Users/suhanasaigoli/Downloads/MD5E-s6217734--309bfd7c87b68e0dd999b20784fbb872.nii.gz --sid subjectX --sd /Users/suhanasaigoli/Desktop/Projects/SURF/iNPH --parallel --threads 4 --3T
Wed, 29 May 2024 13:49:15 -0400
2.3.0-dev+92e6653
./run_fastsurfer.sh --t1 /Users/suhanasaigoli/Downloads/MD5E-s6217734--309bfd7c87b68e0dd999b20784fbb872.nii.gz --sid subjectX --sd /Users/suhanasaigoli/Desktop/Projects/SURF/iNPH --parallel --threads 4 --3T
Wed, 29 May 2024 13:49:30 -0400
2.3.0-dev+92e6653
./run_fastsurfer.sh --t1 /Users/suhanasaigoli/Downloads/MD5E-s6217734--309bfd7c87b68e0dd999b20784fbb872.nii.gz --sid subjectX --sd /Users/suhanasaigoli/Desktop/Projects/SURF/iNPH --parallel --threads 4 --3T
Wed, 29 May 2024 13:50:51 -0400
2.3.0-dev+92e6653
./run_fastsurfer.sh --t1 /Users/suhanasaigoli/Downloads/MD5E-s6217734--309bfd7c87b68e0dd999b20784fbb872.nii.gz --sid subjectX --sd /Users/suhanasaigoli/Desktop/Projects/SURF/iNPH --parallel --threads 4 --3T
Wed, 29 May 2024 13:51:01 -0400
2.3.0-dev+92e6653
./run_fastsurfer.sh --t1 /Users/suhanasaigoli/Downloads/MD5E-s6217734--309bfd7c87b68e0dd999b20784fbb872.nii.gz --sid subjectX --sd /Users/suhanasaigoli/Desktop/Projects/SURF/iNPH --parallel --threads 4 --3T
Wed, 29 May 2024 13:51:48 -0400
2.3.0-dev+92e6653
./run_fastsurfer.sh --t1 /Users/suhanasaigoli/Downloads/MD5E-s6217734--309bfd7c87b68e0dd999b20784fbb872.nii.gz --sid subjectX --sd /Users/suhanasaigoli/Desktop/Projects/SURF/iNPH --parallel --threads 4 --3T
Wed, 29 May 2024 14:08:10 -0400
2.3.0-dev+92e6653
./run_fastsurfer.sh --t1 /Users/suhanasaigoli/Downloads/MD5E-s6217734--309bfd7c87b68e0dd999b20784fbb872.nii.gz --sid subjectX --sd /Users/suhanasaigoli/Desktop/Projects/SURF/iNPH --parallel --threads 4 --3T
Wed, 29 May 2024 14:08:33 -0400
2.3.0-dev+92e6653
./run_fastsurfer.sh --t1 /Users/suhanasaigoli/Downloads/MD5E-s6217734--309bfd7c87b68e0dd999b20784fbb872.nii.gz --sid subjectX --sd /Users/suhanasaigoli/Desktop/Projects/SURF/iNPH --parallel --threads 4 --3T
Wed, 29 May 2024 14:11:08 -0400
2.3.0-dev+92e6653
./run_fastsurfer.sh --t1 /Users/suhanasaigoli/Downloads/MD5E-s6217734--309bfd7c87b68e0dd999b20784fbb872.nii.gz --sid subjectX --sd /Users/suhanasaigoli/Desktop/Projects/SURF/iNPH --parallel --threads 4 --3T
Wed, 29 May 2024 14:13:12 -0400
2.3.0-dev+92e6653
./run_fastsurfer.sh --t1 /Users/suhanasaigoli/Downloads/MD5E-s6217734--309bfd7c87b68e0dd999b20784fbb872.nii.gz --sid subjectX --sd /Users/suhanasaigoli/Desktop/Projects/SURF/iNPH --parallel --threads 4 --3T
Wed, 29 May 2024 14:32:58 -0400
2.3.0-dev+92e6653
./run_fastsurfer.sh --t1 /Users/suhanasaigoli/Downloads/MD5E-s6217734--309bfd7c87b68e0dd999b20784fbb872.nii.gz --sid subjectX --sd /Users/suhanasaigoli/Desktop/Projects/SURF/iNPH --parallel --threads 4 --3T
Wed, 29 May 2024 14:36:31 -0400
2.3.0-dev+92e6653
