Version: 2.3.0-dev+92e6653
Log file for segmentation FastSurferCNN/run_prediction.py
Sat May 18 10:22:53 EDT 2024

python3.10 -s /Users/suhanasaigoli/Desktop/Projects/SURF/iNPH/FastSurfer/FastSurferCNN/run_prediction.py --t1 /Applications/freesurfer/7.4.1/subjects/bert/mri/T1.mgz --asegdkt_segfile /Users/suhanasaigoli/Desktop/Projects/SURF/iNPH/subjectX/mri/aparc.DKTatlas+aseg.deep.mgz --conformed_name /Users/suhanasaigoli/Desktop/Projects/SURF/iNPH/subjectX/mri/orig.mgz --brainmask_name /Users/suhanasaigoli/Desktop/Projects/SURF/iNPH/subjectX/mri/mask.mgz --aseg_name /Users/suhanasaigoli/Desktop/Projects/SURF/iNPH/subjectX/mri/aseg.auto_noCCseg.mgz --sid subjectX --seg_log /Users/suhanasaigoli/Desktop/Projects/SURF/iNPH/subjectX/scripts/deep-seg.log --vox_size min --batch_size 1 --viewagg_device auto --device auto --sd /Users/suhanasaigoli/Desktop/Projects/SURF/iNPH
[INFO: run_prediction.py:  652]: Checking or downloading default checkpoints ...
[INFO: common.py:  831]: Single subject with absolute file path for input.
[INFO: common.py:  889]: Analyzing single subject /Applications/freesurfer/7.4.1/subjects/bert/mri/T1.mgz
[INFO: common.py:  990]: Output will be stored in Subjects Directory: /Users/suhanasaigoli/Desktop/Projects/SURF/iNPH
[INFO: common.py:  114]: Using device: cpu
[INFO: run_prediction.py:  245]: Running view aggregation on cpu
[INFO: inference.py:  200]: Loading checkpoint /Users/suhanasaigoli/Desktop/Projects/SURF/iNPH/FastSurfer/checkpoints/aparc_vinn_coronal_v2.0.0.pkl
[INFO: inference.py:  200]: Loading checkpoint /Users/suhanasaigoli/Desktop/Projects/SURF/iNPH/FastSurfer/checkpoints/aparc_vinn_sagittal_v2.0.0.pkl
[INFO: inference.py:  200]: Loading checkpoint /Users/suhanasaigoli/Desktop/Projects/SURF/iNPH/FastSurfer/checkpoints/aparc_vinn_axial_v2.0.0.pkl
[INFO: run_prediction.py:  324]: Successfully loaded image from /Applications/freesurfer/7.4.1/subjects/bert/mri/T1.mgz.
[INFO: run_prediction.py:  454]: Successfully saved image   as /Users/suhanasaigoli/Desktop/Projects/SURF/iNPH/subjectX/mri/orig/001.mgz.
[INFO: run_prediction.py:  454]: Successfully saved image   as /Users/suhanasaigoli/Desktop/Projects/SURF/iNPH/subjectX/mri/orig.mgz.
[INFO: run_prediction.py:  400]: Run coronal prediction
[INFO: dataset.py:   78]: Loading Coronal with input voxelsize (1.0, 1.0)
[INFO: inference.py:  404]: Inference on 256 batches for coronal successful
[INFO: inference.py:  466]: Coronal inference on /Applications/freesurfer/7.4.1/subjects/bert/mri/T1.mgz finished in 340.8742 seconds
[INFO: run_prediction.py:  400]: Run sagittal prediction
[INFO: dataset.py:   69]: Loading Sagittal with input voxelsize (1.0, 1.0)
[INFO: inference.py:  404]: Inference on 256 batches for sagittal successful
[INFO: inference.py:  466]: Sagittal inference on /Applications/freesurfer/7.4.1/subjects/bert/mri/T1.mgz finished in 342.7522 seconds
[INFO: run_prediction.py:  400]: Run axial prediction
[INFO: dataset.py:   74]: Loading Axial with input voxelsize (1.0, 1.0)
[INFO: inference.py:  404]: Inference on 256 batches for axial successful
[INFO: inference.py:  466]: Axial inference on /Applications/freesurfer/7.4.1/subjects/bert/mri/T1.mgz finished in 316.8181 seconds
[INFO: run_prediction.py:  454]: Successfully saved image   as /Users/suhanasaigoli/Desktop/Projects/SURF/iNPH/subjectX/mri/aparc.DKTatlas+aseg.deep.mgz.
[INFO: run_prediction.py:  729]: Creating brainmask based on segmentation...
[INFO: run_prediction.py:  454]: Successfully saved image   as /Users/suhanasaigoli/Desktop/Projects/SURF/iNPH/subjectX/mri/mask.mgz.
[INFO: run_prediction.py:  748]: Creating aseg based on segmentation...
[INFO: run_prediction.py:  454]: Successfully saved image   as /Users/suhanasaigoli/Desktop/Projects/SURF/iNPH/subjectX/mri/aseg.auto_noCCseg.mgz.
[INFO: run_prediction.py:  767]: Running volume-based QC check on segmentation...
INFO: Running N4 bias-field correction
python3.10 -s /Users/suhanasaigoli/Desktop/Projects/SURF/iNPH/FastSurfer/recon_surf/N4_bias_correct.py --in /Users/suhanasaigoli/Desktop/Projects/SURF/iNPH/subjectX/mri/orig.mgz --rescale /Users/suhanasaigoli/Desktop/Projects/SURF/iNPH/subjectX/mri/orig_nu.mgz --aseg /Users/suhanasaigoli/Desktop/Projects/SURF/iNPH/subjectX/mri/aparc.DKTatlas+aseg.deep.mgz --threads 4
python3.10 -s /Users/suhanasaigoli/Desktop/Projects/SURF/iNPH/FastSurfer/FastSurferCNN/segstats.py --segfile /Users/suhanasaigoli/Desktop/Projects/SURF/iNPH/subjectX/mri/aparc.DKTatlas+aseg.deep.mgz --segstatsfile /Users/suhanasaigoli/Desktop/Projects/SURF/iNPH/subjectX/stats/aseg+DKT.stats --normfile /Users/suhanasaigoli/Desktop/Projects/SURF/iNPH/subjectX/mri/orig_nu.mgz --threads 4 --empty --excludeid 0 --ids 2 4 5 7 8 10 11 12 13 14 15 16 17 18 24 26 28 31 41 43 44 46 47 49 50 51 52 53 54 58 60 63 77 251 252 253 254 255 1002 1003 1005 1006 1007 1008 1009 1010 1011 1012 1013 1014 1015 1016 1017 1018 1019 1020 1021 1022 1023 1024 1025 1026 1027 1028 1029 1030 1031 1034 1035 2002 2003 2005 2006 2007 2008 2009 2010 2011 2012 2013 2014 2015 2016 2017 2018 2019 2020 2021 2022 2023 2024 2025 2026 2027 2028 2029 2030 2031 2034 2035 --lut /Users/suhanasaigoli/Desktop/Projects/SURF/iNPH/FastSurfer/FastSurferCNN/config/FreeSurferColorLUT.txt
/Users/suhanasaigoli/Desktop/Projects/SURF/iNPH/FastSurfer/FastSurferCNN/segstats.py:726: FutureWarning: The 'delim_whitespace' keyword in pd.read_csv is deprecated and will be removed in a future version. Use ``sep='\s+'`` instead
  return pd.read_csv(
Partial volume stats for 100 labels written to /Users/suhanasaigoli/Desktop/Projects/SURF/iNPH/subjectX/stats/aseg+DKT.stats.
Calculation took 7.34 seconds using up to 4 threads.
python3.10 -s /Users/suhanasaigoli/Desktop/Projects/SURF/iNPH/FastSurfer/CerebNet/run_prediction.py --t1 /Applications/freesurfer/7.4.1/subjects/bert/mri/T1.mgz --asegdkt_segfile /Users/suhanasaigoli/Desktop/Projects/SURF/iNPH/subjectX/mri/aparc.DKTatlas+aseg.deep.mgz --conformed_name /Users/suhanasaigoli/Desktop/Projects/SURF/iNPH/subjectX/mri/orig.mgz --cereb_segfile /Users/suhanasaigoli/Desktop/Projects/SURF/iNPH/subjectX/mri/cerebellum.CerebNet.nii.gz --seg_log /Users/suhanasaigoli/Desktop/Projects/SURF/iNPH/subjectX/scripts/deep-seg.log --async_io --batch_size 1 --viewagg_device auto --device auto --threads 4 --norm_name /Users/suhanasaigoli/Desktop/Projects/SURF/iNPH/subjectX/mri/orig_nu.mgz --cereb_statsfile /Users/suhanasaigoli/Desktop/Projects/SURF/iNPH/subjectX/stats/cerebellum.CerebNet.stats --sd /Users/suhanasaigoli/Desktop/Projects/SURF/iNPH
[INFO: run_prediction.py:  157]: Checking or downloading default checkpoints ...
[INFO: common.py:  831]: Single subject with absolute file path for input.
[INFO: common.py:  889]: Analyzing single subject /Applications/freesurfer/7.4.1/subjects/bert/mri/T1.mgz
[INFO: common.py:  114]: Using device: cpu
[INFO: common.py:  114]: Using viewagg_device: cpu
[INFO: inference.py:  424]: 24-05-18_10:41:07
[INFO: inference.py:  347]: Saving CerebNet cerebellum segmentation at /Users/suhanasaigoli/Desktop/Projects/SURF/iNPH/subjectX/mri/cerebellum.CerebNet.nii.gz
[INFO: inference.py:  500]: Subject 1/1 with id 'T1.mgz' processed in 79.82 sec.
./recon-surf.sh --sid subjectX --sd /Users/suhanasaigoli/Desktop/Projects/SURF/iNPH --t1 /Users/suhanasaigoli/Desktop/Projects/SURF/iNPH/subjectX/mri/orig.mgz --asegdkt_segfile /Users/suhanasaigoli/Desktop/Projects/SURF/iNPH/subjectX/mri/aparc.DKTatlas+aseg.deep.mgz --threads 4 --py python3.10 -s --parallel --3T
Version: 2.3.0-dev+92e6653
Log file for segmentation FastSurferCNN/run_prediction.py
Wed May 29 13:49:07 EDT 2024

python3.10 -s /Users/suhanasaigoli/Desktop/Projects/SURF/iNPH/FastSurfer/FastSurferCNN/run_prediction.py --t1 /Users/suhanasaigoli/Downloads/MD5E-s6217734--309bfd7c87b68e0dd999b20784fbb872.nii.gz --asegdkt_segfile /Users/suhanasaigoli/Desktop/Projects/SURF/iNPH/subjectX/mri/aparc.DKTatlas+aseg.deep.mgz --conformed_name /Users/suhanasaigoli/Desktop/Projects/SURF/iNPH/subjectX/mri/orig.mgz --brainmask_name /Users/suhanasaigoli/Desktop/Projects/SURF/iNPH/subjectX/mri/mask.mgz --aseg_name /Users/suhanasaigoli/Desktop/Projects/SURF/iNPH/subjectX/mri/aseg.auto_noCCseg.mgz --sid subjectX --seg_log /Users/suhanasaigoli/Desktop/Projects/SURF/iNPH/subjectX/scripts/deep-seg.log --vox_size min --batch_size 1 --viewagg_device auto --device auto --sd /Users/suhanasaigoli/Desktop/Projects/SURF/iNPH
Version: 2.3.0-dev+92e6653
Log file for segmentation FastSurferCNN/run_prediction.py
Wed May 29 13:49:15 EDT 2024

python3.10 -s /Users/suhanasaigoli/Desktop/Projects/SURF/iNPH/FastSurfer/FastSurferCNN/run_prediction.py --t1 /Users/suhanasaigoli/Downloads/MD5E-s6217734--309bfd7c87b68e0dd999b20784fbb872.nii.gz --asegdkt_segfile /Users/suhanasaigoli/Desktop/Projects/SURF/iNPH/subjectX/mri/aparc.DKTatlas+aseg.deep.mgz --conformed_name /Users/suhanasaigoli/Desktop/Projects/SURF/iNPH/subjectX/mri/orig.mgz --brainmask_name /Users/suhanasaigoli/Desktop/Projects/SURF/iNPH/subjectX/mri/mask.mgz --aseg_name /Users/suhanasaigoli/Desktop/Projects/SURF/iNPH/subjectX/mri/aseg.auto_noCCseg.mgz --sid subjectX --seg_log /Users/suhanasaigoli/Desktop/Projects/SURF/iNPH/subjectX/scripts/deep-seg.log --vox_size min --batch_size 1 --viewagg_device auto --device auto --sd /Users/suhanasaigoli/Desktop/Projects/SURF/iNPH
Version: 2.3.0-dev+92e6653
Log file for segmentation FastSurferCNN/run_prediction.py
Wed May 29 13:49:30 EDT 2024

python3.10 -s /Users/suhanasaigoli/Desktop/Projects/SURF/iNPH/FastSurfer/FastSurferCNN/run_prediction.py --t1 /Users/suhanasaigoli/Downloads/MD5E-s6217734--309bfd7c87b68e0dd999b20784fbb872.nii.gz --asegdkt_segfile /Users/suhanasaigoli/Desktop/Projects/SURF/iNPH/subjectX/mri/aparc.DKTatlas+aseg.deep.mgz --conformed_name /Users/suhanasaigoli/Desktop/Projects/SURF/iNPH/subjectX/mri/orig.mgz --brainmask_name /Users/suhanasaigoli/Desktop/Projects/SURF/iNPH/subjectX/mri/mask.mgz --aseg_name /Users/suhanasaigoli/Desktop/Projects/SURF/iNPH/subjectX/mri/aseg.auto_noCCseg.mgz --sid subjectX --seg_log /Users/suhanasaigoli/Desktop/Projects/SURF/iNPH/subjectX/scripts/deep-seg.log --vox_size min --batch_size 1 --viewagg_device auto --device auto --sd /Users/suhanasaigoli/Desktop/Projects/SURF/iNPH
Version: 2.3.0-dev+92e6653
Log file for segmentation FastSurferCNN/run_prediction.py
Wed May 29 13:50:51 EDT 2024

python3.10 -s /Users/suhanasaigoli/Desktop/Projects/SURF/iNPH/FastSurfer/FastSurferCNN/run_prediction.py --t1 /Users/suhanasaigoli/Downloads/MD5E-s6217734--309bfd7c87b68e0dd999b20784fbb872.nii.gz --asegdkt_segfile /Users/suhanasaigoli/Desktop/Projects/SURF/iNPH/subjectX/mri/aparc.DKTatlas+aseg.deep.mgz --conformed_name /Users/suhanasaigoli/Desktop/Projects/SURF/iNPH/subjectX/mri/orig.mgz --brainmask_name /Users/suhanasaigoli/Desktop/Projects/SURF/iNPH/subjectX/mri/mask.mgz --aseg_name /Users/suhanasaigoli/Desktop/Projects/SURF/iNPH/subjectX/mri/aseg.auto_noCCseg.mgz --sid subjectX --seg_log /Users/suhanasaigoli/Desktop/Projects/SURF/iNPH/subjectX/scripts/deep-seg.log --vox_size min --batch_size 1 --viewagg_device auto --device auto --sd /Users/suhanasaigoli/Desktop/Projects/SURF/iNPH
Version: 2.3.0-dev+92e6653
Log file for segmentation FastSurferCNN/run_prediction.py
Wed May 29 13:51:01 EDT 2024

python3.10 -s /Users/suhanasaigoli/Desktop/Projects/SURF/iNPH/FastSurfer/FastSurferCNN/run_prediction.py --t1 /Users/suhanasaigoli/Downloads/MD5E-s6217734--309bfd7c87b68e0dd999b20784fbb872.nii.gz --asegdkt_segfile /Users/suhanasaigoli/Desktop/Projects/SURF/iNPH/subjectX/mri/aparc.DKTatlas+aseg.deep.mgz --conformed_name /Users/suhanasaigoli/Desktop/Projects/SURF/iNPH/subjectX/mri/orig.mgz --brainmask_name /Users/suhanasaigoli/Desktop/Projects/SURF/iNPH/subjectX/mri/mask.mgz --aseg_name /Users/suhanasaigoli/Desktop/Projects/SURF/iNPH/subjectX/mri/aseg.auto_noCCseg.mgz --sid subjectX --seg_log /Users/suhanasaigoli/Desktop/Projects/SURF/iNPH/subjectX/scripts/deep-seg.log --vox_size min --batch_size 1 --viewagg_device auto --device auto --sd /Users/suhanasaigoli/Desktop/Projects/SURF/iNPH
Version: 2.3.0-dev+92e6653
Log file for segmentation FastSurferCNN/run_prediction.py
Wed May 29 13:51:48 EDT 2024

python3.10 -s /Users/suhanasaigoli/Desktop/Projects/SURF/iNPH/FastSurfer/FastSurferCNN/run_prediction.py --t1 /Users/suhanasaigoli/Downloads/MD5E-s6217734--309bfd7c87b68e0dd999b20784fbb872.nii.gz --asegdkt_segfile /Users/suhanasaigoli/Desktop/Projects/SURF/iNPH/subjectX/mri/aparc.DKTatlas+aseg.deep.mgz --conformed_name /Users/suhanasaigoli/Desktop/Projects/SURF/iNPH/subjectX/mri/orig.mgz --brainmask_name /Users/suhanasaigoli/Desktop/Projects/SURF/iNPH/subjectX/mri/mask.mgz --aseg_name /Users/suhanasaigoli/Desktop/Projects/SURF/iNPH/subjectX/mri/aseg.auto_noCCseg.mgz --sid subjectX --seg_log /Users/suhanasaigoli/Desktop/Projects/SURF/iNPH/subjectX/scripts/deep-seg.log --vox_size min --batch_size 1 --viewagg_device auto --device auto --sd /Users/suhanasaigoli/Desktop/Projects/SURF/iNPH
Version: 2.3.0-dev+92e6653
Log file for segmentation FastSurferCNN/run_prediction.py
Wed May 29 14:08:10 EDT 2024

python3.10 -s /Users/suhanasaigoli/Desktop/Projects/SURF/iNPH/FastSurfer/FastSurferCNN/run_prediction.py --t1 /Users/suhanasaigoli/Downloads/MD5E-s6217734--309bfd7c87b68e0dd999b20784fbb872.nii.gz --asegdkt_segfile /Users/suhanasaigoli/Desktop/Projects/SURF/iNPH/subjectX/mri/aparc.DKTatlas+aseg.deep.mgz --conformed_name /Users/suhanasaigoli/Desktop/Projects/SURF/iNPH/subjectX/mri/orig.mgz --brainmask_name /Users/suhanasaigoli/Desktop/Projects/SURF/iNPH/subjectX/mri/mask.mgz --aseg_name /Users/suhanasaigoli/Desktop/Projects/SURF/iNPH/subjectX/mri/aseg.auto_noCCseg.mgz --sid subjectX --seg_log /Users/suhanasaigoli/Desktop/Projects/SURF/iNPH/subjectX/scripts/deep-seg.log --vox_size min --batch_size 1 --viewagg_device auto --device auto --sd /Users/suhanasaigoli/Desktop/Projects/SURF/iNPH
Version: 2.3.0-dev+92e6653
Log file for segmentation FastSurferCNN/run_prediction.py
Wed May 29 14:08:33 EDT 2024

python3.10 -s /Users/suhanasaigoli/Desktop/Projects/SURF/iNPH/FastSurfer/FastSurferCNN/run_prediction.py --t1 /Users/suhanasaigoli/Downloads/MD5E-s6217734--309bfd7c87b68e0dd999b20784fbb872.nii.gz --asegdkt_segfile /Users/suhanasaigoli/Desktop/Projects/SURF/iNPH/subjectX/mri/aparc.DKTatlas+aseg.deep.mgz --conformed_name /Users/suhanasaigoli/Desktop/Projects/SURF/iNPH/subjectX/mri/orig.mgz --brainmask_name /Users/suhanasaigoli/Desktop/Projects/SURF/iNPH/subjectX/mri/mask.mgz --aseg_name /Users/suhanasaigoli/Desktop/Projects/SURF/iNPH/subjectX/mri/aseg.auto_noCCseg.mgz --sid subjectX --seg_log /Users/suhanasaigoli/Desktop/Projects/SURF/iNPH/subjectX/scripts/deep-seg.log --vox_size min --batch_size 1 --viewagg_device auto --device auto --sd /Users/suhanasaigoli/Desktop/Projects/SURF/iNPH
Version: 2.3.0-dev+92e6653
Log file for segmentation FastSurferCNN/run_prediction.py
Wed May 29 14:11:08 EDT 2024

python3.10 -s /Users/suhanasaigoli/Desktop/Projects/SURF/iNPH/FastSurfer/FastSurferCNN/run_prediction.py --t1 /Users/suhanasaigoli/Downloads/MD5E-s6217734--309bfd7c87b68e0dd999b20784fbb872.nii.gz --asegdkt_segfile /Users/suhanasaigoli/Desktop/Projects/SURF/iNPH/subjectX/mri/aparc.DKTatlas+aseg.deep.mgz --conformed_name /Users/suhanasaigoli/Desktop/Projects/SURF/iNPH/subjectX/mri/orig.mgz --brainmask_name /Users/suhanasaigoli/Desktop/Projects/SURF/iNPH/subjectX/mri/mask.mgz --aseg_name /Users/suhanasaigoli/Desktop/Projects/SURF/iNPH/subjectX/mri/aseg.auto_noCCseg.mgz --sid subjectX --seg_log /Users/suhanasaigoli/Desktop/Projects/SURF/iNPH/subjectX/scripts/deep-seg.log --vox_size min --batch_size 1 --viewagg_device auto --device auto --sd /Users/suhanasaigoli/Desktop/Projects/SURF/iNPH
Version: 2.3.0-dev+92e6653
Log file for segmentation FastSurferCNN/run_prediction.py
Wed May 29 14:13:12 EDT 2024

python3.10 -s /Users/suhanasaigoli/Desktop/Projects/SURF/iNPH/FastSurfer/FastSurferCNN/run_prediction.py --t1 /Users/suhanasaigoli/Downloads/MD5E-s6217734--309bfd7c87b68e0dd999b20784fbb872.nii.gz --asegdkt_segfile /Users/suhanasaigoli/Desktop/Projects/SURF/iNPH/subjectX/mri/aparc.DKTatlas+aseg.deep.mgz --conformed_name /Users/suhanasaigoli/Desktop/Projects/SURF/iNPH/subjectX/mri/orig.mgz --brainmask_name /Users/suhanasaigoli/Desktop/Projects/SURF/iNPH/subjectX/mri/mask.mgz --aseg_name /Users/suhanasaigoli/Desktop/Projects/SURF/iNPH/subjectX/mri/aseg.auto_noCCseg.mgz --sid subjectX --seg_log /Users/suhanasaigoli/Desktop/Projects/SURF/iNPH/subjectX/scripts/deep-seg.log --vox_size min --batch_size 1 --viewagg_device auto --device auto --sd /Users/suhanasaigoli/Desktop/Projects/SURF/iNPH
[INFO: run_prediction.py:  652]: Checking or downloading default checkpoints ...
[INFO: common.py:  831]: Single subject with absolute file path for input.
[INFO: common.py:  889]: Analyzing single subject /Users/suhanasaigoli/Downloads/MD5E-s6217734--309bfd7c87b68e0dd999b20784fbb872.nii.gz
[INFO: common.py:  990]: Output will be stored in Subjects Directory: /Users/suhanasaigoli/Desktop/Projects/SURF/iNPH
[INFO: common.py:  114]: Using device: cpu
[INFO: run_prediction.py:  245]: Running view aggregation on cpu
[INFO: inference.py:  200]: Loading checkpoint /Users/suhanasaigoli/Desktop/Projects/SURF/iNPH/FastSurfer/checkpoints/aparc_vinn_coronal_v2.0.0.pkl
[INFO: inference.py:  200]: Loading checkpoint /Users/suhanasaigoli/Desktop/Projects/SURF/iNPH/FastSurfer/checkpoints/aparc_vinn_sagittal_v2.0.0.pkl
[INFO: inference.py:  200]: Loading checkpoint /Users/suhanasaigoli/Desktop/Projects/SURF/iNPH/FastSurfer/checkpoints/aparc_vinn_axial_v2.0.0.pkl
[INFO: run_prediction.py:  324]: Successfully loaded image from /Users/suhanasaigoli/Downloads/MD5E-s6217734--309bfd7c87b68e0dd999b20784fbb872.nii.gz.
[INFO: run_prediction.py:  454]: Successfully saved image   as /Users/suhanasaigoli/Desktop/Projects/SURF/iNPH/subjectX/mri/orig/001.mgz.
[INFO: run_prediction.py:  337]: Conforming image
[INFO: run_prediction.py:  454]: Successfully saved image   as /Users/suhanasaigoli/Desktop/Projects/SURF/iNPH/subjectX/mri/orig.mgz.
[INFO: run_prediction.py:  400]: Run coronal prediction
[INFO: dataset.py:   78]: Loading Coronal with input voxelsize (0.88, 0.88)
[INFO: run_prediction.py:  652]: Checking or downloading default checkpoints ...
[INFO: common.py:  831]: Single subject with absolute file path for input.
[INFO: common.py:  889]: Analyzing single subject /Users/suhanasaigoli/Downloads/MD5E-s6217734--309bfd7c87b68e0dd999b20784fbb872.nii.gz
[INFO: common.py:  990]: Output will be stored in Subjects Directory: /Users/suhanasaigoli/Desktop/Projects/SURF/iNPH
[INFO: common.py:  114]: Using device: cpu
[INFO: run_prediction.py:  245]: Running view aggregation on cpu
[INFO: inference.py:  200]: Loading checkpoint /Users/suhanasaigoli/Desktop/Projects/SURF/iNPH/FastSurfer/checkpoints/aparc_vinn_coronal_v2.0.0.pkl
[INFO: inference.py:  200]: Loading checkpoint /Users/suhanasaigoli/Desktop/Projects/SURF/iNPH/FastSurfer/checkpoints/aparc_vinn_sagittal_v2.0.0.pkl
[INFO: inference.py:  200]: Loading checkpoint /Users/suhanasaigoli/Desktop/Projects/SURF/iNPH/FastSurfer/checkpoints/aparc_vinn_axial_v2.0.0.pkl
[INFO: run_prediction.py:  324]: Successfully loaded image from /Users/suhanasaigoli/Downloads/MD5E-s6217734--309bfd7c87b68e0dd999b20784fbb872.nii.gz.
[INFO: run_prediction.py:  454]: Successfully saved image   as /Users/suhanasaigoli/Desktop/Projects/SURF/iNPH/subjectX/mri/orig/001.mgz.
[INFO: run_prediction.py:  337]: Conforming image
[INFO: run_prediction.py:  454]: Successfully saved image   as /Users/suhanasaigoli/Desktop/Projects/SURF/iNPH/subjectX/mri/orig.mgz.
[INFO: run_prediction.py:  400]: Run coronal prediction
[INFO: dataset.py:   78]: Loading Coronal with input voxelsize (0.88, 0.88)
[INFO: inference.py:  404]: Inference on 256 batches for coronal successful
[INFO: inference.py:  466]: Coronal inference on /Users/suhanasaigoli/Downloads/MD5E-s6217734--309bfd7c87b68e0dd999b20784fbb872.nii.gz finished in 225.6498 seconds
[INFO: run_prediction.py:  400]: Run sagittal prediction
[INFO: dataset.py:   69]: Loading Sagittal with input voxelsize (0.88, 0.88)
[INFO: inference.py:  404]: Inference on 256 batches for sagittal successful
[INFO: inference.py:  466]: Sagittal inference on /Users/suhanasaigoli/Downloads/MD5E-s6217734--309bfd7c87b68e0dd999b20784fbb872.nii.gz finished in 224.2237 seconds
[INFO: run_prediction.py:  400]: Run axial prediction
[INFO: dataset.py:   74]: Loading Axial with input voxelsize (0.88, 0.88)
[INFO: inference.py:  404]: Inference on 256 batches for axial successful
[INFO: inference.py:  466]: Axial inference on /Users/suhanasaigoli/Downloads/MD5E-s6217734--309bfd7c87b68e0dd999b20784fbb872.nii.gz finished in 245.2681 seconds
[INFO: run_prediction.py:  454]: Successfully saved image   as /Users/suhanasaigoli/Desktop/Projects/SURF/iNPH/subjectX/mri/aparc.DKTatlas+aseg.deep.mgz.
[INFO: run_prediction.py:  729]: Creating brainmask based on segmentation...
[INFO: run_prediction.py:  454]: Successfully saved image   as /Users/suhanasaigoli/Desktop/Projects/SURF/iNPH/subjectX/mri/mask.mgz.
[INFO: run_prediction.py:  748]: Creating aseg based on segmentation...
[INFO: run_prediction.py:  454]: Successfully saved image   as /Users/suhanasaigoli/Desktop/Projects/SURF/iNPH/subjectX/mri/aseg.auto_noCCseg.mgz.
[INFO: run_prediction.py:  767]: Running volume-based QC check on segmentation...
Version: 2.3.0-dev+92e6653
Log file for segmentation FastSurferCNN/run_prediction.py
Wed May 29 14:32:58 EDT 2024

python3.10 -s /Users/suhanasaigoli/Desktop/Projects/SURF/iNPH/FastSurfer/FastSurferCNN/run_prediction.py --t1 /Users/suhanasaigoli/Downloads/MD5E-s6217734--309bfd7c87b68e0dd999b20784fbb872.nii.gz --asegdkt_segfile /Users/suhanasaigoli/Desktop/Projects/SURF/iNPH/subjectX/mri/aparc.DKTatlas+aseg.deep.mgz --conformed_name /Users/suhanasaigoli/Desktop/Projects/SURF/iNPH/subjectX/mri/orig.mgz --brainmask_name /Users/suhanasaigoli/Desktop/Projects/SURF/iNPH/subjectX/mri/mask.mgz --aseg_name /Users/suhanasaigoli/Desktop/Projects/SURF/iNPH/subjectX/mri/aseg.auto_noCCseg.mgz --sid subjectX --seg_log /Users/suhanasaigoli/Desktop/Projects/SURF/iNPH/subjectX/scripts/deep-seg.log --vox_size min --batch_size 1 --viewagg_device auto --device auto --sd /Users/suhanasaigoli/Desktop/Projects/SURF/iNPH
Version: 2.3.0-dev+92e6653
Log file for segmentation FastSurferCNN/run_prediction.py
Wed May 29 14:36:31 EDT 2024

python3.10 -s /Users/suhanasaigoli/Desktop/Projects/SURF/iNPH/FastSurfer/FastSurferCNN/run_prediction.py --t1 /Users/suhanasaigoli/Downloads/MD5E-s6217734--309bfd7c87b68e0dd999b20784fbb872.nii.gz --asegdkt_segfile /Users/suhanasaigoli/Desktop/Projects/SURF/iNPH/subjectX/mri/aparc.DKTatlas+aseg.deep.mgz --conformed_name /Users/suhanasaigoli/Desktop/Projects/SURF/iNPH/subjectX/mri/orig.mgz --brainmask_name /Users/suhanasaigoli/Desktop/Projects/SURF/iNPH/subjectX/mri/mask.mgz --aseg_name /Users/suhanasaigoli/Desktop/Projects/SURF/iNPH/subjectX/mri/aseg.auto_noCCseg.mgz --sid subjectX --seg_log /Users/suhanasaigoli/Desktop/Projects/SURF/iNPH/subjectX/scripts/deep-seg.log --vox_size min --batch_size 1 --viewagg_device auto --device auto --sd /Users/suhanasaigoli/Desktop/Projects/SURF/iNPH
