status file for recon-all
Sat May 18 09:51:49 EDT 2024
#@# MotionCor Sat May 18 09:51:51 EDT 2024
#@# Talairach Sat May 18 09:51:54 EDT 2024
#@# Talairach Failure Detection Sat May 18 09:55:50 EDT 2024
#@# Nu Intensity Correction Sat May 18 09:55:51 EDT 2024
#@# Intensity Normalization Sat May 18 09:59:45 EDT 2024
#@# Skull Stripping Sat May 18 10:01:55 EDT 2024
recon-all -s subjectX finished without error at Sat May 18 10:14:09 EDT 2024
\n\n
#New# invocation of recon-all 
\n\n
status file for recon-all
Sat May 18 10:45:39 EDT 2024
#@# Merge ASeg Sat May 18 10:45:39 EDT 2024
#@# Intensity Normalization2 Sat May 18 10:45:39 EDT 2024
#@# Mask BFS Sat May 18 10:48:45 EDT 2024
#@# WM Segmentation Sat May 18 10:48:47 EDT 2024
#@# Fill Sat May 18 10:51:56 EDT 2024
recon-all -s subjectX finished without error at Sat May 18 10:53:26 EDT 2024
\n\n
\n\n
#New# invocation of recon-all 
#New# invocation of recon-all 
\n\n
\n\n
status file for recon-all
status file for recon-all
Sat May 18 10:53:46 EDT 2024
Sat May 18 10:53:46 EDT 2024
#@# Inflation1 rh Sat May 18 10:53:46 EDT 2024
#@# Inflation1 lh Sat May 18 10:53:46 EDT 2024
recon-all -s subjectX finished without error at Sat May 18 10:54:13 EDT 2024
recon-all -s subjectX finished without error at Sat May 18 10:54:13 EDT 2024
\n\n
#New# invocation of recon-all 
\n\n
status file for recon-all
Sat May 18 10:54:18 EDT 2024
#@# QSphere lh Sat May 18 10:54:18 EDT 2024
\n\n
#New# invocation of recon-all 
\n\n
status file for recon-all
Sat May 18 10:54:18 EDT 2024
#@# QSphere rh Sat May 18 10:54:18 EDT 2024
recon-all -s subjectX finished without error at Sat May 18 10:58:13 EDT 2024
\n\n
#New# invocation of recon-all 
\n\n
status file for recon-all
Sat May 18 10:58:17 EDT 2024
#@# Fix Topology lh Sat May 18 10:58:17 EDT 2024
recon-all -s subjectX finished without error at Sat May 18 10:58:25 EDT 2024
\n\n
#New# invocation of recon-all 
\n\n
status file for recon-all
Sat May 18 10:58:29 EDT 2024
#@# Fix Topology rh Sat May 18 10:58:29 EDT 2024
recon-all -s subjectX finished without error at Sat May 18 11:07:35 EDT 2024
\n\n
#New# invocation of recon-all 
\n\n
status file for recon-all
Sat May 18 11:07:39 EDT 2024
#@# Smooth2 lh Sat May 18 11:07:39 EDT 2024
#@# Inflation2 lh Sat May 18 11:07:46 EDT 2024
recon-all -s subjectX finished without error at Sat May 18 11:08:01 EDT 2024
\n\n
#New# invocation of recon-all 
\n\n
status file for recon-all
Sat May 18 11:08:06 EDT 2024
#@# Smooth2 rh Sat May 18 11:08:06 EDT 2024
#@# Inflation2 rh Sat May 18 11:08:11 EDT 2024
#@# Curv .H and .K lh Sat May 18 11:08:22 EDT 2024
#@# Curv .H and .K rh Sat May 18 11:08:48 EDT 2024
recon-all -s subjectX finished without error at Sat May 18 11:09:36 EDT 2024
recon-all -s subjectX finished without error at Sat May 18 11:09:59 EDT 2024
