/Users/suhanasaigoli/Desktop/Projects/SURF/iNPH/FastSurfer/OAS1_0001-3/mri
/Applications/freesurfer/7.4.1/bin/talairach_avi
--i /Users/suhanasaigoli/Desktop/Projects/SURF/iNPH/FastSurfer/OAS1_0001-3/mri/orig_nu.mgz --xfm /Users/suhanasaigoli/Desktop/Projects/SURF/iNPH/FastSurfer/OAS1_0001-3/mri/transforms/talairach.auto.xfm --atlas 3T18yoSchwartzReactN32_as_orig
FreeSurferEnv.csh 7.4.1
Darwin Suhans-MacBook-Pro-2.local 23.5.0 Darwin Kernel Version 23.5.0: Wed May  1 20:09:52 PDT 2024; root:xnu-10063.121.3~5/RELEASE_X86_64 x86_64
Sat Jun 29 17:40:31 EDT 2024
mri_convert /Users/suhanasaigoli/Desktop/Projects/SURF/iNPH/FastSurfer/OAS1_0001-3/mri/orig_nu.mgz talsrcimg.img 
reading from /Users/suhanasaigoli/Desktop/Projects/SURF/iNPH/FastSurfer/OAS1_0001-3/mri/orig_nu.mgz...
TR=0.00, TE=0.00, TI=0.00, flip angle=0.00
i_ras = (-1, -0, 0)
j_ras = (-0, 0, -1)
k_ras = (-0, 1, 0)
writing to talsrcimg.img...
Analyze Output Matrix
-1.00000  -0.00000  -0.00000   129.00000;
-0.00000   0.00000   1.00000  -129.00000;
 0.00000  -1.00000   0.00000   129.00000;
 0.00000   0.00000   0.00000   1.00000;
--------------------
INFO: set hdr.hist.orient to -1
mpr2mni305 talsrcimg
Sat Jun 29 17:40:32 EDT 2024
/Applications/freesurfer/7.4.1/bin/mpr2mni305 talsrcimg
mpr2mni305 7.4.1
target=3T18yoSchwartzReactN32_as_orig

---------------------------------------------------------------------
analyzeto4dfp talsrcimg -O0 -y
---------------------------------------------------------------------

freesurfer ifh2hdr.c
Sat Jun 29 17:40:32 2024
Writing: talsrcimg.4dfp.hdr
freesurfer analyzeto4dfp.c
Reading: talsrcimg.hdr
header size 348 bytes
hdr.dime.datatype	offset=70	value=2
hdr.dime.bitpix		offset=72	value=8
hdr.hist.orient		offset=252	value=-1
dimensionality     4
dimensions       256       256       256         1
Reading: talsrcimg.img
Writing: talsrcimg.4dfp.img
Writing: talsrcimg.4dfp.ifh
ifh2hdr talsrcimg -r1to255
ori=2

---------------------------------------------------------------------
gauss_4dfp talsrcimg 1.1
---------------------------------------------------------------------

freesurfer gauss_4dfp.c
Reading: talsrcimg.4dfp.img
Writing: talsrcimg_g11.4dfp.img
image dimensions 256 256 256 padded to 288 288 288
processing volume 1freesurfer ifh2hdr.c
Sat Jun 29 17:40:37 2024
Writing: talsrcimg_g11.4dfp.hdr

Writing: talsrcimg_g11.4dfp.ifh
including: talsrcimg.4dfp.img.rec in talsrcimg_g11.4dfp.img.rec

---------------------------------------------------------------------
imgreg_4dfp /Applications/freesurfer/7.4.1/average/3T18yoSchwartzReactN32_as_orig none talsrcimg_g11 none talsrcimg_to_3T18yoSchwartzReactN32_as_orig_t4 4355
---------------------------------------------------------------------

freesurfer imgreg_4dfp.c
/Applications/freesurfer/7.4.1/average/3T18yoSchwartzReactN32_as_orig.4dfp.img
       256       256       256         1
  1.000000  1.000000  1.000000
orientation T byte_order littleendian
Reading image: /Applications/freesurfer/7.4.1/average/3T18yoSchwartzReactN32_as_orig.4dfp.img
dimensions:      256       256       256
mmppix:       1.0000   -1.0000   -1.0000
center:     128.0000 -129.0000 -129.0000
talsrcimg_g11.4dfp.img
       256       256       256         1
  1.000000  1.000000  1.000000
orientation T byte_order littleendian
Reading image: talsrcimg_g11.4dfp.img
dimensions:      256       256       256
mmppix:       1.0000   -1.0000   -1.0000
center:     128.0000 -129.0000 -129.0000
t4_read: open error in t4_sub.f l:  46 t4_file(1:l)talsrcimg_to_3T18yoSchwartzReactN32_as_orig_t4 
t4_read: transform initialized to I4
rotation matrix determinant  1.000000
image alignment mode   4355 decimal     1103 hex
   -7.5000  -45.0000  -45.0000 8315.5938   11.7338
    0.0000  -45.0000  -45.0000 8675.9541   11.7216
    7.5000  -45.0000  -45.0000 8280.4482   11.7612
   -7.5000  -37.5000  -45.0000 8762.1768   11.7038
    0.0000  -37.5000  -45.0000 9140.2334   11.6905
    7.5000  -37.5000  -45.0000 8721.7432   11.7348
   -7.5000  -30.0000  -45.0000 9349.2539   12.1836
    0.0000  -30.0000  -45.0000 9746.4844   12.1673
    7.5000  -30.0000  -45.0000 9310.4238   12.2219
   -7.5000  -22.5000  -45.0000 9931.7832   12.6321
    0.0000  -22.5000  -45.000010359.5195   12.6143
    7.5000  -22.5000  -45.0000 9876.7549   12.6747
   -7.5000  -15.0000  -45.000010461.7637   13.0709
    0.0000  -15.0000  -45.000010922.3281   13.0516
    7.5000  -15.0000  -45.000010387.4463   13.1123
   -7.5000   -7.5000  -45.000011015.4229   13.5066
    0.0000   -7.5000  -45.000011482.5625   13.4846
    7.5000   -7.5000  -45.000010910.7939   13.5414
   -7.5000    0.0000  -45.000011437.0449   13.9273
    0.0000    0.0000  -45.000011944.2637   13.9024
    7.5000    0.0000  -45.000011331.6846   13.9584
   -7.5000    7.5000  -45.000011181.5576   13.9422
    0.0000    7.5000  -45.000011664.4258   13.9179
    7.5000    7.5000  -45.000011098.7900   13.9779
   -7.5000   15.0000  -45.000010799.1162   13.9453
    0.0000   15.0000  -45.000011233.8848   13.9223
    7.5000   15.0000  -45.000010740.1875   13.9886
   -7.5000   22.5000  -45.000010337.1768   13.9405
    0.0000   22.5000  -45.000010737.9766   13.9208
    7.5000   22.5000  -45.000010285.7598   13.9876
   -7.5000   30.0000  -45.0000 9772.8369   13.9592
    0.0000   30.0000  -45.000010141.8174   13.9426
    7.5000   30.0000  -45.0000 9734.8301   14.0041
   -7.5000   37.5000  -45.0000 9546.8789   14.0863
    0.0000   37.5000  -45.0000 9892.5098   14.0694
    7.5000   37.5000  -45.0000 9494.6309   14.1230
   -7.5000   45.0000  -45.0000 8907.5195   14.1977
    0.0000   45.0000  -45.0000 9226.9463   14.1818
    7.5000   45.0000  -45.0000 8830.4873   14.2321
   -7.5000  -45.0000  -37.5000 8894.9990   11.7095
    0.0000  -45.0000  -37.5000 9301.0693   11.6922
    7.5000  -45.0000  -37.5000 8851.6553   11.7307
   -7.5000  -37.5000  -37.5000 9379.8145   11.6845
    0.0000  -37.5000  -37.5000 9820.4102   11.6647
    7.5000  -37.5000  -37.5000 9346.9072   11.7076
   -7.5000  -30.0000  -37.500010016.0068   12.1727
    0.0000  -30.0000  -37.500010490.3877   12.1492
    7.5000  -30.0000  -37.5000 9974.1553   12.2009
   -7.5000  -22.5000  -37.500010643.8916   12.6247
    0.0000  -22.5000  -37.500011158.4072   12.6011
    7.5000  -22.5000  -37.500010584.3711   12.6568
   -7.5000  -15.0000  -37.500011213.8887   13.0590
    0.0000  -15.0000  -37.500011779.5967   13.0356
    7.5000  -15.0000  -37.500011139.4297   13.0911
   -7.5000   -7.5000  -37.500011806.6582   13.4848
    0.0000   -7.5000  -37.500012368.1133   13.4586
    7.5000   -7.5000  -37.500011692.9287   13.5121
   -7.5000    0.0000  -37.500012287.7295   13.8994
    0.0000    0.0000  -37.500012889.1953   13.8686
    7.5000    0.0000  -37.500012159.8506   13.9233
   -7.5000    7.5000  -37.500012017.5273   13.9198
    0.0000    7.5000  -37.500012570.3330   13.8878
    7.5000    7.5000  -37.500011903.7119   13.9463
   -7.5000   15.0000  -37.500011599.9053   13.9330
    0.0000   15.0000  -37.500012132.3916   13.9020
    7.5000   15.0000  -37.500011513.8252   13.9648
   -7.5000   22.5000  -37.500011112.4170   13.9324
    0.0000   22.5000  -37.500011600.3828   13.9063
    7.5000   22.5000  -37.500011017.9805   13.9680
   -7.5000   30.0000  -37.500010521.3154   13.9465
    0.0000   30.0000  -37.500010929.7627   13.9254
    7.5000   30.0000  -37.500010437.4219   13.9812
   -7.5000   37.5000  -37.500010264.2119   14.0613
    0.0000   37.5000  -37.500010639.0400   14.0400
    7.5000   37.5000  -37.500010174.9102   14.0900
   -7.5000   45.0000  -37.5000 9563.5947   14.1649
    0.0000   45.0000  -37.5000 9925.4365   14.1429
    7.5000   45.0000  -37.5000 9475.3760   14.1921
   -7.5000  -45.0000  -30.0000 9698.8623   12.0854
    0.0000  -45.0000  -30.000010118.4277   12.0608
    7.5000  -45.0000  -30.0000 9631.3008   12.1027
   -7.5000  -37.5000  -30.000010229.7549   12.0571
    0.0000  -37.5000  -30.000010683.9307   12.0301
    7.5000  -37.5000  -30.000010166.7773   12.0765
   -7.5000  -30.0000  -30.000010915.6699   12.5726
    0.0000  -30.0000  -30.000011410.1475   12.5410
    7.5000  -30.0000  -30.000010841.3164   12.5954
   -7.5000  -22.5000  -30.000011600.1729   13.0537
    0.0000  -22.5000  -30.000012145.9033   13.0207
    7.5000  -22.5000  -30.000011509.2656   13.0784
   -7.5000  -15.0000  -30.000012243.4316   13.5158
    0.0000  -15.0000  -30.000012843.5723   13.4822
    7.5000  -15.0000  -30.000012114.1855   13.5398
   -7.5000   -7.5000  -30.000012855.7627   13.9641
    0.0000   -7.5000  -30.000013480.0908   13.9282
    7.5000   -7.5000  -30.000012721.7119   13.9853
   -7.5000    0.0000  -30.000013345.0264   14.4012
    0.0000    0.0000  -30.000014006.1289   14.3612
    7.5000    0.0000  -30.000013207.7900   14.4208
   -7.5000    7.5000  -30.000013040.3955   14.4218
    0.0000    7.5000  -30.000013658.6836   14.3807
    7.5000    7.5000  -30.000012927.8877   14.4439
   -7.5000   15.0000  -30.000012602.4307   14.4407
    0.0000   15.0000  -30.000013198.2842   14.4001
    7.5000   15.0000  -30.000012479.7041   14.4666
   -7.5000   22.5000  -30.000012096.4561   14.4481
    0.0000   22.5000  -30.000012649.4795   14.4114
    7.5000   22.5000  -30.000011973.6582   14.4755
   -7.5000   30.0000  -30.000011457.4404   14.4691
    0.0000   30.0000  -30.000011946.6572   14.4371
    7.5000   30.0000  -30.000011348.3428   14.4950
   -7.5000   37.5000  -30.000011177.6084   14.5836
    0.0000   37.5000  -30.000011633.8057   14.5525
    7.5000   37.5000  -30.000011075.3721   14.6055
   -7.5000   45.0000  -30.000010423.7559   14.6884
    0.0000   45.0000  -30.000010839.6367   14.6574
    7.5000   45.0000  -30.000010310.1191   14.7109
   -7.5000  -45.0000  -22.500010536.0596   12.3766
    0.0000  -45.0000  -22.500010984.3564   12.3502
    7.5000  -45.0000  -22.500010459.8428   12.3964
   -7.5000  -37.5000  -22.500011121.7930   12.3389
    0.0000  -37.5000  -22.500011610.4619   12.3123
    7.5000  -37.5000  -22.500011041.5391   12.3629
   -7.5000  -30.0000  -22.500011866.8887   12.8632
    0.0000  -30.0000  -22.500012382.8623   12.8317
    7.5000  -30.0000  -22.500011776.9775   12.8916
   -7.5000  -22.5000  -22.500012606.6035   13.3621
    0.0000  -22.5000  -22.500013179.1152   13.3258
    7.5000  -22.5000  -22.500012498.1426   13.3904
   -7.5000  -15.0000  -22.500013294.8770   13.8503
    0.0000  -15.0000  -22.500013905.8740   13.8104
    7.5000  -15.0000  -22.500013160.0898   13.8754
   -7.5000   -7.5000  -22.500013936.0469   14.3280
    0.0000   -7.5000  -22.500014603.9336   14.2863
    7.5000   -7.5000  -22.500013795.3457   14.3502
   -7.5000    0.0000  -22.500014502.9355   14.7889
    0.0000    0.0000  -22.500015213.6748   14.7461
    7.5000    0.0000  -22.500014356.3428   14.8114
   -7.5000    7.5000  -22.500014183.8682   14.8020
    0.0000    7.5000  -22.500014852.8740   14.7609
    7.5000    7.5000  -22.500014039.2197   14.8297
   -7.5000   15.0000  -22.500013693.0381   14.8143
    0.0000   15.0000  -22.500014362.3311   14.7735
    7.5000   15.0000  -22.500013552.0312   14.8467
   -7.5000   22.5000  -22.500013125.3799   14.8248
    0.0000   22.5000  -22.500013730.7744   14.7844
    7.5000   22.5000  -22.500012992.0967   14.8562
   -7.5000   30.0000  -22.500012443.4492   14.8581
    0.0000   30.0000  -22.500013013.6953   14.8195
    7.5000   30.0000  -22.500012321.9678   14.8854
   -7.5000   37.5000  -22.500012182.2471   14.9857
    0.0000   37.5000  -22.500012716.2471   14.9487
    7.5000   37.5000  -22.500012066.8906   15.0084
   -7.5000   45.0000  -22.500011367.8369   15.0976
    0.0000   45.0000  -22.500011848.4893   15.0641
    7.5000   45.0000  -22.500011253.2832   15.1223
   -7.5000  -45.0000  -15.000011390.0635   12.5518
    0.0000  -45.0000  -15.000011853.2412   12.5284
    7.5000  -45.0000  -15.000011282.2402   12.5773
   -7.5000  -37.5000  -15.000012015.6641   12.5077
    0.0000  -37.5000  -15.000012529.6504   12.4857
    7.5000  -37.5000  -15.000011920.0371   12.5393
   -7.5000  -30.0000  -15.000012844.9141   13.0302
    0.0000  -30.0000  -15.000013393.3164   13.0037
    7.5000  -30.0000  -15.000012737.0801   13.0686
   -7.5000  -22.5000  -15.000013616.9570   13.5347
    0.0000  -22.5000  -15.000014220.6973   13.5012
    7.5000  -22.5000  -15.000013503.3486   13.5730
   -7.5000  -15.0000  -15.000014346.0479   14.0384
    0.0000  -15.0000  -15.000014992.0117   13.9990
    7.5000  -15.0000  -15.000014221.4219   14.0721
   -7.5000   -7.5000  -15.000015059.9150   14.5400
    0.0000   -7.5000  -15.000015792.8877   14.4991
    7.5000   -7.5000  -15.000014928.0850   14.5690
   -7.5000    0.0000  -15.000015726.2666   15.0225
    0.0000    0.0000  -15.000016504.9062   14.9826
    7.5000    0.0000  -15.000015571.1250   15.0516
   -7.5000    7.5000  -15.000015367.6035   15.0309
    0.0000    7.5000  -15.000016116.8350   14.9947
    7.5000    7.5000  -15.000015223.9727   15.0674
   -7.5000   15.0000  -15.000014831.3604   15.0347
    0.0000   15.0000  -15.000015539.3955   14.9992
    7.5000   15.0000  -15.000014719.5869   15.0784
   -7.5000   22.5000  -15.000014214.6650   15.0432
    0.0000   22.5000  -15.000014897.4707   15.0060
    7.5000   22.5000  -15.000014112.0449   15.0860
   -7.5000   30.0000  -15.000013478.3867   15.0846
    0.0000   30.0000  -15.000014115.0674   15.0469
    7.5000   30.0000  -15.000013380.5996   15.1215
   -7.5000   37.5000  -15.000013244.0420   15.2273
    0.0000   37.5000  -15.000013865.6758   15.1913
    7.5000   37.5000  -15.000013131.4570   15.2571
   -7.5000   45.0000  -15.000012365.1797   15.3500
    0.0000   45.0000  -15.000012937.3633   15.3198
    7.5000   45.0000  -15.000012267.6104   15.3811
   -7.5000  -45.0000   -7.500012200.3662   12.6060
    0.0000  -45.0000   -7.500012695.6289   12.5854
    7.5000  -45.0000   -7.500012087.9561   12.6356
   -7.5000  -37.5000   -7.500012878.2656   12.5647
    0.0000  -37.5000   -7.500013433.2002   12.5448
    7.5000  -37.5000   -7.500012799.6855   12.5998
   -7.5000  -30.0000   -7.500013769.3994   13.0895
    0.0000  -30.0000   -7.500014396.1797   13.0653
    7.5000  -30.0000   -7.500013689.7852   13.1326
   -7.5000  -22.5000   -7.500014646.2627   13.5940
    0.0000  -22.5000   -7.500015316.0059   13.5646
    7.5000  -22.5000   -7.500014552.6689   13.6397
   -7.5000  -15.0000   -7.500015434.0664   14.0994
    0.0000  -15.0000   -7.500016140.7686   14.0653
    7.5000  -15.0000   -7.500015329.8389   14.1418
   -7.5000   -7.5000   -7.500016208.7705   14.6092
    0.0000   -7.5000   -7.500017031.2422   14.5727
    7.5000   -7.5000   -7.500016087.6152   14.6452
   -7.5000    0.0000   -7.500016934.5684   15.1067
    0.0000    0.0000   -7.500017786.4219   15.0694
    7.5000    0.0000   -7.500016786.5703   15.1404
   -7.5000    7.5000   -7.500016518.0020   15.1203
    0.0000    7.5000   -7.500017322.4590   15.0860
    7.5000    7.5000   -7.500016415.4375   15.1609
   -7.5000   15.0000   -7.500015953.6025   15.1253
    0.0000   15.0000   -7.500016685.9902   15.0923
    7.5000   15.0000   -7.500015900.3613   15.1745
   -7.5000   22.5000   -7.500015320.7871   15.1308
    0.0000   22.5000   -7.500016051.5479   15.0981
    7.5000   22.5000   -7.500015281.1504   15.1818
   -7.5000   30.0000   -7.500014569.5459   15.1696
    0.0000   30.0000   -7.500015274.5752   15.1378
    7.5000   30.0000   -7.500014487.4756   15.2162
   -7.5000   37.5000   -7.500014328.0674   15.3164
    0.0000   37.5000   -7.500015004.8740   15.2852
    7.5000   37.5000   -7.500014234.3086   15.3541
   -7.5000   45.0000   -7.500013413.6523   15.4475
    0.0000   45.0000   -7.500014036.8564   15.4205
    7.5000   45.0000   -7.500013293.7480   15.4841
   -7.5000  -45.0000    0.000012852.8789   12.6180
    0.0000  -45.0000    0.000013347.9395   12.5954
    7.5000  -45.0000    0.000012747.9170   12.6461
   -7.5000  -37.5000    0.000013591.9111   12.5839
    0.0000  -37.5000    0.000014140.2256   12.5600
    7.5000  -37.5000    0.000013490.6738   12.6157
   -7.5000  -30.0000    0.000014560.5342   13.1183
    0.0000  -30.0000    0.000015188.7168   13.0904
    7.5000  -30.0000    0.000014470.2822   13.1576
   -7.5000  -22.5000    0.000015549.6895   13.6252
    0.0000  -22.5000    0.000016239.3711   13.5951
    7.5000  -22.5000    0.000015463.3867   13.6692
   -7.5000  -15.0000    0.000016435.9297   14.1279
    0.0000  -15.0000    0.000017142.5664   14.0954
    7.5000  -15.0000    0.000016352.6357   14.1706
   -7.5000   -7.5000    0.000017185.7207   14.6368
    0.0000   -7.5000    0.000017891.8340   14.6006
    7.5000   -7.5000    0.000017080.7070   14.6727
   -7.5000    0.0000    0.000017913.1699   15.1428
    0.0000    0.0000    0.000018695.2148   15.1028
    7.5000    0.0000    0.000017781.7773   15.1748
   -7.5000    7.5000    0.000017555.8496   15.1678
    0.0000    7.5000    0.000018335.4473   15.1285
    7.5000    7.5000    0.000017456.3770   15.2046
   -7.5000   15.0000    0.000017036.2441   15.1845
    0.0000   15.0000    0.000017752.6484   15.1470
    7.5000   15.0000    0.000016927.8145   15.2293
   -7.5000   22.5000    0.000016381.7949   15.1908
    0.0000   22.5000    0.000017123.5508   15.1572
    7.5000   22.5000    0.000016280.4258   15.2400
   -7.5000   30.0000    0.000015629.5293   15.2231
    0.0000   30.0000    0.000016349.9033   15.1932
    7.5000   30.0000    0.000015477.9746   15.2700
   -7.5000   37.5000    0.000015368.5039   15.3626
    0.0000   37.5000    0.000016110.0820   15.3322
    7.5000   37.5000    0.000015188.5811   15.4009
   -7.5000   45.0000    0.000014346.1357   15.4949
    0.0000   45.0000    0.000015046.9297   15.4656
    7.5000   45.0000    0.000014164.5391   15.5307
   -7.5000  -45.0000    7.500012522.6777   12.6395
    0.0000  -45.0000    7.500013003.5732   12.6133
    7.5000  -45.0000    7.500012455.3193   12.6616
   -7.5000  -37.5000    7.500013229.4395   12.6109
    0.0000  -37.5000    7.500013722.8916   12.5820
    7.5000  -37.5000    7.500013146.9131   12.6350
   -7.5000  -30.0000    7.500014177.1660   13.1603
    0.0000  -30.0000    7.500014694.9160   13.1270
    7.5000  -30.0000    7.500014094.3379   13.1897
   -7.5000  -22.5000    7.500015157.0898   13.6772
    0.0000  -22.5000    7.500015732.7451   13.6431
    7.5000  -22.5000    7.500015081.7549   13.7109
   -7.5000  -15.0000    7.500016148.6787   14.1816
    0.0000  -15.0000    7.500016683.2520   14.1470
    7.5000  -15.0000    7.500016058.1416   14.2153
   -7.5000   -7.5000    7.500016957.4355   14.6867
    0.0000   -7.5000    7.500017439.8965   14.6484
    7.5000   -7.5000    7.500016814.0059   14.7154
   -7.5000    0.0000    7.500017712.1875   15.1925
    0.0000    0.0000    7.500018269.7598   15.1487
    7.5000    0.0000    7.500017499.4160   15.2176
   -7.5000    7.5000    7.500017390.6660   15.2213
    0.0000    7.5000    7.500018044.0332   15.1764
    7.5000    7.5000    7.500017174.7812   15.2491
   -7.5000   15.0000    7.500016870.5469   15.2470
    0.0000   15.0000    7.500017513.5605   15.2033
    7.5000   15.0000    7.500016655.8711   15.2806
   -7.5000   22.5000    7.500016223.0098   15.2561
    0.0000   22.5000    7.500016945.6191   15.2179
    7.5000   22.5000    7.500016010.2578   15.2937
   -7.5000   30.0000    7.500015456.6387   15.2821
    0.0000   30.0000    7.500016213.6650   15.2495
    7.5000   30.0000    7.500015204.5088   15.3189
   -7.5000   37.5000    7.500015174.3574   15.4091
    0.0000   37.5000    7.500015942.9414   15.3763
    7.5000   37.5000    7.500014937.7568   15.4394
   -7.5000   45.0000    7.500014126.1182   15.5342
    0.0000   45.0000    7.500014844.9805   15.5007
    7.5000   45.0000    7.500013928.8760   15.5630
   -7.5000  -45.0000   15.000012045.9336   12.6556
    0.0000  -45.0000   15.000012510.0879   12.6262
    7.5000  -45.0000   15.000011982.1836   12.6734
   -7.5000  -37.5000   15.000012705.3330   12.6253
    0.0000  -37.5000   15.000013160.2969   12.5933
    7.5000  -37.5000   15.000012618.6191   12.6451
   -7.5000  -30.0000   15.000013584.2129   13.1801
    0.0000  -30.0000   15.000014051.9141   13.1430
    7.5000  -30.0000   15.000013503.8477   13.2035
   -7.5000  -22.5000   15.000014531.3496   13.7056
    0.0000  -22.5000   15.000015096.7178   13.6667
    7.5000  -22.5000   15.000014455.1602   13.7310
   -7.5000  -15.0000   15.000015522.6445   14.2188
    0.0000  -15.0000   15.000016111.1416   14.1788
    7.5000  -15.0000   15.000015410.6816   14.2435
   -7.5000   -7.5000   15.000016384.0176   14.7276
    0.0000   -7.5000   15.000017016.3594   14.6849
    7.5000   -7.5000   15.000016175.9619   14.7494
   -7.5000    0.0000   15.000017156.0449   15.2338
    0.0000    0.0000   15.000017914.1621   15.1865
    7.5000    0.0000   15.000016902.6641   15.2540
   -7.5000    7.5000   15.000016855.5195   15.2592
    0.0000    7.5000   15.000017600.8613   15.2108
    7.5000    7.5000   15.000016583.6191   15.2820
   -7.5000   15.0000   15.000016326.9502   15.2856
    0.0000   15.0000   15.000017009.7441   15.2378
    7.5000   15.0000   15.000016078.5117   15.3124
   -7.5000   22.5000   15.000015684.7490   15.2979
    0.0000   22.5000   15.000016393.8516   15.2544
    7.5000   22.5000   15.000015475.1465   15.3264
   -7.5000   30.0000   15.000014907.2334   15.3256
    0.0000   30.0000   15.000015635.5967   15.2870
    7.5000   30.0000   15.000014721.9707   15.3525
   -7.5000   37.5000   15.000014642.1055   15.4476
    0.0000   37.5000   15.000015341.3623   15.4099
    7.5000   37.5000   15.000014466.7500   15.4702
   -7.5000   45.0000   15.000013665.6895   15.5654
    0.0000   45.0000   15.000014302.4688   15.5280
    7.5000   45.0000   15.000013508.0137   15.5888
   -7.5000  -45.0000   22.500011479.1670   12.6892
    0.0000  -45.0000   22.500011941.6270   12.6621
    7.5000  -45.0000   22.500011405.9854   12.7095
   -7.5000  -37.5000   22.500012087.5039   12.6506
    0.0000  -37.5000   22.500012569.3545   12.6233
    7.5000  -37.5000   22.500012021.8525   12.6751
   -7.5000  -30.0000   22.500012929.0723   13.2007
    0.0000  -30.0000   22.500013407.2656   13.1683
    7.5000  -30.0000   22.500012872.6475   13.2298
   -7.5000  -22.5000   22.500013870.4805   13.7303
    0.0000  -22.5000   22.500014396.7148   13.6929
    7.5000  -22.5000   22.500013795.4102   13.7592
   -7.5000  -15.0000   22.500014783.7051   14.2560
    0.0000  -15.0000   22.500015322.9932   14.2148
    7.5000  -15.0000   22.500014686.7549   14.2818
   -7.5000   -7.5000   22.500015554.9365   14.7788
    0.0000   -7.5000   22.500016163.7168   14.7356
    7.5000   -7.5000   22.500015423.8184   14.8015
   -7.5000    0.0000   22.500016309.2998   15.2893
    0.0000    0.0000   22.500017034.3848   15.2449
    7.5000    0.0000   22.500016142.2695   15.3124
   -7.5000    7.5000   22.500016052.8828   15.3037
    0.0000    7.5000   22.500016741.7500   15.2610
    7.5000    7.5000   22.500015878.9648   15.3321
   -7.5000   15.0000   22.500015575.1484   15.3182
    0.0000   15.0000   22.500016232.1367   15.2759
    7.5000   15.0000   22.500015418.0264   15.3515
   -7.5000   22.5000   22.500014967.9463   15.3292
    0.0000   22.5000   22.500015626.1523   15.2873
    7.5000   22.5000   22.500014830.1680   15.3616
   -7.5000   30.0000   22.500014201.9834   15.3648
    0.0000   30.0000   22.500014875.9336   15.3248
    7.5000   30.0000   22.500014086.0049   15.3929
   -7.5000   37.5000   22.500013955.6445   15.4969
    0.0000   37.5000   22.500014615.1260   15.4585
    7.5000   37.5000   22.500013831.0557   15.5201
   -7.5000   45.0000   22.500013050.7666   15.6161
    0.0000   45.0000   22.500013649.1875   15.5813
    7.5000   45.0000   22.500012924.5840   15.6415
   -7.5000  -45.0000   30.000010792.2832   12.7559
    0.0000  -45.0000   30.000011246.6016   12.7358
    7.5000  -45.0000   30.000010735.5254   12.7821
   -7.5000  -37.5000   30.000011406.7324   12.7116
    0.0000  -37.5000   30.000011897.7900   12.6930
    7.5000  -37.5000   30.000011380.9941   12.7440
   -7.5000  -30.0000   30.000012213.8496   13.2566
    0.0000  -30.0000   30.000012747.8145   13.2335
    7.5000  -30.0000   30.000012198.4951   13.2962
   -7.5000  -22.5000   30.000013039.4385   13.7871
    0.0000  -22.5000   30.000013627.8301   13.7572
    7.5000  -22.5000   30.000013028.5596   13.8268
   -7.5000  -15.0000   30.000013842.8418   14.3231
    0.0000  -15.0000   30.000014414.9590   14.2874
    7.5000  -15.0000   30.000013800.3916   14.3581
   -7.5000   -7.5000   30.000014584.3359   14.8617
    0.0000   -7.5000   30.000015189.8936   14.8245
    7.5000   -7.5000   30.000014506.4990   14.8917
   -7.5000    0.0000   30.000015303.5068   15.3827
    0.0000    0.0000   30.000015963.3398   15.3467
    7.5000    0.0000   30.000015201.7178   15.4128
   -7.5000    7.5000   30.000015031.5166   15.3896
    0.0000    7.5000   30.000015670.2051   15.3574
    7.5000    7.5000   30.000014943.7988   15.4275
   -7.5000   15.0000   30.000014583.3301   15.3912
    0.0000   15.0000   30.000015204.4326   15.3596
    7.5000   15.0000   30.000014497.2480   15.4367
   -7.5000   22.5000   30.000014036.3115   15.3965
    0.0000   22.5000   30.000014660.2764   15.3630
    7.5000   22.5000   30.000013954.3594   15.4410
   -7.5000   30.0000   30.000013345.2949   15.4370
    0.0000   30.0000   30.000013959.9990   15.4029
    7.5000   30.0000   30.000013268.6982   15.4753
   -7.5000   37.5000   30.000013151.9629   15.5834
    0.0000   37.5000   30.000013746.0488   15.5510
    7.5000   37.5000   30.000013065.6826   15.6141
   -7.5000   45.0000   30.000012312.5889   15.7118
    0.0000   45.0000   30.000012843.9990   15.6854
    7.5000   45.0000   30.000012215.1855   15.7439
   -7.5000  -45.0000   37.500010504.5254   12.9052
    0.0000  -45.0000   37.500011005.1934   12.8896
    7.5000  -45.0000   37.500010464.5332   12.9364
   -7.5000  -37.5000   37.500011145.8086   12.8634
    0.0000  -37.5000   37.500011671.8691   12.8486
    7.5000  -37.5000   37.500011104.8076   12.9003
   -7.5000  -30.0000   37.500011929.7402   13.4126
    0.0000  -30.0000   37.500012522.5420   13.3939
    7.5000  -30.0000   37.500011899.0605   13.4583
   -7.5000  -22.5000   37.500012700.0742   13.9436
    0.0000  -22.5000   37.500013318.2578   13.9199
    7.5000  -22.5000   37.500012668.3984   13.9924
   -7.5000  -15.0000   37.500013438.6104   14.4806
    0.0000  -15.0000   37.500014029.4053   14.4524
    7.5000  -15.0000   37.500013369.4414   14.5261
   -7.5000   -7.5000   37.500014166.4033   15.0254
    0.0000   -7.5000   37.500014751.4580   14.9949
    7.5000   -7.5000   37.500014076.8809   15.0639
   -7.5000    0.0000   37.500014843.3379   15.5572
    0.0000    0.0000   37.500015457.4160   15.5262
    7.5000    0.0000   37.500014727.9717   15.5930
   -7.5000    7.5000   37.500014584.9111   15.5690
    0.0000    7.5000   37.500015196.8223   15.5411
    7.5000    7.5000   37.500014485.1045   15.6121
   -7.5000   15.0000   37.500014150.2021   15.5702
    0.0000   15.0000   37.500014776.6885   15.5436
    7.5000   15.0000   37.500014069.9736   15.6226
   -7.5000   22.5000   37.500013629.6074   15.5712
    0.0000   22.5000   37.500014240.1230   15.5448
    7.5000   22.5000   37.500013572.7998   15.6259
   -7.5000   30.0000   37.500013006.6885   15.6090
    0.0000   30.0000   37.500013591.6211   15.5833
    7.5000   30.0000   37.500012930.9414   15.6590
   -7.5000   37.5000   37.500012820.5195   15.7622
    0.0000   37.5000   37.500013398.4824   15.7370
    7.5000   37.5000   37.500012724.9756   15.8024
   -7.5000   45.0000   37.500012013.7402   15.9031
    0.0000   45.0000   37.500012534.4854   15.8823
    7.5000   45.0000   37.500011911.0830   15.9419
   -7.5000  -45.0000   45.0000 9768.4590   13.1138
    0.0000  -45.0000   45.000010213.1279   13.0985
    7.5000  -45.0000   45.0000 9693.4492   13.1459
   -7.5000  -37.5000   45.000010340.6396   13.0792
    0.0000  -37.5000   45.000010821.2832   13.0624
    7.5000  -37.5000   45.000010271.8047   13.1152
   -7.5000  -30.0000   45.000011085.3115   13.6452
    0.0000  -30.0000   45.000011611.5469   13.6248
    7.5000  -30.0000   45.000011025.1260   13.6895
   -7.5000  -22.5000   45.000011797.2695   14.1853
    0.0000  -22.5000   45.000012342.4336   14.1634
    7.5000  -22.5000   45.000011729.3125   14.2350
   -7.5000  -15.0000   45.000012441.8936   14.7250
    0.0000  -15.0000   45.000012963.2363   14.7015
    7.5000  -15.0000   45.000012361.3594   14.7737
   -7.5000   -7.5000   45.000013094.3613   15.2738
    0.0000   -7.5000   45.000013589.3115   15.2468
    7.5000   -7.5000   45.000013003.5098   15.3150
   -7.5000    0.0000   45.000013699.1826   15.8173
    0.0000    0.0000   45.000014194.5820   15.7867
    7.5000    0.0000   45.000013589.1660   15.8543
   -7.5000    7.5000   45.000013488.1973   15.8388
    0.0000    7.5000   45.000013985.2529   15.8086
    7.5000    7.5000   45.000013379.9570   15.8809
   -7.5000   15.0000   45.000013125.8262   15.8476
    0.0000   15.0000   45.000013648.4414   15.8189
    7.5000   15.0000   45.000013031.8398   15.8984
   -7.5000   22.5000   45.000012646.1250   15.8465
    0.0000   22.5000   45.000013174.2842   15.8219
    7.5000   22.5000   45.000012577.9727   15.9021
   -7.5000   30.0000   45.000012061.3467   15.8762
    0.0000   30.0000   45.000012585.0322   15.8555
    7.5000   30.0000   45.000011982.4219   15.9295
   -7.5000   37.5000   45.000011903.4658   16.0265
    0.0000   37.5000   45.000012399.7734   16.0051
    7.5000   37.5000   45.000011803.2451   16.0701
   -7.5000   45.0000   45.000011182.0010   16.1763
    0.0000   45.0000   45.000011655.9834   16.1560
    7.5000   45.0000   45.000011088.1221   16.2173

---------------------------------------------------------------------
imgreg_4dfp /Applications/freesurfer/7.4.1/average/3T18yoSchwartzReactN32_as_orig /Applications/freesurfer/7.4.1/average/711-2B_as_mni_average_305_mask talsrcimg_g11 none talsrcimg_to_3T18yoSchwartzReactN32_as_orig_t4 4355
---------------------------------------------------------------------

freesurfer imgreg_4dfp.c
/Applications/freesurfer/7.4.1/average/3T18yoSchwartzReactN32_as_orig.4dfp.img
       256       256       256         1
  1.000000  1.000000  1.000000
orientation T byte_order littleendian
Reading image: /Applications/freesurfer/7.4.1/average/3T18yoSchwartzReactN32_as_orig.4dfp.img
dimensions:      256       256       256
mmppix:       1.0000   -1.0000   -1.0000
center:     128.0000 -129.0000 -129.0000
/Applications/freesurfer/7.4.1/average/711-2B_as_mni_average_305_mask.4dfp.img
       256       256       256         1
  1.000000  1.000000  1.000000
orientation T byte_order littleendian
Reading mask: /Applications/freesurfer/7.4.1/average/711-2B_as_mni_average_305_mask.4dfp.img (2306576 pixels)
talsrcimg_g11.4dfp.img
       256       256       256         1
  1.000000  1.000000  1.000000
orientation T byte_order littleendian
Reading image: talsrcimg_g11.4dfp.img
dimensions:      256       256       256
mmppix:       1.0000   -1.0000   -1.0000
center:     128.0000 -129.0000 -129.0000
rotation matrix determinant  1.000000
image alignment mode   4355 decimal     1103 hex
   -7.5000  -45.0000  -45.0000 2191.8364   18.0718
    0.0000  -45.0000  -45.0000 2199.8018   17.9812
    7.5000  -45.0000  -45.0000 2180.8921   18.1288
   -7.5000  -37.5000  -45.0000 2232.0811   17.5190
    0.0000  -37.5000  -45.0000 2236.8096   17.4141
    7.5000  -37.5000  -45.0000 2219.4963   17.5981
   -7.5000  -30.0000  -45.0000 2254.6726   17.0865
    0.0000  -30.0000  -45.0000 2267.5159   17.0709
    7.5000  -30.0000  -45.0000 2244.8015   17.1841
   -7.5000  -22.5000  -45.0000 2273.6514   16.7795
    0.0000  -22.5000  -45.0000 2290.5471   16.7735
    7.5000  -22.5000  -45.0000 2259.8877   16.8883
   -7.5000  -15.0000  -45.0000 2284.8047   16.6156
    0.0000  -15.0000  -45.0000 2296.0525   16.6133
    7.5000  -15.0000  -45.0000 2266.1846   16.7200
   -7.5000   -7.5000  -45.0000 2294.7649   16.6838
    0.0000   -7.5000  -45.0000 2304.7107   16.6589
    7.5000   -7.5000  -45.0000 2275.9026   16.8185
   -7.5000    0.0000  -45.0000 2277.7939   16.8392
    0.0000    0.0000  -45.0000 2293.2874   16.8253
    7.5000    0.0000  -45.0000 2263.3198   17.0336
   -7.5000    7.5000  -45.0000 2267.6013   17.3729
    0.0000    7.5000  -45.0000 2282.3579   17.3290
    7.5000    7.5000  -45.0000 2248.0623   17.5037
   -7.5000   15.0000  -45.0000 2229.6833   18.0669
    0.0000   15.0000  -45.0000 2241.6072   18.0267
    7.5000   15.0000  -45.0000 2214.6709   18.2547
   -7.5000   22.5000  -45.0000 2168.3252   18.9512
    0.0000   22.5000  -45.0000 2177.3020   18.8490
    7.5000   22.5000  -45.0000 2158.6868   19.1221
   -7.5000   30.0000  -45.0000 2084.1738   20.2050
    0.0000   30.0000  -45.0000 2086.4827   20.0030
    7.5000   30.0000  -45.0000 2083.1782   20.3885
   -7.5000   37.5000  -45.0000 2001.5985   22.0889
    0.0000   37.5000  -45.0000 1999.8947   21.9052
    7.5000   37.5000  -45.0000 1993.3379   22.2354
   -7.5000   45.0000  -45.0000 1913.0847   24.6223
    0.0000   45.0000  -45.0000 1916.9215   24.4506
    7.5000   45.0000  -45.0000 1896.0591   24.6508
   -7.5000  -45.0000  -37.5000 2290.5667   16.9005
    0.0000  -45.0000  -37.5000 2300.7358   16.8293
    7.5000  -45.0000  -37.5000 2271.9019   16.8913
   -7.5000  -37.5000  -37.5000 2321.9043   16.2012
    0.0000  -37.5000  -37.5000 2341.7468   16.1935
    7.5000  -37.5000  -37.5000 2310.8696   16.2735
   -7.5000  -30.0000  -37.5000 2345.1743   15.7507
    0.0000  -30.0000  -37.5000 2369.3828   15.7759
    7.5000  -30.0000  -37.5000 2337.8906   15.8857
   -7.5000  -22.5000  -37.5000 2368.2668   15.4814
    0.0000  -22.5000  -37.5000 2397.6736   15.5381
    7.5000  -22.5000  -37.5000 2353.9172   15.5665
   -7.5000  -15.0000  -37.5000 2372.5188   15.2678
    0.0000  -15.0000  -37.5000 2406.9614   15.3733
    7.5000  -15.0000  -37.5000 2360.3147   15.3833
   -7.5000   -7.5000  -37.5000 2390.8892   15.3318
    0.0000   -7.5000  -37.5000 2410.2798   15.3585
    7.5000   -7.5000  -37.5000 2368.8667   15.4359
   -7.5000    0.0000  -37.5000 2388.5938   15.5293
    0.0000    0.0000  -37.5000 2412.4998   15.6042
    7.5000    0.0000  -37.5000 2364.8054   15.6878
   -7.5000    7.5000  -37.5000 2386.0847   16.0640
    0.0000    7.5000  -37.5000 2403.3667   16.0791
    7.5000    7.5000  -37.5000 2357.6506   16.1787
   -7.5000   15.0000  -37.5000 2348.7065   16.7181
    0.0000   15.0000  -37.5000 2365.6460   16.6810
    7.5000   15.0000  -37.5000 2327.3435   16.8476
   -7.5000   22.5000  -37.5000 2287.6570   17.5183
    0.0000   22.5000  -37.5000 2301.7673   17.4745
    7.5000   22.5000  -37.5000 2266.0388   17.6528
   -7.5000   30.0000  -37.5000 2206.6147   18.6261
    0.0000   30.0000  -37.5000 2207.1562   18.5141
    7.5000   30.0000  -37.5000 2190.8047   18.7728
   -7.5000   37.5000  -37.5000 2113.7202   20.3069
    0.0000   37.5000  -37.5000 2108.0369   20.1853
    7.5000   37.5000  -37.5000 2094.1406   20.4065
   -7.5000   45.0000  -37.5000 2008.9614   22.5276
    0.0000   45.0000  -37.5000 2014.3671   22.4117
    7.5000   45.0000  -37.5000 1995.4805   22.6173
   -7.5000  -45.0000  -30.0000 2429.7742   16.2414
    0.0000  -45.0000  -30.0000 2442.6333   16.2174
    7.5000  -45.0000  -30.0000 2408.8362   16.2628
   -7.5000  -37.5000  -30.0000 2462.3069   15.5040
    0.0000  -37.5000  -30.0000 2481.0537   15.5165
    7.5000  -37.5000  -30.0000 2446.7039   15.5689
   -7.5000  -30.0000  -30.0000 2478.5115   14.9188
    0.0000  -30.0000  -30.0000 2503.5303   14.9524
    7.5000  -30.0000  -30.0000 2463.6299   15.0220
   -7.5000  -22.5000  -30.0000 2509.3508   14.5966
    0.0000  -22.5000  -30.0000 2532.8828   14.6534
    7.5000  -22.5000  -30.0000 2490.3230   14.7108
   -7.5000  -15.0000  -30.0000 2524.5566   14.4071
    0.0000  -15.0000  -30.0000 2553.1079   14.4988
    7.5000  -15.0000  -30.0000 2499.6077   14.5163
   -7.5000   -7.5000  -30.0000 2542.7349   14.4629
    0.0000   -7.5000  -30.0000 2564.6836   14.5153
    7.5000   -7.5000  -30.0000 2514.6560   14.5508
   -7.5000    0.0000  -30.0000 2541.9749   14.7347
    0.0000    0.0000  -30.0000 2570.4812   14.8560
    7.5000    0.0000  -30.0000 2513.6362   14.8583
   -7.5000    7.5000  -30.0000 2543.1702   15.2848
    0.0000    7.5000  -30.0000 2560.1489   15.3281
    7.5000    7.5000  -30.0000 2514.9890   15.3760
   -7.5000   15.0000  -30.0000 2510.2109   15.9326
    0.0000   15.0000  -30.0000 2530.9216   15.9583
    7.5000   15.0000  -30.0000 2477.6355   16.0345
   -7.5000   22.5000  -30.0000 2449.1147   16.6952
    0.0000   22.5000  -30.0000 2468.1140   16.6979
    7.5000   22.5000  -30.0000 2421.9429   16.8146
   -7.5000   30.0000  -30.0000 2364.0383   17.7537
    0.0000   30.0000  -30.0000 2376.4385   17.7188
    7.5000   30.0000  -30.0000 2344.9524   17.8992
   -7.5000   37.5000  -30.0000 2263.6626   19.2990
    0.0000   37.5000  -30.0000 2269.9048   19.2208
    7.5000   37.5000  -30.0000 2246.7522   19.4358
   -7.5000   45.0000  -30.0000 2148.4304   21.3176
    0.0000   45.0000  -30.0000 2156.1960   21.2126
    7.5000   45.0000  -30.0000 2131.6130   21.4223
   -7.5000  -45.0000  -22.5000 2533.7852   15.5196
    0.0000  -45.0000  -22.5000 2549.7871   15.4550
    7.5000  -45.0000  -22.5000 2519.1572   15.5959
   -7.5000  -37.5000  -22.5000 2566.2114   14.7006
    0.0000  -37.5000  -22.5000 2586.7683   14.6683
    7.5000  -37.5000  -22.5000 2552.4993   14.7740
   -7.5000  -30.0000  -22.5000 2582.7910   14.0531
    0.0000  -30.0000  -22.5000 2611.4026   14.0591
    7.5000  -30.0000  -22.5000 2566.2170   14.1344
   -7.5000  -22.5000  -22.5000 2614.9463   13.6805
    0.0000  -22.5000  -22.5000 2639.9951   13.6997
    7.5000  -22.5000  -22.5000 2596.2537   13.7898
   -7.5000  -15.0000  -22.5000 2639.3047   13.5015
    0.0000  -15.0000  -22.5000 2663.4846   13.5569
    7.5000  -15.0000  -22.5000 2617.8552   13.6316
   -7.5000   -7.5000  -22.5000 2657.9233   13.5601
    0.0000   -7.5000  -22.5000 2683.4651   13.6041
    7.5000   -7.5000  -22.5000 2631.3135   13.6627
   -7.5000    0.0000  -22.5000 2664.6631   13.8760
    0.0000    0.0000  -22.5000 2697.6636   13.9842
    7.5000    0.0000  -22.5000 2638.2732   13.9836
   -7.5000    7.5000  -22.5000 2666.4058   14.3968
    0.0000    7.5000  -22.5000 2688.5754   14.4748
    7.5000    7.5000  -22.5000 2637.9185   14.4919
   -7.5000   15.0000  -22.5000 2628.2161   15.0186
    0.0000   15.0000  -22.5000 2658.8459   15.0750
    7.5000   15.0000  -22.5000 2602.7583   15.1476
   -7.5000   22.5000  -22.5000 2569.1763   15.7813
    0.0000   22.5000  -22.5000 2588.7217   15.7959
    7.5000   22.5000  -22.5000 2552.4094   15.9591
   -7.5000   30.0000  -22.5000 2484.9915   16.8267
    0.0000   30.0000  -22.5000 2502.8333   16.8057
    7.5000   30.0000  -22.5000 2472.6377   17.0205
   -7.5000   37.5000  -22.5000 2386.4832   18.2962
    0.0000   37.5000  -22.5000 2401.1987   18.2738
    7.5000   37.5000  -22.5000 2375.9272   18.4804
   -7.5000   45.0000  -22.5000 2268.7585   20.2805
    0.0000   45.0000  -22.5000 2279.5681   20.2142
    7.5000   45.0000  -22.5000 2256.2446   20.4079
   -7.5000  -45.0000  -15.0000 2598.0781   14.8386
    0.0000  -45.0000  -15.0000 2614.8320   14.7764
    7.5000  -45.0000  -15.0000 2579.9126   14.9053
   -7.5000  -37.5000  -15.0000 2631.9221   13.9396
    0.0000  -37.5000  -15.0000 2649.2720   13.9096
    7.5000  -37.5000  -15.0000 2617.6301   14.0322
   -7.5000  -30.0000  -15.0000 2658.3225   13.2771
    0.0000  -30.0000  -15.0000 2683.3618   13.2782
    7.5000  -30.0000  -15.0000 2644.3467   13.3951
   -7.5000  -22.5000  -15.0000 2684.4756   12.8637
    0.0000  -22.5000  -15.0000 2714.7214   12.9181
    7.5000  -22.5000  -15.0000 2671.5459   13.0192
   -7.5000  -15.0000  -15.0000 2707.4045   12.6520
    0.0000  -15.0000  -15.0000 2732.7212   12.6957
    7.5000  -15.0000  -15.0000 2692.6099   12.8370
   -7.5000   -7.5000  -15.0000 2732.1829   12.7083
    0.0000   -7.5000  -15.0000 2762.6873   12.7534
    7.5000   -7.5000  -15.0000 2712.0349   12.8653
   -7.5000    0.0000  -15.0000 2746.0286   13.0617
    0.0000    0.0000  -15.0000 2786.5012   13.1425
    7.5000    0.0000  -15.0000 2728.0532   13.2159
   -7.5000    7.5000  -15.0000 2747.3196   13.5824
    0.0000    7.5000  -15.0000 2780.8403   13.6443
    7.5000    7.5000  -15.0000 2727.6392   13.7101
   -7.5000   15.0000  -15.0000 2707.0076   14.1316
    0.0000   15.0000  -15.0000 2733.4773   14.1884
    7.5000   15.0000  -15.0000 2695.5305   14.3202
   -7.5000   22.5000  -15.0000 2651.6008   14.9208
    0.0000   22.5000  -15.0000 2671.7007   14.9278
    7.5000   22.5000  -15.0000 2641.3872   15.1163
   -7.5000   30.0000  -15.0000 2565.0488   15.9670
    0.0000   30.0000  -15.0000 2582.0762   15.9547
    7.5000   30.0000  -15.0000 2554.7168   16.1600
   -7.5000   37.5000  -15.0000 2475.7161   17.4681
    0.0000   37.5000  -15.0000 2494.9465   17.4492
    7.5000   37.5000  -15.0000 2468.2556   17.6632
   -7.5000   45.0000  -15.0000 2358.1294   19.4439
    0.0000   45.0000  -15.0000 2374.4663   19.3643
    7.5000   45.0000  -15.0000 2349.6831   19.5901
   -7.5000  -45.0000   -7.5000 2626.9927   14.2365
    0.0000  -45.0000   -7.5000 2636.6782   14.1432
    7.5000  -45.0000   -7.5000 2614.2332   14.3033
   -7.5000  -37.5000   -7.5000 2661.1638   13.3058
    0.0000  -37.5000   -7.5000 2680.9309   13.2735
    7.5000  -37.5000   -7.5000 2661.5378   13.4276
   -7.5000  -30.0000   -7.5000 2694.9609   12.6587
    0.0000  -30.0000   -7.5000 2721.0120   12.6585
    7.5000  -30.0000   -7.5000 2693.7229   12.8114
   -7.5000  -22.5000   -7.5000 2734.3516   12.2963
    0.0000  -22.5000   -7.5000 2753.6641   12.3051
    7.5000  -22.5000   -7.5000 2727.7327   12.4647
   -7.5000  -15.0000   -7.5000 2753.7419   12.0657
    0.0000  -15.0000   -7.5000 2774.2539   12.0326
    7.5000  -15.0000   -7.5000 2747.3782   12.2992
   -7.5000   -7.5000   -7.5000 2775.3982   12.0466
    0.0000   -7.5000   -7.5000 2807.7253   12.0126
    7.5000   -7.5000   -7.5000 2765.1667   12.2797
   -7.5000    0.0000   -7.5000 2796.9397   12.3873
    0.0000    0.0000   -7.5000 2834.3079   12.3750
    7.5000    0.0000   -7.5000 2782.5054   12.5565
   -7.5000    7.5000   -7.5000 2789.1299   12.8536
    0.0000    7.5000   -7.5000 2819.2959   12.8367
    7.5000    7.5000   -7.5000 2780.5115   13.0288
   -7.5000   15.0000   -7.5000 2745.2549   13.4049
    0.0000   15.0000   -7.5000 2766.7261   13.3858
    7.5000   15.0000   -7.5000 2751.2207   13.6306
   -7.5000   22.5000   -7.5000 2692.5061   14.2049
    0.0000   22.5000   -7.5000 2711.0425   14.1590
    7.5000   22.5000   -7.5000 2700.9580   14.4443
   -7.5000   30.0000   -7.5000 2612.2388   15.2997
    0.0000   30.0000   -7.5000 2633.3911   15.2658
    7.5000   30.0000   -7.5000 2606.4373   15.5143
   -7.5000   37.5000   -7.5000 2525.9299   16.8004
    0.0000   37.5000   -7.5000 2545.2048   16.8085
    7.5000   37.5000   -7.5000 2519.9438   17.0283
   -7.5000   45.0000   -7.5000 2411.2019   18.7605
    0.0000   45.0000   -7.5000 2428.5481   18.7454
    7.5000   45.0000   -7.5000 2399.5552   18.9304
   -7.5000  -45.0000    0.0000 2634.3040   13.7850
    0.0000  -45.0000    0.0000 2634.5222   13.6411
    7.5000  -45.0000    0.0000 2632.3293   13.9122
   -7.5000  -37.5000    0.0000 2678.9182   12.8789
    0.0000  -37.5000    0.0000 2680.7556   12.7227
    7.5000  -37.5000    0.0000 2681.5742   12.9911
   -7.5000  -30.0000    0.0000 2724.5964   12.2753
    0.0000  -30.0000    0.0000 2728.8252   12.1692
    7.5000  -30.0000    0.0000 2725.1985   12.4237
   -7.5000  -22.5000    0.0000 2765.7917   11.9700
    0.0000  -22.5000    0.0000 2768.5991   11.8779
    7.5000  -22.5000    0.0000 2760.3889   12.1183
   -7.5000  -15.0000    0.0000 2787.8396   11.7863
    0.0000  -15.0000    0.0000 2798.6882   11.6830
    7.5000  -15.0000    0.0000 2787.7808   12.0000
   -7.5000   -7.5000    0.0000 2788.1858   11.6361
    0.0000   -7.5000    0.0000 2795.4995   11.4456
    7.5000   -7.5000    0.0000 2793.1021   11.9274
   -7.5000    0.0000    0.0000 2806.4661   11.8853
    0.0000    0.0000    0.0000 2824.0664   11.6900
    7.5000    0.0000    0.0000 2796.7507   12.0867
   -7.5000    7.5000    0.0000 2811.8979   12.3665
    0.0000    7.5000    0.0000 2822.1631   12.1610
    7.5000    7.5000    0.0000 2803.8982   12.5413
   -7.5000   15.0000    0.0000 2780.3840   12.9708
    0.0000   15.0000    0.0000 2786.1155   12.8225
    7.5000   15.0000    0.0000 2773.9951   13.1350
   -7.5000   22.5000    0.0000 2723.8765   13.8297
    0.0000   22.5000    0.0000 2743.7881   13.7430
    7.5000   22.5000    0.0000 2722.2722   13.9949
   -7.5000   30.0000    0.0000 2653.5635   15.0328
    0.0000   30.0000    0.0000 2666.9231   14.9431
    7.5000   30.0000    0.0000 2642.1797   15.1664
   -7.5000   37.5000    0.0000 2562.4602   16.5341
    0.0000   37.5000    0.0000 2574.8455   16.4531
    7.5000   37.5000    0.0000 2548.4529   16.6793
   -7.5000   45.0000    0.0000 2439.0291   18.4909
    0.0000   45.0000    0.0000 2454.1501   18.3467
    7.5000   45.0000    0.0000 2424.7261   18.5876
   -7.5000  -45.0000    7.5000 2639.0532   13.5440
    0.0000  -45.0000    7.5000 2638.0813   13.3875
    7.5000  -45.0000    7.5000 2648.7983   13.7281
   -7.5000  -37.5000    7.5000 2686.1838   12.6277
    0.0000  -37.5000    7.5000 2686.8450   12.4518
    7.5000  -37.5000    7.5000 2694.4583   12.7816
   -7.5000  -30.0000    7.5000 2731.8225   12.0512
    0.0000  -30.0000    7.5000 2725.5361   11.8793
    7.5000  -30.0000    7.5000 2736.1597   12.2128
   -7.5000  -22.5000    7.5000 2767.5415   11.7860
    0.0000  -22.5000    7.5000 2753.8962   11.6078
    7.5000  -22.5000    7.5000 2765.1399   11.9239
   -7.5000  -15.0000    7.5000 2799.9004   11.7058
    0.0000  -15.0000    7.5000 2785.1035   11.4941
    7.5000  -15.0000    7.5000 2798.4360   11.8693
   -7.5000   -7.5000    7.5000 2813.4102   11.6374
    0.0000   -7.5000    7.5000 2792.7319   11.3173
    7.5000   -7.5000    7.5000 2810.1682   11.8316
   -7.5000    0.0000    7.5000 2821.4573   11.7564
    0.0000    0.0000    7.5000 2813.8760   11.4741
    7.5000    0.0000    7.5000 2808.7510   11.9474
   -7.5000    7.5000    7.5000 2820.9460   12.1456
    0.0000    7.5000    7.5000 2833.8918   11.9620
    7.5000    7.5000    7.5000 2804.8259   12.2773
   -7.5000   15.0000    7.5000 2792.3228   12.7770
    0.0000   15.0000    7.5000 2805.1052   12.6646
    7.5000   15.0000    7.5000 2777.0576   12.8724
   -7.5000   22.5000    7.5000 2737.9922   13.6468
    0.0000   22.5000    7.5000 2759.1562   13.5766
    7.5000   22.5000    7.5000 2729.7593   13.7592
   -7.5000   30.0000    7.5000 2670.4036   14.9032
    0.0000   30.0000    7.5000 2695.0396   14.8712
    7.5000   30.0000    7.5000 2652.7368   15.0079
   -7.5000   37.5000    7.5000 2580.3291   16.4454
    0.0000   37.5000    7.5000 2606.4221   16.4633
    7.5000   37.5000    7.5000 2567.9385   16.5828
   -7.5000   45.0000    7.5000 2450.4873   18.3279
    0.0000   45.0000    7.5000 2476.6567   18.3372
    7.5000   45.0000    7.5000 2437.2839   18.4776
   -7.5000  -45.0000   15.0000 2636.7515   13.5988
    0.0000  -45.0000   15.0000 2638.4084   13.3692
    7.5000  -45.0000   15.0000 2644.2065   13.7737
   -7.5000  -37.5000   15.0000 2682.4092   12.6451
    0.0000  -37.5000   15.0000 2680.8918   12.4179
    7.5000  -37.5000   15.0000 2687.3127   12.8006
   -7.5000  -30.0000   15.0000 2717.6819   12.0755
    0.0000  -30.0000   15.0000 2714.0095   11.8483
    7.5000  -30.0000   15.0000 2722.9246   12.2133
   -7.5000  -22.5000   15.0000 2748.9402   11.8307
    0.0000  -22.5000   15.0000 2750.6233   11.6520
    7.5000  -22.5000   15.0000 2751.6218   11.9601
   -7.5000  -15.0000   15.0000 2783.0024   11.8000
    0.0000  -15.0000   15.0000 2784.1594   11.6464
    7.5000  -15.0000   15.0000 2786.5608   11.9581
   -7.5000   -7.5000   15.0000 2806.6787   11.8028
    0.0000   -7.5000   15.0000 2809.7742   11.5701
    7.5000   -7.5000   15.0000 2797.5908   11.9294
   -7.5000    0.0000   15.0000 2821.4885   11.9551
    0.0000    0.0000   15.0000 2841.7883   11.8170
    7.5000    0.0000   15.0000 2802.6853   12.0536
   -7.5000    7.5000   15.0000 2819.6885   12.3305
    0.0000    7.5000   15.0000 2848.9304   12.2974
    7.5000    7.5000   15.0000 2800.5273   12.4434
   -7.5000   15.0000   15.0000 2786.3013   12.9192
    0.0000   15.0000   15.0000 2800.1685   12.8749
    7.5000   15.0000   15.0000 2774.2974   13.0484
   -7.5000   22.5000   15.0000 2721.3276   13.7015
    0.0000   22.5000   15.0000 2741.2144   13.6388
    7.5000   22.5000   15.0000 2715.5693   13.8438
   -7.5000   30.0000   15.0000 2642.0781   14.8293
    0.0000   30.0000   15.0000 2670.5183   14.8162
    7.5000   30.0000   15.0000 2636.7756   14.9863
   -7.5000   37.5000   15.0000 2556.7839   16.3434
    0.0000   37.5000   15.0000 2585.4949   16.3920
    7.5000   37.5000   15.0000 2555.0303   16.5531
   -7.5000   45.0000   15.0000 2440.7102   18.3152
    0.0000   45.0000   15.0000 2462.3423   18.3079
    7.5000   45.0000   15.0000 2432.4854   18.5157
   -7.5000  -45.0000   22.5000 2627.7024   13.8982
    0.0000  -45.0000   22.5000 2627.1833   13.6402
    7.5000  -45.0000   22.5000 2622.8870   14.0198
   -7.5000  -37.5000   22.5000 2666.3743   12.9264
    0.0000  -37.5000   22.5000 2672.5837   12.7126
    7.5000  -37.5000   22.5000 2666.7751   13.0831
   -7.5000  -30.0000   22.5000 2697.8994   12.3434
    0.0000  -30.0000   22.5000 2703.9485   12.1396
    7.5000  -30.0000   22.5000 2703.4285   12.4983
   -7.5000  -22.5000   22.5000 2742.2498   12.1240
    0.0000  -22.5000   22.5000 2741.8625   11.9123
    7.5000  -22.5000   22.5000 2740.6558   12.2229
   -7.5000  -15.0000   22.5000 2767.9326   12.0373
    0.0000  -15.0000   22.5000 2770.8586   11.8410
    7.5000  -15.0000   22.5000 2766.0884   12.1334
   -7.5000   -7.5000   22.5000 2787.6147   12.0420
    0.0000   -7.5000   22.5000 2787.5273   11.7853
    7.5000   -7.5000   22.5000 2777.9722   12.1038
   -7.5000    0.0000   22.5000 2804.0222   12.2771
    0.0000    0.0000   22.5000 2827.6641   12.1831
    7.5000    0.0000   22.5000 2788.4727   12.3381
   -7.5000    7.5000   22.5000 2805.9785   12.7689
    0.0000    7.5000   22.5000 2820.7637   12.6888
    7.5000    7.5000   22.5000 2789.2053   12.8309
   -7.5000   15.0000   22.5000 2767.7983   13.3510
    0.0000   15.0000   22.5000 2787.5906   13.3122
    7.5000   15.0000   22.5000 2758.9446   13.4561
   -7.5000   22.5000   22.5000 2701.8120   14.0661
    0.0000   22.5000   22.5000 2725.5176   14.0441
    7.5000   22.5000   22.5000 2696.2100   14.2172
   -7.5000   30.0000   22.5000 2615.8596   15.1165
    0.0000   30.0000   22.5000 2644.5640   15.0889
    7.5000   30.0000   22.5000 2612.6934   15.2846
   -7.5000   37.5000   22.5000 2526.8049   16.5548
    0.0000   37.5000   22.5000 2557.1047   16.5715
    7.5000   37.5000   22.5000 2524.6777   16.7394
   -7.5000   45.0000   22.5000 2410.4336   18.4339
    0.0000   45.0000   22.5000 2431.6021   18.4163
    7.5000   45.0000   22.5000 2408.5779   18.6213
   -7.5000  -45.0000   30.0000 2584.8938   14.3805
    0.0000  -45.0000   30.0000 2594.5288   14.1852
    7.5000  -45.0000   30.0000 2579.6958   14.4974
   -7.5000  -37.5000   30.0000 2635.6970   13.4448
    0.0000  -37.5000   30.0000 2651.8169   13.2629
    7.5000  -37.5000   30.0000 2641.1169   13.5991
   -7.5000  -30.0000   30.0000 2680.8506   12.8487
    0.0000  -30.0000   30.0000 2698.8013   12.6562
    7.5000  -30.0000   30.0000 2681.0007   12.9692
   -7.5000  -22.5000   30.0000 2713.9998   12.4930
    0.0000  -22.5000   30.0000 2729.6196   12.3000
    7.5000  -22.5000   30.0000 2714.3809   12.5887
   -7.5000  -15.0000   30.0000 2736.2896   12.3547
    0.0000  -15.0000   30.0000 2742.7595   12.1401
    7.5000  -15.0000   30.0000 2736.5015   12.4519
   -7.5000   -7.5000   30.0000 2749.6812   12.3865
    0.0000   -7.5000   30.0000 2757.4116   12.1713
    7.5000   -7.5000   30.0000 2744.8420   12.4456
   -7.5000    0.0000   30.0000 2771.1213   12.7469
    0.0000    0.0000   30.0000 2786.6106   12.6166
    7.5000    0.0000   30.0000 2757.5120   12.7852
   -7.5000    7.5000   30.0000 2764.9180   13.2510
    0.0000    7.5000   30.0000 2778.9895   13.1571
    7.5000    7.5000   30.0000 2753.5864   13.2984
   -7.5000   15.0000   30.0000 2726.2158   13.8724
    0.0000   15.0000   30.0000 2743.6978   13.7830
    7.5000   15.0000   30.0000 2718.6545   13.9403
   -7.5000   22.5000   30.0000 2664.1921   14.6184
    0.0000   22.5000   30.0000 2691.7361   14.5655
    7.5000   22.5000   30.0000 2663.2363   14.7228
   -7.5000   30.0000   30.0000 2578.3569   15.6656
    0.0000   30.0000   30.0000 2609.9001   15.6293
    7.5000   30.0000   30.0000 2578.5923   15.7982
   -7.5000   37.5000   30.0000 2495.9878   17.0716
    0.0000   37.5000   30.0000 2519.5225   17.0517
    7.5000   37.5000   30.0000 2497.3206   17.2431
   -7.5000   45.0000   30.0000 2377.3667   18.8553
    0.0000   45.0000   30.0000 2392.1511   18.8513
    7.5000   45.0000   30.0000 2375.1265   19.0308
   -7.5000  -45.0000   37.5000 2529.3013   15.0835
    0.0000  -45.0000   37.5000 2556.2859   14.9447
    7.5000  -45.0000   37.5000 2529.2961   15.1638
   -7.5000  -37.5000   37.5000 2595.2424   14.1236
    0.0000  -37.5000   37.5000 2618.6194   13.9574
    7.5000  -37.5000   37.5000 2595.4380   14.2254
   -7.5000  -30.0000   37.5000 2644.4253   13.4365
    0.0000  -30.0000   37.5000 2676.8794   13.2823
    7.5000  -30.0000   37.5000 2640.4475   13.5315
   -7.5000  -22.5000   37.5000 2676.4653   13.0536
    0.0000  -22.5000   37.5000 2704.6208   12.8707
    7.5000  -22.5000   37.5000 2672.5405   13.1342
   -7.5000  -15.0000   37.5000 2692.3125   12.8622
    0.0000  -15.0000   37.5000 2712.0957   12.6672
    7.5000  -15.0000   37.5000 2691.8560   12.9562
   -7.5000   -7.5000   37.5000 2708.1108   12.9074
    0.0000   -7.5000   37.5000 2722.3628   12.7364
    7.5000   -7.5000   37.5000 2705.8254   12.9984
   -7.5000    0.0000   37.5000 2720.4478   13.2783
    0.0000    0.0000   37.5000 2733.9277   13.1463
    7.5000    0.0000   37.5000 2708.1819   13.3345
   -7.5000    7.5000   37.5000 2712.7778   13.8316
    0.0000    7.5000   37.5000 2726.2136   13.7344
    7.5000    7.5000   37.5000 2702.7493   13.8910
   -7.5000   15.0000   37.5000 2675.1814   14.4635
    0.0000   15.0000   37.5000 2695.7874   14.3967
    7.5000   15.0000   37.5000 2670.5869   14.5434
   -7.5000   22.5000   37.5000 2623.6367   15.2972
    0.0000   22.5000   37.5000 2646.9246   15.2209
    7.5000   22.5000   37.5000 2620.3000   15.3746
   -7.5000   30.0000   37.5000 2552.3679   16.3876
    0.0000   30.0000   37.5000 2570.7251   16.3032
    7.5000   30.0000   37.5000 2546.7397   16.4849
   -7.5000   37.5000   37.5000 2461.6121   17.8049
    0.0000   37.5000   37.5000 2479.1846   17.7226
    7.5000   37.5000   37.5000 2454.5139   17.9000
   -7.5000   45.0000   37.5000 2341.3994   19.6373
    0.0000   45.0000   37.5000 2350.4856   19.5922
    7.5000   45.0000   37.5000 2330.1548   19.7491
   -7.5000  -45.0000   45.0000 2477.7751   15.8956
    0.0000  -45.0000   45.0000 2498.8281   15.7245
    7.5000  -45.0000   45.0000 2468.1086   15.9655
   -7.5000  -37.5000   45.0000 2539.4360   14.9330
    0.0000  -37.5000   45.0000 2567.9482   14.7833
    7.5000  -37.5000   45.0000 2532.2432   15.0079
   -7.5000  -30.0000   45.0000 2596.3640   14.2035
    0.0000  -30.0000   45.0000 2629.6816   14.0772
    7.5000  -30.0000   45.0000 2588.9453   14.2973
   -7.5000  -22.5000   45.0000 2632.7278   13.7805
    0.0000  -22.5000   45.0000 2666.0234   13.6412
    7.5000  -22.5000   45.0000 2623.8525   13.8716
   -7.5000  -15.0000   45.0000 2645.4573   13.6049
    0.0000  -15.0000   45.0000 2665.5764   13.4359
    7.5000  -15.0000   45.0000 2637.6946   13.6866
   -7.5000   -7.5000   45.0000 2656.2378   13.6518
    0.0000   -7.5000   45.0000 2667.7854   13.5071
    7.5000   -7.5000   45.0000 2652.2124   13.7430
   -7.5000    0.0000   45.0000 2657.7744   13.9740
    0.0000    0.0000   45.0000 2663.9832   13.8549
    7.5000    0.0000   45.0000 2647.8408   14.0477
   -7.5000    7.5000   45.0000 2652.5977   14.5299
    0.0000    7.5000   45.0000 2660.6733   14.4338
    7.5000    7.5000   45.0000 2642.5452   14.6149
   -7.5000   15.0000   45.0000 2625.2170   15.2352
    0.0000   15.0000   45.0000 2641.4048   15.1784
    7.5000   15.0000   45.0000 2618.5962   15.3383
   -7.5000   22.5000   45.0000 2581.8040   16.1403
    0.0000   22.5000   45.0000 2595.4993   16.0698
    7.5000   22.5000   45.0000 2575.2939   16.2418
   -7.5000   30.0000   45.0000 2505.0286   17.1948
    0.0000   30.0000   45.0000 2522.5391   17.1404
    7.5000   30.0000   45.0000 2498.3779   17.3169
   -7.5000   37.5000   45.0000 2414.4678   18.7004
    0.0000   37.5000   45.0000 2421.1370   18.5639
    7.5000   37.5000   45.0000 2402.8206   18.7977
   -7.5000   45.0000   45.0000 2302.8452   20.5874
    0.0000   45.0000   45.0000 2307.4346   20.4682
    7.5000   45.0000   45.0000 2291.5586   20.6889

---------------------------------------------------------------------
imgreg_4dfp /Applications/freesurfer/7.4.1/average/3T18yoSchwartzReactN32_as_orig /Applications/freesurfer/7.4.1/average/711-2B_as_mni_average_305_mask talsrcimg_g11 none talsrcimg_to_3T18yoSchwartzReactN32_as_orig_t4 1283
---------------------------------------------------------------------

freesurfer imgreg_4dfp.c
/Applications/freesurfer/7.4.1/average/3T18yoSchwartzReactN32_as_orig.4dfp.img
       256       256       256         1
  1.000000  1.000000  1.000000
orientation T byte_order littleendian
Reading image: /Applications/freesurfer/7.4.1/average/3T18yoSchwartzReactN32_as_orig.4dfp.img
dimensions:      256       256       256
mmppix:       1.0000   -1.0000   -1.0000
center:     128.0000 -129.0000 -129.0000
/Applications/freesurfer/7.4.1/average/711-2B_as_mni_average_305_mask.4dfp.img
       256       256       256         1
  1.000000  1.000000  1.000000
orientation T byte_order littleendian
Reading mask: /Applications/freesurfer/7.4.1/average/711-2B_as_mni_average_305_mask.4dfp.img (2306576 pixels)
talsrcimg_g11.4dfp.img
       256       256       256         1
  1.000000  1.000000  1.000000
orientation T byte_order littleendian
Reading image: talsrcimg_g11.4dfp.img
dimensions:      256       256       256
mmppix:       1.0000   -1.0000   -1.0000
center:     128.0000 -129.0000 -129.0000
rotation matrix determinant  1.000000
fimgreg.f
image alignment mode   1283 decimal      503 hex
parameters
    0.0000    7.5000   15.0000    0.0000    0.0000    0.0000
eta,q 0.89350 12.24492
niter,ni,del,rscale     5    3   12.0000    1.2000
parameter  2  1.050733 ->  0.500000 qaram    1.1500
parameter  4  0.526048 ->  0.500000 qaram    1.1500
parameters
   -0.7864    4.0500   15.0064   -3.4500   -0.1174    0.9033
eta,q 0.89690 12.00041
  0.1167  0.1022  0.1110  0.1015  0.1124  0.1059
  0.1136  0.1017  0.1046  0.1033  0.1084  0.1052
  0.1073  0.1025  0.1020  0.1032  0.1045  0.1047
  0.1072  0.1056  0.1025  0.1025  0.1036  0.1036
  0.1137  0.1091  0.1049  0.1015  0.1064  0.1029
  0.1175  0.1127  0.1069  0.1026  0.1101  0.1038
  0.1201  0.1159  0.1085  0.1043  0.1116  0.1054
niter,ni,del,rscale     6    3   12.0000    1.2000
parameters
   -1.0704    4.7077   14.3923   -4.3410   -0.1137    1.5693
eta,q 0.89817 12.02034
  0.1169  0.1103  0.1083  0.1038  0.1125  0.1049
  0.1134  0.1063  0.1031  0.0995  0.1086  0.1042
  0.1064  0.1033  0.1018  0.1008  0.1037  0.1034
  0.1031  0.1031  0.1032  0.1026  0.1021  0.1021
  0.1075  0.1026  0.1055  0.1020  0.1049  0.1017
  0.1143  0.1038  0.1069  0.1019  0.1090  0.1029
  0.1201  0.1083  0.1076  0.1033  0.1118  0.1046
niter,ni,del,rscale     5    3   12.0000    1.2000
parameters
   -1.2173    5.0775   14.3055   -4.1175   -0.1845    1.8162
eta,q 0.89804 12.03314
  0.1159  0.1090  0.1107  0.1061  0.1121  0.1049
  0.1129  0.1056  0.1048  0.1003  0.1082  0.1039
  0.1059  0.1022  0.1018  0.0998  0.1036  0.1029
  0.1018  0.1018  0.1020  0.1019  0.1020  0.1020
  0.1060  0.1016  0.1048  0.1023  0.1046  0.1020
  0.1128  0.1031  0.1074  0.1020  0.1089  0.1034
  0.1180  0.1085  0.1086  0.1034  0.1119  0.1048
niter,ni,del,rscale     4    3   12.0000    1.2000
parameters
   -1.2916    5.1303   14.2742   -4.2600   -0.2061    1.9469
eta,q 0.89818 12.03426
  0.1153  0.1087  0.1115  0.1055  0.1121  0.1049
  0.1124  0.1056  0.1052  0.1000  0.1084  0.1038
  0.1061  0.1018  0.1020  0.1000  0.1037  0.1026
  0.1020  0.1020  0.1020  0.1020  0.1019  0.1019
  0.1054  0.1012  0.1050  0.1021  0.1044  0.1020
  0.1119  0.1039  0.1077  0.1021  0.1088  0.1034
  0.1168  0.1096  0.1091  0.1038  0.1119  0.1049
niter,ni,del,rscale     3    3   12.0000    1.2000
parameters
   -1.3123    5.2074   14.2344   -4.3138   -0.2335    1.9905
eta,q 0.89823 12.03687
  0.1153  0.1088  0.1116  0.1057  0.1121  0.1048
  0.1126  0.1058  0.1054  0.1001  0.1084  0.1036
  0.1063  0.1017  0.1020  0.0999  0.1037  0.1024
  0.1018  0.1018  0.1019  0.1018  0.1018  0.1018
  0.1051  0.1011  0.1049  0.1021  0.1043  0.1019
  0.1117  0.1039  0.1079  0.1021  0.1088  0.1034
  0.1166  0.1097  0.1094  0.1038  0.1119  0.1050
niter,ni,del,rscale     2    3   12.0000    1.2000
parameters
   -1.3163    5.2408   14.2055   -4.3667   -0.2422    2.0021
eta,q 0.89827 12.03788
  0.1152  0.1087  0.1118  0.1057  0.1121  0.1047
  0.1125  0.1057  0.1056  0.1001  0.1085  0.1035
  0.1063  0.1016  0.1021  0.0998  0.1037  0.1024
  0.1018  0.1018  0.1018  0.1018  0.1017  0.1017
  0.1050  0.1011  0.1048  0.1021  0.1042  0.1019
  0.1116  0.1040  0.1080  0.1021  0.1087  0.1034
  0.1164  0.1098  0.1095  0.1038  0.1118  0.1050
registration optimization eta report
parameter search radius
    6.0000    6.9000    6.0000    6.9000    6.0000    6.0000
100000*second partial in parameter space
       35.       17.       23.        8.       27.        9.
  0.1152  0.1087  0.1118  0.1057  0.1121  0.1047
  0.1125  0.1057  0.1056  0.1001  0.1085  0.1035
  0.1063  0.1016  0.1021  0.0998  0.1037  0.1024
  0.1018  0.1018  0.1018  0.1018  0.1017  0.1017
  0.1050  0.1011  0.1048  0.1021  0.1042  0.1019
  0.1116  0.1040  0.1080  0.1021  0.1087  0.1034
  0.1164  0.1098  0.1095  0.1038  0.1118  0.1050
   -1.3163    5.2408   14.2055   -4.3667   -0.2422    2.0021
eta,q 0.89827 12.03788

---------------------------------------------------------------------
imgreg_4dfp /Applications/freesurfer/7.4.1/average/3T18yoSchwartzReactN32_as_orig /Applications/freesurfer/7.4.1/average/711-2B_as_mni_average_305_mask talsrcimg_g11 none talsrcimg_to_3T18yoSchwartzReactN32_as_orig_t4 3335
---------------------------------------------------------------------

freesurfer imgreg_4dfp.c
/Applications/freesurfer/7.4.1/average/3T18yoSchwartzReactN32_as_orig.4dfp.img
       256       256       256         1
  1.000000  1.000000  1.000000
orientation T byte_order littleendian
Reading image: /Applications/freesurfer/7.4.1/average/3T18yoSchwartzReactN32_as_orig.4dfp.img
dimensions:      256       256       256
mmppix:       1.0000   -1.0000   -1.0000
center:     128.0000 -129.0000 -129.0000
/Applications/freesurfer/7.4.1/average/711-2B_as_mni_average_305_mask.4dfp.img
       256       256       256         1
  1.000000  1.000000  1.000000
orientation T byte_order littleendian
Reading mask: /Applications/freesurfer/7.4.1/average/711-2B_as_mni_average_305_mask.4dfp.img (2306576 pixels)
talsrcimg_g11.4dfp.img
       256       256       256         1
  1.000000  1.000000  1.000000
orientation T byte_order littleendian
Reading image: talsrcimg_g11.4dfp.img
dimensions:      256       256       256
mmppix:       1.0000   -1.0000   -1.0000
center:     128.0000 -129.0000 -129.0000
fimgreg.f
image alignment mode   3335 decimal      D07 hex
parameters
   -1.3163    5.2408   14.2055   -0.0619   -0.3523   -0.2912
   -3.5157    0.1553    3.4936    7.6241   -0.4227   -7.6140
eta,q 0.89580 11.97955
niter,ni,del,rscale     5    3    5.0000    1.2000
parameter  3  0.563740 ->  0.500000 qaram    1.1500
parameter  4 -5.521961 ->  0.500000 qaram    1.1500
parameter 10 -1.051085 -> -0.500000 qaram    1.1500
parameter 12 -1.636468 -> -0.500000 qaram    1.1500
parameters
   -1.6291    5.5568   12.8255   -4.2019   -0.6304   -0.3872
   -0.7835   -0.4178    2.8164   11.7641    1.0958   -3.4740
eta,q 0.90317 11.88285
  0.1049  0.1059  0.1040  0.0983  0.1023  0.1059  0.1037  0.1043  0.1011  0.1050  0.1010  0.1039
  0.1042  0.1050  0.1038  0.1002  0.1017  0.1033  0.1024  0.1019  0.1007  0.1034  0.1000  0.1020
  0.1040  0.1044  0.1038  0.1022  0.1009  0.1014  0.1014  0.1005  0.1005  0.1017  0.0992  0.1002
  0.1042  0.1041  0.1041  0.1038  0.1007  0.1007  0.1007  0.1004  0.1003  0.1003  0.0988  0.0987
  0.1045  0.1042  0.1046  0.1050  0.1011  0.1014  0.1004  0.1014  0.1005  0.0992  0.0987  0.0975
  0.1048  0.1046  0.1053  0.1065  0.1015  0.1039  0.1006  0.1031  0.1009  0.0987  0.0991  0.0966
  0.1051  0.1051  0.1061  0.1081  0.1028  0.1059  0.1012  0.1054  0.1015  0.0988  0.0997  0.0960
niter,ni,del,rscale     7    3    5.0000    1.2000
parameter  4  1.548365 ->  0.500000 qaram    1.3225
parameter 12 -0.733882 -> -0.500000 qaram    1.3225
parameters
   -1.1385    6.2961   12.6312   -8.9629   -0.8257    0.0548
   -0.6117    0.2840    1.6165   14.4301    1.0240    1.2870
eta,q 0.90821 11.91990
  0.0995  0.0991  0.0982  0.0932  0.0954  0.0994  0.0949  0.1001  0.0935  0.0982  0.0939  0.0968
  0.0983  0.0981  0.0971  0.0928  0.0942  0.0967  0.0938  0.0964  0.0930  0.0958  0.0932  0.0950
  0.0974  0.0973  0.0965  0.0939  0.0934  0.0943  0.0931  0.0938  0.0927  0.0938  0.0928  0.0935
  0.0968  0.0967  0.0965  0.0965  0.0929  0.0929  0.0927  0.0927  0.0927  0.0927  0.0926  0.0926
  0.0967  0.0965  0.0969  0.0997  0.0936  0.0926  0.0929  0.0931  0.0929  0.0926  0.0927  0.0920
  0.0971  0.0968  0.0976  0.1020  0.0946  0.0946  0.0937  0.0948  0.0935  0.0932  0.0932  0.0917
  0.0981  0.0974  0.0986  0.1037  0.0954  0.0990  0.0948  0.0977  0.0942  0.0939  0.0940  0.0918
niter,ni,del,rscale     7    3    5.0000    1.2000
parameters
   -0.9537    7.0301   12.4495  -11.4540   -1.6399    0.2829
    0.3777    0.5273    1.5445   14.0587    0.7398    2.8109
eta,q 0.90861 11.89400
  0.0953  0.0933  0.0933  0.0952  0.0934  0.0970  0.0936  0.0971  0.0924  0.0941  0.0924  0.0944
  0.0935  0.0926  0.0922  0.0932  0.0920  0.0949  0.0926  0.0939  0.0919  0.0922  0.0919  0.0929
  0.0923  0.0921  0.0917  0.0917  0.0917  0.0928  0.0919  0.0921  0.0916  0.0914  0.0916  0.0920
  0.0918  0.0918  0.0916  0.0916  0.0915  0.0916  0.0916  0.0915  0.0915  0.0915  0.0915  0.0915
  0.0920  0.0916  0.0919  0.0940  0.0919  0.0918  0.0916  0.0920  0.0916  0.0919  0.0916  0.0914
  0.0929  0.0917  0.0927  0.0982  0.0932  0.0936  0.0919  0.0935  0.0919  0.0927  0.0920  0.0920
  0.0943  0.0922  0.0937  0.1016  0.0942  0.0971  0.0927  0.0963  0.0925  0.0944  0.0926  0.0930
niter,ni,del,rscale     6    3    5.0000    1.2000
parameters
   -0.7928    6.7924   12.6618  -11.8620   -1.4677    0.4444
    0.5657    0.8237    1.4313   12.9449    0.4654    3.6799
eta,q 0.90877 11.89373
  0.0941  0.0920  0.0936  0.0967  0.0939  0.0967  0.0931  0.0968  0.0923  0.0935  0.0922  0.0939
  0.0926  0.0916  0.0924  0.0947  0.0923  0.0947  0.0922  0.0938  0.0918  0.0918  0.0917  0.0925
  0.0918  0.0915  0.0917  0.0927  0.0916  0.0926  0.0916  0.0920  0.0915  0.0911  0.0914  0.0917
  0.0914  0.0914  0.0914  0.0914  0.0915  0.0915  0.0915  0.0915  0.0914  0.0914  0.0913  0.0913
  0.0915  0.0914  0.0916  0.0917  0.0914  0.0917  0.0916  0.0919  0.0915  0.0920  0.0914  0.0914
  0.0922  0.0917  0.0921  0.0946  0.0924  0.0936  0.0921  0.0933  0.0918  0.0930  0.0918  0.0921
  0.0935  0.0926  0.0929  0.0988  0.0936  0.0970  0.0930  0.0959  0.0924  0.0948  0.0924  0.0930
niter,ni,del,rscale     5    3    5.0000    1.2000
parameters
   -0.6561    6.5880   12.9063  -11.9742   -1.1545    0.6098
    0.6192    1.1168    1.1473   12.1967    0.2014    4.2869
eta,q 0.90895 11.90942
  0.0938  0.0920  0.0935  0.0967  0.0939  0.0965  0.0928  0.0965  0.0921  0.0937  0.0921  0.0935
  0.0924  0.0916  0.0923  0.0947  0.0922  0.0944  0.0919  0.0935  0.0915  0.0919  0.0915  0.0922
  0.0916  0.0914  0.0915  0.0927  0.0915  0.0924  0.0914  0.0918  0.0912  0.0910  0.0911  0.0914
  0.0912  0.0912  0.0913  0.0913  0.0913  0.0912  0.0912  0.0912  0.0912  0.0912  0.0911  0.0911
  0.0914  0.0913  0.0914  0.0913  0.0912  0.0913  0.0914  0.0916  0.0914  0.0919  0.0912  0.0913
  0.0920  0.0917  0.0919  0.0939  0.0922  0.0933  0.0919  0.0930  0.0917  0.0928  0.0916  0.0920
  0.0933  0.0926  0.0927  0.0981  0.0933  0.0968  0.0928  0.0956  0.0923  0.0945  0.0922  0.0929
niter,ni,del,rscale     4    3    5.0000    1.2000
parameters
   -0.5430    6.4495   13.0890  -12.0813   -0.9909    0.7032
    0.7620    1.3469    0.9813   11.6585   -0.0092    4.7881
eta,q 0.90907 11.91858
  0.0935  0.0921  0.0932  0.0965  0.0937  0.0963  0.0927  0.0962  0.0921  0.0939  0.0920  0.0934
  0.0922  0.0916  0.0920  0.0945  0.0920  0.0941  0.0918  0.0932  0.0914  0.0920  0.0914  0.0921
  0.0914  0.0913  0.0913  0.0925  0.0914  0.0922  0.0912  0.0916  0.0911  0.0909  0.0910  0.0913
  0.0910  0.0911  0.0911  0.0911  0.0911  0.0911  0.0911  0.0911  0.0911  0.0911  0.0909  0.0909
  0.0912  0.0911  0.0913  0.0911  0.0912  0.0912  0.0912  0.0915  0.0912  0.0918  0.0911  0.0912
  0.0919  0.0916  0.0918  0.0937  0.0923  0.0932  0.0917  0.0929  0.0916  0.0928  0.0915  0.0919
  0.0931  0.0926  0.0926  0.0979  0.0933  0.0968  0.0926  0.0955  0.0921  0.0943  0.0921  0.0929
niter,ni,del,rscale     3    3    5.0000    1.2000
parameters
   -0.4558    6.3405   13.2116  -12.1245   -0.9036    0.7549
    0.8477    1.5259    0.8709   11.2715   -0.1766    5.1488
eta,q 0.90914 11.92368
  0.0933  0.0922  0.0930  0.0964  0.0936  0.0961  0.0926  0.0960  0.0921  0.0940  0.0919  0.0933
  0.0921  0.0916  0.0918  0.0944  0.0919  0.0939  0.0917  0.0931  0.0914  0.0921  0.0913  0.0920
  0.0913  0.0912  0.0911  0.0924  0.0914  0.0920  0.0911  0.0915  0.0910  0.0909  0.0910  0.0912
  0.0909  0.0909  0.0910  0.0909  0.0910  0.0910  0.0909  0.0909  0.0909  0.0909  0.0909  0.0909
  0.0911  0.0910  0.0912  0.0910  0.0912  0.0911  0.0911  0.0914  0.0911  0.0917  0.0910  0.0911
  0.0918  0.0916  0.0917  0.0935  0.0923  0.0931  0.0916  0.0928  0.0915  0.0927  0.0914  0.0919
  0.0931  0.0926  0.0925  0.0977  0.0933  0.0967  0.0925  0.0954  0.0921  0.0942  0.0920  0.0929
niter,ni,del,rscale     2    3    5.0000    1.2000
parameters
   -0.3980    6.2777   13.2952  -12.1442   -0.8578    0.7822
    0.9057    1.6527    0.8019   11.0175   -0.2903    5.4070
eta,q 0.90917 11.92725
  0.0932  0.0922  0.0928  0.0964  0.0936  0.0960  0.0925  0.0958  0.0920  0.0941  0.0919  0.0932
  0.0920  0.0916  0.0917  0.0943  0.0919  0.0938  0.0916  0.0929  0.0914  0.0922  0.0913  0.0919
  0.0912  0.0912  0.0910  0.0924  0.0913  0.0919  0.0910  0.0914  0.0910  0.0909  0.0909  0.0911
  0.0909  0.0909  0.0909  0.0909  0.0909  0.0909  0.0909  0.0909  0.0909  0.0909  0.0908  0.0908
  0.0910  0.0910  0.0911  0.0909  0.0912  0.0910  0.0910  0.0913  0.0910  0.0916  0.0910  0.0911
  0.0918  0.0916  0.0917  0.0934  0.0923  0.0930  0.0915  0.0928  0.0914  0.0926  0.0913  0.0919
  0.0930  0.0926  0.0925  0.0976  0.0933  0.0967  0.0925  0.0954  0.0920  0.0942  0.0920  0.0929
niter,ni,del,rscale     1    3    5.0000    1.2000
parameters
   -0.3563    6.2335   13.3488  -12.1563   -0.8369    0.7963
    0.9445    1.7379    0.7673   10.8362   -0.3613    5.5836
eta,q 0.90918 11.92901
  0.0932  0.0923  0.0928  0.0964  0.0936  0.0959  0.0925  0.0957  0.0920  0.0941  0.0919  0.0931
  0.0919  0.0917  0.0916  0.0943  0.0919  0.0938  0.0916  0.0929  0.0913  0.0922  0.0913  0.0919
  0.0911  0.0912  0.0910  0.0923  0.0913  0.0919  0.0910  0.0913  0.0909  0.0909  0.0909  0.0911
  0.0908  0.0908  0.0908  0.0908  0.0909  0.0908  0.0908  0.0908  0.0908  0.0908  0.0908  0.0908
  0.0910  0.0909  0.0911  0.0909  0.0912  0.0910  0.0910  0.0913  0.0910  0.0916  0.0909  0.0911
  0.0918  0.0916  0.0916  0.0934  0.0923  0.0930  0.0915  0.0928  0.0914  0.0926  0.0913  0.0919
  0.0931  0.0926  0.0925  0.0975  0.0933  0.0967  0.0925  0.0954  0.0920  0.0941  0.0919  0.0929
registration optimization eta report
parameter search radius
    2.4000    2.4000    2.7600    9.5220    7.2000    7.2000
    7.2000    7.2000    7.2000    8.2800    7.2000    9.5220
100000*second partial in parameter space
       40.       27.       23.        7.        5.       11.
        3.        9.        2.        5.        2.        2.
  0.0932  0.0923  0.0928  0.0964  0.0936  0.0959  0.0925  0.0957  0.0920  0.0941  0.0919  0.0931
  0.0919  0.0917  0.0916  0.0943  0.0919  0.0938  0.0916  0.0929  0.0913  0.0922  0.0913  0.0919
  0.0911  0.0912  0.0910  0.0923  0.0913  0.0919  0.0910  0.0913  0.0909  0.0909  0.0909  0.0911
  0.0908  0.0908  0.0908  0.0908  0.0909  0.0908  0.0908  0.0908  0.0908  0.0908  0.0908  0.0908
  0.0910  0.0909  0.0911  0.0909  0.0912  0.0910  0.0910  0.0913  0.0910  0.0916  0.0909  0.0911
  0.0918  0.0916  0.0916  0.0934  0.0923  0.0930  0.0915  0.0928  0.0914  0.0926  0.0913  0.0919
  0.0931  0.0926  0.0925  0.0975  0.0933  0.0967  0.0925  0.0954  0.0920  0.0941  0.0919  0.0929
   -0.3563    6.2335   13.3488  -12.1563   -0.8369    0.7963
    0.9445    1.7379    0.7673   10.8362   -0.3613    5.5836
eta,q 0.90918 11.92901

---------------------------------------------------------------------
imgreg_4dfp /Applications/freesurfer/7.4.1/average/3T18yoSchwartzReactN32_as_orig /Applications/freesurfer/7.4.1/average/711-2B_as_mni_average_305_mask talsrcimg_g11 none talsrcimg_to_3T18yoSchwartzReactN32_as_orig_t4 2311
---------------------------------------------------------------------

freesurfer imgreg_4dfp.c
/Applications/freesurfer/7.4.1/average/3T18yoSchwartzReactN32_as_orig.4dfp.img
       256       256       256         1
  1.000000  1.000000  1.000000
orientation T byte_order littleendian
Reading image: /Applications/freesurfer/7.4.1/average/3T18yoSchwartzReactN32_as_orig.4dfp.img
dimensions:      256       256       256
mmppix:       1.0000   -1.0000   -1.0000
center:     128.0000 -129.0000 -129.0000
/Applications/freesurfer/7.4.1/average/711-2B_as_mni_average_305_mask.4dfp.img
       256       256       256         1
  1.000000  1.000000  1.000000
orientation T byte_order littleendian
Reading mask: /Applications/freesurfer/7.4.1/average/711-2B_as_mni_average_305_mask.4dfp.img (2306576 pixels)
talsrcimg_g11.4dfp.img
       256       256       256         1
  1.000000  1.000000  1.000000
orientation T byte_order littleendian
Reading image: talsrcimg_g11.4dfp.img
dimensions:      256       256       256
mmppix:       1.0000   -1.0000   -1.0000
center:     128.0000 -129.0000 -129.0000
fimgreg.f
image alignment mode   2311 decimal      907 hex
parameters
   -0.3563    6.2335   13.3488  -12.1563   -0.8369    0.7963
    0.9445    1.7379    0.7673   10.8362   -0.3613    5.5836
eta,q 0.90918 11.92901
niter,ni,del,rscale     5    3    5.0000    0.8000
parameters
   -0.3070    6.3476   13.2796  -10.9766   -1.4630    1.0349
    0.6830    1.8189    0.6626   10.3207   -0.5100    5.7218
eta,q 0.90947 11.94302
  0.0919  0.0917  0.0914  0.0933  0.0915  0.0934  0.0914  0.0931  0.0912  0.0916  0.0910  0.0913
  0.0913  0.0913  0.0910  0.0923  0.0911  0.0921  0.0909  0.0917  0.0909  0.0909  0.0907  0.0908
  0.0909  0.0910  0.0908  0.0914  0.0908  0.0912  0.0906  0.0909  0.0907  0.0905  0.0906  0.0906
  0.0908  0.0908  0.0908  0.0908  0.0906  0.0906  0.0906  0.0906  0.0906  0.0906  0.0905  0.0905
  0.0909  0.0908  0.0909  0.0905  0.0908  0.0906  0.0907  0.0908  0.0907  0.0910  0.0906  0.0906
  0.0912  0.0911  0.0911  0.0909  0.0915  0.0914  0.0910  0.0916  0.0909  0.0914  0.0908  0.0908
  0.0918  0.0915  0.0914  0.0919  0.0924  0.0932  0.0915  0.0929  0.0913  0.0919  0.0911  0.0912
niter,ni,del,rscale     4    3    5.0000    0.7000
parameters
   -0.3212    6.4289   13.4192  -10.8602   -1.5869    1.2028
    0.7257    1.8160    0.6806   10.1559   -0.4757    5.8481
eta,q 0.90952 11.95590
  0.0914  0.0912  0.0911  0.0922  0.0915  0.0926  0.0912  0.0924  0.0910  0.0915  0.0909  0.0910
  0.0909  0.0909  0.0908  0.0914  0.0911  0.0916  0.0908  0.0913  0.0908  0.0909  0.0907  0.0907
  0.0906  0.0907  0.0906  0.0908  0.0908  0.0909  0.0906  0.0907  0.0906  0.0905  0.0905  0.0906
  0.0905  0.0905  0.0905  0.0905  0.0905  0.0905  0.0905  0.0905  0.0905  0.0905  0.0905  0.0905
  0.0906  0.0905  0.0906  0.0906  0.0906  0.0905  0.0906  0.0907  0.0906  0.0908  0.0905  0.0905
  0.0909  0.0907  0.0907  0.0912  0.0911  0.0912  0.0908  0.0913  0.0907  0.0911  0.0907  0.0907
  0.0915  0.0912  0.0909  0.0922  0.0918  0.0926  0.0912  0.0923  0.0910  0.0915  0.0909  0.0910
niter,ni,del,rscale     3    3    5.0000    0.6000
parameters
   -0.3282    6.4624   13.5000  -10.7761   -1.5861    1.3220
    0.6988    1.7700    0.7535    9.9683   -0.3872    6.0453
eta,q 0.90956 11.96803
  0.0912  0.0910  0.0909  0.0918  0.0913  0.0920  0.0910  0.0918  0.0909  0.0913  0.0908  0.0909
  0.0908  0.0908  0.0907  0.0912  0.0910  0.0913  0.0907  0.0910  0.0907  0.0907  0.0906  0.0906
  0.0906  0.0906  0.0905  0.0907  0.0907  0.0908  0.0905  0.0906  0.0905  0.0905  0.0905  0.0905
  0.0905  0.0905  0.0905  0.0905  0.0905  0.0905  0.0905  0.0905  0.0905  0.0905  0.0904  0.0904
  0.0905  0.0905  0.0905  0.0905  0.0905  0.0905  0.0905  0.0906  0.0905  0.0907  0.0905  0.0905
  0.0908  0.0907  0.0906  0.0910  0.0909  0.0910  0.0907  0.0911  0.0906  0.0910  0.0906  0.0906
  0.0912  0.0910  0.0908  0.0918  0.0915  0.0920  0.0910  0.0919  0.0909  0.0913  0.0907  0.0908
niter,ni,del,rscale     2    3    5.0000    0.5000
parameters
   -0.3419    6.4483   13.5760  -10.7248   -1.5131    1.4215
    0.6915    1.7054    0.8132    9.7236   -0.2695    6.2836
eta,q 0.90960 11.97943
  0.0909  0.0908  0.0907  0.0914  0.0912  0.0915  0.0908  0.0913  0.0907  0.0910  0.0906  0.0907
  0.0906  0.0906  0.0906  0.0909  0.0909  0.0910  0.0906  0.0908  0.0906  0.0906  0.0905  0.0905
  0.0905  0.0905  0.0905  0.0906  0.0906  0.0906  0.0905  0.0905  0.0905  0.0904  0.0904  0.0905
  0.0904  0.0904  0.0904  0.0904  0.0904  0.0904  0.0904  0.0904  0.0904  0.0904  0.0904  0.0904
  0.0905  0.0905  0.0905  0.0905  0.0904  0.0905  0.0905  0.0905  0.0904  0.0906  0.0904  0.0904
  0.0906  0.0906  0.0905  0.0908  0.0907  0.0908  0.0906  0.0909  0.0905  0.0908  0.0905  0.0905
  0.0909  0.0909  0.0906  0.0914  0.0912  0.0915  0.0908  0.0914  0.0907  0.0911  0.0906  0.0906
niter,ni,del,rscale     1    3    5.0000    0.4000
parameters
   -0.3523    6.4119   13.6567  -10.6797   -1.4073    1.5204
    0.7099    1.6231    0.8851    9.4847   -0.1159    6.5022
eta,q 0.90962 11.99091
  0.0907  0.0906  0.0906  0.0910  0.0910  0.0911  0.0906  0.0910  0.0906  0.0908  0.0905  0.0906
  0.0905  0.0905  0.0905  0.0907  0.0907  0.0907  0.0905  0.0906  0.0905  0.0905  0.0904  0.0905
  0.0904  0.0904  0.0904  0.0905  0.0905  0.0905  0.0904  0.0904  0.0904  0.0904  0.0904  0.0904
  0.0904  0.0904  0.0904  0.0904  0.0904  0.0904  0.0904  0.0904  0.0904  0.0904  0.0904  0.0904
  0.0904  0.0904  0.0904  0.0904  0.0904  0.0904  0.0904  0.0905  0.0904  0.0905  0.0904  0.0904
  0.0905  0.0905  0.0905  0.0906  0.0906  0.0906  0.0905  0.0907  0.0905  0.0907  0.0904  0.0904
  0.0907  0.0907  0.0905  0.0910  0.0909  0.0910  0.0906  0.0910  0.0906  0.0909  0.0905  0.0905
registration optimization eta report
parameter search radius
    0.8000    0.8000    0.8000    2.4000    2.4000    2.4000
    2.4000    2.4000    2.4000    2.4000    2.4000    2.4000
100000*second partial in parameter space
       48.       43.       24.       11.       10.       11.
        4.       11.        3.        8.        2.        3.
  0.0907  0.0906  0.0906  0.0910  0.0910  0.0911  0.0906  0.0910  0.0906  0.0908  0.0905  0.0906
  0.0905  0.0905  0.0905  0.0907  0.0907  0.0907  0.0905  0.0906  0.0905  0.0905  0.0904  0.0905
  0.0904  0.0904  0.0904  0.0905  0.0905  0.0905  0.0904  0.0904  0.0904  0.0904  0.0904  0.0904
  0.0904  0.0904  0.0904  0.0904  0.0904  0.0904  0.0904  0.0904  0.0904  0.0904  0.0904  0.0904
  0.0904  0.0904  0.0904  0.0904  0.0904  0.0904  0.0904  0.0905  0.0904  0.0905  0.0904  0.0904
  0.0905  0.0905  0.0905  0.0906  0.0906  0.0906  0.0905  0.0907  0.0905  0.0907  0.0904  0.0904
  0.0907  0.0907  0.0905  0.0910  0.0909  0.0910  0.0906  0.0910  0.0906  0.0909  0.0905  0.0905
   -0.3523    6.4119   13.6567  -10.6797   -1.4073    1.5204
    0.7099    1.6231    0.8851    9.4847   -0.1159    6.5022
eta,q 0.90962 11.99091

---------------------------------------------------------------------
imgreg_4dfp /Applications/freesurfer/7.4.1/average/3T18yoSchwartzReactN32_as_orig /Applications/freesurfer/7.4.1/average/711-2B_as_mni_average_305_mask talsrcimg_g11 none talsrcimg_to_3T18yoSchwartzReactN32_as_orig_t4 2311
---------------------------------------------------------------------

freesurfer imgreg_4dfp.c
/Applications/freesurfer/7.4.1/average/3T18yoSchwartzReactN32_as_orig.4dfp.img
       256       256       256         1
  1.000000  1.000000  1.000000
orientation T byte_order littleendian
Reading image: /Applications/freesurfer/7.4.1/average/3T18yoSchwartzReactN32_as_orig.4dfp.img
dimensions:      256       256       256
mmppix:       1.0000   -1.0000   -1.0000
center:     128.0000 -129.0000 -129.0000
/Applications/freesurfer/7.4.1/average/711-2B_as_mni_average_305_mask.4dfp.img
       256       256       256         1
  1.000000  1.000000  1.000000
orientation T byte_order littleendian
Reading mask: /Applications/freesurfer/7.4.1/average/711-2B_as_mni_average_305_mask.4dfp.img (2306576 pixels)
talsrcimg_g11.4dfp.img
       256       256       256         1
  1.000000  1.000000  1.000000
orientation T byte_order littleendian
Reading image: talsrcimg_g11.4dfp.img
dimensions:      256       256       256
mmppix:       1.0000   -1.0000   -1.0000
center:     128.0000 -129.0000 -129.0000
fimgreg.f
image alignment mode   2311 decimal      907 hex
parameters
   -0.3523    6.4119   13.6567  -10.6797   -1.4073    1.5204
    0.7099    1.6231    0.8851    9.4847   -0.1159    6.5022
eta,q 0.90962 11.99091
niter,ni,del,rscale     5    3    5.0000    0.8000
parameters
   -0.4116    6.2335   13.7870  -11.0395   -1.6230    1.3343
    0.6450    1.5706    0.8227    9.5856   -0.0144    6.6888
eta,q 0.90953 11.96206
  0.0915  0.0911  0.0911  0.0922  0.0918  0.0928  0.0913  0.0927  0.0911  0.0920  0.0910  0.0911
  0.0909  0.0908  0.0907  0.0913  0.0912  0.0916  0.0908  0.0914  0.0908  0.0911  0.0907  0.0908
  0.0905  0.0905  0.0905  0.0907  0.0908  0.0908  0.0905  0.0907  0.0906  0.0905  0.0905  0.0906
  0.0904  0.0904  0.0904  0.0904  0.0904  0.0904  0.0905  0.0905  0.0905  0.0905  0.0905  0.0905
  0.0905  0.0905  0.0904  0.0906  0.0906  0.0906  0.0905  0.0907  0.0905  0.0908  0.0905  0.0905
  0.0910  0.0910  0.0906  0.0916  0.0913  0.0916  0.0909  0.0915  0.0908  0.0912  0.0907  0.0907
  0.0917  0.0917  0.0909  0.0931  0.0921  0.0936  0.0914  0.0928  0.0912  0.0917  0.0910  0.0910
niter,ni,del,rscale     4    3    5.0000    0.7000
parameters
   -0.4202    6.3470   13.7083  -10.8767   -1.6706    1.3193
    0.6644    1.5126    0.8208    9.5121    0.0317    6.7138
eta,q 0.90959 11.96692
  0.0913  0.0912  0.0909  0.0921  0.0916  0.0924  0.0911  0.0922  0.0910  0.0916  0.0908  0.0909
  0.0909  0.0909  0.0906  0.0914  0.0911  0.0914  0.0907  0.0912  0.0907  0.0909  0.0906  0.0906
  0.0906  0.0906  0.0905  0.0908  0.0907  0.0908  0.0905  0.0906  0.0905  0.0905  0.0905  0.0905
  0.0905  0.0905  0.0904  0.0904  0.0904  0.0904  0.0904  0.0904  0.0904  0.0904  0.0904  0.0904
  0.0906  0.0905  0.0905  0.0905  0.0905  0.0905  0.0905  0.0907  0.0905  0.0907  0.0905  0.0905
  0.0909  0.0907  0.0907  0.0910  0.0910  0.0912  0.0907  0.0913  0.0907  0.0911  0.0906  0.0906
  0.0914  0.0911  0.0909  0.0921  0.0918  0.0927  0.0911  0.0923  0.0910  0.0915  0.0908  0.0909
niter,ni,del,rscale     3    3    5.0000    0.6000
parameters
   -0.4385    6.3782   13.7090  -10.7622   -1.6206    1.3793
    0.6759    1.4459    0.8452    9.4013    0.1122    6.7915
eta,q 0.90962 11.97618
  0.0911  0.0910  0.0908  0.0917  0.0914  0.0919  0.0909  0.0917  0.0908  0.0913  0.0907  0.0908
  0.0907  0.0907  0.0906  0.0911  0.0910  0.0912  0.0906  0.0909  0.0906  0.0908  0.0905  0.0906
  0.0905  0.0905  0.0904  0.0906  0.0907  0.0907  0.0904  0.0905  0.0905  0.0904  0.0904  0.0904
  0.0904  0.0904  0.0904  0.0904  0.0904  0.0904  0.0904  0.0904  0.0904  0.0904  0.0904  0.0904
  0.0905  0.0905  0.0905  0.0905  0.0904  0.0904  0.0904  0.0906  0.0904  0.0906  0.0904  0.0904
  0.0907  0.0906  0.0906  0.0909  0.0909  0.0909  0.0906  0.0910  0.0906  0.0909  0.0905  0.0905
  0.0911  0.0910  0.0908  0.0917  0.0915  0.0919  0.0909  0.0918  0.0908  0.0913  0.0907  0.0907
niter,ni,del,rscale     2    3    5.0000    0.5000
parameters
   -0.4535    6.3680   13.7387  -10.6974   -1.5287    1.4562
    0.7146    1.3767    0.8851    9.2548    0.2537    6.9181
eta,q 0.90964 11.98567
  0.0908  0.0908  0.0906  0.0913  0.0912  0.0914  0.0907  0.0913  0.0907  0.0910  0.0906  0.0906
  0.0906  0.0906  0.0905  0.0909  0.0909  0.0909  0.0905  0.0908  0.0905  0.0906  0.0905  0.0905
  0.0904  0.0905  0.0904  0.0905  0.0906  0.0906  0.0904  0.0904  0.0904  0.0904  0.0904  0.0904
  0.0904  0.0904  0.0904  0.0904  0.0904  0.0904  0.0904  0.0904  0.0904  0.0904  0.0904  0.0904
  0.0904  0.0904  0.0904  0.0904  0.0904  0.0904  0.0904  0.0905  0.0904  0.0905  0.0904  0.0904
  0.0906  0.0906  0.0905  0.0907  0.0907  0.0907  0.0905  0.0908  0.0905  0.0908  0.0904  0.0905
  0.0909  0.0908  0.0906  0.0913  0.0912  0.0914  0.0907  0.0914  0.0907  0.0911  0.0906  0.0906
niter,ni,del,rscale     1    3    5.0000    0.4000
parameters
   -0.4756    6.3323   13.7992  -10.6561   -1.4282    1.5519
    0.7223    1.2702    0.9172    9.0990    0.3955    7.0848
eta,q 0.90967 11.99597
  0.0906  0.0906  0.0905  0.0910  0.0910  0.0910  0.0906  0.0909  0.0906  0.0908  0.0905  0.0905
  0.0905  0.0905  0.0904  0.0907  0.0907  0.0907  0.0904  0.0906  0.0905  0.0905  0.0904  0.0904
  0.0904  0.0904  0.0904  0.0904  0.0905  0.0905  0.0904  0.0904  0.0904  0.0904  0.0904  0.0904
  0.0904  0.0904  0.0904  0.0904  0.0904  0.0904  0.0903  0.0903  0.0903  0.0903  0.0903  0.0903
  0.0904  0.0904  0.0904  0.0904  0.0904  0.0904  0.0904  0.0904  0.0904  0.0905  0.0904  0.0903
  0.0905  0.0905  0.0904  0.0906  0.0906  0.0906  0.0904  0.0907  0.0904  0.0906  0.0904  0.0904
  0.0907  0.0907  0.0905  0.0910  0.0909  0.0910  0.0906  0.0910  0.0906  0.0909  0.0905  0.0905
registration optimization eta report
parameter search radius
    0.8000    0.8000    0.8000    2.4000    2.4000    2.4000
    2.4000    2.4000    2.4000    2.4000    2.4000    2.4000
100000*second partial in parameter space
       48.       45.       25.       11.       10.       12.
        4.       11.        4.        8.        2.        3.
  0.0906  0.0906  0.0905  0.0910  0.0910  0.0910  0.0906  0.0909  0.0906  0.0908  0.0905  0.0905
  0.0905  0.0905  0.0904  0.0907  0.0907  0.0907  0.0904  0.0906  0.0905  0.0905  0.0904  0.0904
  0.0904  0.0904  0.0904  0.0904  0.0905  0.0905  0.0904  0.0904  0.0904  0.0904  0.0904  0.0904
  0.0904  0.0904  0.0904  0.0904  0.0904  0.0904  0.0903  0.0903  0.0903  0.0903  0.0903  0.0903
  0.0904  0.0904  0.0904  0.0904  0.0904  0.0904  0.0904  0.0904  0.0904  0.0905  0.0904  0.0903
  0.0905  0.0905  0.0904  0.0906  0.0906  0.0906  0.0904  0.0907  0.0904  0.0906  0.0904  0.0904
  0.0907  0.0907  0.0905  0.0910  0.0909  0.0910  0.0906  0.0910  0.0906  0.0909  0.0905  0.0905
   -0.4756    6.3323   13.7992  -10.6561   -1.4282    1.5519
    0.7223    1.2702    0.9172    9.0990    0.3955    7.0848
eta,q 0.90967 11.99597

---------------------------------------------------------------------
compute_vox2vox talsrcimg talsrcimg_to_3T18yoSchwartzReactN32_as_orig_t4 /Applications/freesurfer/7.4.1/average/3T18yoSchwartzReactN32_as_orig
---------------------------------------------------------------------

freesurfer compute_vox2vox.c
Reading: talsrcimg.4dfp.ifh
Reading: talsrcimg_to_3T18yoSchwartzReactN32_as_orig_t4
Reading: /Applications/freesurfer/7.4.1/average/3T18yoSchwartzReactN32_as_orig.4dfp.ifh
Writing: talsrcimg_to_3T18yoSchwartzReactN32_as_orig_t4_vox2vox.txt

start time Sat Jun 29 17:40:32 EDT 2024
end		time Sat Jun 29 17:40:49 EDT 2024

mpr2mni305 success

avi2talxfm /Users/suhanasaigoli/Desktop/Projects/SURF/iNPH/FastSurfer/OAS1_0001-3/mri/orig_nu.mgz /Applications/freesurfer/7.4.1/average/mni305.cor.mgz talsrcimg_to_3T18yoSchwartzReactN32_as_orig_t4_vox2vox.txt /Users/suhanasaigoli/Desktop/Projects/SURF/iNPH/FastSurfer/OAS1_0001-3/mri/transforms/talairach.auto.xfm
avi2talxfm done
mv -f /Users/suhanasaigoli/Desktop/Projects/SURF/iNPH/FastSurfer/OAS1_0001-3/mri/talsrcimg_to_3T18yoSchwartzReactN32_as_orig_t4_vox2vox.txt /Users/suhanasaigoli/Desktop/Projects/SURF/iNPH/FastSurfer/OAS1_0001-3/mri/transforms/talsrcimg_to_3T18yoSchwartzReactN32_as_orig_t4_vox2vox.txt
lta_convert --src /Users/suhanasaigoli/Desktop/Projects/SURF/iNPH/FastSurfer/OAS1_0001-3/mri/orig_nu.mgz --trg /Applications/freesurfer/7.4.1/average/mni305.cor.mgz --inxfm /Users/suhanasaigoli/Desktop/Projects/SURF/iNPH/FastSurfer/OAS1_0001-3/mri/transforms/talairach.auto.xfm --outlta /Users/suhanasaigoli/Desktop/Projects/SURF/iNPH/FastSurfer/OAS1_0001-3/mri/transforms/talairach.auto.xfm.lta --subject fsaverage
7.4.1

--src: /Users/suhanasaigoli/Desktop/Projects/SURF/iNPH/FastSurfer/OAS1_0001-3/mri/orig_nu.mgz src image (geometry).
--trg: /Applications/freesurfer/7.4.1/average/mni305.cor.mgz trg image (geometry).
--inmni: /Users/suhanasaigoli/Desktop/Projects/SURF/iNPH/FastSurfer/OAS1_0001-3/mri/transforms/talairach.auto.xfm input MNI/XFM transform.
--outlta: /Users/suhanasaigoli/Desktop/Projects/SURF/iNPH/FastSurfer/OAS1_0001-3/mri/transforms/talairach.auto.xfm.lta output LTA.
--s: fsaverage subject name
 LTA read, type : 1
 1.11940  -0.01335  -0.00724   0.74913;
-0.00366   0.99114  -0.07121  -13.23668;
-0.01008  -0.09137   1.02113  -5.30148;
 0.00000   0.00000   0.00000   1.00000;
setting subject to fsaverage
Writing  LTA to file /Users/suhanasaigoli/Desktop/Projects/SURF/iNPH/FastSurfer/OAS1_0001-3/mri/transforms/talairach.auto.xfm.lta...
lta_convert successful.
 
 
Started at Sat Jun 29 17:40:31 EDT 2024
Ended   at Sat Jun 29 17:40:49 EDT 2024
talairach_avi done
