/Users/suhanasaigoli/Desktop/Projects/SURF/iNPH/FastSurfer/subjectx_3/mri
/Applications/freesurfer/7.4.1/bin/talairach_avi
--i /Users/suhanasaigoli/Desktop/Projects/SURF/iNPH/FastSurfer/subjectx_3/mri/orig_nu.mgz --xfm /Users/suhanasaigoli/Desktop/Projects/SURF/iNPH/FastSurfer/subjectx_3/mri/transforms/talairach.auto.xfm --atlas 3T18yoSchwartzReactN32_as_orig
FreeSurferEnv.csh 7.4.1
Darwin suhans-mbp-2.wireless-1x.unc.edu 23.5.0 Darwin Kernel Version 23.5.0: Wed May  1 20:09:52 PDT 2024; root:xnu-10063.121.3~5/RELEASE_X86_64 x86_64
Fri Jun 14 15:38:56 EDT 2024
mri_convert /Users/suhanasaigoli/Desktop/Projects/SURF/iNPH/FastSurfer/subjectx_3/mri/orig_nu.mgz talsrcimg.img 
reading from /Users/suhanasaigoli/Desktop/Projects/SURF/iNPH/FastSurfer/subjectx_3/mri/orig_nu.mgz...
TR=0.00, TE=0.00, TI=0.00, flip angle=0.00
i_ras = (-1, -0, 0)
j_ras = (-0, 0, -1)
k_ras = (-0, 1, 0)
writing to talsrcimg.img...
Analyze Output Matrix
-1.00000  -0.00000  -0.00000   134.39972;
-0.00000   0.00000   1.00000  -111.00000;
 0.00000  -1.00000   0.00000   129.00000;
 0.00000   0.00000   0.00000   1.00000;
--------------------
INFO: set hdr.hist.orient to -1
mpr2mni305 talsrcimg
Fri Jun 14 15:38:57 EDT 2024
/Applications/freesurfer/7.4.1/bin/mpr2mni305 talsrcimg
mpr2mni305 7.4.1
target=3T18yoSchwartzReactN32_as_orig

---------------------------------------------------------------------
analyzeto4dfp talsrcimg -O0 -y
---------------------------------------------------------------------

freesurfer ifh2hdr.c
Fri Jun 14 15:38:57 2024
Writing: talsrcimg.4dfp.hdr
freesurfer analyzeto4dfp.c
Reading: talsrcimg.hdr
header size 348 bytes
hdr.dime.datatype	offset=70	value=2
hdr.dime.bitpix		offset=72	value=8
hdr.hist.orient		offset=252	value=-1
dimensionality     4
dimensions       256       256       256         1
Reading: talsrcimg.img
Writing: talsrcimg.4dfp.img
Writing: talsrcimg.4dfp.ifh
ifh2hdr talsrcimg -r2to193
ori=2

---------------------------------------------------------------------
gauss_4dfp talsrcimg 1.1
---------------------------------------------------------------------

freesurfer gauss_4dfp.c
Reading: talsrcimg.4dfp.img
Writing: talsrcimg_g11.4dfp.img
image dimensions 256 256 256 padded to 288 288 288
processing volume 1freesurfer ifh2hdr.c
Fri Jun 14 15:39:01 2024
Writing: talsrcimg_g11.4dfp.hdr

Writing: talsrcimg_g11.4dfp.ifh
including: talsrcimg.4dfp.img.rec in talsrcimg_g11.4dfp.img.rec

---------------------------------------------------------------------
imgreg_4dfp /Applications/freesurfer/7.4.1/average/3T18yoSchwartzReactN32_as_orig none talsrcimg_g11 none talsrcimg_to_3T18yoSchwartzReactN32_as_orig_t4 4355
---------------------------------------------------------------------

freesurfer imgreg_4dfp.c
/Applications/freesurfer/7.4.1/average/3T18yoSchwartzReactN32_as_orig.4dfp.img
       256       256       256         1
  1.000000  1.000000  1.000000
orientation T byte_order littleendian
Reading image: /Applications/freesurfer/7.4.1/average/3T18yoSchwartzReactN32_as_orig.4dfp.img
dimensions:      256       256       256
mmppix:       1.0000   -1.0000   -1.0000
center:     128.0000 -129.0000 -129.0000
talsrcimg_g11.4dfp.img
       256       256       256         1
  1.000000  1.000000  1.000000
orientation T byte_order littleendian
Reading image: talsrcimg_g11.4dfp.img
dimensions:      256       256       256
mmppix:       1.0000   -1.0000   -1.0000
center:     128.0000 -129.0000 -129.0000
t4_read: open error in t4_sub.f l:  46 t4_file(1:l)talsrcimg_to_3T18yoSchwartzReactN32_as_orig_t4 
t4_read: transform initialized to I4
rotation matrix determinant  1.000000
image alignment mode   4355 decimal     1103 hex
   -7.5000  -45.0000  -45.0000 9585.4238   10.0144
    0.0000  -45.0000  -45.000010047.5811    9.9816
    7.5000  -45.0000  -45.0000 9620.6357    9.9933
   -7.5000  -37.5000  -45.000010085.4951    9.9952
    0.0000  -37.5000  -45.000010567.0264    9.9636
    7.5000  -37.5000  -45.000010119.0566    9.9756
   -7.5000  -30.0000  -45.000010782.8281   10.4286
    0.0000  -30.0000  -45.000011290.9932   10.3943
    7.5000  -30.0000  -45.000010807.4570   10.4064
   -7.5000  -22.5000  -45.000011452.1494   10.8455
    0.0000  -22.5000  -45.000011993.6055   10.8070
    7.5000  -22.5000  -45.000011477.1104   10.8187
   -7.5000  -15.0000  -45.000012045.8701   11.2471
    0.0000  -15.0000  -45.000012608.8486   11.2044
    7.5000  -15.0000  -45.000012057.3877   11.2176
   -7.5000   -7.5000  -45.000012564.8945   11.6214
    0.0000   -7.5000  -45.000013182.0244   11.5760
    7.5000   -7.5000  -45.000012584.2520   11.5935
   -7.5000    0.0000  -45.000013004.8223   11.9644
    0.0000    0.0000  -45.000013639.9160   11.9181
    7.5000    0.0000  -45.000013020.8135   11.9396
   -7.5000    7.5000  -45.000012604.1895   11.9561
    0.0000    7.5000  -45.000013233.1680   11.9126
    7.5000    7.5000  -45.000012630.3203   11.9329
   -7.5000   15.0000  -45.000012033.3662   12.1260
    0.0000   15.0000  -45.000012633.5186   12.0844
    7.5000   15.0000  -45.000012057.7021   12.1030
   -7.5000   22.5000  -45.000011412.6260   12.4398
    0.0000   22.5000  -45.000011968.4844   12.3992
    7.5000   22.5000  -45.000011435.6729   12.4165
   -7.5000   30.0000  -45.000010753.3975   12.7961
    0.0000   30.0000  -45.000011275.2188   12.7552
    7.5000   30.0000  -45.000010774.4600   12.7701
   -7.5000   37.5000  -45.000010476.0859   13.2318
    0.0000   37.5000  -45.000010965.7070   13.1893
    7.5000   37.5000  -45.000010493.9893   13.2093
   -7.5000   45.0000  -45.0000 9718.2432   13.6039
    0.0000   45.0000  -45.000010151.7998   13.5654
    7.5000   45.0000  -45.0000 9729.0000   13.5895
   -7.5000  -45.0000  -37.500010203.9443   10.0083
    0.0000  -45.0000  -37.500010682.3906    9.9802
    7.5000  -45.0000  -37.500010238.2236    9.9887
   -7.5000  -37.5000  -37.500010739.7959    9.9895
    0.0000  -37.5000  -37.500011246.7969    9.9627
    7.5000  -37.5000  -37.500010755.3799    9.9727
   -7.5000  -30.0000  -37.500011481.8135   10.4241
    0.0000  -30.0000  -37.500012018.7812   10.3933
    7.5000  -30.0000  -37.500011484.4258   10.4038
   -7.5000  -22.5000  -37.500012197.9443   10.8414
    0.0000  -22.5000  -37.500012766.0547   10.8051
    7.5000  -22.5000  -37.500012198.5254   10.8142
   -7.5000  -15.0000  -37.500012839.9229   11.2417
    0.0000  -15.0000  -37.500013440.5957   11.2012
    7.5000  -15.0000  -37.500012843.5449   11.2105
   -7.5000   -7.5000  -37.500013413.7412   11.6148
    0.0000   -7.5000  -37.500014061.3291   11.5732
    7.5000   -7.5000  -37.500013425.3389   11.5861
   -7.5000    0.0000  -37.500013908.5449   11.9573
    0.0000    0.0000  -37.500014586.5283   11.9165
    7.5000    0.0000  -37.500013896.6641   11.9341
   -7.5000    7.5000  -37.500013486.1318   11.9494
    0.0000    7.5000  -37.500014156.3232   11.9115
    7.5000    7.5000  -37.500013481.8760   11.9295
   -7.5000   15.0000  -37.500012863.0430   12.1203
    0.0000   15.0000  -37.500013509.3105   12.0830
    7.5000   15.0000  -37.500012878.4824   12.1003
   -7.5000   22.5000  -37.500012206.9609   12.4335
    0.0000   22.5000  -37.500012815.3018   12.3958
    7.5000   22.5000  -37.500012212.2295   12.4108
   -7.5000   30.0000  -37.500011495.5537   12.7874
    0.0000   30.0000  -37.500012055.5127   12.7500
    7.5000   30.0000  -37.500011501.5322   12.7625
   -7.5000   37.5000  -37.500011190.7236   13.2196
    0.0000   37.5000  -37.500011725.7100   13.1848
    7.5000   37.5000  -37.500011193.0225   13.2036
   -7.5000   45.0000  -37.500010387.5713   13.5898
    0.0000   45.0000  -37.500010880.7744   13.5591
    7.5000   45.0000  -37.500010390.6367   13.5841
   -7.5000  -45.0000  -30.000011054.8242   10.3560
    0.0000  -45.0000  -30.000011574.2920   10.3297
    7.5000  -45.0000  -30.000011090.9326   10.3414
   -7.5000  -37.5000  -30.000011638.1191   10.3350
    0.0000  -37.5000  -30.000012186.8047   10.3103
    7.5000  -37.5000  -30.000011650.3184   10.3250
   -7.5000  -30.0000  -30.000012413.0205   10.7929
    0.0000  -30.0000  -30.000012997.6895   10.7640
    7.5000  -30.0000  -30.000012424.5752   10.7808
   -7.5000  -22.5000  -30.000013188.6816   11.2348
    0.0000  -22.5000  -30.000013818.1289   11.1998
    7.5000  -22.5000  -30.000013187.6885   11.2155
   -7.5000  -15.0000  -30.000013905.7422   11.6598
    0.0000  -15.0000  -30.000014567.4854   11.6201
    7.5000  -15.0000  -30.000013904.4658   11.6349
   -7.5000   -7.5000  -30.000014543.1553   12.0555
    0.0000   -7.5000  -30.000015263.4375   12.0147
    7.5000   -7.5000  -30.000014538.7881   12.0319
   -7.5000    0.0000  -30.000015079.2637   12.4213
    0.0000    0.0000  -30.000015828.9971   12.3820
    7.5000    0.0000  -30.000015069.0195   12.4039
   -7.5000    7.5000  -30.000014643.1475   12.4135
    0.0000    7.5000  -30.000015393.5820   12.3774
    7.5000    7.5000  -30.000014648.4209   12.4013
   -7.5000   15.0000  -30.000014000.8848   12.5915
    0.0000   15.0000  -30.000014708.0303   12.5563
    7.5000   15.0000  -30.000014008.5684   12.5813
   -7.5000   22.5000  -30.000013273.3594   12.9185
    0.0000   22.5000  -30.000013939.7324   12.8824
    7.5000   22.5000  -30.000013276.1826   12.9047
   -7.5000   30.0000  -30.000012479.9336   13.2885
    0.0000   30.0000  -30.000013091.2021   13.2521
    7.5000   30.0000  -30.000012479.4551   13.2710
   -7.5000   37.5000  -30.000012145.6172   13.7338
    0.0000   37.5000  -30.000012730.7891   13.7011
    7.5000   37.5000  -30.000012145.4434   13.7247
   -7.5000   45.0000  -30.000011281.1689   14.1212
    0.0000   45.0000  -30.000011832.2783   14.0919
    7.5000   45.0000  -30.000011284.5957   14.1219
   -7.5000  -45.0000  -22.500011909.9121   10.6232
    0.0000  -45.0000  -22.500012446.4385   10.5929
    7.5000  -45.0000  -22.500011936.2803   10.6115
   -7.5000  -37.5000  -22.500012531.1855   10.5994
    0.0000  -37.5000  -22.500013097.7461   10.5710
    7.5000  -37.5000  -22.500012542.2080   10.5924
   -7.5000  -30.0000  -22.500013383.0732   11.0717
    0.0000  -30.0000  -22.500014003.5322   11.0405
    7.5000  -30.0000  -22.500013391.8770   11.0656
   -7.5000  -22.5000  -22.500014249.1279   11.5313
    0.0000  -22.5000  -22.500014878.2363   11.4950
    7.5000  -22.5000  -22.500014234.2490   11.5207
   -7.5000  -15.0000  -22.500015031.6992   11.9764
    0.0000  -15.0000  -22.500015714.7324   11.9351
    7.5000  -15.0000  -22.500015007.7529   11.9601
   -7.5000   -7.5000  -22.500015741.7520   12.3925
    0.0000   -7.5000  -22.500016495.7715   12.3481
    7.5000   -7.5000  -22.500015716.0850   12.3748
   -7.5000    0.0000  -22.500016337.2588   12.7781
    0.0000    0.0000  -22.500017125.8906   12.7334
    7.5000    0.0000  -22.500016315.2852   12.7639
   -7.5000    7.5000  -22.500015905.8555   12.7691
    0.0000    7.5000  -22.500016699.3574   12.7281
    7.5000    7.5000  -22.500015901.1143   12.7605
   -7.5000   15.0000  -22.500015203.9854   12.9509
    0.0000   15.0000  -22.500015984.6895   12.9130
    7.5000   15.0000  -22.500015226.9141   12.9475
   -7.5000   22.5000  -22.500014402.6943   13.2901
    0.0000   22.5000  -22.500015139.3232   13.2521
    7.5000   22.5000  -22.500014431.3994   13.2850
   -7.5000   30.0000  -22.500013534.2285   13.6761
    0.0000   30.0000  -22.500014207.1162   13.6366
    7.5000   30.0000  -22.500013553.4238   13.6650
   -7.5000   37.5000  -22.500013149.2412   14.1347
    0.0000   37.5000  -22.500013790.4736   14.0953
    7.5000   37.5000  -22.500013150.2061   14.1253
   -7.5000   45.0000  -22.500012219.9697   14.5372
    0.0000   45.0000  -22.500012806.4121   14.4998
    7.5000   45.0000  -22.500012216.2275   14.5336
   -7.5000  -45.0000  -15.000012736.8574   10.7755
    0.0000  -45.0000  -15.000013294.9082   10.7384
    7.5000  -45.0000  -15.000012743.1826   10.7620
   -7.5000  -37.5000  -15.000013416.3789   10.7504
    0.0000  -37.5000  -15.000013994.3184   10.7150
    7.5000  -37.5000  -15.000013399.5918   10.7401
   -7.5000  -30.0000  -15.000014366.0420   11.2286
    0.0000  -30.0000  -15.000014979.7793   11.1913
    7.5000  -30.0000  -15.000014336.6250   11.2202
   -7.5000  -22.5000  -15.000015326.2207   11.6968
    0.0000  -22.5000  -15.000015951.2246   11.6558
    7.5000  -22.5000  -15.000015271.4707   11.6865
   -7.5000  -15.0000  -15.000016227.2451   12.1533
    0.0000  -15.0000  -15.000016892.6367   12.1074
    7.5000  -15.0000  -15.000016152.2988   12.1389
   -7.5000   -7.5000  -15.000017027.2285   12.5833
    0.0000   -7.5000  -15.000017726.9766   12.5329
    7.5000   -7.5000  -15.000016949.0449   12.5666
   -7.5000    0.0000  -15.000017655.6562   12.9838
    0.0000    0.0000  -15.000018418.9629   12.9307
    7.5000    0.0000  -15.000017618.4570   12.9676
   -7.5000    7.5000  -15.000017223.5195   12.9750
    0.0000    7.5000  -15.000018021.9492   12.9253
    7.5000    7.5000  -15.000017209.4258   12.9625
   -7.5000   15.0000  -15.000016460.2656   13.1590
    0.0000   15.0000  -15.000017274.4023   13.1138
    7.5000   15.0000  -15.000016477.6113   13.1525
   -7.5000   22.5000  -15.000015586.5811   13.5052
    0.0000   22.5000  -15.000016368.1064   13.4614
    7.5000   22.5000  -15.000015615.1855   13.4997
   -7.5000   30.0000  -15.000014630.5127   13.9004
    0.0000   30.0000  -15.000015356.9902   13.8550
    7.5000   30.0000  -15.000014658.8018   13.8888
   -7.5000   37.5000  -15.000014207.0938   14.3685
    0.0000   37.5000  -15.000014920.5654   14.3189
    7.5000   37.5000  -15.000014218.9336   14.3530
   -7.5000   45.0000  -15.000013216.7441   14.7798
    0.0000   45.0000  -15.000013875.7881   14.7314
    7.5000   45.0000  -15.000013212.3184   14.7671
   -7.5000  -45.0000   -7.500013503.7969   10.8045
    0.0000  -45.0000   -7.500014104.6084   10.7629
    7.5000  -45.0000   -7.500013504.2051   10.7861
   -7.5000  -37.5000   -7.500014231.6162   10.7804
    0.0000  -37.5000   -7.500014875.8389   10.7401
    7.5000  -37.5000   -7.500014236.0791   10.7636
   -7.5000  -30.0000   -7.500015285.3467   11.2608
    0.0000  -30.0000   -7.500015940.5557   11.2184
    7.5000  -30.0000   -7.500015248.9014   11.2439
   -7.5000  -22.5000   -7.500016339.1201   11.7309
    0.0000  -22.5000   -7.500016983.2734   11.6847
    7.5000  -22.5000   -7.500016254.7158   11.7117
   -7.5000  -15.0000   -7.500017379.2246   12.1907
    0.0000  -15.0000   -7.500018044.4297   12.1397
    7.5000  -15.0000   -7.500017269.4961   12.1689
   -7.5000   -7.5000   -7.500018372.9766   12.6271
    0.0000   -7.5000   -7.500019000.3379   12.5714
    7.5000   -7.5000   -7.500018231.6074   12.6045
   -7.5000    0.0000   -7.500019112.3145   13.0375
    0.0000    0.0000   -7.500019732.3008   12.9788
    7.5000    0.0000   -7.500018982.4629   13.0155
   -7.5000    7.5000   -7.500018626.7793   13.0310
    0.0000    7.5000   -7.500019363.4512   12.9753
    7.5000    7.5000   -7.500018573.9238   13.0107
   -7.5000   15.0000   -7.500017771.6836   13.2171
    0.0000   15.0000   -7.500018607.7812   13.1653
    7.5000   15.0000   -7.500017795.0977   13.2002
   -7.5000   22.5000   -7.500016773.5703   13.5638
    0.0000   22.5000   -7.500017655.6348   13.5139
    7.5000   22.5000   -7.500016832.0938   13.5486
   -7.5000   30.0000   -7.500015710.7021   13.9600
    0.0000   30.0000   -7.500016588.6309   13.9089
    7.5000   30.0000   -7.500015770.6650   13.9401
   -7.5000   37.5000   -7.500015249.7529   14.4319
    0.0000   37.5000   -7.500016116.8076   14.3759
    7.5000   37.5000   -7.500015291.1982   14.4096
   -7.5000   45.0000   -7.500014165.3066   14.8453
    0.0000   45.0000   -7.500014971.0107   14.7917
    7.5000   45.0000   -7.500014194.3330   14.8277
   -7.5000  -45.0000    0.000014136.8037   10.8046
    0.0000  -45.0000    0.000014752.6025   10.7629
    7.5000  -45.0000    0.000014155.3008   10.7823
   -7.5000  -37.5000    0.000014944.7188   10.7820
    0.0000  -37.5000    0.000015585.8086   10.7415
    7.5000  -37.5000    0.000014946.4717   10.7613
   -7.5000  -30.0000    0.000016097.5078   11.2658
    0.0000  -30.0000    0.000016733.2656   11.2218
    7.5000  -30.0000    0.000016037.3887   11.2423
   -7.5000  -22.5000    0.000017219.3691   11.7374
    0.0000  -22.5000    0.000017852.5273   11.6883
    7.5000  -22.5000    0.000017107.9336   11.7090
   -7.5000  -15.0000    0.000018313.8828   12.1985
    0.0000  -15.0000    0.000019050.0527   12.1443
    7.5000  -15.0000    0.000018200.6582   12.1672
   -7.5000   -7.5000    0.000019462.8047   12.6395
    0.0000   -7.5000    0.000020322.8457   12.5819
    7.5000   -7.5000    0.000019397.8105   12.6098
   -7.5000    0.0000    0.000020373.3320   13.0582
    0.0000    0.0000    0.000021355.1367   12.9989
    7.5000    0.0000    0.000020365.6367   13.0315
   -7.5000    7.5000    0.000019854.5391   13.0557
    0.0000    7.5000    0.000020900.1289   12.9994
    7.5000    7.5000    0.000019904.9043   13.0308
   -7.5000   15.0000    0.000018864.4004   13.2459
    0.0000   15.0000    0.000019938.0723   13.1918
    7.5000   15.0000    0.000018968.6445   13.2214
   -7.5000   22.5000    0.000017753.8379   13.5908
    0.0000   22.5000    0.000018798.9805   13.5375
    7.5000   22.5000    0.000017875.4531   13.5659
   -7.5000   30.0000    0.000016605.3359   13.9835
    0.0000   30.0000    0.000017584.5508   13.9298
    7.5000   30.0000    0.000016704.8418   13.9559
   -7.5000   37.5000    0.000016130.0059   14.4550
    0.0000   37.5000    0.000017042.6719   14.3990
    7.5000   37.5000    0.000016190.8018   14.4309
   -7.5000   45.0000    0.000014988.0947   14.8672
    0.0000   45.0000    0.000015789.2285   14.8152
    7.5000   45.0000    0.000015014.9258   14.8519
   -7.5000  -45.0000    7.500013695.1172   10.8185
    0.0000  -45.0000    7.500014235.9336   10.7830
    7.5000  -45.0000    7.500013714.5635   10.7976
   -7.5000  -37.5000    7.500014518.6152   10.7968
    0.0000  -37.5000    7.500015102.1660   10.7625
    7.5000  -37.5000    7.500014509.7549   10.7789
   -7.5000  -30.0000    7.500015676.6836   11.2867
    0.0000  -30.0000    7.500016336.3350   11.2477
    7.5000  -30.0000    7.500015641.3838   11.2650
   -7.5000  -22.5000    7.500016804.6504   11.7636
    0.0000  -22.5000    7.500017554.5273   11.7180
    7.5000  -22.5000    7.500016770.0605   11.7344
   -7.5000  -15.0000    7.500017862.1875   12.2279
    0.0000  -15.0000    7.500018766.2754   12.1775
    7.5000  -15.0000    7.500017875.9590   12.1946
   -7.5000   -7.5000    7.500018955.4648   12.6720
    0.0000   -7.5000    7.500020017.7754   12.6198
    7.5000   -7.5000    7.500018998.7246   12.6412
   -7.5000    0.0000    7.500019839.0723   13.0941
    0.0000    0.0000    7.500021064.1914   13.0422
    7.5000    0.0000    7.500019954.8066   13.0690
   -7.5000    7.5000    7.500019342.5352   13.0904
    0.0000    7.5000    7.500020621.3887   13.0417
    7.5000    7.5000    7.500019523.0547   13.0689
   -7.5000   15.0000    7.500018401.2051   13.2825
    0.0000   15.0000    7.500019606.0820   13.2344
    7.5000   15.0000    7.500018589.1504   13.2608
   -7.5000   22.5000    7.500017321.0332   13.6285
    0.0000   22.5000    7.500018406.7148   13.5797
    7.5000   22.5000    7.500017474.6602   13.6037
   -7.5000   30.0000    7.500016207.0342   14.0204
    0.0000   30.0000    7.500017156.6934   13.9720
    7.5000   30.0000    7.500016318.0811   13.9936
   -7.5000   37.5000    7.500015746.9102   14.4911
    0.0000   37.5000    7.500016595.9473   14.4451
    7.5000   37.5000    7.500015816.9473   14.4738
   -7.5000   45.0000    7.500014634.6699   14.9044
    0.0000   45.0000    7.500015371.0244   14.8626
    7.5000   45.0000    7.500014649.2852   14.8982
   -7.5000  -45.0000   15.000013175.2031   10.8512
    0.0000  -45.0000   15.000013719.7275   10.8208
    7.5000  -45.0000   15.000013188.0840   10.8358
   -7.5000  -37.5000   15.000013961.3320   10.8287
    0.0000  -37.5000   15.000014553.9697   10.7998
    7.5000  -37.5000   15.000013973.0938   10.8179
   -7.5000  -30.0000   15.000015040.2715   11.3218
    0.0000  -30.0000   15.000015729.3994   11.2883
    7.5000  -30.0000   15.000015059.9795   11.3088
   -7.5000  -22.5000   15.000016104.2432   11.8038
    0.0000  -22.5000   15.000016893.7305   11.7638
    7.5000  -22.5000   15.000016137.3516   11.7835
   -7.5000  -15.0000   15.000017140.5156   12.2748
    0.0000  -15.0000   15.000018011.3613   12.2297
    7.5000  -15.0000   15.000017203.5957   12.2488
   -7.5000   -7.5000   15.000018152.7773   12.7243
    0.0000   -7.5000   15.000019075.9766   12.6775
    7.5000   -7.5000   15.000018225.0859   12.6994
   -7.5000    0.0000   15.000018960.9199   13.1503
    0.0000    0.0000   15.000019934.7773   13.1046
    7.5000    0.0000   15.000019060.0000   13.1318
   -7.5000    7.5000   15.000018528.1172   13.1449
    0.0000    7.5000   15.000019556.7578   13.1027
    7.5000    7.5000   15.000018663.6660   13.1317
   -7.5000   15.0000   15.000017707.1699   13.3366
    0.0000   15.0000   15.000018755.5664   13.2954
    7.5000   15.0000   15.000017879.9863   13.3255
   -7.5000   22.5000   15.000016705.3730   13.6846
    0.0000   22.5000   15.000017692.7168   13.6423
    7.5000   22.5000   15.000016879.7324   13.6696
   -7.5000   30.0000   15.000015650.3691   14.0788
    0.0000   30.0000   15.000016526.5117   14.0363
    7.5000   30.0000   15.000015764.9629   14.0603
   -7.5000   37.5000   15.000015203.2734   14.5489
    0.0000   37.5000   15.000016007.1562   14.5103
    7.5000   37.5000   15.000015275.1357   14.5394
   -7.5000   45.0000   15.000014124.3232   14.9640
    0.0000   45.0000   15.000014851.2529   14.9289
    7.5000   45.0000   15.000014147.9316   14.9648
   -7.5000  -45.0000   22.500012518.6113   10.9322
    0.0000  -45.0000   22.500013051.5215   10.9006
    7.5000  -45.0000   22.500012529.5889   10.9198
   -7.5000  -37.5000   22.500013233.5391   10.9080
    0.0000  -37.5000   22.500013805.9521   10.8782
    7.5000  -37.5000   22.500013238.8760   10.9003
   -7.5000  -30.0000   22.500014219.8350   11.4047
    0.0000  -30.0000   22.500014840.4707   11.3719
    7.5000  -30.0000   22.500014222.9131   11.3979
   -7.5000  -22.5000   22.500015240.2607   11.8926
    0.0000  -22.5000   22.500015908.4297   11.8548
    7.5000  -22.5000   22.500015233.4922   11.8814
   -7.5000  -15.0000   22.500016239.8623   12.3719
    0.0000  -15.0000   22.500016956.2539   12.3289
    7.5000  -15.0000   22.500016252.1680   12.3550
   -7.5000   -7.5000   22.500017170.7852   12.8284
    0.0000   -7.5000   22.500017922.3730   12.7822
    7.5000   -7.5000   22.500017186.0234   12.8100
   -7.5000    0.0000   22.500017889.5586   13.2583
    0.0000    0.0000   22.500018725.4258   13.2115
    7.5000    0.0000   22.500017946.8340   13.2433
   -7.5000    7.5000   22.500017529.7402   13.2503
    0.0000    7.5000   22.500018409.5801   13.2071
    7.5000    7.5000   22.500017599.6367   13.2408
   -7.5000   15.0000   22.500016786.8086   13.4414
    0.0000   15.0000   22.500017684.0547   13.4014
    7.5000   15.0000   22.500016906.6875   13.4374
   -7.5000   22.5000   22.500015880.6533   13.7948
    0.0000   22.5000   22.500016761.8086   13.7549
    7.5000   22.5000   22.500016012.9131   13.7892
   -7.5000   30.0000   22.500014905.3867   14.1976
    0.0000   30.0000   22.500015718.7549   14.1565
    7.5000   30.0000   22.500014996.9072   14.1862
   -7.5000   37.5000   22.500014481.1514   14.6753
    0.0000   37.5000   22.500015268.6924   14.6343
    7.5000   37.5000   22.500014561.5635   14.6656
   -7.5000   45.0000   22.500013466.5889   15.0989
    0.0000   45.0000   22.500014177.6455   15.0600
    7.5000   45.0000   22.500013519.5850   15.0953
   -7.5000  -45.0000   30.000011741.6377   11.0192
    0.0000  -45.0000   30.000012221.8184   10.9835
    7.5000  -45.0000   30.000011720.2109   11.0051
   -7.5000  -37.5000   30.000012409.0537   10.9939
    0.0000  -37.5000   30.000012918.5596   10.9597
    7.5000  -37.5000   30.000012385.0371   10.9829
   -7.5000  -30.0000   30.000013322.6514   11.4941
    0.0000  -30.0000   30.000013867.6670   11.4581
    7.5000  -30.0000   30.000013282.4082   11.4848
   -7.5000  -22.5000   30.000014283.1416   11.9874
    0.0000  -22.5000   30.000014856.5605   11.9478
    7.5000  -22.5000   30.000014238.1191   11.9762
   -7.5000  -15.0000   30.000015218.2139   12.4745
    0.0000  -15.0000   30.000015834.9971   12.4298
    7.5000  -15.0000   30.000015188.5176   12.4592
   -7.5000   -7.5000   30.000016028.5654   12.9383
    0.0000   -7.5000   30.000016700.3828   12.8892
    7.5000   -7.5000   30.000016002.8760   12.9207
   -7.5000    0.0000   30.000016697.8359   13.3733
    0.0000    0.0000   30.000017445.1230   13.3215
    7.5000    0.0000   30.000016711.2207   13.3562
   -7.5000    7.5000   30.000016410.5879   13.3633
    0.0000    7.5000   30.000017166.8477   13.3149
    7.5000    7.5000   30.000016424.3691   13.3498
   -7.5000   15.0000   30.000015734.3740   13.5551
    0.0000   15.0000   30.000016476.4570   13.5114
    7.5000   15.0000   30.000015780.4873   13.5478
   -7.5000   22.5000   30.000014922.9551   13.9149
    0.0000   22.5000   30.000015661.3525   13.8729
    7.5000   22.5000   30.000014977.0039   13.9088
   -7.5000   30.0000   30.000014019.9189   14.3270
    0.0000   30.0000   30.000014736.0146   14.2835
    7.5000   30.0000   30.000014071.2373   14.3148
   -7.5000   37.5000   30.000013631.9971   14.8157
    0.0000   37.5000   30.000014353.2598   14.7683
    7.5000   37.5000   30.000013686.2305   14.7999
   -7.5000   45.0000   30.000012691.3359   15.2490
    0.0000   45.0000   30.000013341.9785   15.2032
    7.5000   45.0000   30.000012735.4053   15.2363
   -7.5000  -45.0000   37.500011419.3662   11.1612
    0.0000  -45.0000   37.500011904.9189   11.1198
    7.5000  -45.0000   37.500011423.1348   11.1395
   -7.5000  -37.5000   37.500012065.4697   11.1369
    0.0000  -37.5000   37.500012559.4561   11.0966
    7.5000  -37.5000   37.500012041.6357   11.1164
   -7.5000  -30.0000   37.500012959.6631   11.6424
    0.0000  -30.0000   37.500013485.1660   11.6002
    7.5000  -30.0000   37.500012919.7100   11.6219
   -7.5000  -22.5000   37.500013890.4824   12.1394
    0.0000  -22.5000   37.500014432.8525   12.0938
    7.5000  -22.5000   37.500013827.0420   12.1170
   -7.5000  -15.0000   37.500014781.8604   12.6301
    0.0000  -15.0000   37.500015353.3223   12.5798
    7.5000  -15.0000   37.500014701.3184   12.6053
   -7.5000   -7.5000   37.500015531.5459   13.0994
    0.0000   -7.5000   37.500016164.4482   13.0443
    7.5000   -7.5000   37.500015459.5791   13.0735
   -7.5000    0.0000   37.500016185.1367   13.5413
    0.0000    0.0000   37.500016874.8867   13.4827
    7.5000    0.0000   37.500016135.7998   13.5152
   -7.5000    7.5000   37.500015900.8613   13.5336
    0.0000    7.5000   37.500016589.8926   13.4778
    7.5000    7.5000   37.500015864.1016   13.5089
   -7.5000   15.0000   37.500015258.5889   13.7316
    0.0000   15.0000   37.500015939.6348   13.6801
    7.5000   15.0000   37.500015263.2656   13.7108
   -7.5000   22.5000   37.500014495.7227   14.0989
    0.0000   22.5000   37.500015191.2012   14.0500
    7.5000   22.5000   37.500014511.5977   14.0806
   -7.5000   30.0000   37.500013636.7832   14.5208
    0.0000   30.0000   37.500014315.7686   14.4712
    7.5000   30.0000   37.500013656.8779   14.4979
   -7.5000   37.5000   37.500013281.8975   15.0257
    0.0000   37.5000   37.500013941.0752   14.9709
    7.5000   37.5000   37.500013294.3623   15.0001
   -7.5000   45.0000   37.500012378.7783   15.4738
    0.0000   45.0000   37.500012969.3174   15.4214
    7.5000   45.0000   37.500012392.2734   15.4524
   -7.5000  -45.0000   45.000010642.0693   11.4014
    0.0000  -45.0000   45.000011114.2891   11.3602
    7.5000  -45.0000   45.000010657.6055   11.3744
   -7.5000  -37.5000   45.000011233.0723   11.3780
    0.0000  -37.5000   45.000011702.5781   11.3381
    7.5000  -37.5000   45.000011222.3955   11.3526
   -7.5000  -30.0000   45.000012067.6602   11.8950
    0.0000  -30.0000   45.000012563.7002   11.8522
    7.5000  -30.0000   45.000012040.4746   11.8677
   -7.5000  -22.5000   45.000012911.2949   12.4021
    0.0000  -22.5000   45.000013420.6299   12.3547
    7.5000  -22.5000   45.000012847.3574   12.3707
   -7.5000  -15.0000   45.000013714.1309   12.9025
    0.0000  -15.0000   45.000014240.8369   12.8503
    7.5000  -15.0000   45.000013610.7139   12.8682
   -7.5000   -7.5000   45.000014376.1328   13.3837
    0.0000   -7.5000   45.000014968.8643   13.3276
    7.5000   -7.5000   45.000014303.1494   13.3497
   -7.5000    0.0000   45.000014985.4033   13.8383
    0.0000    0.0000   45.000015627.8154   13.7798
    7.5000    0.0000   45.000014929.0547   13.8059
   -7.5000    7.5000   45.000014733.3252   13.8323
    0.0000    7.5000   45.000015347.3848   13.7769
    7.5000    7.5000   45.000014672.6416   13.8017
   -7.5000   15.0000   45.000014167.0264   14.0380
    0.0000   15.0000   45.000014781.5752   13.9855
    7.5000   15.0000   45.000014148.1572   14.0094
   -7.5000   22.5000   45.000013479.5146   14.4146
    0.0000   22.5000   45.000014092.5498   14.3641
    7.5000   22.5000   45.000013470.4434   14.3876
   -7.5000   30.0000   45.000012686.8799   14.8483
    0.0000   30.0000   45.000013280.6885   14.7980
    7.5000   30.0000   45.000012680.6484   14.8188
   -7.5000   37.5000   45.000012373.1279   15.3715
    0.0000   37.5000   45.000012945.4688   15.3185
    7.5000   37.5000   45.000012344.5977   15.3444
   -7.5000   45.0000   45.000011535.6729   15.8335
    0.0000   45.0000   45.000012046.8389   15.7841
    7.5000   45.0000   45.000011509.0332   15.8140

---------------------------------------------------------------------
imgreg_4dfp /Applications/freesurfer/7.4.1/average/3T18yoSchwartzReactN32_as_orig /Applications/freesurfer/7.4.1/average/711-2B_as_mni_average_305_mask talsrcimg_g11 none talsrcimg_to_3T18yoSchwartzReactN32_as_orig_t4 4355
---------------------------------------------------------------------

freesurfer imgreg_4dfp.c
/Applications/freesurfer/7.4.1/average/3T18yoSchwartzReactN32_as_orig.4dfp.img
       256       256       256         1
  1.000000  1.000000  1.000000
orientation T byte_order littleendian
Reading image: /Applications/freesurfer/7.4.1/average/3T18yoSchwartzReactN32_as_orig.4dfp.img
dimensions:      256       256       256
mmppix:       1.0000   -1.0000   -1.0000
center:     128.0000 -129.0000 -129.0000
/Applications/freesurfer/7.4.1/average/711-2B_as_mni_average_305_mask.4dfp.img
       256       256       256         1
  1.000000  1.000000  1.000000
orientation T byte_order littleendian
Reading mask: /Applications/freesurfer/7.4.1/average/711-2B_as_mni_average_305_mask.4dfp.img (2306576 pixels)
talsrcimg_g11.4dfp.img
       256       256       256         1
  1.000000  1.000000  1.000000
orientation T byte_order littleendian
Reading image: talsrcimg_g11.4dfp.img
dimensions:      256       256       256
mmppix:       1.0000   -1.0000   -1.0000
center:     128.0000 -129.0000 -129.0000
rotation matrix determinant  1.000000
image alignment mode   4355 decimal     1103 hex
   -7.5000  -45.0000  -45.0000 2328.2629   15.9405
    0.0000  -45.0000  -45.0000 2351.7051   15.8183
    7.5000  -45.0000  -45.0000 2332.1094   15.8524
   -7.5000  -37.5000  -45.0000 2368.0942   15.5539
    0.0000  -37.5000  -45.0000 2387.5098   15.4551
    7.5000  -37.5000  -45.0000 2369.0317   15.4715
   -7.5000  -30.0000  -45.0000 2394.7017   15.2134
    0.0000  -30.0000  -45.0000 2409.9922   15.1474
    7.5000  -30.0000  -45.0000 2392.4336   15.1678
   -7.5000  -22.5000  -45.0000 2415.4504   14.9962
    0.0000  -22.5000  -45.0000 2430.3203   14.9507
    7.5000  -22.5000  -45.0000 2410.1770   14.9719
   -7.5000  -15.0000  -45.0000 2424.7671   14.9276
    0.0000  -15.0000  -45.0000 2438.8521   14.8714
    7.5000  -15.0000  -45.0000 2415.0359   14.9149
   -7.5000   -7.5000  -45.0000 2418.4705   14.8922
    0.0000   -7.5000  -45.0000 2438.3101   14.8590
    7.5000   -7.5000  -45.0000 2410.0151   14.9049
   -7.5000    0.0000  -45.0000 2407.3330   15.0366
    0.0000    0.0000  -45.0000 2421.8267   14.9675
    7.5000    0.0000  -45.0000 2394.3306   15.0249
   -7.5000    7.5000  -45.0000 2387.7021   15.3432
    0.0000    7.5000  -45.0000 2407.9106   15.3300
    7.5000    7.5000  -45.0000 2372.9690   15.3666
   -7.5000   15.0000  -45.0000 2349.9722   15.9909
    0.0000   15.0000  -45.0000 2369.9143   15.9442
    7.5000   15.0000  -45.0000 2334.6985   16.0244
   -7.5000   22.5000  -45.0000 2296.5964   16.9078
    0.0000   22.5000  -45.0000 2312.5896   16.8447
    7.5000   22.5000  -45.0000 2280.7568   16.9036
   -7.5000   30.0000  -45.0000 2221.6213   18.1366
    0.0000   30.0000  -45.0000 2239.0315   18.0443
    7.5000   30.0000  -45.0000 2210.1335   18.1523
   -7.5000   37.5000  -45.0000 2137.0740   19.6515
    0.0000   37.5000  -45.0000 2148.0054   19.5232
    7.5000   37.5000  -45.0000 2125.8745   19.6939
   -7.5000   45.0000  -45.0000 2023.7317   21.6795
    0.0000   45.0000  -45.0000 2030.9884   21.4967
    7.5000   45.0000  -45.0000 2011.3795   21.7229
   -7.5000  -45.0000  -37.5000 2420.3701   14.8771
    0.0000  -45.0000  -37.5000 2443.2251   14.7293
    7.5000  -45.0000  -37.5000 2425.0056   14.7523
   -7.5000  -37.5000  -37.5000 2459.0925   14.5064
    0.0000  -37.5000  -37.5000 2480.4778   14.3805
    7.5000  -37.5000  -37.5000 2457.9966   14.4163
   -7.5000  -30.0000  -37.5000 2486.4829   14.2198
    0.0000  -30.0000  -37.5000 2507.8691   14.1231
    7.5000  -30.0000  -37.5000 2484.5706   14.1485
   -7.5000  -22.5000  -37.5000 2510.0459   14.0100
    0.0000  -22.5000  -37.5000 2527.0005   13.9537
    7.5000  -22.5000  -37.5000 2503.2268   13.9445
   -7.5000  -15.0000  -37.5000 2527.3342   13.9065
    0.0000  -15.0000  -37.5000 2542.0144   13.8585
    7.5000  -15.0000  -37.5000 2515.2822   13.8580
   -7.5000   -7.5000  -37.5000 2529.0374   13.8726
    0.0000   -7.5000  -37.5000 2547.2498   13.8544
    7.5000   -7.5000  -37.5000 2517.1934   13.8790
   -7.5000    0.0000  -37.5000 2523.0281   13.9857
    0.0000    0.0000  -37.5000 2541.1743   13.9701
    7.5000    0.0000  -37.5000 2505.0808   14.0060
   -7.5000    7.5000  -37.5000 2502.8662   14.2989
    0.0000    7.5000  -37.5000 2522.0564   14.2832
    7.5000    7.5000  -37.5000 2482.8438   14.3262
   -7.5000   15.0000  -37.5000 2463.7986   14.9090
    0.0000   15.0000  -37.5000 2481.5759   14.8505
    7.5000   15.0000  -37.5000 2445.4294   14.9062
   -7.5000   22.5000  -37.5000 2408.3489   15.7462
    0.0000   22.5000  -37.5000 2425.0049   15.6775
    7.5000   22.5000  -37.5000 2387.8328   15.7191
   -7.5000   30.0000  -37.5000 2329.9934   16.8522
    0.0000   30.0000  -37.5000 2345.0303   16.7677
    7.5000   30.0000  -37.5000 2314.1904   16.8418
   -7.5000   37.5000  -37.5000 2239.4502   18.2897
    0.0000   37.5000  -37.5000 2250.6533   18.1793
    7.5000   37.5000  -37.5000 2224.9644   18.2943
   -7.5000   45.0000  -37.5000 2124.6008   20.1750
    0.0000   45.0000  -37.5000 2135.5974   20.0265
    7.5000   45.0000  -37.5000 2110.4749   20.1655
   -7.5000  -45.0000  -30.0000 2553.8657   14.3324
    0.0000  -45.0000  -30.0000 2576.3679   14.1753
    7.5000  -45.0000  -30.0000 2560.8066   14.2068
   -7.5000  -37.5000  -30.0000 2591.6589   13.9681
    0.0000  -37.5000  -30.0000 2613.8464   13.8193
    7.5000  -37.5000  -30.0000 2591.7097   13.8721
   -7.5000  -30.0000  -30.0000 2614.9990   13.6536
    0.0000  -30.0000  -30.0000 2635.4963   13.5218
    7.5000  -30.0000  -30.0000 2614.3896   13.5755
   -7.5000  -22.5000  -30.0000 2640.1985   13.4334
    0.0000  -22.5000  -30.0000 2662.4756   13.3509
    7.5000  -22.5000  -30.0000 2633.9558   13.3625
   -7.5000  -15.0000  -30.0000 2666.8333   13.3234
    0.0000  -15.0000  -30.0000 2685.5955   13.2606
    7.5000  -15.0000  -30.0000 2655.9136   13.2686
   -7.5000   -7.5000  -30.0000 2679.2681   13.2751
    0.0000   -7.5000  -30.0000 2704.9128   13.2662
    7.5000   -7.5000  -30.0000 2667.4553   13.2796
   -7.5000    0.0000  -30.0000 2681.3896   13.3863
    0.0000    0.0000  -30.0000 2704.3203   13.3769
    7.5000    0.0000  -30.0000 2662.8413   13.4012
   -7.5000    7.5000  -30.0000 2663.4275   13.7241
    0.0000    7.5000  -30.0000 2690.0266   13.6906
    7.5000    7.5000  -30.0000 2646.2024   13.7357
   -7.5000   15.0000  -30.0000 2630.7019   14.3256
    0.0000   15.0000  -30.0000 2651.3342   14.2510
    7.5000   15.0000  -30.0000 2611.8230   14.2884
   -7.5000   22.5000  -30.0000 2568.0588   15.1082
    0.0000   22.5000  -30.0000 2587.0693   15.0358
    7.5000   22.5000  -30.0000 2548.9470   15.0503
   -7.5000   30.0000  -30.0000 2480.5930   16.1492
    0.0000   30.0000  -30.0000 2495.0842   16.0563
    7.5000   30.0000  -30.0000 2464.0801   16.1107
   -7.5000   37.5000  -30.0000 2381.8828   17.5682
    0.0000   37.5000  -30.0000 2394.8147   17.4666
    7.5000   37.5000  -30.0000 2369.5886   17.5455
   -7.5000   45.0000  -30.0000 2260.6116   19.3722
    0.0000   45.0000  -30.0000 2276.6851   19.2719
    7.5000   45.0000  -30.0000 2251.2888   19.3375
   -7.5000  -45.0000  -22.5000 2645.3474   13.7616
    0.0000  -45.0000  -22.5000 2663.9292   13.5690
    7.5000  -45.0000  -22.5000 2649.9490   13.6194
   -7.5000  -37.5000  -22.5000 2676.2625   13.3768
    0.0000  -37.5000  -22.5000 2694.8838   13.2006
    7.5000  -37.5000  -22.5000 2676.3821   13.2396
   -7.5000  -30.0000  -22.5000 2701.8425   13.0299
    0.0000  -30.0000  -22.5000 2724.2634   12.8927
    7.5000  -30.0000  -22.5000 2704.9268   12.9508
   -7.5000  -22.5000  -22.5000 2732.7976   12.7982
    0.0000  -22.5000  -22.5000 2750.6663   12.6669
    7.5000  -22.5000  -22.5000 2728.6624   12.7212
   -7.5000  -15.0000  -22.5000 2763.6240   12.6790
    0.0000  -15.0000  -22.5000 2782.1926   12.5570
    7.5000  -15.0000  -22.5000 2753.7488   12.6116
   -7.5000   -7.5000  -22.5000 2787.6985   12.6500
    0.0000   -7.5000  -22.5000 2813.3904   12.5532
    7.5000   -7.5000  -22.5000 2775.7000   12.5925
   -7.5000    0.0000  -22.5000 2800.9187   12.7299
    0.0000    0.0000  -22.5000 2825.3782   12.6523
    7.5000    0.0000  -22.5000 2783.6326   12.7049
   -7.5000    7.5000  -22.5000 2792.5510   13.0800
    0.0000    7.5000  -22.5000 2818.9478   12.9970
    7.5000    7.5000  -22.5000 2776.9790   13.0469
   -7.5000   15.0000  -22.5000 2755.0273   13.6466
    0.0000   15.0000  -22.5000 2781.7178   13.5645
    7.5000   15.0000  -22.5000 2740.6167   13.5825
   -7.5000   22.5000  -22.5000 2686.8931   14.3995
    0.0000   22.5000  -22.5000 2711.0100   14.3223
    7.5000   22.5000  -22.5000 2674.8506   14.3442
   -7.5000   30.0000  -22.5000 2595.9592   15.4125
    0.0000   30.0000  -22.5000 2614.0784   15.3203
    7.5000   30.0000  -22.5000 2586.0938   15.3766
   -7.5000   37.5000  -22.5000 2488.1157   16.8051
    0.0000   37.5000  -22.5000 2504.4014   16.7068
    7.5000   37.5000  -22.5000 2478.2129   16.7857
   -7.5000   45.0000  -22.5000 2363.7998   18.5504
    0.0000   45.0000  -22.5000 2378.7268   18.4455
    7.5000   45.0000  -22.5000 2356.3914   18.5417
   -7.5000  -45.0000  -15.0000 2695.8572   13.2486
    0.0000  -45.0000  -15.0000 2712.9341   13.0083
    7.5000  -45.0000  -15.0000 2695.7471   13.0538
   -7.5000  -37.5000  -15.0000 2724.3643   12.8281
    0.0000  -37.5000  -15.0000 2738.2957   12.6205
    7.5000  -37.5000  -15.0000 2719.0640   12.6589
   -7.5000  -30.0000  -15.0000 2754.7717   12.4942
    0.0000  -30.0000  -15.0000 2768.7710   12.2957
    7.5000  -30.0000  -15.0000 2749.5720   12.3498
   -7.5000  -22.5000  -15.0000 2790.3132   12.2394
    0.0000  -22.5000  -15.0000 2802.7993   12.0501
    7.5000  -22.5000  -15.0000 2781.7854   12.1170
   -7.5000  -15.0000  -15.0000 2831.0330   12.1213
    0.0000  -15.0000  -15.0000 2839.2869   11.9271
    7.5000  -15.0000  -15.0000 2817.7495   12.0199
   -7.5000   -7.5000  -15.0000 2864.8684   12.1115
    0.0000   -7.5000  -15.0000 2876.9871   11.9170
    7.5000   -7.5000  -15.0000 2847.8096   11.9944
   -7.5000    0.0000  -15.0000 2875.4919   12.1512
    0.0000    0.0000  -15.0000 2893.8394   11.9519
    7.5000    0.0000  -15.0000 2863.3447   12.0941
   -7.5000    7.5000  -15.0000 2878.3960   12.5060
    0.0000    7.5000  -15.0000 2901.6658   12.3364
    7.5000    7.5000  -15.0000 2865.5667   12.4315
   -7.5000   15.0000  -15.0000 2837.5237   13.0398
    0.0000   15.0000  -15.0000 2863.6064   12.8985
    7.5000   15.0000  -15.0000 2826.2344   12.9766
   -7.5000   22.5000  -15.0000 2768.6282   13.7881
    0.0000   22.5000  -15.0000 2789.4729   13.6447
    7.5000   22.5000  -15.0000 2756.9150   13.7301
   -7.5000   30.0000  -15.0000 2672.7722   14.8149
    0.0000   30.0000  -15.0000 2688.9368   14.6478
    7.5000   30.0000  -15.0000 2664.5259   14.7711
   -7.5000   37.5000  -15.0000 2563.5405   16.1747
    0.0000   37.5000  -15.0000 2580.4412   16.0169
    7.5000   37.5000  -15.0000 2549.9436   16.1236
   -7.5000   45.0000  -15.0000 2441.4634   17.8910
    0.0000   45.0000  -15.0000 2454.6907   17.7195
    7.5000   45.0000  -15.0000 2426.4309   17.8202
   -7.5000  -45.0000   -7.5000 2710.5139   12.8171
    0.0000  -45.0000   -7.5000 2727.2273   12.5612
    7.5000  -45.0000   -7.5000 2709.4209   12.5920
   -7.5000  -37.5000   -7.5000 2735.9038   12.4000
    0.0000  -37.5000   -7.5000 2754.9846   12.1676
    7.5000  -37.5000   -7.5000 2736.6382   12.1961
   -7.5000  -30.0000   -7.5000 2772.9971   12.0619
    0.0000  -30.0000   -7.5000 2785.9014   11.8318
    7.5000  -30.0000   -7.5000 2770.6140   11.8851
   -7.5000  -22.5000   -7.5000 2813.3354   11.8065
    0.0000  -22.5000   -7.5000 2820.9661   11.5721
    7.5000  -22.5000   -7.5000 2801.2161   11.6463
   -7.5000  -15.0000   -7.5000 2865.7761   11.7111
    0.0000  -15.0000   -7.5000 2866.8215   11.4858
    7.5000  -15.0000   -7.5000 2846.9443   11.5656
   -7.5000   -7.5000   -7.5000 2919.2336   11.7711
    0.0000   -7.5000   -7.5000 2915.4512   11.5488
    7.5000   -7.5000   -7.5000 2892.5876   11.6252
   -7.5000    0.0000   -7.5000 2940.7573   11.8189
    0.0000    0.0000   -7.5000 2930.9395   11.5188
    7.5000    0.0000   -7.5000 2920.1184   11.7619
   -7.5000    7.5000   -7.5000 2939.9243   12.1096
    0.0000    7.5000   -7.5000 2946.4790   11.8731
    7.5000    7.5000   -7.5000 2926.7222   12.0326
   -7.5000   15.0000   -7.5000 2895.4260   12.6069
    0.0000   15.0000   -7.5000 2912.5164   12.4387
    7.5000   15.0000   -7.5000 2885.0127   12.5254
   -7.5000   22.5000   -7.5000 2819.6165   13.3117
    0.0000   22.5000   -7.5000 2842.0376   13.1623
    7.5000   22.5000   -7.5000 2810.0708   13.2451
   -7.5000   30.0000   -7.5000 2717.3545   14.3128
    0.0000   30.0000   -7.5000 2740.0061   14.1804
    7.5000   30.0000   -7.5000 2707.6924   14.2495
   -7.5000   37.5000   -7.5000 2605.4509   15.6386
    0.0000   37.5000   -7.5000 2625.6731   15.5191
    7.5000   37.5000   -7.5000 2590.0127   15.5684
   -7.5000   45.0000   -7.5000 2480.5308   17.2974
    0.0000   45.0000   -7.5000 2498.3423   17.1949
    7.5000   45.0000   -7.5000 2464.3296   17.2786
   -7.5000  -45.0000    0.0000 2707.7246   12.5672
    0.0000  -45.0000    0.0000 2723.4119   12.2924
    7.5000  -45.0000    0.0000 2710.5488   12.3222
   -7.5000  -37.5000    0.0000 2731.7205   12.1814
    0.0000  -37.5000    0.0000 2747.6111   11.9184
    7.5000  -37.5000    0.0000 2734.6472   11.9581
   -7.5000  -30.0000    0.0000 2772.3638   11.8443
    0.0000  -30.0000    0.0000 2773.8853   11.5730
    7.5000  -30.0000    0.0000 2765.7258   11.6211
   -7.5000  -22.5000    0.0000 2818.0867   11.5920
    0.0000  -22.5000    0.0000 2812.9509   11.3343
    7.5000  -22.5000    0.0000 2802.5432   11.4024
   -7.5000  -15.0000    0.0000 2876.3894   11.4752
    0.0000  -15.0000    0.0000 2873.3059   11.2538
    7.5000  -15.0000    0.0000 2855.5830   11.3338
   -7.5000   -7.5000    0.0000 2944.5334   11.5325
    0.0000   -7.5000    0.0000 2954.9724   11.4043
    7.5000   -7.5000    0.0000 2924.7273   11.4371
   -7.5000    0.0000    0.0000 2988.5979   11.6732
    0.0000    0.0000    0.0000 3010.1143   11.5521
    7.5000    0.0000    0.0000 2972.0120   11.6475
   -7.5000    7.5000    0.0000 2985.8181   11.9168
    0.0000    7.5000    0.0000 3011.7034   11.7945
    7.5000    7.5000    0.0000 2971.8679   11.8730
   -7.5000   15.0000    0.0000 2928.6353   12.3112
    0.0000   15.0000    0.0000 2951.3513   12.1925
    7.5000   15.0000    0.0000 2917.1968   12.2479
   -7.5000   22.5000    0.0000 2846.4966   12.9889
    0.0000   22.5000    0.0000 2863.1855   12.8312
    7.5000   22.5000    0.0000 2836.0872   12.8948
   -7.5000   30.0000    0.0000 2742.1179   14.0060
    0.0000   30.0000    0.0000 2758.2761   13.8479
    7.5000   30.0000    0.0000 2729.7695   13.9062
   -7.5000   37.5000    0.0000 2632.4402   15.3373
    0.0000   37.5000    0.0000 2647.2839   15.1988
    7.5000   37.5000    0.0000 2617.2578   15.2694
   -7.5000   45.0000    0.0000 2503.5156   16.9838
    0.0000   45.0000    0.0000 2518.0791   16.8824
    7.5000   45.0000    0.0000 2486.8921   16.9690
   -7.5000  -45.0000    7.5000 2701.5435   12.5311
    0.0000  -45.0000    7.5000 2707.9768   12.1934
    7.5000  -45.0000    7.5000 2705.3762   12.2247
   -7.5000  -37.5000    7.5000 2731.4915   12.2020
    0.0000  -37.5000    7.5000 2733.8569   11.9012
    7.5000  -37.5000    7.5000 2728.4663   11.9488
   -7.5000  -30.0000    7.5000 2770.5796   11.8761
    0.0000  -30.0000    7.5000 2775.6980   11.6422
    7.5000  -30.0000    7.5000 2763.9346   11.6894
   -7.5000  -22.5000    7.5000 2820.6602   11.6431
    0.0000  -22.5000    7.5000 2827.2852   11.4536
    7.5000  -22.5000    7.5000 2810.3748   11.5055
   -7.5000  -15.0000    7.5000 2876.9834   11.5064
    0.0000  -15.0000    7.5000 2889.6626   11.3496
    7.5000  -15.0000    7.5000 2866.7920   11.4030
   -7.5000   -7.5000    7.5000 2947.6289   11.5382
    0.0000   -7.5000    7.5000 2972.6929   11.4157
    7.5000   -7.5000    7.5000 2933.5034   11.4679
   -7.5000    0.0000    7.5000 2998.9663   11.6706
    0.0000    0.0000    7.5000 3037.5808   11.5634
    7.5000    0.0000    7.5000 2988.7134   11.6416
   -7.5000    7.5000    7.5000 2997.1865   11.9388
    0.0000    7.5000    7.5000 3044.5925   11.8444
    7.5000    7.5000    7.5000 2989.4856   11.8845
   -7.5000   15.0000    7.5000 2938.9480   12.3334
    0.0000   15.0000    7.5000 2976.1064   12.2079
    7.5000   15.0000    7.5000 2932.7549   12.2938
   -7.5000   22.5000    7.5000 2854.8967   12.9892
    0.0000   22.5000    7.5000 2881.5291   12.8694
    7.5000   22.5000    7.5000 2844.9556   12.9224
   -7.5000   30.0000    7.5000 2750.8306   13.9800
    0.0000   30.0000    7.5000 2771.7043   13.8557
    7.5000   30.0000    7.5000 2738.0281   13.8883
   -7.5000   37.5000    7.5000 2642.1516   15.2750
    0.0000   37.5000    7.5000 2655.7244   15.1473
    7.5000   37.5000    7.5000 2627.2227   15.1994
   -7.5000   45.0000    7.5000 2508.9797   16.9069
    0.0000   45.0000    7.5000 2522.5945   16.7887
    7.5000   45.0000    7.5000 2495.0310   16.8678
   -7.5000  -45.0000   15.0000 2693.0913   12.7401
    0.0000  -45.0000   15.0000 2706.0332   12.4193
    7.5000  -45.0000   15.0000 2700.5627   12.4550
   -7.5000  -37.5000   15.0000 2722.4534   12.4074
    0.0000  -37.5000   15.0000 2732.3225   12.1335
    7.5000  -37.5000   15.0000 2723.9099   12.1791
   -7.5000  -30.0000   15.0000 2760.7949   12.1055
    0.0000  -30.0000   15.0000 2774.5059   11.8779
    7.5000  -30.0000   15.0000 2760.1743   11.9396
   -7.5000  -22.5000   15.0000 2808.8582   11.8626
    0.0000  -22.5000   15.0000 2821.1299   11.6659
    7.5000  -22.5000   15.0000 2805.5537   11.7378
   -7.5000  -15.0000   15.0000 2865.6184   11.7458
    0.0000  -15.0000   15.0000 2878.3972   11.5562
    7.5000  -15.0000   15.0000 2858.9648   11.6315
   -7.5000   -7.5000   15.0000 2928.5562   11.7749
    0.0000   -7.5000   15.0000 2949.4370   11.5719
    7.5000   -7.5000   15.0000 2920.8223   11.7039
   -7.5000    0.0000   15.0000 2966.5623   11.8506
    0.0000    0.0000   15.0000 2992.4695   11.6226
    7.5000    0.0000   15.0000 2959.0593   11.8047
   -7.5000    7.5000   15.0000 2965.6733   12.1056
    0.0000    7.5000   15.0000 2996.5530   11.8790
    7.5000    7.5000   15.0000 2954.9514   12.0233
   -7.5000   15.0000   15.0000 2920.5332   12.5799
    0.0000   15.0000   15.0000 2953.2417   12.3733
    7.5000   15.0000   15.0000 2912.8784   12.4912
   -7.5000   22.5000   15.0000 2842.4343   13.2655
    0.0000   22.5000   15.0000 2870.4968   13.1090
    7.5000   22.5000   15.0000 2835.6255   13.1611
   -7.5000   30.0000   15.0000 2744.7314   14.2246
    0.0000   30.0000   15.0000 2764.9116   14.0927
    7.5000   30.0000   15.0000 2732.6086   14.1430
   -7.5000   37.5000   15.0000 2635.1655   15.4487
    0.0000   37.5000   15.0000 2649.9685   15.3200
    7.5000   37.5000   15.0000 2620.0281   15.3974
   -7.5000   45.0000   15.0000 2498.6865   17.0281
    0.0000   45.0000   15.0000 2518.4568   16.9315
    7.5000   45.0000   15.0000 2483.9001   16.9760
   -7.5000  -45.0000   22.5000 2674.7095   13.0922
    0.0000  -45.0000   22.5000 2692.0144   12.7481
    7.5000  -45.0000   22.5000 2684.9324   12.7979
   -7.5000  -37.5000   22.5000 2701.1521   12.7523
    0.0000  -37.5000   22.5000 2719.4875   12.4365
    7.5000  -37.5000   22.5000 2708.9192   12.4920
   -7.5000  -30.0000   22.5000 2732.9099   12.4338
    0.0000  -30.0000   22.5000 2751.5562   12.1776
    7.5000  -30.0000   22.5000 2739.9683   12.2455
   -7.5000  -22.5000   22.5000 2785.8567   12.2324
    0.0000  -22.5000   22.5000 2799.8381   11.9784
    7.5000  -22.5000   22.5000 2784.1221   12.0675
   -7.5000  -15.0000   22.5000 2842.3977   12.1609
    0.0000  -15.0000   22.5000 2856.6191   11.9159
    7.5000  -15.0000   22.5000 2839.0083   12.0164
   -7.5000   -7.5000   22.5000 2894.9033   12.1922
    0.0000   -7.5000   22.5000 2913.8972   11.9346
    7.5000   -7.5000   22.5000 2889.9521   12.1025
   -7.5000    0.0000   22.5000 2913.2268   12.2508
    0.0000    0.0000   22.5000 2937.6772   11.9736
    7.5000    0.0000   22.5000 2909.0637   12.1654
   -7.5000    7.5000   22.5000 2912.0667   12.5220
    0.0000    7.5000   22.5000 2938.9272   12.2967
    7.5000    7.5000   22.5000 2900.6487   12.4184
   -7.5000   15.0000   22.5000 2874.9050   12.9923
    0.0000   15.0000   22.5000 2898.6694   12.8032
    7.5000   15.0000   22.5000 2865.8999   12.9078
   -7.5000   22.5000   22.5000 2808.0178   13.7036
    0.0000   22.5000   22.5000 2829.4551   13.5253
    7.5000   22.5000   22.5000 2798.7920   13.5918
   -7.5000   30.0000   22.5000 2718.8896   14.6449
    0.0000   30.0000   22.5000 2737.9272   14.4748
    7.5000   30.0000   22.5000 2704.5857   14.5452
   -7.5000   37.5000   22.5000 2609.7156   15.8404
    0.0000   37.5000   22.5000 2627.4229   15.7003
    7.5000   37.5000   22.5000 2597.0586   15.7841
   -7.5000   45.0000   22.5000 2479.2732   17.3917
    0.0000   45.0000   22.5000 2497.9705   17.2705
    7.5000   45.0000   22.5000 2466.4495   17.3441
   -7.5000  -45.0000   30.0000 2646.6572   13.5404
    0.0000  -45.0000   30.0000 2662.3066   13.1239
    7.5000  -45.0000   30.0000 2654.6443   13.1836
   -7.5000  -37.5000   30.0000 2674.0728   13.1889
    0.0000  -37.5000   30.0000 2691.5583   12.8175
    7.5000  -37.5000   30.0000 2679.6394   12.8693
   -7.5000  -30.0000   30.0000 2706.0984   12.9085
    0.0000  -30.0000   30.0000 2722.8638   12.5884
    7.5000  -30.0000   30.0000 2707.2683   12.6460
   -7.5000  -22.5000   30.0000 2754.7070   12.7367
    0.0000  -22.5000   30.0000 2769.8025   12.4554
    7.5000  -22.5000   30.0000 2754.8691   12.5382
   -7.5000  -15.0000   30.0000 2806.0132   12.7252
    0.0000  -15.0000   30.0000 2824.0146   12.4487
    7.5000  -15.0000   30.0000 2806.2266   12.5451
   -7.5000   -7.5000   30.0000 2845.2563   12.7473
    0.0000   -7.5000   30.0000 2867.8015   12.4535
    7.5000   -7.5000   30.0000 2844.0271   12.6267
   -7.5000    0.0000   30.0000 2853.6143   12.8011
    0.0000    0.0000   30.0000 2882.5117   12.5465
    7.5000    0.0000   30.0000 2852.8665   12.6906
   -7.5000    7.5000   30.0000 2855.7190   13.1120
    0.0000    7.5000   30.0000 2879.4895   12.9006
    7.5000    7.5000   30.0000 2847.1565   13.0071
   -7.5000   15.0000   30.0000 2816.2583   13.6121
    0.0000   15.0000   30.0000 2832.2039   13.4086
    7.5000   15.0000   30.0000 2806.2629   13.4949
   -7.5000   22.5000   30.0000 2757.9231   14.3188
    0.0000   22.5000   30.0000 2773.3145   14.1278
    7.5000   22.5000   30.0000 2746.1489   14.1912
   -7.5000   30.0000   30.0000 2675.8474   15.2372
    0.0000   30.0000   30.0000 2691.3501   15.0351
    7.5000   30.0000   30.0000 2661.2083   15.1059
   -7.5000   37.5000   30.0000 2571.4597   16.4133
    0.0000   37.5000   30.0000 2591.4009   16.2430
    7.5000   37.5000   30.0000 2559.0129   16.3328
   -7.5000   45.0000   30.0000 2448.9246   17.9603
    0.0000   45.0000   30.0000 2464.3191   17.7991
    7.5000   45.0000   30.0000 2431.7527   17.8627
   -7.5000  -45.0000   37.5000 2612.4819   14.0238
    0.0000  -45.0000   37.5000 2636.0718   13.5833
    7.5000  -45.0000   37.5000 2629.0334   13.6396
   -7.5000  -37.5000   37.5000 2640.0718   13.7055
    0.0000  -37.5000   37.5000 2662.1113   13.3040
    7.5000  -37.5000   37.5000 2650.6775   13.3694
   -7.5000  -30.0000   37.5000 2671.1875   13.4514
    0.0000  -30.0000   37.5000 2694.8318   13.1173
    7.5000  -30.0000   37.5000 2679.7019   13.1832
   -7.5000  -22.5000   37.5000 2714.9949   13.3467
    0.0000  -22.5000   37.5000 2733.3662   13.0368
    7.5000  -22.5000   37.5000 2716.5034   13.1039
   -7.5000  -15.0000   37.5000 2762.0444   13.3923
    0.0000  -15.0000   37.5000 2782.5618   13.0961
    7.5000  -15.0000   37.5000 2759.9570   13.1724
   -7.5000   -7.5000   37.5000 2790.4690   13.3966
    0.0000   -7.5000   37.5000 2813.5098   13.1247
    7.5000   -7.5000   37.5000 2785.2556   13.2525
   -7.5000    0.0000   37.5000 2795.3916   13.5092
    0.0000    0.0000   37.5000 2822.5190   13.2907
    7.5000    0.0000   37.5000 2790.2712   13.3874
   -7.5000    7.5000   37.5000 2791.6677   13.8485
    0.0000    7.5000   37.5000 2813.6414   13.6451
    7.5000    7.5000   37.5000 2783.5312   13.7238
   -7.5000   15.0000   37.5000 2751.0684   14.3540
    0.0000   15.0000   37.5000 2770.5222   14.1668
    7.5000   15.0000   37.5000 2748.2520   14.2543
   -7.5000   22.5000   37.5000 2699.7227   15.0542
    0.0000   22.5000   37.5000 2719.9500   14.8646
    7.5000   22.5000   37.5000 2691.0039   14.9322
   -7.5000   30.0000   37.5000 2620.6509   15.9543
    0.0000   30.0000   37.5000 2640.5869   15.7576
    7.5000   30.0000   37.5000 2606.6060   15.8170
   -7.5000   37.5000   37.5000 2523.8499   17.0986
    0.0000   37.5000   37.5000 2540.6050   16.9600
    7.5000   37.5000   37.5000 2507.4734   17.0285
   -7.5000   45.0000   37.5000 2405.4736   18.6280
    0.0000   45.0000   37.5000 2417.1184   18.4785
    7.5000   45.0000   37.5000 2389.1321   18.5637
   -7.5000  -45.0000   45.0000 2574.2214   14.6654
    0.0000  -45.0000   45.0000 2603.9866   14.2392
    7.5000  -45.0000   45.0000 2595.2766   14.2716
   -7.5000  -37.5000   45.0000 2599.2515   14.3575
    0.0000  -37.5000   45.0000 2624.3853   13.9694
    7.5000  -37.5000   45.0000 2615.2761   14.0060
   -7.5000  -30.0000   45.0000 2631.0781   14.1504
    0.0000  -30.0000   45.0000 2655.8845   13.7847
    7.5000  -30.0000   45.0000 2643.6047   13.8347
   -7.5000  -22.5000   45.0000 2669.0012   14.0801
    0.0000  -22.5000   45.0000 2688.3950   13.7426
    7.5000  -22.5000   45.0000 2671.5801   13.8169
   -7.5000  -15.0000   45.0000 2710.3286   14.1461
    0.0000  -15.0000   45.0000 2729.7859   13.8286
    7.5000  -15.0000   45.0000 2704.4258   13.9158
   -7.5000   -7.5000   45.0000 2728.2092   14.1930
    0.0000   -7.5000   45.0000 2752.0847   13.9550
    7.5000   -7.5000   45.0000 2724.9932   14.0304
   -7.5000    0.0000   45.0000 2730.6777   14.3784
    0.0000    0.0000   45.0000 2756.6726   14.1810
    7.5000    0.0000   45.0000 2728.1067   14.2594
   -7.5000    7.5000   45.0000 2724.8472   14.7446
    0.0000    7.5000   45.0000 2742.2197   14.5284
    7.5000    7.5000   45.0000 2717.3149   14.6245
   -7.5000   15.0000   45.0000 2689.0779   15.2593
    0.0000   15.0000   45.0000 2708.3967   15.0654
    7.5000   15.0000   45.0000 2686.2908   15.1563
   -7.5000   22.5000   45.0000 2640.0889   15.9275
    0.0000   22.5000   45.0000 2659.3601   15.7403
    7.5000   22.5000   45.0000 2631.5044   15.8079
   -7.5000   30.0000   45.0000 2562.9946   16.8261
    0.0000   30.0000   45.0000 2578.8032   16.6227
    7.5000   30.0000   45.0000 2550.5122   16.6980
   -7.5000   37.5000   45.0000 2469.2388   17.9651
    0.0000   37.5000   45.0000 2480.9958   17.8129
    7.5000   37.5000   45.0000 2449.6279   17.8922
   -7.5000   45.0000   45.0000 2352.3486   19.5121
    0.0000   45.0000   45.0000 2359.9155   19.3721
    7.5000   45.0000   45.0000 2335.0793   19.4744

---------------------------------------------------------------------
imgreg_4dfp /Applications/freesurfer/7.4.1/average/3T18yoSchwartzReactN32_as_orig /Applications/freesurfer/7.4.1/average/711-2B_as_mni_average_305_mask talsrcimg_g11 none talsrcimg_to_3T18yoSchwartzReactN32_as_orig_t4 1283
---------------------------------------------------------------------

freesurfer imgreg_4dfp.c
/Applications/freesurfer/7.4.1/average/3T18yoSchwartzReactN32_as_orig.4dfp.img
       256       256       256         1
  1.000000  1.000000  1.000000
orientation T byte_order littleendian
Reading image: /Applications/freesurfer/7.4.1/average/3T18yoSchwartzReactN32_as_orig.4dfp.img
dimensions:      256       256       256
mmppix:       1.0000   -1.0000   -1.0000
center:     128.0000 -129.0000 -129.0000
/Applications/freesurfer/7.4.1/average/711-2B_as_mni_average_305_mask.4dfp.img
       256       256       256         1
  1.000000  1.000000  1.000000
orientation T byte_order littleendian
Reading mask: /Applications/freesurfer/7.4.1/average/711-2B_as_mni_average_305_mask.4dfp.img (2306576 pixels)
talsrcimg_g11.4dfp.img
       256       256       256         1
  1.000000  1.000000  1.000000
orientation T byte_order littleendian
Reading image: talsrcimg_g11.4dfp.img
dimensions:      256       256       256
mmppix:       1.0000   -1.0000   -1.0000
center:     128.0000 -129.0000 -129.0000
rotation matrix determinant  1.000000
fimgreg.f
image alignment mode   1283 decimal      503 hex
parameters
    0.0000    7.5000    7.5000    0.0000    0.0000    0.0000
eta,q 0.95419 11.81746
niter,ni,del,rscale     5    3   12.0000    1.2000
parameter  2  0.656695 ->  0.500000 qaram    1.1500
parameters
   -0.0839    4.0500    6.3499   -1.7975   -0.1524    2.2052
eta,q 0.95740 11.66781
  0.0558  0.0465  0.0516  0.0475  0.0498  0.0535
  0.0530  0.0456  0.0475  0.0447  0.0466  0.0497
  0.0500  0.0460  0.0454  0.0437  0.0444  0.0463
  0.0481  0.0480  0.0459  0.0453  0.0437  0.0437
  0.0490  0.0525  0.0485  0.0473  0.0442  0.0426
  0.0523  0.0587  0.0524  0.0491  0.0469  0.0434
  0.0573  0.0641  0.0576  0.0509  0.0507  0.0456
niter,ni,del,rscale     5    3   12.0000    1.2000
parameters
   -0.0849    4.7148    5.9201   -2.4090   -0.9534    2.7896
eta,q 0.95785 11.68175
  0.0529  0.0595  0.0519  0.0473  0.0472  0.0496
  0.0493  0.0506  0.0465  0.0443  0.0441  0.0460
  0.0456  0.0452  0.0431  0.0425  0.0424  0.0432
  0.0426  0.0426  0.0426  0.0424  0.0422  0.0421
  0.0437  0.0443  0.0449  0.0446  0.0435  0.0427
  0.0483  0.0478  0.0489  0.0465  0.0467  0.0445
  0.0543  0.0536  0.0543  0.0484  0.0506  0.0471
niter,ni,del,rscale     4    3   12.0000    1.2000
parameters
    0.0699    5.0231    5.6972   -2.8484   -1.3856    3.0114
eta,q 0.95804 11.68003
  0.0531  0.0573  0.0521  0.0471  0.0477  0.0487
  0.0486  0.0489  0.0462  0.0441  0.0447  0.0451
  0.0453  0.0443  0.0427  0.0423  0.0425  0.0425
  0.0422  0.0420  0.0420  0.0420  0.0419  0.0419
  0.0428  0.0442  0.0439  0.0436  0.0430  0.0428
  0.0474  0.0478  0.0478  0.0458  0.0459  0.0447
  0.0531  0.0544  0.0531  0.0479  0.0497  0.0474
niter,ni,del,rscale     3    3   12.0000    1.2000
parameters
    0.1706    5.1918    5.5575   -3.0761   -1.5992    3.0810
eta,q 0.95809 11.68056
  0.0531  0.0566  0.0523  0.0474  0.0480  0.0484
  0.0483  0.0487  0.0460  0.0443  0.0452  0.0447
  0.0448  0.0440  0.0427  0.0424  0.0428  0.0423
  0.0420  0.0419  0.0419  0.0419  0.0419  0.0419
  0.0429  0.0442  0.0435  0.0432  0.0427  0.0429
  0.0476  0.0479  0.0473  0.0455  0.0455  0.0449
  0.0531  0.0550  0.0527  0.0477  0.0493  0.0476
niter,ni,del,rscale     2    3   12.0000    1.2000
parameters
    0.2272    5.2770    5.4853   -3.1784   -1.6919    3.0991
eta,q 0.95811 11.68215
  0.0531  0.0562  0.0525  0.0477  0.0482  0.0483
  0.0481  0.0485  0.0461  0.0446  0.0454  0.0446
  0.0446  0.0438  0.0427  0.0426  0.0430  0.0422
  0.0419  0.0419  0.0419  0.0419  0.0419  0.0419
  0.0431  0.0443  0.0433  0.0430  0.0426  0.0429
  0.0478  0.0480  0.0471  0.0453  0.0453  0.0449
  0.0532  0.0553  0.0525  0.0476  0.0490  0.0477
niter,ni,del,rscale     1    3   12.0000    1.2000
parameters
    0.2488    5.3123    5.4501   -3.2273   -1.7223    3.1041
eta,q 0.95812 11.68267
  0.0531  0.0560  0.0527  0.0478  0.0483  0.0482
  0.0480  0.0484  0.0462  0.0447  0.0455  0.0445
  0.0444  0.0438  0.0427  0.0426  0.0431  0.0422
  0.0419  0.0419  0.0419  0.0419  0.0419  0.0419
  0.0432  0.0443  0.0432  0.0429  0.0425  0.0429
  0.0479  0.0481  0.0469  0.0452  0.0452  0.0449
  0.0533  0.0556  0.0524  0.0476  0.0488  0.0477
registration optimization eta report
parameter search radius
    6.0000    6.9000    6.0000    6.0000    6.0000    6.0000
100000*second partial in parameter space
       30.       28.       30.       16.       18.       17.
  0.0531  0.0560  0.0527  0.0478  0.0483  0.0482
  0.0480  0.0484  0.0462  0.0447  0.0455  0.0445
  0.0444  0.0438  0.0427  0.0426  0.0431  0.0422
  0.0419  0.0419  0.0419  0.0419  0.0419  0.0419
  0.0432  0.0443  0.0432  0.0429  0.0425  0.0429
  0.0479  0.0481  0.0469  0.0452  0.0452  0.0449
  0.0533  0.0556  0.0524  0.0476  0.0488  0.0477
    0.2488    5.3123    5.4501   -3.2273   -1.7223    3.1041
eta,q 0.95812 11.68267

---------------------------------------------------------------------
imgreg_4dfp /Applications/freesurfer/7.4.1/average/3T18yoSchwartzReactN32_as_orig /Applications/freesurfer/7.4.1/average/711-2B_as_mni_average_305_mask talsrcimg_g11 none talsrcimg_to_3T18yoSchwartzReactN32_as_orig_t4 3335
---------------------------------------------------------------------

freesurfer imgreg_4dfp.c
/Applications/freesurfer/7.4.1/average/3T18yoSchwartzReactN32_as_orig.4dfp.img
       256       256       256         1
  1.000000  1.000000  1.000000
orientation T byte_order littleendian
Reading image: /Applications/freesurfer/7.4.1/average/3T18yoSchwartzReactN32_as_orig.4dfp.img
dimensions:      256       256       256
mmppix:       1.0000   -1.0000   -1.0000
center:     128.0000 -129.0000 -129.0000
/Applications/freesurfer/7.4.1/average/711-2B_as_mni_average_305_mask.4dfp.img
       256       256       256         1
  1.000000  1.000000  1.000000
orientation T byte_order littleendian
Reading mask: /Applications/freesurfer/7.4.1/average/711-2B_as_mni_average_305_mask.4dfp.img (2306576 pixels)
talsrcimg_g11.4dfp.img
       256       256       256         1
  1.000000  1.000000  1.000000
orientation T byte_order littleendian
Reading image: talsrcimg_g11.4dfp.img
dimensions:      256       256       256
mmppix:       1.0000   -1.0000   -1.0000
center:     128.0000 -129.0000 -129.0000
fimgreg.f
image alignment mode   3335 decimal      D07 hex
parameters
    0.2488    5.3123    5.4501   -0.1918   -0.3142   -0.2037
   -5.5755    2.6916    5.4126    5.7839   -3.0056   -5.6272
eta,q 0.95915 11.69632
niter,ni,del,rscale     5    3    5.0000    1.2000
parameter  4  6.482235 ->  0.500000 qaram    1.1500
parameter  5  2.496594 ->  0.500000 qaram    1.1500
parameters
    0.1423    5.2736    5.0929   -4.3318   -4.4542    2.1826
   -2.8448    1.7233    3.4603    7.3024   -3.6221   -8.1939
eta,q 0.96687 11.48175
  0.0429  0.0423  0.0422  0.0355  0.0340  0.0442  0.0371  0.0387  0.0343  0.0388  0.0348  0.0340
  0.0418  0.0414  0.0413  0.0370  0.0350  0.0409  0.0359  0.0355  0.0338  0.0362  0.0340  0.0333
  0.0410  0.0409  0.0408  0.0389  0.0362  0.0377  0.0349  0.0339  0.0336  0.0345  0.0335  0.0331
  0.0409  0.0408  0.0408  0.0408  0.0375  0.0353  0.0342  0.0339  0.0337  0.0336  0.0334  0.0334
  0.0412  0.0411  0.0413  0.0427  0.0389  0.0342  0.0339  0.0355  0.0340  0.0335  0.0337  0.0341
  0.0420  0.0416  0.0421  0.0449  0.0405  0.0350  0.0340  0.0382  0.0347  0.0342  0.0344  0.0351
  0.0433  0.0423  0.0433  0.0470  0.0427  0.0377  0.0347  0.0415  0.0357  0.0357  0.0354  0.0364
niter,ni,del,rscale     6    3    5.0000    1.2000
parameter  4  1.198375 ->  0.500000 qaram    1.3225
parameter  5  1.083623 ->  0.500000 qaram    1.3225
parameter 12  0.507925 ->  0.500000 qaram    1.1500
parameters
    0.2457    4.9819    5.1533   -9.0928   -9.2152    4.5119
   -3.1411    1.9784    3.3182    8.4767   -3.8872  -12.3339
eta,q 0.97449 11.26371
  0.0364  0.0346  0.0357  0.0301  0.0278  0.0373  0.0291  0.0345  0.0284  0.0320  0.0277  0.0261
  0.0347  0.0337  0.0342  0.0296  0.0271  0.0335  0.0275  0.0303  0.0272  0.0292  0.0268  0.0256
  0.0336  0.0332  0.0334  0.0308  0.0280  0.0299  0.0265  0.0274  0.0264  0.0272  0.0262  0.0255
  0.0331  0.0331  0.0331  0.0331  0.0298  0.0272  0.0262  0.0262  0.0262  0.0262  0.0261  0.0261
  0.0334  0.0335  0.0334  0.0358  0.0317  0.0262  0.0267  0.0269  0.0265  0.0262  0.0263  0.0270
  0.0343  0.0343  0.0342  0.0384  0.0335  0.0271  0.0278  0.0295  0.0273  0.0272  0.0270  0.0283
  0.0359  0.0355  0.0354  0.0410  0.0355  0.0300  0.0296  0.0335  0.0286  0.0292  0.0280  0.0299
niter,ni,del,rscale     7    3    5.0000    1.2000
parameters
    0.2367    4.8748    5.2292  -10.2193  -10.1463    5.2009
   -3.3360    2.0733    3.3586    9.6136   -4.1824  -12.8706
eta,q 0.97520 11.21910
  0.0303  0.0286  0.0282  0.0326  0.0311  0.0337  0.0284  0.0329  0.0277  0.0308  0.0266  0.0273
  0.0277  0.0268  0.0268  0.0282  0.0275  0.0298  0.0266  0.0287  0.0262  0.0280  0.0256  0.0259
  0.0260  0.0258  0.0259  0.0255  0.0254  0.0266  0.0253  0.0260  0.0253  0.0260  0.0250  0.0250
  0.0255  0.0255  0.0255  0.0255  0.0252  0.0250  0.0249  0.0249  0.0249  0.0249  0.0248  0.0248
  0.0261  0.0261  0.0257  0.0280  0.0272  0.0253  0.0255  0.0257  0.0252  0.0249  0.0251  0.0252
  0.0277  0.0273  0.0265  0.0319  0.0301  0.0276  0.0268  0.0285  0.0262  0.0260  0.0258  0.0264
  0.0303  0.0291  0.0279  0.0356  0.0329  0.0312  0.0288  0.0325  0.0276  0.0280  0.0269  0.0280
niter,ni,del,rscale     6    3    5.0000    1.2000
parameters
    0.2159    5.1520    5.3269  -10.4153  -10.5543    5.4579
   -3.4304    2.1195    3.4385   10.0949   -4.2514  -13.2392
eta,q 0.97533 11.21336
  0.0297  0.0292  0.0274  0.0340  0.0317  0.0325  0.0283  0.0326  0.0275  0.0298  0.0265  0.0272
  0.0270  0.0270  0.0260  0.0293  0.0278  0.0287  0.0264  0.0284  0.0260  0.0272  0.0255  0.0258
  0.0253  0.0255  0.0251  0.0257  0.0254  0.0258  0.0251  0.0257  0.0250  0.0254  0.0249  0.0249
  0.0248  0.0248  0.0248  0.0248  0.0247  0.0247  0.0247  0.0247  0.0247  0.0247  0.0247  0.0247
  0.0254  0.0250  0.0250  0.0265  0.0263  0.0254  0.0252  0.0256  0.0250  0.0250  0.0249  0.0250
  0.0271  0.0259  0.0257  0.0302  0.0293  0.0282  0.0265  0.0283  0.0259  0.0264  0.0256  0.0261
  0.0299  0.0275  0.0271  0.0343  0.0322  0.0314  0.0285  0.0324  0.0273  0.0286  0.0266  0.0278
niter,ni,del,rscale     5    3    5.0000    1.2000
parameters
    0.2197    5.2810    5.3567  -10.4685  -10.7601    5.5547
   -3.4945    2.1343    3.4696   10.3515   -4.2788  -13.4391
eta,q 0.97535 11.21077
  0.0297  0.0287  0.0272  0.0343  0.0319  0.0321  0.0283  0.0325  0.0274  0.0295  0.0265  0.0273
  0.0269  0.0265  0.0258  0.0295  0.0280  0.0284  0.0264  0.0283  0.0259  0.0269  0.0255  0.0258
  0.0252  0.0252  0.0250  0.0258  0.0255  0.0256  0.0251  0.0256  0.0250  0.0253  0.0249  0.0250
  0.0247  0.0247  0.0247  0.0247  0.0247  0.0247  0.0247  0.0247  0.0247  0.0247  0.0247  0.0247
  0.0253  0.0250  0.0249  0.0263  0.0261  0.0255  0.0251  0.0256  0.0250  0.0251  0.0249  0.0250
  0.0270  0.0261  0.0257  0.0300  0.0290  0.0284  0.0265  0.0283  0.0259  0.0265  0.0255  0.0260
  0.0297  0.0278  0.0270  0.0341  0.0320  0.0315  0.0285  0.0324  0.0273  0.0288  0.0266  0.0276
niter,ni,del,rscale     4    3    5.0000    1.2000
parameters
    0.2212    5.3492    5.3618  -10.4844  -10.8646    5.5884
   -3.5188    2.1399    3.4800   10.4964   -4.2789  -13.5503
eta,q 0.97534 11.20921
  0.0297  0.0284  0.0271  0.0344  0.0321  0.0320  0.0284  0.0325  0.0274  0.0293  0.0265  0.0274
  0.0269  0.0264  0.0257  0.0296  0.0281  0.0283  0.0264  0.0283  0.0259  0.0268  0.0255  0.0259
  0.0252  0.0251  0.0249  0.0259  0.0255  0.0255  0.0251  0.0256  0.0250  0.0252  0.0249  0.0250
  0.0247  0.0247  0.0247  0.0247  0.0247  0.0247  0.0247  0.0247  0.0247  0.0247  0.0247  0.0247
  0.0252  0.0251  0.0249  0.0263  0.0260  0.0255  0.0251  0.0256  0.0250  0.0251  0.0249  0.0249
  0.0270  0.0262  0.0257  0.0300  0.0289  0.0285  0.0265  0.0284  0.0259  0.0266  0.0255  0.0260
  0.0297  0.0279  0.0271  0.0341  0.0319  0.0316  0.0285  0.0324  0.0273  0.0289  0.0266  0.0276
niter,ni,del,rscale     3    3    5.0000    1.2000
parameters
    0.2212    5.3872    5.3572  -10.4884  -10.9229    5.5986
   -3.5262    2.1369    3.4786   10.5806   -4.2779  -13.6218
eta,q 0.97534 11.20813
  0.0297  0.0283  0.0271  0.0344  0.0321  0.0319  0.0284  0.0325  0.0274  0.0292  0.0266  0.0274
  0.0269  0.0263  0.0257  0.0296  0.0282  0.0282  0.0265  0.0283  0.0259  0.0268  0.0255  0.0259
  0.0252  0.0251  0.0249  0.0259  0.0256  0.0255  0.0251  0.0256  0.0250  0.0252  0.0249  0.0250
  0.0247  0.0247  0.0247  0.0247  0.0247  0.0247  0.0247  0.0247  0.0247  0.0247  0.0247  0.0247
  0.0252  0.0251  0.0249  0.0263  0.0259  0.0256  0.0251  0.0256  0.0250  0.0252  0.0249  0.0249
  0.0270  0.0262  0.0257  0.0300  0.0288  0.0286  0.0264  0.0284  0.0259  0.0267  0.0255  0.0259
  0.0297  0.0280  0.0271  0.0341  0.0319  0.0316  0.0284  0.0325  0.0273  0.0290  0.0266  0.0275
niter,ni,del,rscale     2    3    5.0000    1.2000
parameters
    0.2200    5.4091    5.3506  -10.4871  -10.9515    5.5967
   -3.5303    2.1341    3.4800   10.6313   -4.2738  -13.6616
eta,q 0.97534 11.20750
  0.0297  0.0283  0.0271  0.0344  0.0322  0.0319  0.0284  0.0325  0.0274  0.0292  0.0266  0.0274
  0.0269  0.0263  0.0257  0.0296  0.0282  0.0282  0.0265  0.0283  0.0259  0.0267  0.0255  0.0259
  0.0252  0.0250  0.0249  0.0259  0.0256  0.0255  0.0251  0.0256  0.0250  0.0252  0.0249  0.0250
  0.0247  0.0247  0.0247  0.0247  0.0247  0.0247  0.0247  0.0247  0.0247  0.0247  0.0247  0.0247
  0.0253  0.0251  0.0250  0.0263  0.0259  0.0256  0.0251  0.0256  0.0250  0.0252  0.0249  0.0249
  0.0270  0.0263  0.0258  0.0300  0.0288  0.0286  0.0264  0.0284  0.0259  0.0267  0.0255  0.0259
  0.0297  0.0280  0.0271  0.0341  0.0319  0.0316  0.0284  0.0325  0.0273  0.0290  0.0266  0.0275
registration optimization eta report
parameter search radius
    2.4000    2.4000    2.4000    9.5220    9.5220    7.2000
    7.2000    7.2000    7.2000    7.2000    7.2000    8.2800
100000*second partial in parameter space
       87.       61.       42.       10.        8.       14.
        7.       15.        5.        9.        4.        4.
  0.0297  0.0283  0.0271  0.0344  0.0322  0.0319  0.0284  0.0325  0.0274  0.0292  0.0266  0.0274
  0.0269  0.0263  0.0257  0.0296  0.0282  0.0282  0.0265  0.0283  0.0259  0.0267  0.0255  0.0259
  0.0252  0.0250  0.0249  0.0259  0.0256  0.0255  0.0251  0.0256  0.0250  0.0252  0.0249  0.0250
  0.0247  0.0247  0.0247  0.0247  0.0247  0.0247  0.0247  0.0247  0.0247  0.0247  0.0247  0.0247
  0.0253  0.0251  0.0250  0.0263  0.0259  0.0256  0.0251  0.0256  0.0250  0.0252  0.0249  0.0249
  0.0270  0.0263  0.0258  0.0300  0.0288  0.0286  0.0264  0.0284  0.0259  0.0267  0.0255  0.0259
  0.0297  0.0280  0.0271  0.0341  0.0319  0.0316  0.0284  0.0325  0.0273  0.0290  0.0266  0.0275
    0.2200    5.4091    5.3506  -10.4871  -10.9515    5.5967
   -3.5303    2.1341    3.4800   10.6313   -4.2738  -13.6616
eta,q 0.97534 11.20750

---------------------------------------------------------------------
imgreg_4dfp /Applications/freesurfer/7.4.1/average/3T18yoSchwartzReactN32_as_orig /Applications/freesurfer/7.4.1/average/711-2B_as_mni_average_305_mask talsrcimg_g11 none talsrcimg_to_3T18yoSchwartzReactN32_as_orig_t4 2311
---------------------------------------------------------------------

freesurfer imgreg_4dfp.c
/Applications/freesurfer/7.4.1/average/3T18yoSchwartzReactN32_as_orig.4dfp.img
       256       256       256         1
  1.000000  1.000000  1.000000
orientation T byte_order littleendian
Reading image: /Applications/freesurfer/7.4.1/average/3T18yoSchwartzReactN32_as_orig.4dfp.img
dimensions:      256       256       256
mmppix:       1.0000   -1.0000   -1.0000
center:     128.0000 -129.0000 -129.0000
/Applications/freesurfer/7.4.1/average/711-2B_as_mni_average_305_mask.4dfp.img
       256       256       256         1
  1.000000  1.000000  1.000000
orientation T byte_order littleendian
Reading mask: /Applications/freesurfer/7.4.1/average/711-2B_as_mni_average_305_mask.4dfp.img (2306576 pixels)
talsrcimg_g11.4dfp.img
       256       256       256         1
  1.000000  1.000000  1.000000
orientation T byte_order littleendian
Reading image: talsrcimg_g11.4dfp.img
dimensions:      256       256       256
mmppix:       1.0000   -1.0000   -1.0000
center:     128.0000 -129.0000 -129.0000
fimgreg.f
image alignment mode   2311 decimal      907 hex
parameters
    0.2200    5.4091    5.3506  -10.4871  -10.9515    5.5967
   -3.5303    2.1341    3.4800   10.6313   -4.2738  -13.6616
eta,q 0.97534 11.20750
niter,ni,del,rscale     5    3    5.0000    0.8000
parameters
    0.2139    5.3848    5.3274  -10.6553  -11.1344    5.5171
   -3.5402    2.1207    3.4295   10.5754   -4.2154  -13.5357
eta,q 0.97534 11.18272
  0.0269  0.0262  0.0257  0.0276  0.0268  0.0282  0.0265  0.0283  0.0259  0.0267  0.0255  0.0256
  0.0257  0.0253  0.0251  0.0259  0.0257  0.0262  0.0255  0.0263  0.0252  0.0255  0.0251  0.0251
  0.0249  0.0248  0.0248  0.0249  0.0249  0.0250  0.0249  0.0251  0.0248  0.0249  0.0248  0.0248
  0.0247  0.0247  0.0247  0.0247  0.0247  0.0247  0.0247  0.0247  0.0247  0.0247  0.0247  0.0247
  0.0249  0.0249  0.0248  0.0251  0.0250  0.0250  0.0249  0.0251  0.0248  0.0249  0.0247  0.0247
  0.0257  0.0254  0.0251  0.0263  0.0259  0.0264  0.0255  0.0263  0.0253  0.0256  0.0250  0.0250
  0.0270  0.0263  0.0257  0.0280  0.0272  0.0285  0.0265  0.0283  0.0259  0.0267  0.0255  0.0256
niter,ni,del,rscale     4    3    5.0000    0.7000
parameters
    0.2084    5.4056    5.3077  -10.6177  -11.1286    5.4859
   -3.5132    2.1081    3.3967   10.5570   -4.1788  -13.4957
eta,q 0.97535 11.18289
  0.0264  0.0259  0.0254  0.0271  0.0265  0.0275  0.0261  0.0274  0.0256  0.0262  0.0253  0.0254
  0.0254  0.0252  0.0250  0.0258  0.0255  0.0259  0.0253  0.0259  0.0251  0.0253  0.0250  0.0250
  0.0248  0.0248  0.0247  0.0250  0.0249  0.0249  0.0248  0.0250  0.0248  0.0248  0.0247  0.0248
  0.0247  0.0247  0.0247  0.0247  0.0247  0.0247  0.0247  0.0247  0.0247  0.0247  0.0247  0.0247
  0.0249  0.0248  0.0248  0.0249  0.0248  0.0249  0.0248  0.0250  0.0248  0.0248  0.0247  0.0247
  0.0254  0.0252  0.0250  0.0257  0.0255  0.0259  0.0253  0.0259  0.0251  0.0254  0.0249  0.0249
  0.0264  0.0258  0.0255  0.0270  0.0265  0.0276  0.0260  0.0275  0.0256  0.0262  0.0253  0.0254
niter,ni,del,rscale     3    3    5.0000    0.6000
parameters
    0.2056    5.3966    5.3024  -10.6153  -11.0890    5.4926
   -3.5013    2.1053    3.3694   10.5378   -4.1527  -13.4384
eta,q 0.97534 11.18490
  0.0259  0.0256  0.0252  0.0265  0.0260  0.0268  0.0257  0.0267  0.0254  0.0258  0.0251  0.0252
  0.0252  0.0250  0.0249  0.0255  0.0253  0.0255  0.0251  0.0256  0.0250  0.0252  0.0249  0.0249
  0.0248  0.0247  0.0247  0.0249  0.0248  0.0248  0.0248  0.0249  0.0247  0.0248  0.0247  0.0247
  0.0247  0.0247  0.0247  0.0247  0.0247  0.0247  0.0247  0.0247  0.0247  0.0247  0.0247  0.0247
  0.0248  0.0248  0.0247  0.0249  0.0248  0.0248  0.0248  0.0249  0.0247  0.0248  0.0247  0.0247
  0.0252  0.0251  0.0249  0.0255  0.0253  0.0255  0.0251  0.0256  0.0250  0.0252  0.0249  0.0249
  0.0259  0.0256  0.0252  0.0265  0.0260  0.0268  0.0257  0.0268  0.0254  0.0258  0.0251  0.0252
niter,ni,del,rscale     2    3    5.0000    0.5000
parameters
    0.2042    5.3802    5.3086  -10.6231  -11.0531    5.5082
   -3.4856    2.1031    3.3392   10.4888   -4.1497  -13.3668
eta,q 0.97535 11.18629
  0.0255  0.0253  0.0251  0.0259  0.0256  0.0261  0.0254  0.0261  0.0251  0.0254  0.0250  0.0250
  0.0250  0.0249  0.0248  0.0252  0.0251  0.0252  0.0250  0.0253  0.0249  0.0250  0.0248  0.0248
  0.0247  0.0247  0.0247  0.0248  0.0248  0.0248  0.0247  0.0248  0.0247  0.0247  0.0247  0.0247
  0.0247  0.0247  0.0247  0.0247  0.0247  0.0247  0.0247  0.0247  0.0247  0.0247  0.0247  0.0247
  0.0247  0.0247  0.0247  0.0248  0.0247  0.0248  0.0247  0.0248  0.0247  0.0247  0.0247  0.0247
  0.0251  0.0249  0.0248  0.0252  0.0251  0.0252  0.0250  0.0253  0.0249  0.0250  0.0248  0.0248
  0.0255  0.0253  0.0251  0.0259  0.0256  0.0261  0.0254  0.0261  0.0252  0.0255  0.0250  0.0250
niter,ni,del,rscale     1    3    5.0000    0.4000
parameters
    0.2045    5.3641    5.3183  -10.6259  -11.0128    5.5167
   -3.4840    2.1126    3.3293   10.4469   -4.1560  -13.3075
eta,q 0.97535 11.18794
  0.0252  0.0250  0.0249  0.0255  0.0253  0.0255  0.0251  0.0256  0.0250  0.0252  0.0249  0.0249
  0.0249  0.0248  0.0248  0.0250  0.0250  0.0250  0.0249  0.0251  0.0248  0.0249  0.0247  0.0248
  0.0247  0.0247  0.0247  0.0247  0.0247  0.0247  0.0247  0.0248  0.0247  0.0247  0.0247  0.0247
  0.0247  0.0247  0.0246  0.0246  0.0246  0.0246  0.0246  0.0246  0.0246  0.0246  0.0246  0.0246
  0.0247  0.0247  0.0247  0.0247  0.0247  0.0247  0.0247  0.0247  0.0247  0.0247  0.0247  0.0247
  0.0249  0.0248  0.0248  0.0250  0.0249  0.0250  0.0249  0.0250  0.0248  0.0249  0.0247  0.0247
  0.0252  0.0251  0.0249  0.0255  0.0253  0.0255  0.0251  0.0256  0.0250  0.0252  0.0249  0.0249
registration optimization eta report
parameter search radius
    0.8000    0.8000    0.8000    2.4000    2.4000    2.4000
    2.4000    2.4000    2.4000    2.4000    2.4000    2.4000
100000*second partial in parameter space
       90.       63.       41.       14.       11.       15.
        8.       16.        6.        9.        4.        4.
  0.0252  0.0250  0.0249  0.0255  0.0253  0.0255  0.0251  0.0256  0.0250  0.0252  0.0249  0.0249
  0.0249  0.0248  0.0248  0.0250  0.0250  0.0250  0.0249  0.0251  0.0248  0.0249  0.0247  0.0248
  0.0247  0.0247  0.0247  0.0247  0.0247  0.0247  0.0247  0.0248  0.0247  0.0247  0.0247  0.0247
  0.0247  0.0247  0.0246  0.0246  0.0246  0.0246  0.0246  0.0246  0.0246  0.0246  0.0246  0.0246
  0.0247  0.0247  0.0247  0.0247  0.0247  0.0247  0.0247  0.0247  0.0247  0.0247  0.0247  0.0247
  0.0249  0.0248  0.0248  0.0250  0.0249  0.0250  0.0249  0.0250  0.0248  0.0249  0.0247  0.0247
  0.0252  0.0251  0.0249  0.0255  0.0253  0.0255  0.0251  0.0256  0.0250  0.0252  0.0249  0.0249
    0.2045    5.3641    5.3183  -10.6259  -11.0128    5.5167
   -3.4840    2.1126    3.3293   10.4469   -4.1560  -13.3075
eta,q 0.97535 11.18794

---------------------------------------------------------------------
imgreg_4dfp /Applications/freesurfer/7.4.1/average/3T18yoSchwartzReactN32_as_orig /Applications/freesurfer/7.4.1/average/711-2B_as_mni_average_305_mask talsrcimg_g11 none talsrcimg_to_3T18yoSchwartzReactN32_as_orig_t4 2311
---------------------------------------------------------------------

freesurfer imgreg_4dfp.c
/Applications/freesurfer/7.4.1/average/3T18yoSchwartzReactN32_as_orig.4dfp.img
       256       256       256         1
  1.000000  1.000000  1.000000
orientation T byte_order littleendian
Reading image: /Applications/freesurfer/7.4.1/average/3T18yoSchwartzReactN32_as_orig.4dfp.img
dimensions:      256       256       256
mmppix:       1.0000   -1.0000   -1.0000
center:     128.0000 -129.0000 -129.0000
/Applications/freesurfer/7.4.1/average/711-2B_as_mni_average_305_mask.4dfp.img
       256       256       256         1
  1.000000  1.000000  1.000000
orientation T byte_order littleendian
Reading mask: /Applications/freesurfer/7.4.1/average/711-2B_as_mni_average_305_mask.4dfp.img (2306576 pixels)
talsrcimg_g11.4dfp.img
       256       256       256         1
  1.000000  1.000000  1.000000
orientation T byte_order littleendian
Reading image: talsrcimg_g11.4dfp.img
dimensions:      256       256       256
mmppix:       1.0000   -1.0000   -1.0000
center:     128.0000 -129.0000 -129.0000
fimgreg.f
image alignment mode   2311 decimal      907 hex
parameters
    0.2045    5.3641    5.3183  -10.6259  -11.0128    5.5167
   -3.4840    2.1126    3.3293   10.4469   -4.1560  -13.3075
eta,q 0.97535 11.18794
niter,ni,del,rscale     5    3    5.0000    0.8000
parameters
    0.2111    5.3747    5.3308  -10.6178  -11.0929    5.4964
   -3.4686    2.0950    3.3824   10.4466   -4.1797  -13.4435
eta,q 0.97535 11.18359
  0.0269  0.0263  0.0257  0.0278  0.0269  0.0283  0.0265  0.0283  0.0259  0.0267  0.0255  0.0255
  0.0257  0.0254  0.0251  0.0261  0.0257  0.0263  0.0255  0.0263  0.0252  0.0256  0.0250  0.0251
  0.0249  0.0248  0.0248  0.0250  0.0249  0.0250  0.0249  0.0251  0.0248  0.0249  0.0247  0.0248
  0.0246  0.0246  0.0246  0.0246  0.0246  0.0246  0.0247  0.0246  0.0246  0.0247  0.0247  0.0246
  0.0249  0.0248  0.0248  0.0250  0.0249  0.0250  0.0249  0.0251  0.0248  0.0249  0.0247  0.0247
  0.0257  0.0254  0.0251  0.0261  0.0258  0.0263  0.0255  0.0263  0.0252  0.0256  0.0250  0.0251
  0.0269  0.0262  0.0257  0.0277  0.0271  0.0284  0.0264  0.0283  0.0259  0.0267  0.0255  0.0257
niter,ni,del,rscale     4    3    5.0000    0.7000
parameters
    0.2034    5.3800    5.3165  -10.6092  -11.0974    5.4943
   -3.4787    2.0961    3.3765   10.4963   -4.1661  -13.4465
eta,q 0.97535 11.18420
  0.0264  0.0259  0.0254  0.0271  0.0265  0.0275  0.0260  0.0275  0.0256  0.0263  0.0253  0.0254
  0.0254  0.0252  0.0250  0.0258  0.0255  0.0259  0.0253  0.0259  0.0251  0.0254  0.0250  0.0250
  0.0248  0.0248  0.0247  0.0249  0.0249  0.0249  0.0248  0.0250  0.0248  0.0248  0.0247  0.0247
  0.0246  0.0247  0.0247  0.0246  0.0246  0.0246  0.0246  0.0247  0.0247  0.0247  0.0247  0.0247
  0.0249  0.0248  0.0247  0.0249  0.0248  0.0249  0.0248  0.0249  0.0248  0.0248  0.0247  0.0247
  0.0254  0.0252  0.0250  0.0258  0.0255  0.0258  0.0253  0.0259  0.0251  0.0253  0.0249  0.0249
  0.0264  0.0259  0.0255  0.0271  0.0265  0.0276  0.0261  0.0275  0.0256  0.0262  0.0253  0.0254
niter,ni,del,rscale     3    3    5.0000    0.6000
parameters
    0.2026    5.3823    5.3129  -10.6183  -11.0778    5.5045
   -3.4832    2.0980    3.3630   10.5008   -4.1572  -13.4098
eta,q 0.97535 11.18534
  0.0259  0.0256  0.0252  0.0265  0.0260  0.0268  0.0257  0.0267  0.0254  0.0258  0.0251  0.0252
  0.0252  0.0250  0.0249  0.0255  0.0253  0.0255  0.0251  0.0256  0.0250  0.0252  0.0249  0.0249
  0.0248  0.0247  0.0247  0.0249  0.0248  0.0248  0.0248  0.0249  0.0247  0.0248  0.0247  0.0247
  0.0247  0.0247  0.0247  0.0247  0.0247  0.0246  0.0247  0.0247  0.0247  0.0247  0.0246  0.0247
  0.0248  0.0248  0.0247  0.0249  0.0248  0.0248  0.0248  0.0249  0.0247  0.0248  0.0247  0.0247
  0.0252  0.0251  0.0249  0.0255  0.0253  0.0255  0.0251  0.0256  0.0250  0.0252  0.0249  0.0249
  0.0259  0.0255  0.0252  0.0265  0.0260  0.0268  0.0257  0.0267  0.0254  0.0258  0.0251  0.0252
niter,ni,del,rscale     2    3    5.0000    0.5000
parameters
    0.2044    5.3742    5.3156  -10.6237  -11.0472    5.5159
   -3.4836    2.1027    3.3394   10.4723   -4.1428  -13.3513
eta,q 0.97535 11.18669
  0.0256  0.0253  0.0251  0.0259  0.0256  0.0261  0.0254  0.0261  0.0251  0.0254  0.0250  0.0250
  0.0250  0.0249  0.0248  0.0252  0.0251  0.0252  0.0250  0.0253  0.0249  0.0250  0.0248  0.0248
  0.0247  0.0247  0.0247  0.0248  0.0248  0.0248  0.0247  0.0248  0.0247  0.0247  0.0247  0.0247
  0.0247  0.0247  0.0247  0.0247  0.0247  0.0247  0.0247  0.0247  0.0247  0.0247  0.0246  0.0246
  0.0247  0.0247  0.0247  0.0248  0.0247  0.0248  0.0247  0.0248  0.0247  0.0247  0.0247  0.0247
  0.0250  0.0249  0.0248  0.0252  0.0251  0.0252  0.0250  0.0253  0.0249  0.0250  0.0248  0.0248
  0.0255  0.0253  0.0251  0.0259  0.0256  0.0261  0.0254  0.0261  0.0252  0.0255  0.0250  0.0250
niter,ni,del,rscale     1    3    5.0000    0.4000
parameters
    0.2036    5.3586    5.3220  -10.6258  -11.0113    5.5221
   -3.4841    2.1076    3.3330   10.4355   -4.1570  -13.2873
eta,q 0.97535 11.18808
  0.0252  0.0250  0.0249  0.0255  0.0253  0.0255  0.0251  0.0256  0.0250  0.0252  0.0249  0.0249
  0.0249  0.0248  0.0248  0.0250  0.0250  0.0250  0.0249  0.0251  0.0248  0.0249  0.0247  0.0248
  0.0247  0.0247  0.0247  0.0247  0.0247  0.0247  0.0247  0.0248  0.0247  0.0247  0.0247  0.0247
  0.0247  0.0247  0.0246  0.0246  0.0246  0.0246  0.0246  0.0246  0.0246  0.0246  0.0246  0.0246
  0.0247  0.0247  0.0247  0.0247  0.0247  0.0247  0.0247  0.0247  0.0247  0.0247  0.0247  0.0247
  0.0249  0.0248  0.0248  0.0250  0.0249  0.0250  0.0249  0.0251  0.0248  0.0249  0.0247  0.0247
  0.0252  0.0251  0.0249  0.0255  0.0253  0.0255  0.0251  0.0256  0.0250  0.0252  0.0249  0.0249
registration optimization eta report
parameter search radius
    0.8000    0.8000    0.8000    2.4000    2.4000    2.4000
    2.4000    2.4000    2.4000    2.4000    2.4000    2.4000
100000*second partial in parameter space
       90.       63.       41.       14.       11.       15.
        8.       16.        6.        9.        4.        4.
  0.0252  0.0250  0.0249  0.0255  0.0253  0.0255  0.0251  0.0256  0.0250  0.0252  0.0249  0.0249
  0.0249  0.0248  0.0248  0.0250  0.0250  0.0250  0.0249  0.0251  0.0248  0.0249  0.0247  0.0248
  0.0247  0.0247  0.0247  0.0247  0.0247  0.0247  0.0247  0.0248  0.0247  0.0247  0.0247  0.0247
  0.0247  0.0247  0.0246  0.0246  0.0246  0.0246  0.0246  0.0246  0.0246  0.0246  0.0246  0.0246
  0.0247  0.0247  0.0247  0.0247  0.0247  0.0247  0.0247  0.0247  0.0247  0.0247  0.0247  0.0247
  0.0249  0.0248  0.0248  0.0250  0.0249  0.0250  0.0249  0.0251  0.0248  0.0249  0.0247  0.0247
  0.0252  0.0251  0.0249  0.0255  0.0253  0.0255  0.0251  0.0256  0.0250  0.0252  0.0249  0.0249
    0.2036    5.3586    5.3220  -10.6258  -11.0113    5.5221
   -3.4841    2.1076    3.3330   10.4355   -4.1570  -13.2873
eta,q 0.97535 11.18808

---------------------------------------------------------------------
compute_vox2vox talsrcimg talsrcimg_to_3T18yoSchwartzReactN32_as_orig_t4 /Applications/freesurfer/7.4.1/average/3T18yoSchwartzReactN32_as_orig
---------------------------------------------------------------------

freesurfer compute_vox2vox.c
Reading: talsrcimg.4dfp.ifh
Reading: talsrcimg_to_3T18yoSchwartzReactN32_as_orig_t4
Reading: /Applications/freesurfer/7.4.1/average/3T18yoSchwartzReactN32_as_orig.4dfp.ifh
Writing: talsrcimg_to_3T18yoSchwartzReactN32_as_orig_t4_vox2vox.txt

start time Fri Jun 14 15:38:57 EDT 2024
end		time Fri Jun 14 15:39:14 EDT 2024

mpr2mni305 success

avi2talxfm /Users/suhanasaigoli/Desktop/Projects/SURF/iNPH/FastSurfer/subjectx_3/mri/orig_nu.mgz /Applications/freesurfer/7.4.1/average/mni305.cor.mgz talsrcimg_to_3T18yoSchwartzReactN32_as_orig_t4_vox2vox.txt /Users/suhanasaigoli/Desktop/Projects/SURF/iNPH/FastSurfer/subjectx_3/mri/transforms/talairach.auto.xfm
avi2talxfm done
mv -f /Users/suhanasaigoli/Desktop/Projects/SURF/iNPH/FastSurfer/subjectx_3/mri/talsrcimg_to_3T18yoSchwartzReactN32_as_orig_t4_vox2vox.txt /Users/suhanasaigoli/Desktop/Projects/SURF/iNPH/FastSurfer/subjectx_3/mri/transforms/talsrcimg_to_3T18yoSchwartzReactN32_as_orig_t4_vox2vox.txt
lta_convert --src /Users/suhanasaigoli/Desktop/Projects/SURF/iNPH/FastSurfer/subjectx_3/mri/orig_nu.mgz --trg /Applications/freesurfer/7.4.1/average/mni305.cor.mgz --inxfm /Users/suhanasaigoli/Desktop/Projects/SURF/iNPH/FastSurfer/subjectx_3/mri/transforms/talairach.auto.xfm --outlta /Users/suhanasaigoli/Desktop/Projects/SURF/iNPH/FastSurfer/subjectx_3/mri/transforms/talairach.auto.xfm.lta --subject fsaverage
7.4.1

--src: /Users/suhanasaigoli/Desktop/Projects/SURF/iNPH/FastSurfer/subjectx_3/mri/orig_nu.mgz src image (geometry).
--trg: /Applications/freesurfer/7.4.1/average/mni305.cor.mgz trg image (geometry).
--inmni: /Users/suhanasaigoli/Desktop/Projects/SURF/iNPH/FastSurfer/subjectx_3/mri/transforms/talairach.auto.xfm input MNI/XFM transform.
--outlta: /Users/suhanasaigoli/Desktop/Projects/SURF/iNPH/FastSurfer/subjectx_3/mri/transforms/talairach.auto.xfm.lta output LTA.
--s: fsaverage subject name
 LTA read, type : 1
 1.11619  -0.02623   0.03979  -5.88209;
 0.03814   0.93298   0.14080  -22.79424;
-0.04628  -0.10843   1.10574  -3.24562;
 0.00000   0.00000   0.00000   1.00000;
setting subject to fsaverage
Writing  LTA to file /Users/suhanasaigoli/Desktop/Projects/SURF/iNPH/FastSurfer/subjectx_3/mri/transforms/talairach.auto.xfm.lta...
lta_convert successful.
 
 
Started at Fri Jun 14 15:38:56 EDT 2024
Ended   at Fri Jun 14 15:39:14 EDT 2024
talairach_avi done
